#
# There is insufficient memory for the Java Runtime Environment to continue.
# Native memory allocation (malloc) failed to allocate 226880 bytes for Chunk::new
# Possible reasons:
#   The system is out of physical RAM or swap space
#   The process is running with CompressedOops enabled, and the Java Heap may be blocking the growth of the native heap
# Possible solutions:
#   Reduce memory load on the system
#   Increase physical memory or swap space
#   Check if swap backing store is full
#   Decrease Java heap size (-Xmx/-Xms)
#   Decrease number of Java threads
#   Decrease Java thread stack sizes (-Xss)
#   Set larger code cache with -XX:ReservedCodeCacheSize=
#   JVM is running with Unscaled Compressed Oops mode in which the Java heap is
#     placed in the first 4GB address space. The Java Heap base address is the
#     maximum limit for the native heap growth. Please use -XX:HeapBaseMinAddress
#     to set the Java Heap base and to place the Java Heap above 4GB virtual address.
# This output file may be truncated or incomplete.
#
#  Out of Memory Error (arena.cpp:189), pid=29748, tid=1456
#
# JRE version: OpenJDK Runtime Environment Temurin-17.0.3+7 (17.0.3+7) (build 17.0.3+7)
# Java VM: OpenJDK 64-Bit Server VM Temurin-17.0.3+7 (17.0.3+7, mixed mode, tiered, compressed oops, compressed class ptrs, parallel gc, windows-amd64)
# No core dump will be written. Minidumps are not enabled by default on client versions of Windows
#

---------------  S U M M A R Y ------------

Command Line: --add-modules=ALL-SYSTEM --add-opens=java.base/java.util=ALL-UNNAMED --add-opens=java.base/java.lang=ALL-UNNAMED --add-opens=java.base/sun.nio.fs=ALL-UNNAMED -Declipse.application=org.eclipse.jdt.ls.core.id1 -Dosgi.bundles.defaultStartLevel=4 -Declipse.product=org.eclipse.jdt.ls.core.product -Djava.import.generatesMetadataFilesAtProjectRoot=false -Dfile.encoding=utf8 -DwatchParentProcess=false -XX:+UseParallelGC -XX:GCTimeRatio=4 -XX:AdaptiveSizePolicyWeight=90 -Dsun.zip.disableMemoryMapping=true -Xmx1G -Xms100m -javaagent:c:\Users\jjs815\.vscode\extensions\redhat.java-1.9.0-win32-x64\lombok\lombok-1.18.24.jar c:\Users\jjs815\.vscode\extensions\redhat.java-1.9.0-win32-x64\server\plugins\org.eclipse.equinox.launcher_1.6.400.v20210924-0641.jar -configuration c:\Users\jjs815\AppData\Roaming\Code\User\globalStorage\redhat.java\1.9.0\config_ss_win -data c:\Users\jjs815\AppData\Roaming\Code\User\workspaceStorage\d608b88811175971a67a8057766062d0\redhat.java\ss_ws

Host: Intel(R) Core(TM) i7-7700 CPU @ 3.60GHz, 8 cores, 15G,  Windows 10 , 64 bit Build 19041 (10.0.19041.1806)
Time: Fri Jul 22 23:02:15 2022  Windows 10 , 64 bit Build 19041 (10.0.19041.1806) elapsed time: 0.674203 seconds (0d 0h 0m 0s)

---------------  T H R E A D  ---------------

Current thread (0x00000170536d0460):  JavaThread "C2 CompilerThread2" daemon [_thread_in_native, id=1456, stack(0x0000004cb0700000,0x0000004cb0800000)]


Current CompileTask:
C2:    674  528       4       lombok.patcher.scripts.MethodLevelPatchScript::patch (21 bytes)

Stack: [0x0000004cb0700000,0x0000004cb0800000]
Native frames: (J=compiled Java code, j=interpreted, Vv=VM code, C=native code)
V  [jvm.dll+0x675efa]
V  [jvm.dll+0x830a24]
V  [jvm.dll+0x8321ce]
V  [jvm.dll+0x832833]
V  [jvm.dll+0x2454b5]
V  [jvm.dll+0xabd7b]
V  [jvm.dll+0xac30c]
V  [jvm.dll+0x363627]
V  [jvm.dll+0x1bbbe8]
V  [jvm.dll+0x2184b9]
V  [jvm.dll+0x217781]
V  [jvm.dll+0x1a3ccd]
V  [jvm.dll+0x227178]
V  [jvm.dll+0x2252bc]
V  [jvm.dll+0x7e673b]
V  [jvm.dll+0x7e0cfa]
V  [jvm.dll+0x674d85]
C  [ucrtbase.dll+0x21bb2]
C  [KERNEL32.DLL+0x17034]
C  [ntdll.dll+0x52651]


---------------  P R O C E S S  ---------------

Threads class SMR info:
_java_thread_list=0x0000017053457d10, length=14, elements={
0x000001703ccb26e0, 0x0000017050b37a80, 0x0000017050b38800, 0x00000170530f6420,
0x00000170530cfde0, 0x00000170530d2680, 0x00000170530d30a0, 0x00000170531005b0,
0x0000017053100eb0, 0x00000170531017b0, 0x000001703cd6fe70, 0x00000170533391c0,
0x00000170534f0820, 0x00000170536d0460
}

Java Threads: ( => current thread )
  0x000001703ccb26e0 JavaThread "main" [_thread_in_vm, id=2808, stack(0x0000004caf700000,0x0000004caf800000)]
  0x0000017050b37a80 JavaThread "Reference Handler" daemon [_thread_blocked, id=32012, stack(0x0000004cafa00000,0x0000004cafb00000)]
  0x0000017050b38800 JavaThread "Finalizer" daemon [_thread_blocked, id=31996, stack(0x0000004cafb00000,0x0000004cafc00000)]
  0x00000170530f6420 JavaThread "Signal Dispatcher" daemon [_thread_blocked, id=11920, stack(0x0000004cafc00000,0x0000004cafd00000)]
  0x00000170530cfde0 JavaThread "Attach Listener" daemon [_thread_blocked, id=14852, stack(0x0000004cafd00000,0x0000004cafe00000)]
  0x00000170530d2680 JavaThread "Service Thread" daemon [_thread_blocked, id=12616, stack(0x0000004cafe00000,0x0000004caff00000)]
  0x00000170530d30a0 JavaThread "Monitor Deflation Thread" daemon [_thread_blocked, id=29260, stack(0x0000004caff00000,0x0000004cb0000000)]
  0x00000170531005b0 JavaThread "C2 CompilerThread0" daemon [_thread_in_native, id=16616, stack(0x0000004cb0000000,0x0000004cb0100000)]
  0x0000017053100eb0 JavaThread "C1 CompilerThread0" daemon [_thread_in_vm, id=23740, stack(0x0000004cb0100000,0x0000004cb0200000)]
  0x00000170531017b0 JavaThread "Sweeper thread" daemon [_thread_blocked, id=24636, stack(0x0000004cb0200000,0x0000004cb0300000)]
  0x000001703cd6fe70 JavaThread "Common-Cleaner" daemon [_thread_blocked, id=32620, stack(0x0000004cb0300000,0x0000004cb0400000)]
  0x00000170533391c0 JavaThread "Notification Thread" daemon [_thread_blocked, id=25108, stack(0x0000004cb0400000,0x0000004cb0500000)]
  0x00000170534f0820 JavaThread "C2 CompilerThread1" daemon [_thread_in_native, id=18768, stack(0x0000004cb0600000,0x0000004cb0700000)]
=>0x00000170536d0460 JavaThread "C2 CompilerThread2" daemon [_thread_in_native, id=1456, stack(0x0000004cb0700000,0x0000004cb0800000)]

Other Threads:
  0x0000017050b32b20 VMThread "VM Thread" [stack: 0x0000004caf900000,0x0000004cafa00000] [id=30308]
  0x0000017053452030 WatcherThread [stack: 0x0000004cb0500000,0x0000004cb0600000] [id=18728]
  0x000001703ccc9720 GCTaskThread "GC Thread#0" [stack: 0x0000004caf800000,0x0000004caf900000] [id=10188]

Threads with active compile tasks:
C2 CompilerThread0      707  573       4       lombok.patcher.PatchScript::classMatches (41 bytes)
C1 CompilerThread0      708  617       3       java.util.HashMap::<init> (98 bytes)
C2 CompilerThread1      708  593       4       sun.security.provider.SHA2::implCompress0 (490 bytes)
C2 CompilerThread2      708  528       4       lombok.patcher.scripts.MethodLevelPatchScript::patch (21 bytes)

VM state: not at safepoint (normal execution)

VM Mutex/Monitor currently owned by a thread: None

Heap address: 0x00000000c0000000, size: 1024 MB, Compressed Oops mode: 32-bit

CDS archive(s) not mapped
Compressed class space mapped at: 0x0000000100000000-0x0000000140000000, reserved size: 1073741824
Narrow klass base: 0x0000000000000000, Narrow klass shift: 3, Narrow klass range: 0x140000000

GC Precious Log:
 CPUs: 8 total, 8 available
 Memory: 16296M
 Large Page Support: Disabled
 NUMA Support: Disabled
 Compressed Oops: Enabled (32-bit)
 Alignments: Space 512K, Generation 512K, Heap 2M
 Heap Min Capacity: 100M
 Heap Initial Capacity: 100M
 Heap Max Capacity: 1G
 Pre-touch: Disabled
 Parallel Workers: 8

Heap:
 PSYoungGen      total 29696K, used 15302K [0x00000000eab00000, 0x00000000ecc00000, 0x0000000100000000)
  eden space 25600K, 59% used [0x00000000eab00000,0x00000000eb9f1b18,0x00000000ec400000)
  from space 4096K, 0% used [0x00000000ec800000,0x00000000ec800000,0x00000000ecc00000)
  to   space 4096K, 0% used [0x00000000ec400000,0x00000000ec400000,0x00000000ec800000)
 ParOldGen       total 68608K, used 0K [0x00000000c0000000, 0x00000000c4300000, 0x00000000eab00000)
  object space 68608K, 0% used [0x00000000c0000000,0x00000000c0000000,0x00000000c4300000)
 Metaspace       used 8795K, committed 8960K, reserved 1064960K
  class space    used 881K, committed 960K, reserved 1048576K

Card table byte_map: [0x000001703c670000,0x000001703c880000] _byte_map_base: 0x000001703c070000

Marking Bits: (ParMarkBitMap*) 0x00007ffe39d24b80
 Begin Bits: [0x000001704e940000, 0x000001704f940000)
 End Bits:   [0x000001704f940000, 0x0000017050940000)

Polling page: 0x000001703abf0000

Metaspace:

Usage:
  Non-class:      7.73 MB used.
      Class:    881.34 KB used.
       Both:      8.59 MB used.

Virtual space:
  Non-class space:       16.00 MB reserved,       7.81 MB ( 49%) committed,  2 nodes.
      Class space:        1.00 GB reserved,     960.00 KB ( <1%) committed,  1 nodes.
             Both:        1.02 GB reserved,       8.75 MB ( <1%) committed. 

Chunk freelists:
   Non-Class:  3.91 MB
       Class:  3.09 MB
        Both:  7.00 MB

MaxMetaspaceSize: unlimited
CompressedClassSpaceSize: 1.00 GB
Initial GC threshold: 21.00 MB
Current GC threshold: 21.00 MB
CDS: off
MetaspaceReclaimPolicy: balanced
 - commit_granule_bytes: 65536.
 - commit_granule_words: 8192.
 - virtual_space_node_default_size: 1048576.
 - enlarge_chunks_in_place: 1.
 - new_chunks_are_fully_committed: 0.
 - uncommit_free_chunks: 1.
 - use_allocation_guard: 0.
 - handle_deallocations: 1.


Internal statistics:

num_allocs_failed_limit: 0.
num_arena_births: 10.
num_arena_deaths: 0.
num_vsnodes_births: 3.
num_vsnodes_deaths: 0.
num_space_committed: 140.
num_space_uncommitted: 0.
num_chunks_returned_to_freelist: 0.
num_chunks_taken_from_freelist: 44.
num_chunk_merges: 0.
num_chunk_splits: 24.
num_chunks_enlarged: 20.
num_purges: 0.
num_inconsistent_stats: 0.

CodeHeap 'non-profiled nmethods': size=120000Kb used=215Kb max_used=215Kb free=119784Kb
 bounds [0x0000017047410000, 0x0000017047680000, 0x000001704e940000]
CodeHeap 'profiled nmethods': size=120000Kb used=1011Kb max_used=1011Kb free=118988Kb
 bounds [0x000001703fee0000, 0x0000017040150000, 0x0000017047410000]
CodeHeap 'non-nmethods': size=5760Kb used=1130Kb max_used=1151Kb free=4629Kb
 bounds [0x000001703f940000, 0x000001703fbb0000, 0x000001703fee0000]
 total_blobs=1046 nmethods=628 adapters=333
 compilation: enabled
              stopped_count=0, restarted_count=0
 full_count=0

Compilation events (20 events):
Event: 0.660 Thread 0x0000017053100eb0  555       1       java.util.Collections$EmptyIterator::hasNext (2 bytes)
Event: 0.660 Thread 0x0000017053100eb0 nmethod 555 0x0000017047440990 code [0x0000017047440b20, 0x0000017047440bf8]
Event: 0.661 Thread 0x0000017053100eb0  556 %     3       java.util.Properties$LineReader::readLine @ 53 (584 bytes)
Event: 0.663 Thread 0x00000170534f0820  557   !   4       java.lang.String::replace (258 bytes)
Event: 0.663 Thread 0x0000017053100eb0 nmethod 556% 0x000001703ffacd10 code [0x000001703ffad0e0, 0x000001703ffafc18]
Event: 0.663 Thread 0x0000017053100eb0  559       3       java.util.concurrent.ConcurrentHashMap$Traverser::advance (188 bytes)
Event: 0.664 Thread 0x0000017053100eb0 nmethod 559 0x000001703ffb0910 code [0x000001703ffb0b40, 0x000001703ffb1648]
Event: 0.664 Thread 0x0000017053100eb0  558       3       java.lang.StringBuilder::<init> (6 bytes)
Event: 0.664 Thread 0x0000017053100eb0 nmethod 558 0x000001703ffb1910 code [0x000001703ffb1aa0, 0x000001703ffb1be8]
Event: 0.664 Thread 0x0000017053100eb0  560       3       java.io.WinNTFileSystem::normalize (224 bytes)
Event: 0.664 Thread 0x00000170531005b0 nmethod 547% 0x0000017047440c90 code [0x0000017047440e20, 0x00000170474417b8]
Event: 0.665 Thread 0x00000170531005b0  564       4       java.lang.StringLatin1::charAt (28 bytes)
Event: 0.665 Thread 0x0000017053100eb0 nmethod 560 0x000001703ffb1c90 code [0x000001703ffb2080, 0x000001703ffb3bf8]
Event: 0.665 Thread 0x0000017053100eb0  563       3       java.lang.String::charAt (25 bytes)
Event: 0.666 Thread 0x0000017053100eb0 nmethod 563 0x000001703ffb4690 code [0x000001703ffb4880, 0x000001703ffb4db8]
Event: 0.666 Thread 0x0000017053100eb0  561       3       java.lang.StringUTF16::length (5 bytes)
Event: 0.666 Thread 0x0000017053100eb0 nmethod 561 0x000001703ffb5010 code [0x000001703ffb51a0, 0x000001703ffb5298]
Event: 0.666 Thread 0x00000170531005b0 nmethod 564 0x0000017047441a10 code [0x0000017047441b80, 0x0000017047441c18]
Event: 0.666 Thread 0x0000017053100eb0  562       3       java.lang.StringUTF16::checkBoundsOffCount (10 bytes)
Event: 0.666 Thread 0x0000017053100eb0 nmethod 562 0x000001703ffb5390 code [0x000001703ffb5540, 0x000001703ffb56c8]

GC Heap History (0 events):
No events

Deoptimization events (20 events):
Event: 0.627 Thread 0x000001703ccb26e0 Uncommon trap: trap_request=0xffffffde fr.pc=0x000001704742c390 relative=0x0000000000000710
Event: 0.627 Thread 0x000001703ccb26e0 Uncommon trap: reason=class_check action=maybe_recompile pc=0x000001704742c390 method=java.util.HashMap.putVal(ILjava/lang/Object;Ljava/lang/Object;ZZ)Ljava/lang/Object; @ 91 c2
Event: 0.627 Thread 0x000001703ccb26e0 DEOPT PACKING pc=0x000001704742c390 sp=0x0000004caf7fdaa0
Event: 0.627 Thread 0x000001703ccb26e0 DEOPT UNPACKING pc=0x000001703f9920a3 sp=0x0000004caf7fda40 mode 2
Event: 0.627 Thread 0x000001703ccb26e0 Uncommon trap: trap_request=0xffffffde fr.pc=0x000001704742c390 relative=0x0000000000000710
Event: 0.627 Thread 0x000001703ccb26e0 Uncommon trap: reason=class_check action=maybe_recompile pc=0x000001704742c390 method=java.util.HashMap.putVal(ILjava/lang/Object;Ljava/lang/Object;ZZ)Ljava/lang/Object; @ 91 c2
Event: 0.627 Thread 0x000001703ccb26e0 DEOPT PACKING pc=0x000001704742c390 sp=0x0000004caf7fdbc0
Event: 0.627 Thread 0x000001703ccb26e0 DEOPT UNPACKING pc=0x000001703f9920a3 sp=0x0000004caf7fdb30 mode 2
Event: 0.665 Thread 0x000001703ccb26e0 Uncommon trap: trap_request=0xffffff45 fr.pc=0x0000017047436d1c relative=0x000000000000011c
Event: 0.665 Thread 0x000001703ccb26e0 Uncommon trap: reason=unstable_if action=reinterpret pc=0x0000017047436d1c method=java.lang.StringCoding.hasNegatives([BII)Z @ 12 c2
Event: 0.665 Thread 0x000001703ccb26e0 DEOPT PACKING pc=0x0000017047436d1c sp=0x0000004caf7fdf70
Event: 0.665 Thread 0x000001703ccb26e0 DEOPT UNPACKING pc=0x000001703f9920a3 sp=0x0000004caf7fdf00 mode 2
Event: 0.665 Thread 0x000001703ccb26e0 Uncommon trap: trap_request=0xffffff45 fr.pc=0x000001704741f778 relative=0x0000000000000078
Event: 0.665 Thread 0x000001703ccb26e0 Uncommon trap: reason=unstable_if action=reinterpret pc=0x000001704741f778 method=java.lang.String.isLatin1()Z @ 10 c2
Event: 0.665 Thread 0x000001703ccb26e0 DEOPT PACKING pc=0x000001704741f778 sp=0x0000004caf7fdeb0
Event: 0.665 Thread 0x000001703ccb26e0 DEOPT UNPACKING pc=0x000001703f9920a3 sp=0x0000004caf7fddf0 mode 2
Event: 0.665 Thread 0x000001703ccb26e0 Uncommon trap: trap_request=0xffffff45 fr.pc=0x000001704743e234 relative=0x0000000000000474
Event: 0.665 Thread 0x000001703ccb26e0 Uncommon trap: reason=unstable_if action=reinterpret pc=0x000001704743e234 method=java.lang.AbstractStringBuilder.putStringAt(ILjava/lang/String;II)V @ 8 c2
Event: 0.665 Thread 0x000001703ccb26e0 DEOPT PACKING pc=0x000001704743e234 sp=0x0000004caf7fe100
Event: 0.665 Thread 0x000001703ccb26e0 DEOPT UNPACKING pc=0x000001703f9920a3 sp=0x0000004caf7fdf88 mode 2

Classes unloaded (0 events):
No events

Classes redefined (0 events):
No events

Internal exceptions (5 events):
Event: 0.194 Thread 0x000001703ccb26e0 Exception <a 'java/lang/NoSuchMethodError'{0x00000000eac51d00}: 'void java.lang.invoke.DirectMethodHandle$Holder.invokeStatic(java.lang.Object, java.lang.Object, java.lang.Object)'> (0x00000000eac51d00) 
thrown [e:\jenkins\tmp\workspace\build\src\src\hotspot\share\interpreter\linkResolver.cpp, line 766]
Event: 0.405 Thread 0x000001703ccb26e0 Exception <a 'java/lang/reflect/InvocationTargetException'{0x00000000eafb7968}> (0x00000000eafb7968) 
thrown [e:\jenkins\tmp\workspace\build\src\src\hotspot\share\runtime\reflection.cpp, line 1121]
Event: 0.660 Thread 0x000001703ccb26e0 Exception <a 'java/lang/ClassNotFoundException'{0x00000000eb74c220}: sun/net/www/protocol/c/Handler> (0x00000000eb74c220) 
thrown [e:\jenkins\tmp\workspace\build\src\src\hotspot\share\classfile\systemDictionary.cpp, line 256]
Event: 0.665 Thread 0x000001703ccb26e0 Exception <a 'java/io/FileNotFoundException'{0x00000000eb75fc48}> (0x00000000eb75fc48) 
thrown [e:\jenkins\tmp\workspace\build\src\src\hotspot\share\prims\jni.cpp, line 516]
Event: 0.666 Thread 0x000001703ccb26e0 Exception <a 'java/io/FileNotFoundException'{0x00000000eb760cb0}> (0x00000000eb760cb0) 
thrown [e:\jenkins\tmp\workspace\build\src\src\hotspot\share\prims\jni.cpp, line 516]

VM Operations (8 events):
Event: 0.201 Executing VM operation: HandshakeAllThreads
Event: 0.201 Executing VM operation: HandshakeAllThreads done
Event: 0.307 Executing VM operation: HandshakeAllThreads
Event: 0.307 Executing VM operation: HandshakeAllThreads done
Event: 0.632 Executing VM operation: HandshakeAllThreads
Event: 0.632 Executing VM operation: HandshakeAllThreads done
Event: 0.655 Executing VM operation: HandshakeAllThreads
Event: 0.655 Executing VM operation: HandshakeAllThreads done

Events (20 events):
Event: 0.658 loading class java/util/ServiceLoader$LazyClassPathLookupIterator
Event: 0.658 loading class java/util/ServiceLoader$LazyClassPathLookupIterator done
Event: 0.658 loading class java/util/ServiceLoader$2
Event: 0.658 loading class java/util/ServiceLoader$2 done
Event: 0.658 loading class java/util/ServiceLoader$3
Event: 0.658 loading class java/util/ServiceLoader$3 done
Event: 0.659 loading class java/util/Collections$EmptyEnumeration
Event: 0.659 loading class java/util/Collections$EmptyEnumeration done
Event: 0.659 loading class jdk/internal/loader/BuiltinClassLoader$1
Event: 0.659 loading class jdk/internal/loader/BuiltinClassLoader$1 done
Event: 0.659 loading class java/lang/CompoundEnumeration
Event: 0.659 loading class java/lang/CompoundEnumeration done
Event: 0.659 loading class jdk/internal/loader/URLClassPath$1
Event: 0.660 loading class jdk/internal/loader/URLClassPath$1 done
Event: 0.662 loading class java/util/concurrent/ConcurrentHashMap$KeySetView
Event: 0.663 loading class java/util/concurrent/ConcurrentHashMap$KeySetView done
Event: 0.663 loading class java/util/Collections$3
Event: 0.663 loading class java/util/Collections$3 done
Event: 0.663 loading class java/util/concurrent/ConcurrentHashMap$KeyIterator
Event: 0.663 loading class java/util/concurrent/ConcurrentHashMap$KeyIterator done


Dynamic libraries:
0x00007ff7dbbb0000 - 0x00007ff7dbbbe000 	c:\Users\jjs815\.vscode\extensions\redhat.java-1.9.0-win32-x64\jre\17.0.3-win32-x86_64\bin\java.exe
0x00007ffeb6590000 - 0x00007ffeb6788000 	C:\WINDOWS\SYSTEM32\ntdll.dll
0x00007ffeb6490000 - 0x00007ffeb654d000 	C:\WINDOWS\System32\KERNEL32.DLL
0x00007ffeb3cb0000 - 0x00007ffeb3f7e000 	C:\WINDOWS\System32\KERNELBASE.dll
0x00007ffeb4140000 - 0x00007ffeb4240000 	C:\WINDOWS\System32\ucrtbase.dll
0x00007ffeaa7f0000 - 0x00007ffeaa808000 	c:\Users\jjs815\.vscode\extensions\redhat.java-1.9.0-win32-x64\jre\17.0.3-win32-x86_64\bin\jli.dll
0x00007ffeb5f60000 - 0x00007ffeb6100000 	C:\WINDOWS\System32\USER32.dll
0x00007ffea19e0000 - 0x00007ffea19f9000 	c:\Users\jjs815\.vscode\extensions\redhat.java-1.9.0-win32-x64\jre\17.0.3-win32-x86_64\bin\VCRUNTIME140.dll
0x00007ffea2c40000 - 0x00007ffea2eda000 	C:\WINDOWS\WinSxS\amd64_microsoft.windows.common-controls_6595b64144ccf1df_6.0.19041.1110_none_60b5254171f9507e\COMCTL32.dll
0x00007ffeb5d20000 - 0x00007ffeb5dbe000 	C:\WINDOWS\System32\msvcrt.dll
0x00007ffeb3f80000 - 0x00007ffeb3fa2000 	C:\WINDOWS\System32\win32u.dll
0x00007ffeb6180000 - 0x00007ffeb61aa000 	C:\WINDOWS\System32\GDI32.dll
0x00007ffeb4340000 - 0x00007ffeb444b000 	C:\WINDOWS\System32\gdi32full.dll
0x00007ffeb4550000 - 0x00007ffeb45ed000 	C:\WINDOWS\System32\msvcp_win.dll
0x00007ffeb6460000 - 0x00007ffeb6490000 	C:\WINDOWS\System32\IMM32.DLL
0x00007ffeaec70000 - 0x00007ffeaec7c000 	c:\Users\jjs815\.vscode\extensions\redhat.java-1.9.0-win32-x64\jre\17.0.3-win32-x86_64\bin\vcruntime140_1.dll
0x00007ffe770f0000 - 0x00007ffe77181000 	c:\Users\jjs815\.vscode\extensions\redhat.java-1.9.0-win32-x64\jre\17.0.3-win32-x86_64\bin\msvcp140.dll
0x00007ffe391a0000 - 0x00007ffe39de8000 	c:\Users\jjs815\.vscode\extensions\redhat.java-1.9.0-win32-x64\jre\17.0.3-win32-x86_64\bin\server\jvm.dll
0x00007ffeb4d20000 - 0x00007ffeb4dce000 	C:\WINDOWS\System32\ADVAPI32.dll
0x00007ffeb62a0000 - 0x00007ffeb633c000 	C:\WINDOWS\System32\sechost.dll
0x00007ffeb4890000 - 0x00007ffeb49b5000 	C:\WINDOWS\System32\RPCRT4.dll
0x00007ffeb61b0000 - 0x00007ffeb61b8000 	C:\WINDOWS\System32\PSAPI.DLL
0x00007ffea4a50000 - 0x00007ffea4a77000 	C:\WINDOWS\SYSTEM32\WINMM.dll
0x00007ffeb1cb0000 - 0x00007ffeb1cba000 	C:\WINDOWS\SYSTEM32\VERSION.dll
0x00007ffea2260000 - 0x00007ffea2269000 	C:\WINDOWS\SYSTEM32\WSOCK32.dll
0x00007ffeb4ea0000 - 0x00007ffeb4f0b000 	C:\WINDOWS\System32\WS2_32.dll
0x00007ffeb2590000 - 0x00007ffeb25a2000 	C:\WINDOWS\SYSTEM32\kernel.appcore.dll
0x00007ffea2930000 - 0x00007ffea293a000 	c:\Users\jjs815\.vscode\extensions\redhat.java-1.9.0-win32-x64\jre\17.0.3-win32-x86_64\bin\jimage.dll
0x00007ffe9b650000 - 0x00007ffe9b834000 	C:\WINDOWS\SYSTEM32\DBGHELP.DLL
0x00007ffe9b4e0000 - 0x00007ffe9b50c000 	C:\WINDOWS\SYSTEM32\dbgcore.DLL
0x00007ffeb4240000 - 0x00007ffeb42c2000 	C:\WINDOWS\System32\bcryptPrimitives.dll
0x00007ffe9e6a0000 - 0x00007ffe9e6ae000 	c:\Users\jjs815\.vscode\extensions\redhat.java-1.9.0-win32-x64\jre\17.0.3-win32-x86_64\bin\instrument.dll
0x00007ffe81bb0000 - 0x00007ffe81bd5000 	c:\Users\jjs815\.vscode\extensions\redhat.java-1.9.0-win32-x64\jre\17.0.3-win32-x86_64\bin\java.dll
0x00007ffe8b770000 - 0x00007ffe8b788000 	c:\Users\jjs815\.vscode\extensions\redhat.java-1.9.0-win32-x64\jre\17.0.3-win32-x86_64\bin\zip.dll
0x00007ffeb55d0000 - 0x00007ffeb5d14000 	C:\WINDOWS\System32\SHELL32.dll
0x00007ffeb1db0000 - 0x00007ffeb2544000 	C:\WINDOWS\SYSTEM32\windows.storage.dll
0x00007ffeb49c0000 - 0x00007ffeb4d14000 	C:\WINDOWS\System32\combase.dll
0x00007ffeb3710000 - 0x00007ffeb3740000 	C:\WINDOWS\SYSTEM32\Wldp.dll
0x00007ffeb50b0000 - 0x00007ffeb515d000 	C:\WINDOWS\System32\SHCORE.dll
0x00007ffeb4dd0000 - 0x00007ffeb4e25000 	C:\WINDOWS\System32\shlwapi.dll
0x00007ffeb3bf0000 - 0x00007ffeb3c0f000 	C:\WINDOWS\SYSTEM32\profapi.dll
0x00007ffeaabc0000 - 0x00007ffeaabd9000 	C:\Users\jjs815\.vscode\extensions\redhat.java-1.9.0-win32-x64\jre\17.0.3-win32-x86_64\bin\net.dll
0x00007ffeacc50000 - 0x00007ffeacd5a000 	C:\WINDOWS\SYSTEM32\WINHTTP.dll
0x00007ffeb3470000 - 0x00007ffeb34da000 	C:\WINDOWS\system32\mswsock.dll
0x00007ffe83020000 - 0x00007ffe83035000 	C:\Users\jjs815\.vscode\extensions\redhat.java-1.9.0-win32-x64\jre\17.0.3-win32-x86_64\bin\nio.dll
0x00007ffe9de10000 - 0x00007ffe9de20000 	c:\Users\jjs815\.vscode\extensions\redhat.java-1.9.0-win32-x64\jre\17.0.3-win32-x86_64\bin\verify.dll

dbghelp: loaded successfully - version: 4.0.5 - missing functions: none
symbol engine: initialized successfully - sym options: 0x614 - pdb path: .;c:\Users\jjs815\.vscode\extensions\redhat.java-1.9.0-win32-x64\jre\17.0.3-win32-x86_64\bin;C:\WINDOWS\SYSTEM32;C:\WINDOWS\WinSxS\amd64_microsoft.windows.common-controls_6595b64144ccf1df_6.0.19041.1110_none_60b5254171f9507e;c:\Users\jjs815\.vscode\extensions\redhat.java-1.9.0-win32-x64\jre\17.0.3-win32-x86_64\bin\server

VM Arguments:
jvm_args: --add-modules=ALL-SYSTEM --add-opens=java.base/java.util=ALL-UNNAMED --add-opens=java.base/java.lang=ALL-UNNAMED --add-opens=java.base/sun.nio.fs=ALL-UNNAMED -Declipse.application=org.eclipse.jdt.ls.core.id1 -Dosgi.bundles.defaultStartLevel=4 -Declipse.product=org.eclipse.jdt.ls.core.product -Djava.import.generatesMetadataFilesAtProjectRoot=false -Dfile.encoding=utf8 -DwatchParentProcess=false -XX:+UseParallelGC -XX:GCTimeRatio=4 -XX:AdaptiveSizePolicyWeight=90 -Dsun.zip.disableMemoryMapping=true -Xmx1G -Xms100m -javaagent:c:\Users\jjs815\.vscode\extensions\redhat.java-1.9.0-win32-x64\lombok\lombok-1.18.24.jar 
java_command: c:\Users\jjs815\.vscode\extensions\redhat.java-1.9.0-win32-x64\server\plugins\org.eclipse.equinox.launcher_1.6.400.v20210924-0641.jar -configuration c:\Users\jjs815\AppData\Roaming\Code\User\globalStorage\redhat.java\1.9.0\config_ss_win -data c:\Users\jjs815\AppData\Roaming\Code\User\workspaceStorage\d608b88811175971a67a8057766062d0\redhat.java\ss_ws
java_class_path (initial): c:\Users\jjs815\.vscode\extensions\redhat.java-1.9.0-win32-x64\server\plugins\org.eclipse.equinox.launcher_1.6.400.v20210924-0641.jar
Launcher Type: SUN_STANDARD

[Global flags]
    uintx AdaptiveSizePolicyWeight                 = 90                                        {product} {command line}
     intx CICompilerCount                          = 4                                         {product} {ergonomic}
    uintx GCTimeRatio                              = 4                                         {product} {command line}
   size_t InitialHeapSize                          = 104857600                                 {product} {command line}
   size_t MaxHeapSize                              = 1073741824                                {product} {command line}
   size_t MaxNewSize                               = 357564416                                 {product} {ergonomic}
   size_t MinHeapDeltaBytes                        = 524288                                    {product} {ergonomic}
   size_t MinHeapSize                              = 104857600                                 {product} {command line}
   size_t NewSize                                  = 34603008                                  {product} {ergonomic}
    uintx NonNMethodCodeHeapSize                   = 5839372                                {pd product} {ergonomic}
    uintx NonProfiledCodeHeapSize                  = 122909434                              {pd product} {ergonomic}
   size_t OldSize                                  = 70254592                                  {product} {ergonomic}
    uintx ProfiledCodeHeapSize                     = 122909434                              {pd product} {ergonomic}
    uintx ReservedCodeCacheSize                    = 251658240                              {pd product} {ergonomic}
     bool SegmentedCodeCache                       = true                                      {product} {ergonomic}
   size_t SoftMaxHeapSize                          = 1073741824                             {manageable} {ergonomic}
     bool UseCompressedClassPointers               = true                           {product lp64_product} {ergonomic}
     bool UseCompressedOops                        = true                           {product lp64_product} {ergonomic}
     bool UseLargePagesIndividualAllocation        = false                                  {pd product} {ergonomic}
     bool UseParallelGC                            = true                                      {product} {command line}

Logging:
Log output configuration:
 #0: stdout all=warning uptime,level,tags
 #1: stderr all=off uptime,level,tags

Environment Variables:
JAVA_HOME=C:\Program Files\Java\jdk1.8.0_211
CLASSPATH=.;
PATH=C:\Program Files\Common Files\Oracle\Java\javapath;C:\Program Files\Zulu\zulu-11\bin\;C:\Program Files\NVIDIA GPU Computing Toolkit\CUDA\v11.3\bin;C:\Program Files\NVIDIA GPU Computing Toolkit\CUDA\v11.3\libnvvp;C:\Python39\Scripts\;C:\Python39\;C:\Program Files (x86)\Common Files\Oracle\Java\javapath;C:\Program Files (x86)\NAT Service;C:\ProgramData\Oracle\Java\javapath;C:\WINDOWS\system32;C:\WINDOWS;C:\WINDOWS\System32\Wbem;C:\WINDOWS\System32\WindowsPowerShell\v1.0\;C:\WINDOWS\System32\OpenSSH\;C:\Program Files (x86)\ePapyrus\Papyrus-PlugIn-xfa;C:\Program Files (x86)\ePapyrus\Papyrus-PlugIn-xfa\Addins;C:\Program Files\PuTTY\;C:\python;C:\ProgramData\chocolatey\bin;C:\Program Files (x86)\Yarn;C:\Users\jjs815\AppData\Local\Android\Sdk\platform-tools;C:\Program Files\OpenJDK\openjdk-8u282-b08\bin;C:\Program Files\Java\jdk1.8.0_211\bin;C:\Program Files\Git\cmd;C:\Program Files\nodejs\;C:\Program Files\NVIDIA Corporation\NVIDIA NvDLISR;C:\Program Files\NVIDIA Corporation\Nsight Compute 2021.1.1\;C:\Program Files (x86)\NVIDIA Corporation\PhysX\Common;C:\Program Files\OpenSSL-Win64\bin;C:\Program Files\Java\jdk-11.0.15;C:\Users\jjs815\AppData\Local\Programs\Python\Python38\Scripts\;C:\Users\jjs815\AppData\Local\Programs\Python\Python38\;C:\python\Scripts\;C:\python\;"C:\Users\jjs815\AppData\Local\Microsoft\WindowsApps;%C:\Python27";C:\Users\jjs815\AppData\Local\Microsoft\WindowsApps;C:\Users\jjs815\AppData\Local\Programs\Microsoft VS Code\bin;C:\Program Files (x86)\SoftForum\XecureHSM\;C:\Users\jjs815\AppData\Roaming\npm;C:\Program Files\JetBrains\IntelliJ IDEA Community Edition 2021.3.2\bin;;C:\Users\jjs815\flutter\bin;
USERNAME=jjs815
OS=Windows_NT
PROCESSOR_IDENTIFIER=Intel64 Family 6 Model 158 Stepping 9, GenuineIntel



---------------  S Y S T E M  ---------------

OS:
 Windows 10 , 64 bit Build 19041 (10.0.19041.1806)
OS uptime: 0 days 0:13 hours

CPU: total 8 (initial active 8) (4 cores per cpu, 2 threads per core) family 6 model 158 stepping 9 microcode 0xb4, cx8, cmov, fxsr, ht, mmx, 3dnowpref, sse, sse2, sse3, ssse3, sse4.1, sse4.2, popcnt, lzcnt, tsc, tscinvbit, avx, avx2, aes, erms, clmul, bmi1, bmi2, rtm, adx, fma, vzeroupper, clflush, clflushopt

Memory: 4k page, system-wide physical 16296M (3150M free)
TotalPageFile size 16296M (AvailPageFile size 11M)
current process WorkingSet (physical memory assigned to process): 61M, peak: 61M
current process commit charge ("private bytes"): 198M, peak: 198M

vm_info: OpenJDK 64-Bit Server VM (17.0.3+7) for windows-amd64 JRE (17.0.3+7), built on Apr 19 2022 16:55:35 by "" with MS VC++ 16.7 (VS2019)

END.
