#
# There is insufficient memory for the Java Runtime Environment to continue.
# Native memory allocation (mmap) failed to map 65536 bytes for Failed to commit metaspace.
# Possible reasons:
#   The system is out of physical RAM or swap space
#   The process is running with CompressedOops enabled, and the Java Heap may be blocking the growth of the native heap
# Possible solutions:
#   Reduce memory load on the system
#   Increase physical memory or swap space
#   Check if swap backing store is full
#   Decrease Java heap size (-Xmx/-Xms)
#   Decrease number of Java threads
#   Decrease Java thread stack sizes (-Xss)
#   Set larger code cache with -XX:ReservedCodeCacheSize=
#   JVM is running with Unscaled Compressed Oops mode in which the Java heap is
#     placed in the first 4GB address space. The Java Heap base address is the
#     maximum limit for the native heap growth. Please use -XX:HeapBaseMinAddress
#     to set the Java Heap base and to place the Java Heap above 4GB virtual address.
# This output file may be truncated or incomplete.
#
#  Out of Memory Error (virtualSpaceNode.cpp:110), pid=177520, tid=177508
#
# JRE version: OpenJDK Runtime Environment Temurin-17.0.4.1+1 (17.0.4.1+1) (build 17.0.4.1+1)
# Java VM: OpenJDK 64-Bit Server VM Temurin-17.0.4.1+1 (17.0.4.1+1, mixed mode, tiered, compressed oops, compressed class ptrs, parallel gc, windows-amd64)
# No core dump will be written. Minidumps are not enabled by default on client versions of Windows
#

---------------  S U M M A R Y ------------

Command Line: --add-modules=ALL-SYSTEM --add-opens=java.base/java.util=ALL-UNNAMED --add-opens=java.base/java.lang=ALL-UNNAMED --add-opens=java.base/sun.nio.fs=ALL-UNNAMED -Declipse.application=org.eclipse.jdt.ls.core.id1 -Dosgi.bundles.defaultStartLevel=4 -Declipse.product=org.eclipse.jdt.ls.core.product -Djava.import.generatesMetadataFilesAtProjectRoot=false -Dfile.encoding=utf8 -DwatchParentProcess=false -XX:+UseParallelGC -XX:GCTimeRatio=4 -XX:AdaptiveSizePolicyWeight=90 -Dsun.zip.disableMemoryMapping=true -Xmx1G -Xms100m -Xlog:disable -javaagent:c:\Users\jjs815\.vscode\extensions\redhat.java-1.11.0-win32-x64\lombok\lombok-1.18.24.jar -XX:+HeapDumpOnOutOfMemoryError -XX:HeapDumpPath=c:\Users\jjs815\AppData\Roaming\Code\User\workspaceStorage\d588a9081e57ad1a899c4a3cf880b459\redhat.java c:\Users\jjs815\.vscode\extensions\redhat.java-1.11.0-win32-x64\server\plugins\org.eclipse.equinox.launcher_1.6.400.v20210924-0641.jar -configuration c:\Users\jjs815\AppData\Roaming\Code\User\globalStorage\redhat.java\1.11.0\config_win -data c:\Users\jjs815\AppData\Roaming\Code\User\workspaceStorage\d588a9081e57ad1a899c4a3cf880b459\redhat.java\jdt_ws

Host: Intel(R) Core(TM) i7-7700 CPU @ 3.60GHz, 8 cores, 15G,  Windows 10 , 64 bit Build 19041 (10.0.19041.1889)
Time: Tue Oct  4 23:11:50 2022  Windows 10 , 64 bit Build 19041 (10.0.19041.1889) elapsed time: 4.330260 seconds (0d 0h 0m 4s)

---------------  T H R E A D  ---------------

Current thread (0x000001bbfc8a62e0):  JavaThread "Worker-0: Repository registry initialization" [_thread_in_vm, id=177508, stack(0x000000340b100000,0x000000340b200000)]

Stack: [0x000000340b100000,0x000000340b200000]
Native frames: (J=compiled Java code, j=interpreted, Vv=VM code, C=native code)
V  [jvm.dll+0x67731a]
V  [jvm.dll+0x832284]
V  [jvm.dll+0x833a2e]
V  [jvm.dll+0x834093]
V  [jvm.dll+0x245775]
V  [jvm.dll+0x82e22b]
V  [jvm.dll+0x61bdf6]
V  [jvm.dll+0x1c07be]
V  [jvm.dll+0x61e741]
V  [jvm.dll+0x61c796]
V  [jvm.dll+0x239e0f]
V  [jvm.dll+0x6265a5]
V  [jvm.dll+0x1ea5db]
V  [jvm.dll+0x1eab15]
V  [jvm.dll+0x1eb54f]
V  [jvm.dll+0x1e09f1]
V  [jvm.dll+0x53c910]
V  [jvm.dll+0x7ad138]
V  [jvm.dll+0x7ad224]
V  [jvm.dll+0x40ccd5]
V  [jvm.dll+0x412ec8]
C  [java.dll+0x17ec]

Java frames: (J=compiled Java code, j=interpreted, Vv=VM code)
J 1083  java.lang.ClassLoader.defineClass1(Ljava/lang/ClassLoader;Ljava/lang/String;[BIILjava/security/ProtectionDomain;Ljava/lang/String;)Ljava/lang/Class; java.base@17.0.4.1 (0 bytes) @ 0x000001bb87b3535b [0x000001bb87b352a0+0x00000000000000bb]
J 1724 c1 java.lang.ClassLoader.defineClass(Ljava/lang/String;[BIILjava/security/ProtectionDomain;)Ljava/lang/Class; java.base@17.0.4.1 (43 bytes) @ 0x000001bb808ba354 [0x000001bb808ba000+0x0000000000000354]
J 2231 c1 org.eclipse.osgi.internal.loader.ModuleClassLoader.defineClass(Ljava/lang/String;[BLorg/eclipse/osgi/internal/loader/classpath/ClasspathEntry;)Lorg/eclipse/osgi/internal/loader/ModuleClassLoader$DefineClassResult; (138 bytes) @ 0x000001bb80a0001c [0x000001bb809ffdc0+0x000000000000025c]
J 2111 c1 org.eclipse.osgi.internal.loader.classpath.ClasspathManager.defineClass(Ljava/lang/String;[BLorg/eclipse/osgi/internal/loader/classpath/ClasspathEntry;Lorg/eclipse/osgi/storage/bundlefile/BundleEntry;Ljava/util/List;)Ljava/lang/Class; (636 bytes) @ 0x000001bb809b14b4 [0x000001bb809afae0+0x00000000000019d4]
J 3092 c2 org.eclipse.osgi.internal.loader.classpath.ClasspathManager.findClassImpl(Ljava/lang/String;Lorg/eclipse/osgi/internal/loader/classpath/ClasspathEntry;Ljava/util/List;)Ljava/lang/Class; (308 bytes) @ 0x000001bb87c51fd4 [0x000001bb87c4f540+0x0000000000002a94]
J 2112 c1 org.eclipse.osgi.internal.loader.classpath.ClasspathManager.findLocalClassImpl(Ljava/lang/String;[Lorg/eclipse/osgi/internal/loader/classpath/ClasspathEntry;Ljava/util/List;)Ljava/lang/Class; (55 bytes) @ 0x000001bb809b46cc [0x000001bb809b4540+0x000000000000018c]
J 1766 c1 org.eclipse.osgi.internal.loader.classpath.ClasspathManager.findLocalClassImpl(Ljava/lang/String;Ljava/util/List;)Ljava/lang/Class; (132 bytes) @ 0x000001bb808d9ad4 [0x000001bb808d95c0+0x0000000000000514]
J 1958 c1 org.eclipse.osgi.internal.loader.classpath.ClasspathManager.findLocalClass(Ljava/lang/String;)Ljava/lang/Class; (210 bytes) @ 0x000001bb8094edbc [0x000001bb8094e120+0x0000000000000c9c]
J 1977 c1 org.eclipse.osgi.internal.loader.BundleLoader.findLocalClass(Ljava/lang/String;)Ljava/lang/Class; (152 bytes) @ 0x000001bb8095fe6c [0x000001bb8095f620+0x000000000000084c]
J 2480 c1 org.eclipse.osgi.internal.loader.BundleLoader.findClass0(Ljava/lang/String;ZZ)Ljava/lang/Class; (466 bytes) @ 0x000001bb80a723a4 [0x000001bb80a6fd80+0x0000000000002624]
J 1693 c1 org.eclipse.osgi.internal.loader.BundleLoader.findClass(Ljava/lang/String;)Ljava/lang/Class; (8 bytes) @ 0x000001bb808a701c [0x000001bb808a6fa0+0x000000000000007c]
J 1697 c1 org.eclipse.osgi.internal.loader.ModuleClassLoader.loadClass(Ljava/lang/String;Z)Ljava/lang/Class; (36 bytes) @ 0x000001bb808addbc [0x000001bb808adba0+0x000000000000021c]
J 3241 c1 java.lang.ClassLoader.loadClass(Ljava/lang/String;Z)Ljava/lang/Class; java.base@17.0.4.1 (121 bytes) @ 0x000001bb80c12c3c [0x000001bb80c128c0+0x000000000000037c]
j  org.codehaus.plexus.classworlds.realm.ClassRealm.unsynchronizedLoadClass(Ljava/lang/String;Z)Ljava/lang/Class;+3
j  org.codehaus.plexus.classworlds.realm.ClassRealm.loadClass(Ljava/lang/String;Z)Ljava/lang/Class;+9
j  org.codehaus.plexus.classworlds.realm.ClassRealm.loadClass(Ljava/lang/String;)Ljava/lang/Class;+3
j  org.eclipse.sisu.space.URLClassSpace.loadClass(Ljava/lang/String;)Ljava/lang/Class;+5
j  org.eclipse.sisu.space.QualifiedTypeVisitor.leaveClass()V+26
j  org.eclipse.sisu.plexus.PlexusTypeVisitor.leaveClass()V+77
j  org.eclipse.sisu.space.SpaceScanner$1.visitEnd()V+4
j  org.eclipse.sisu.space.asm.ClassReader.accept(Lorg/eclipse/sisu/space/asm/ClassVisitor;[Lorg/eclipse/sisu/space/asm/Attribute;I)V+1173
j  org.eclipse.sisu.space.asm.ClassReader.accept(Lorg/eclipse/sisu/space/asm/ClassVisitor;I)V+7
j  org.eclipse.sisu.space.SpaceScanner.accept(Lorg/eclipse/sisu/space/ClassVisitor;Ljava/net/URL;)V+24
j  org.eclipse.sisu.space.SpaceScanner.accept(Lorg/eclipse/sisu/space/SpaceVisitor;)V+54
j  org.eclipse.sisu.space.SpaceModule.scanForElements(Lcom/google/inject/Binder;)V+25
j  org.eclipse.sisu.space.SpaceModule.configure(Lcom/google/inject/Binder;)V+41
j  org.eclipse.sisu.plexus.PlexusAnnotatedBeanModule.configure(Lcom/google/inject/Binder;)Lorg/eclipse/sisu/plexus/PlexusBeanSource;+12
j  org.eclipse.sisu.plexus.PlexusBindingModule.configure(Lcom/google/inject/Binder;)V+37
j  com.google.inject.spi.Elements$RecordingBinder.install(Lcom/google/inject/Module;)V+161
j  com.google.inject.spi.Elements.getElements(Lcom/google/inject/Stage;Ljava/lang/Iterable;)Ljava/util/List;+40
j  com.google.inject.spi.Elements.getElements(Ljava/lang/Iterable;)Ljava/util/List;+4
j  org.eclipse.sisu.wire.WireModule.configure(Lcom/google/inject/Binder;)V+13
j  com.google.inject.spi.Elements$RecordingBinder.install(Lcom/google/inject/Module;)V+161
j  com.google.inject.spi.Elements.getElements(Lcom/google/inject/Stage;Ljava/lang/Iterable;)Ljava/util/List;+40
j  com.google.inject.internal.InjectorShell$Builder.build(Lcom/google/inject/internal/Initializer;Lcom/google/inject/internal/ProcessedBindingData;Lcom/google/inject/internal/util/Stopwatch;Lcom/google/inject/internal/Errors;)Ljava/util/List;+122
j  com.google.inject.internal.InternalInjectorCreator.build()Lcom/google/inject/Injector;+48
j  com.google.inject.Guice.createInjector(Lcom/google/inject/Stage;Ljava/lang/Iterable;)Lcom/google/inject/Injector;+15
j  com.google.inject.Guice.createInjector(Ljava/lang/Iterable;)Lcom/google/inject/Injector;+4
j  com.google.inject.Guice.createInjector([Lcom/google/inject/Module;)Lcom/google/inject/Injector;+4
j  org.codehaus.plexus.DefaultPlexusContainer.addPlexusInjector(Ljava/util/List;[Lcom/google/inject/Module;)Lcom/google/inject/Injector;+88
j  org.codehaus.plexus.DefaultPlexusContainer.<init>(Lorg/codehaus/plexus/ContainerConfiguration;[Lcom/google/inject/Module;)V+396
j  org.eclipse.m2e.core.internal.embedder.PlexusContainerManager.newPlexusContainer(Ljava/io/File;Lorg/codehaus/plexus/logging/LoggerManager;Lorg/eclipse/m2e/core/embedder/IMavenConfiguration;)Lorg/codehaus/plexus/DefaultPlexusContainer;+205
j  org.eclipse.m2e.core.internal.embedder.PlexusContainerManager.aquire()Lorg/codehaus/plexus/PlexusContainer;+28
j  org.eclipse.m2e.core.internal.embedder.MavenImpl.getPlexusContainer()Lorg/codehaus/plexus/PlexusContainer;+4
j  org.eclipse.m2e.core.internal.embedder.MavenImpl.lookup(Ljava/lang/Class;)Ljava/lang/Object;+8
j  org.eclipse.m2e.core.internal.embedder.MavenImpl.getSettings(Z)Lorg/apache/maven/settings/Settings;+182
j  org.eclipse.m2e.core.internal.embedder.MavenImpl.getSettings()Lorg/apache/maven/settings/Settings;+2
j  org.eclipse.m2e.core.internal.repository.RepositoryRegistry.updateRegistry(Lorg/eclipse/core/runtime/IProgressMonitor;)V+4
j  org.eclipse.m2e.core.internal.repository.RepositoryRegistryUpdateJob.run(Lorg/eclipse/core/runtime/IProgressMonitor;)Lorg/eclipse/core/runtime/IStatus;+27
j  org.eclipse.core.internal.jobs.Worker.run()V+32
v  ~StubRoutines::call_stub

---------------  P R O C E S S  ---------------

Threads class SMR info:
_java_thread_list=0x000001bbfece51d0, length=26, elements={
0x000001bbf3b06a20, 0x000001bbf89965f0, 0x000001bbfaea2530, 0x000001bbfaef7130,
0x000001bbf899c190, 0x000001bbf899ea60, 0x000001bbfaed0d20, 0x000001bbfaed19c0,
0x000001bbfaed2460, 0x000001bbfaed4d20, 0x000001bbfafc4c00, 0x000001bbfb338050,
0x000001bbfb554c20, 0x000001bbfc5d8300, 0x000001bbfc596ef0, 0x000001bbfc5a9890,
0x000001bbfc52bf20, 0x000001bbfc7afe60, 0x000001bbfc8a62e0, 0x000001bbfc851a00,
0x000001bbfc856a60, 0x000001bbfc852870, 0x000001bbfcf80ae0, 0x000001bbfc851530,
0x000001bbfc851ed0, 0x000001bbfc8523a0
}

Java Threads: ( => current thread )
  0x000001bbf3b06a20 JavaThread "main" [_thread_in_vm, id=177704, stack(0x0000003409400000,0x0000003409500000)]
  0x000001bbf89965f0 JavaThread "Reference Handler" daemon [_thread_blocked, id=177816, stack(0x0000003409700000,0x0000003409800000)]
  0x000001bbfaea2530 JavaThread "Finalizer" daemon [_thread_blocked, id=177780, stack(0x0000003409800000,0x0000003409900000)]
  0x000001bbfaef7130 JavaThread "Signal Dispatcher" daemon [_thread_blocked, id=177808, stack(0x0000003409900000,0x0000003409a00000)]
  0x000001bbf899c190 JavaThread "Attach Listener" daemon [_thread_blocked, id=177772, stack(0x0000003409a00000,0x0000003409b00000)]
  0x000001bbf899ea60 JavaThread "Service Thread" daemon [_thread_blocked, id=177868, stack(0x0000003409b00000,0x0000003409c00000)]
  0x000001bbfaed0d20 JavaThread "Monitor Deflation Thread" daemon [_thread_blocked, id=177864, stack(0x0000003409c00000,0x0000003409d00000)]
  0x000001bbfaed19c0 JavaThread "C2 CompilerThread0" daemon [_thread_in_native, id=177872, stack(0x0000003409d00000,0x0000003409e00000)]
  0x000001bbfaed2460 JavaThread "C1 CompilerThread0" daemon [_thread_in_vm, id=177896, stack(0x0000003409e00000,0x0000003409f00000)]
  0x000001bbfaed4d20 JavaThread "Sweeper thread" daemon [_thread_blocked, id=177892, stack(0x0000003409f00000,0x000000340a000000)]
  0x000001bbfafc4c00 JavaThread "Common-Cleaner" daemon [_thread_blocked, id=177932, stack(0x000000340a000000,0x000000340a100000)]
  0x000001bbfb338050 JavaThread "Notification Thread" daemon [_thread_blocked, id=178060, stack(0x000000340a200000,0x000000340a300000)]
  0x000001bbfb554c20 JavaThread "Active Thread: Equinox Container: 7e9da287-559b-45f3-8778-70d387c74664" [_thread_blocked, id=173976, stack(0x000000340ab00000,0x000000340ac00000)]
  0x000001bbfc5d8300 JavaThread "Framework Event Dispatcher: Equinox Container: 7e9da287-559b-45f3-8778-70d387c74664" daemon [_thread_blocked, id=174068, stack(0x000000340ac00000,0x000000340ad00000)]
  0x000001bbfc596ef0 JavaThread "Start Level: Equinox Container: 7e9da287-559b-45f3-8778-70d387c74664" daemon [_thread_blocked, id=171324, stack(0x000000340ad00000,0x000000340ae00000)]
  0x000001bbfc5a9890 JavaThread "SCR Component Actor" daemon [_thread_blocked, id=173968, stack(0x000000340ae00000,0x000000340af00000)]
  0x000001bbfc52bf20 JavaThread "SCR Component Registry" daemon [_thread_blocked, id=173452, stack(0x000000340b000000,0x000000340b100000)]
  0x000001bbfc7afe60 JavaThread "Worker-JM" [_thread_blocked, id=177236, stack(0x000000340a400000,0x000000340a500000)]
=>0x000001bbfc8a62e0 JavaThread "Worker-0: Repository registry initialization" [_thread_in_vm, id=177508, stack(0x000000340b100000,0x000000340b200000)]
  0x000001bbfc851a00 JavaThread "Worker-1: Refreshing workspace" [_thread_in_vm, id=174260, stack(0x000000340a100000,0x000000340a200000)]
  0x000001bbfc856a60 JavaThread "C2 CompilerThread1" daemon [_thread_blocked, id=176220, stack(0x000000340b200000,0x000000340b300000)]
  0x000001bbfc852870 JavaThread "Worker-2: Updating Maven Dependencies" [_thread_blocked, id=176232, stack(0x000000340b300000,0x000000340b400000)]
  0x000001bbfcf80ae0 JavaThread "C2 CompilerThread2" daemon [_thread_in_native, id=176240, stack(0x000000340b400000,0x000000340b500000)]
  0x000001bbfc851530 JavaThread "Java indexing" daemon [_thread_blocked, id=176244, stack(0x000000340b500000,0x000000340b600000)]
  0x000001bbfc851ed0 JavaThread "Worker-3: Updating workspace" [_thread_blocked, id=176292, stack(0x000000340b600000,0x000000340b700000)]
  0x000001bbfc8523a0 JavaThread "Worker-4" [_thread_blocked, id=176296, stack(0x000000340b700000,0x000000340b800000)]

Other Threads:
  0x000001bbf898fbd0 VMThread "VM Thread" [stack: 0x0000003409600000,0x0000003409700000] [id=177820]
  0x000001bbfb338520 WatcherThread [stack: 0x000000340a300000,0x000000340a400000] [id=178056]
  0x000001bbf3b1b260 GCTaskThread "GC Thread#0" [stack: 0x0000003409500000,0x0000003409600000] [id=177696]
  0x000001bbfb7aefa0 GCTaskThread "GC Thread#1" [stack: 0x000000340a500000,0x000000340a600000] [id=177208]
  0x000001bbfb7af460 GCTaskThread "GC Thread#2" [stack: 0x000000340a600000,0x000000340a700000] [id=176920]
  0x000001bbfb7ab820 GCTaskThread "GC Thread#3" [stack: 0x000000340a700000,0x000000340a800000] [id=176080]
  0x000001bbfb7abad0 GCTaskThread "GC Thread#4" [stack: 0x000000340a800000,0x000000340a900000] [id=173544]
  0x000001bbfb7e1050 GCTaskThread "GC Thread#5" [stack: 0x000000340a900000,0x000000340aa00000] [id=174328]
  0x000001bbfb7e1300 GCTaskThread "GC Thread#6" [stack: 0x000000340aa00000,0x000000340ab00000] [id=177180]
  0x000001bbfc6b6fb0 GCTaskThread "GC Thread#7" [stack: 0x000000340af00000,0x000000340b000000] [id=173984]

Threads with active compile tasks:
C2 CompilerThread0     4364 3496       4       org.eclipse.osgi.internal.loader.BundleLoader::addExportedProvidersFor (167 bytes)
C1 CompilerThread0     4364 3616       3       org.eclipse.sisu.space.asm.ClassReader::readUTF8 (60 bytes)
C2 CompilerThread2     4364 3602   !   4       org.eclipse.osgi.internal.loader.classpath.ClasspathManager::findLocalClass (210 bytes)

VM state: not at safepoint (normal execution)

VM Mutex/Monitor currently owned by a thread:  ([mutex/lock_event])
[0x000001bbf1a73230] Metaspace_lock - owner thread: 0x000001bbfc8a62e0
[0x000001bbf3b01230] MethodData_lock - owner thread: 0x000001bbfaed2460

Heap address: 0x00000000c0000000, size: 1024 MB, Compressed Oops mode: 32-bit

CDS archive(s) not mapped
Compressed class space mapped at: 0x0000000100000000-0x0000000140000000, reserved size: 1073741824
Narrow klass base: 0x0000000000000000, Narrow klass shift: 3, Narrow klass range: 0x140000000

GC Precious Log:
 CPUs: 8 total, 8 available
 Memory: 16296M
 Large Page Support: Disabled
 NUMA Support: Disabled
 Compressed Oops: Enabled (32-bit)
 Alignments: Space 512K, Generation 512K, Heap 2M
 Heap Min Capacity: 100M
 Heap Initial Capacity: 100M
 Heap Max Capacity: 1G
 Pre-touch: Disabled
 Parallel Workers: 8

Heap:
 PSYoungGen      total 25600K, used 19542K [0x00000000eab00000, 0x00000000ec800000, 0x0000000100000000)
  eden space 23552K, 82% used [0x00000000eab00000,0x00000000ebe15828,0x00000000ec200000)
  from space 2048K, 0% used [0x00000000ec200000,0x00000000ec200000,0x00000000ec400000)
  to   space 3072K, 0% used [0x00000000ec500000,0x00000000ec500000,0x00000000ec800000)
 ParOldGen       total 68608K, used 12201K [0x00000000c0000000, 0x00000000c4300000, 0x00000000eab00000)
  object space 68608K, 17% used [0x00000000c0000000,0x00000000c0bea560,0x00000000c4300000)
 Metaspace       used 36922K, committed 37568K, reserved 1089536K
  class space    used 3798K, committed 4096K, reserved 1048576K

Card table byte_map: [0x000001bbf34e0000,0x000001bbf36f0000] _byte_map_base: 0x000001bbf2ee0000

Marking Bits: (ParMarkBitMap*) 0x00007ff865672cc0
 Begin Bits: [0x000001bbf67a0000, 0x000001bbf77a0000)
 End Bits:   [0x000001bbf77a0000, 0x000001bbf87a0000)

Polling page: 0x000001bbf1a30000

Metaspace:

Usage:
  Non-class:     32.35 MB used.
      Class:      3.71 MB used.
       Both:     36.06 MB used.

Virtual space:
  Non-class space:       40.00 MB reserved,      32.69 MB ( 82%) committed,  5 nodes.
      Class space:        1.00 GB reserved,       4.00 MB ( <1%) committed,  1 nodes.
             Both:        1.04 GB reserved,      36.69 MB (  3%) committed. 

Chunk freelists:
   Non-Class:  3.05 MB
       Class:  3.95 MB
        Both:  7.00 MB

MaxMetaspaceSize: unlimited
CompressedClassSpaceSize: 1.00 GB
Initial GC threshold: 21.00 MB
Current GC threshold: 58.38 MB
CDS: off
MetaspaceReclaimPolicy: balanced
 - commit_granule_bytes: 65536.
 - commit_granule_words: 8192.
 - virtual_space_node_default_size: 1048576.
 - enlarge_chunks_in_place: 1.
 - new_chunks_are_fully_committed: 0.
 - uncommit_free_chunks: 1.
 - use_allocation_guard: 0.
 - handle_deallocations: 1.


Internal statistics:

num_allocs_failed_limit: 6.
num_arena_births: 276.
num_arena_deaths: 14.
num_vsnodes_births: 6.
num_vsnodes_deaths: 0.
num_space_committed: 587.
num_space_uncommitted: 0.
num_chunks_returned_to_freelist: 20.
num_chunks_taken_from_freelist: 1444.
num_chunk_merges: 7.
num_chunk_splits: 942.
num_chunks_enlarged: 627.
num_purges: 2.
num_inconsistent_stats: 0.

CodeHeap 'non-profiled nmethods': size=120000Kb used=1812Kb max_used=1812Kb free=118187Kb
 bounds [0x000001bb87ad0000, 0x000001bb87d40000, 0x000001bb8f000000]
CodeHeap 'profiled nmethods': size=120000Kb used=7457Kb max_used=7457Kb free=112542Kb
 bounds [0x000001bb805a0000, 0x000001bb80cf0000, 0x000001bb87ad0000]
CodeHeap 'non-nmethods': size=5760Kb used=1262Kb max_used=1354Kb free=4497Kb
 bounds [0x000001bb80000000, 0x000001bb80270000, 0x000001bb805a0000]
 total_blobs=4189 nmethods=3609 adapters=494
 compilation: enabled
              stopped_count=0, restarted_count=0
 full_count=0

Compilation events (20 events):
Event: 4.319 Thread 0x000001bbfaed2460 3604       3       org.eclipse.osgi.internal.loader.classpath.ClasspathEntry::findResource (65 bytes)
Event: 4.320 Thread 0x000001bbfaed2460 nmethod 3604 0x000001bb80cdbc10 code [0x000001bb80cdbe20, 0x000001bb80cdc528]
Event: 4.320 Thread 0x000001bbfaed2460 3605       3       org.eclipse.osgi.storage.bundlefile.BundleFile::getResourceURL (24 bytes)
Event: 4.320 Thread 0x000001bbfaed2460 nmethod 3605 0x000001bb80cdc710 code [0x000001bb80cdc960, 0x000001bb80cdd508]
Event: 4.320 Thread 0x000001bbfaed2460 3606       3       sun.reflect.generics.parser.SignatureParser::parseClassTypeSignature (118 bytes)
Event: 4.321 Thread 0x000001bbfaed2460 nmethod 3606 0x000001bb80cdd910 code [0x000001bb80cddca0, 0x000001bb80cdf058]
Event: 4.321 Thread 0x000001bbfaed2460 3609       3       sun.reflect.generics.visitor.Reifier::visitClassTypeSignature (381 bytes)
Event: 4.323 Thread 0x000001bbfaed2460 nmethod 3609 0x000001bb80cdf810 code [0x000001bb80cdfc20, 0x000001bb80ce1728]
Event: 4.323 Thread 0x000001bbfaed2460 3608       3       sun.reflect.generics.tree.ClassTypeSignature::accept (8 bytes)
Event: 4.323 Thread 0x000001bbfaed2460 nmethod 3608 0x000001bb80ce2110 code [0x000001bb80ce22c0, 0x000001bb80ce2448]
Event: 4.323 Thread 0x000001bbfaed2460 3611       3       java.util.Arrays$ArrayList::toArray (15 bytes)
Event: 4.323 Thread 0x000001bbfaed2460 nmethod 3611 0x000001bb80ce2590 code [0x000001bb80ce2740, 0x000001bb80ce2888]
Event: 4.323 Thread 0x000001bbfaed2460 3607       3       java.lang.Class::getGenericInfo (52 bytes)
Event: 4.323 Thread 0x000001bbfc856a60 3614       4       jdk.internal.reflect.ByteVectorImpl::getLength (7 bytes)
Event: 4.323 Thread 0x000001bbfc856a60 nmethod 3614 0x000001bb87c92d10 code [0x000001bb87c92e80, 0x000001bb87c92ef8]
Event: 4.323 Thread 0x000001bbfc856a60 3615       4       org.eclipse.sisu.space.asm.ClassReader::readUnsignedShort (26 bytes)
Event: 4.323 Thread 0x000001bbfaed2460 nmethod 3607 0x000001bb80ce2990 code [0x000001bb80ce2c00, 0x000001bb80ce3808]
Event: 4.323 Thread 0x000001bbfaed2460 3612       3       com.sun.org.apache.xerces.internal.parsers.XML11Configuration::checkFeature (292 bytes)
Event: 4.324 Thread 0x000001bbfc856a60 nmethod 3615 0x000001bb87c93010 code [0x000001bb87c93180, 0x000001bb87c93258]
Event: 4.324 Thread 0x000001bbfc856a60 3622       4       java.lang.StringBuilder::append (6 bytes)

GC Heap History (20 events):
Event: 1.493 GC heap before
{Heap before GC invocations=2 (full 0):
 PSYoungGen      total 29696K, used 29083K [0x00000000eab00000, 0x00000000ecc00000, 0x0000000100000000)
  eden space 25600K, 100% used [0x00000000eab00000,0x00000000ec400000,0x00000000ec400000)
  from space 4096K, 85% used [0x00000000ec400000,0x00000000ec766c90,0x00000000ec800000)
  to   space 4096K, 0% used [0x00000000ec800000,0x00000000ec800000,0x00000000ecc00000)
 ParOldGen       total 68608K, used 0K [0x00000000c0000000, 0x00000000c4300000, 0x00000000eab00000)
  object space 68608K, 0% used [0x00000000c0000000,0x00000000c0000000,0x00000000c4300000)
 Metaspace       used 14796K, committed 15104K, reserved 1064960K
  class space    used 1504K, committed 1664K, reserved 1048576K
}
Event: 1.497 GC heap after
{Heap after GC invocations=2 (full 0):
 PSYoungGen      total 29696K, used 4087K [0x00000000eab00000, 0x00000000ecc00000, 0x0000000100000000)
  eden space 25600K, 0% used [0x00000000eab00000,0x00000000eab00000,0x00000000ec400000)
  from space 4096K, 99% used [0x00000000ec800000,0x00000000ecbfdd18,0x00000000ecc00000)
  to   space 4096K, 0% used [0x00000000ec400000,0x00000000ec400000,0x00000000ec800000)
 ParOldGen       total 68608K, used 1542K [0x00000000c0000000, 0x00000000c4300000, 0x00000000eab00000)
  object space 68608K, 2% used [0x00000000c0000000,0x00000000c0181b70,0x00000000c4300000)
 Metaspace       used 14796K, committed 15104K, reserved 1064960K
  class space    used 1504K, committed 1664K, reserved 1048576K
}
Event: 2.049 GC heap before
{Heap before GC invocations=3 (full 0):
 PSYoungGen      total 29696K, used 29687K [0x00000000eab00000, 0x00000000ecc00000, 0x0000000100000000)
  eden space 25600K, 100% used [0x00000000eab00000,0x00000000ec400000,0x00000000ec400000)
  from space 4096K, 99% used [0x00000000ec800000,0x00000000ecbfdd18,0x00000000ecc00000)
  to   space 4096K, 0% used [0x00000000ec400000,0x00000000ec400000,0x00000000ec800000)
 ParOldGen       total 68608K, used 1542K [0x00000000c0000000, 0x00000000c4300000, 0x00000000eab00000)
  object space 68608K, 2% used [0x00000000c0000000,0x00000000c0181b70,0x00000000c4300000)
 Metaspace       used 19719K, committed 20160K, reserved 1073152K
  class space    used 1998K, committed 2176K, reserved 1048576K
}
Event: 2.052 GC heap after
{Heap after GC invocations=3 (full 0):
 PSYoungGen      total 29696K, used 4069K [0x00000000eab00000, 0x00000000ecc00000, 0x0000000100000000)
  eden space 25600K, 0% used [0x00000000eab00000,0x00000000eab00000,0x00000000ec400000)
  from space 4096K, 99% used [0x00000000ec400000,0x00000000ec7f9698,0x00000000ec800000)
  to   space 4096K, 0% used [0x00000000ec800000,0x00000000ec800000,0x00000000ecc00000)
 ParOldGen       total 68608K, used 3835K [0x00000000c0000000, 0x00000000c4300000, 0x00000000eab00000)
  object space 68608K, 5% used [0x00000000c0000000,0x00000000c03becd8,0x00000000c4300000)
 Metaspace       used 19719K, committed 20160K, reserved 1073152K
  class space    used 1998K, committed 2176K, reserved 1048576K
}
Event: 2.314 GC heap before
{Heap before GC invocations=4 (full 0):
 PSYoungGen      total 29696K, used 12980K [0x00000000eab00000, 0x00000000ecc00000, 0x0000000100000000)
  eden space 25600K, 34% used [0x00000000eab00000,0x00000000eb3b3d00,0x00000000ec400000)
  from space 4096K, 99% used [0x00000000ec400000,0x00000000ec7f9698,0x00000000ec800000)
  to   space 4096K, 0% used [0x00000000ec800000,0x00000000ec800000,0x00000000ecc00000)
 ParOldGen       total 68608K, used 3835K [0x00000000c0000000, 0x00000000c4300000, 0x00000000eab00000)
  object space 68608K, 5% used [0x00000000c0000000,0x00000000c03becd8,0x00000000c4300000)
 Metaspace       used 21088K, committed 21504K, reserved 1073152K
  class space    used 2146K, committed 2368K, reserved 1048576K
}
Event: 2.317 GC heap after
{Heap after GC invocations=4 (full 0):
 PSYoungGen      total 29696K, used 4072K [0x00000000eab00000, 0x00000000ecc00000, 0x0000000100000000)
  eden space 25600K, 0% used [0x00000000eab00000,0x00000000eab00000,0x00000000ec400000)
  from space 4096K, 99% used [0x00000000ec800000,0x00000000ecbfa2a0,0x00000000ecc00000)
  to   space 4096K, 0% used [0x00000000ec400000,0x00000000ec400000,0x00000000ec800000)
 ParOldGen       total 68608K, used 4179K [0x00000000c0000000, 0x00000000c4300000, 0x00000000eab00000)
  object space 68608K, 6% used [0x00000000c0000000,0x00000000c0414ce8,0x00000000c4300000)
 Metaspace       used 21088K, committed 21504K, reserved 1073152K
  class space    used 2146K, committed 2368K, reserved 1048576K
}
Event: 2.317 GC heap before
{Heap before GC invocations=5 (full 1):
 PSYoungGen      total 29696K, used 4072K [0x00000000eab00000, 0x00000000ecc00000, 0x0000000100000000)
  eden space 25600K, 0% used [0x00000000eab00000,0x00000000eab00000,0x00000000ec400000)
  from space 4096K, 99% used [0x00000000ec800000,0x00000000ecbfa2a0,0x00000000ecc00000)
  to   space 4096K, 0% used [0x00000000ec400000,0x00000000ec400000,0x00000000ec800000)
 ParOldGen       total 68608K, used 4179K [0x00000000c0000000, 0x00000000c4300000, 0x00000000eab00000)
  object space 68608K, 6% used [0x00000000c0000000,0x00000000c0414ce8,0x00000000c4300000)
 Metaspace       used 21088K, committed 21504K, reserved 1073152K
  class space    used 2146K, committed 2368K, reserved 1048576K
}
Event: 2.333 GC heap after
{Heap after GC invocations=5 (full 1):
 PSYoungGen      total 29696K, used 0K [0x00000000eab00000, 0x00000000ecc00000, 0x0000000100000000)
  eden space 25600K, 0% used [0x00000000eab00000,0x00000000eab00000,0x00000000ec400000)
  from space 4096K, 0% used [0x00000000ec800000,0x00000000ec800000,0x00000000ecc00000)
  to   space 4096K, 0% used [0x00000000ec400000,0x00000000ec400000,0x00000000ec800000)
 ParOldGen       total 68608K, used 8094K [0x00000000c0000000, 0x00000000c4300000, 0x00000000eab00000)
  object space 68608K, 11% used [0x00000000c0000000,0x00000000c07e78b0,0x00000000c4300000)
 Metaspace       used 21075K, committed 21504K, reserved 1073152K
  class space    used 2142K, committed 2368K, reserved 1048576K
}
Event: 2.780 GC heap before
{Heap before GC invocations=6 (full 1):
 PSYoungGen      total 29696K, used 25451K [0x00000000eab00000, 0x00000000ecc00000, 0x0000000100000000)
  eden space 25600K, 99% used [0x00000000eab00000,0x00000000ec3daca8,0x00000000ec400000)
  from space 4096K, 0% used [0x00000000ec800000,0x00000000ec800000,0x00000000ecc00000)
  to   space 4096K, 0% used [0x00000000ec400000,0x00000000ec400000,0x00000000ec800000)
 ParOldGen       total 68608K, used 8094K [0x00000000c0000000, 0x00000000c4300000, 0x00000000eab00000)
  object space 68608K, 11% used [0x00000000c0000000,0x00000000c07e78b0,0x00000000c4300000)
 Metaspace       used 24251K, committed 24768K, reserved 1073152K
  class space    used 2478K, committed 2688K, reserved 1048576K
}
Event: 2.781 GC heap after
{Heap after GC invocations=6 (full 1):
 PSYoungGen      total 28160K, used 3055K [0x00000000eab00000, 0x00000000ecb80000, 0x0000000100000000)
  eden space 25088K, 0% used [0x00000000eab00000,0x00000000eab00000,0x00000000ec380000)
  from space 3072K, 99% used [0x00000000ec400000,0x00000000ec6fbc90,0x00000000ec700000)
  to   space 4096K, 0% used [0x00000000ec780000,0x00000000ec780000,0x00000000ecb80000)
 ParOldGen       total 68608K, used 8102K [0x00000000c0000000, 0x00000000c4300000, 0x00000000eab00000)
  object space 68608K, 11% used [0x00000000c0000000,0x00000000c07e98b0,0x00000000c4300000)
 Metaspace       used 24251K, committed 24768K, reserved 1073152K
  class space    used 2478K, committed 2688K, reserved 1048576K
}
Event: 3.033 GC heap before
{Heap before GC invocations=7 (full 1):
 PSYoungGen      total 28160K, used 28143K [0x00000000eab00000, 0x00000000ecb80000, 0x0000000100000000)
  eden space 25088K, 100% used [0x00000000eab00000,0x00000000ec380000,0x00000000ec380000)
  from space 3072K, 99% used [0x00000000ec400000,0x00000000ec6fbc90,0x00000000ec700000)
  to   space 4096K, 0% used [0x00000000ec780000,0x00000000ec780000,0x00000000ecb80000)
 ParOldGen       total 68608K, used 8102K [0x00000000c0000000, 0x00000000c4300000, 0x00000000eab00000)
  object space 68608K, 11% used [0x00000000c0000000,0x00000000c07e98b0,0x00000000c4300000)
 Metaspace       used 27447K, committed 27968K, reserved 1081344K
  class space    used 2711K, committed 2944K, reserved 1048576K
}
Event: 3.034 GC heap after
{Heap after GC invocations=7 (full 1):
 PSYoungGen      total 28672K, used 3642K [0x00000000eab00000, 0x00000000ecb80000, 0x0000000100000000)
  eden space 24576K, 0% used [0x00000000eab00000,0x00000000eab00000,0x00000000ec300000)
  from space 4096K, 88% used [0x00000000ec780000,0x00000000ecb0eac8,0x00000000ecb80000)
  to   space 4096K, 0% used [0x00000000ec380000,0x00000000ec380000,0x00000000ec780000)
 ParOldGen       total 68608K, used 8110K [0x00000000c0000000, 0x00000000c4300000, 0x00000000eab00000)
  object space 68608K, 11% used [0x00000000c0000000,0x00000000c07eb8b0,0x00000000c4300000)
 Metaspace       used 27447K, committed 27968K, reserved 1081344K
  class space    used 2711K, committed 2944K, reserved 1048576K
}
Event: 3.537 GC heap before
{Heap before GC invocations=8 (full 1):
 PSYoungGen      total 28672K, used 28218K [0x00000000eab00000, 0x00000000ecb80000, 0x0000000100000000)
  eden space 24576K, 100% used [0x00000000eab00000,0x00000000ec300000,0x00000000ec300000)
  from space 4096K, 88% used [0x00000000ec780000,0x00000000ecb0eac8,0x00000000ecb80000)
  to   space 4096K, 0% used [0x00000000ec380000,0x00000000ec380000,0x00000000ec780000)
 ParOldGen       total 68608K, used 8110K [0x00000000c0000000, 0x00000000c4300000, 0x00000000eab00000)
  object space 68608K, 11% used [0x00000000c0000000,0x00000000c07eb8b0,0x00000000c4300000)
 Metaspace       used 30184K, committed 30720K, reserved 1081344K
  class space    used 2933K, committed 3200K, reserved 1048576K
}
Event: 3.538 GC heap after
{Heap after GC invocations=8 (full 1):
 PSYoungGen      total 27136K, used 2929K [0x00000000eab00000, 0x00000000ec980000, 0x0000000100000000)
  eden space 24064K, 0% used [0x00000000eab00000,0x00000000eab00000,0x00000000ec280000)
  from space 3072K, 95% used [0x00000000ec380000,0x00000000ec65c738,0x00000000ec680000)
  to   space 3072K, 0% used [0x00000000ec680000,0x00000000ec680000,0x00000000ec980000)
 ParOldGen       total 68608K, used 8118K [0x00000000c0000000, 0x00000000c4300000, 0x00000000eab00000)
  object space 68608K, 11% used [0x00000000c0000000,0x00000000c07ed8b0,0x00000000c4300000)
 Metaspace       used 30184K, committed 30720K, reserved 1081344K
  class space    used 2933K, committed 3200K, reserved 1048576K
}
Event: 4.037 GC heap before
{Heap before GC invocations=9 (full 1):
 PSYoungGen      total 27136K, used 26993K [0x00000000eab00000, 0x00000000ec980000, 0x0000000100000000)
  eden space 24064K, 100% used [0x00000000eab00000,0x00000000ec280000,0x00000000ec280000)
  from space 3072K, 95% used [0x00000000ec380000,0x00000000ec65c738,0x00000000ec680000)
  to   space 3072K, 0% used [0x00000000ec680000,0x00000000ec680000,0x00000000ec980000)
 ParOldGen       total 68608K, used 8118K [0x00000000c0000000, 0x00000000c4300000, 0x00000000eab00000)
  object space 68608K, 11% used [0x00000000c0000000,0x00000000c07ed8b0,0x00000000c4300000)
 Metaspace       used 33974K, committed 34624K, reserved 1081344K
  class space    used 3419K, committed 3712K, reserved 1048576K
}
Event: 4.038 GC heap after
{Heap after GC invocations=9 (full 1):
 PSYoungGen      total 26624K, used 3057K [0x00000000eab00000, 0x00000000ecb00000, 0x0000000100000000)
  eden space 23552K, 0% used [0x00000000eab00000,0x00000000eab00000,0x00000000ec200000)
  from space 3072K, 99% used [0x00000000ec680000,0x00000000ec97c400,0x00000000ec980000)
  to   space 4608K, 0% used [0x00000000ec200000,0x00000000ec200000,0x00000000ec680000)
 ParOldGen       total 68608K, used 9010K [0x00000000c0000000, 0x00000000c4300000, 0x00000000eab00000)
  object space 68608K, 13% used [0x00000000c0000000,0x00000000c08cc8d0,0x00000000c4300000)
 Metaspace       used 33974K, committed 34624K, reserved 1081344K
  class space    used 3419K, committed 3712K, reserved 1048576K
}
Event: 4.154 GC heap before
{Heap before GC invocations=10 (full 1):
 PSYoungGen      total 26624K, used 11873K [0x00000000eab00000, 0x00000000ecb00000, 0x0000000100000000)
  eden space 23552K, 37% used [0x00000000eab00000,0x00000000eb39c030,0x00000000ec200000)
  from space 3072K, 99% used [0x00000000ec680000,0x00000000ec97c400,0x00000000ec980000)
  to   space 4608K, 0% used [0x00000000ec200000,0x00000000ec200000,0x00000000ec680000)
 ParOldGen       total 68608K, used 9010K [0x00000000c0000000, 0x00000000c4300000, 0x00000000eab00000)
  object space 68608K, 13% used [0x00000000c0000000,0x00000000c08cc8d0,0x00000000c4300000)
 Metaspace       used 35227K, committed 35840K, reserved 1081344K
  class space    used 3570K, committed 3840K, reserved 1048576K
}
Event: 4.156 GC heap after
{Heap after GC invocations=10 (full 1):
 PSYoungGen      total 25600K, used 1998K [0x00000000eab00000, 0x00000000ec800000, 0x0000000100000000)
  eden space 23552K, 0% used [0x00000000eab00000,0x00000000eab00000,0x00000000ec200000)
  from space 2048K, 97% used [0x00000000ec200000,0x00000000ec3f3800,0x00000000ec400000)
  to   space 3072K, 0% used [0x00000000ec500000,0x00000000ec500000,0x00000000ec800000)
 ParOldGen       total 68608K, used 10557K [0x00000000c0000000, 0x00000000c4300000, 0x00000000eab00000)
  object space 68608K, 15% used [0x00000000c0000000,0x00000000c0a4f468,0x00000000c4300000)
 Metaspace       used 35227K, committed 35840K, reserved 1081344K
  class space    used 3570K, committed 3840K, reserved 1048576K
}
Event: 4.156 GC heap before
{Heap before GC invocations=11 (full 2):
 PSYoungGen      total 25600K, used 1998K [0x00000000eab00000, 0x00000000ec800000, 0x0000000100000000)
  eden space 23552K, 0% used [0x00000000eab00000,0x00000000eab00000,0x00000000ec200000)
  from space 2048K, 97% used [0x00000000ec200000,0x00000000ec3f3800,0x00000000ec400000)
  to   space 3072K, 0% used [0x00000000ec500000,0x00000000ec500000,0x00000000ec800000)
 ParOldGen       total 68608K, used 10557K [0x00000000c0000000, 0x00000000c4300000, 0x00000000eab00000)
  object space 68608K, 15% used [0x00000000c0000000,0x00000000c0a4f468,0x00000000c4300000)
 Metaspace       used 35227K, committed 35840K, reserved 1081344K
  class space    used 3570K, committed 3840K, reserved 1048576K
}
Event: 4.177 GC heap after
{Heap after GC invocations=11 (full 2):
 PSYoungGen      total 25600K, used 0K [0x00000000eab00000, 0x00000000ec800000, 0x0000000100000000)
  eden space 23552K, 0% used [0x00000000eab00000,0x00000000eab00000,0x00000000ec200000)
  from space 2048K, 0% used [0x00000000ec200000,0x00000000ec200000,0x00000000ec400000)
  to   space 3072K, 0% used [0x00000000ec500000,0x00000000ec500000,0x00000000ec800000)
 ParOldGen       total 68608K, used 12201K [0x00000000c0000000, 0x00000000c4300000, 0x00000000eab00000)
  object space 68608K, 17% used [0x00000000c0000000,0x00000000c0bea560,0x00000000c4300000)
 Metaspace       used 35227K, committed 35840K, reserved 1081344K
  class space    used 3570K, committed 3840K, reserved 1048576K
}

Deoptimization events (20 events):
Event: 4.303 Thread 0x000001bbfc8a62e0 Uncommon trap: trap_request=0xffffff66 fr.pc=0x000001bb87bf621c relative=0x00000000000000fc
Event: 4.303 Thread 0x000001bbfc8a62e0 Uncommon trap: reason=speculate_class_check action=maybe_recompile pc=0x000001bb87bf621c method=java.util.regex.Pattern$CharPredicate.lambda$negate$3(I)Z @ 2 c2
Event: 4.303 Thread 0x000001bbfc8a62e0 DEOPT PACKING pc=0x000001bb87bf621c sp=0x000000340b1fe500
Event: 4.303 Thread 0x000001bbfc8a62e0 DEOPT UNPACKING pc=0x000001bb800520a3 sp=0x000000340b1fe420 mode 2
Event: 4.303 Thread 0x000001bbfc8a62e0 Uncommon trap: trap_request=0xffffff66 fr.pc=0x000001bb87bf621c relative=0x00000000000000fc
Event: 4.303 Thread 0x000001bbfc8a62e0 Uncommon trap: reason=speculate_class_check action=maybe_recompile pc=0x000001bb87bf621c method=java.util.regex.Pattern$CharPredicate.lambda$negate$3(I)Z @ 2 c2
Event: 4.303 Thread 0x000001bbfc8a62e0 DEOPT PACKING pc=0x000001bb87bf621c sp=0x000000340b1fe500
Event: 4.303 Thread 0x000001bbfc8a62e0 DEOPT UNPACKING pc=0x000001bb800520a3 sp=0x000000340b1fe420 mode 2
Event: 4.303 Thread 0x000001bbfc8a62e0 Uncommon trap: trap_request=0xffffff66 fr.pc=0x000001bb87bf621c relative=0x00000000000000fc
Event: 4.303 Thread 0x000001bbfc8a62e0 Uncommon trap: reason=speculate_class_check action=maybe_recompile pc=0x000001bb87bf621c method=java.util.regex.Pattern$CharPredicate.lambda$negate$3(I)Z @ 2 c2
Event: 4.303 Thread 0x000001bbfc8a62e0 DEOPT PACKING pc=0x000001bb87bf621c sp=0x000000340b1fe500
Event: 4.303 Thread 0x000001bbfc8a62e0 DEOPT UNPACKING pc=0x000001bb800520a3 sp=0x000000340b1fe420 mode 2
Event: 4.303 Thread 0x000001bbfc8a62e0 Uncommon trap: trap_request=0xffffff66 fr.pc=0x000001bb87bf621c relative=0x00000000000000fc
Event: 4.303 Thread 0x000001bbfc8a62e0 Uncommon trap: reason=speculate_class_check action=maybe_recompile pc=0x000001bb87bf621c method=java.util.regex.Pattern$CharPredicate.lambda$negate$3(I)Z @ 2 c2
Event: 4.303 Thread 0x000001bbfc8a62e0 DEOPT PACKING pc=0x000001bb87bf621c sp=0x000000340b1fe500
Event: 4.303 Thread 0x000001bbfc8a62e0 DEOPT UNPACKING pc=0x000001bb800520a3 sp=0x000000340b1fe420 mode 2
Event: 4.313 Thread 0x000001bbfc851a00 DEOPT PACKING pc=0x000001bb80c39d9e sp=0x000000340a1fd8c0
Event: 4.313 Thread 0x000001bbfc851a00 DEOPT UNPACKING pc=0x000001bb80052843 sp=0x000000340a1fcdb0 mode 0
Event: 4.314 Thread 0x000001bbfc851a00 DEOPT PACKING pc=0x000001bb80c39d9e sp=0x000000340a1fd8c0
Event: 4.314 Thread 0x000001bbfc851a00 DEOPT UNPACKING pc=0x000001bb80052843 sp=0x000000340a1fcdb0 mode 0

Classes unloaded (7 events):
Event: 2.320 Thread 0x000001bbf898fbd0 Unloading class 0x0000000100214800 'java/lang/invoke/LambdaForm$MH+0x0000000100214800'
Event: 2.320 Thread 0x000001bbf898fbd0 Unloading class 0x0000000100214400 'java/lang/invoke/LambdaForm$MH+0x0000000100214400'
Event: 2.320 Thread 0x000001bbf898fbd0 Unloading class 0x0000000100214000 'java/lang/invoke/LambdaForm$MH+0x0000000100214000'
Event: 2.320 Thread 0x000001bbf898fbd0 Unloading class 0x0000000100213c00 'java/lang/invoke/LambdaForm$MH+0x0000000100213c00'
Event: 2.320 Thread 0x000001bbf898fbd0 Unloading class 0x0000000100213400 'java/lang/invoke/LambdaForm$BMH+0x0000000100213400'
Event: 2.320 Thread 0x000001bbf898fbd0 Unloading class 0x0000000100213000 'java/lang/invoke/LambdaForm$DMH+0x0000000100213000'
Event: 2.320 Thread 0x000001bbf898fbd0 Unloading class 0x0000000100210400 'java/lang/invoke/LambdaForm$DMH+0x0000000100210400'

Classes redefined (0 events):
No events

Internal exceptions (20 events):
Event: 2.247 Thread 0x000001bbfc596ef0 Exception <a 'java/lang/IncompatibleClassChangeError'{0x00000000eb24ff58}: Found class java.lang.Object, but interface was expected> (0x00000000eb24ff58) 
thrown [s\src\hotspot\share\interpreter\linkResolver.cpp, line 826]
Event: 2.531 Thread 0x000001bbfc596ef0 Exception <a 'java/io/FileNotFoundException'{0x00000000eb4a76e8}> (0x00000000eb4a76e8) 
thrown [s\src\hotspot\share\prims\jni.cpp, line 516]
Event: 2.627 Thread 0x000001bbfc596ef0 Exception <a 'java/lang/NoSuchMethodError'{0x00000000eb98ae70}: 'void java.lang.invoke.DirectMethodHandle$Holder.invokeSpecial(java.lang.Object, java.lang.Object, java.lang.Object, int)'> (0x00000000eb98ae70) 
thrown [s\src\hotspot\share\interpreter\linkResolver.cpp, line 759]
Event: 2.681 Thread 0x000001bbfc8a62e0 Exception <a 'java/io/FileNotFoundException'{0x00000000ebc7f2e8}> (0x00000000ebc7f2e8) 
thrown [s\src\hotspot\share\prims\jni.cpp, line 516]
Event: 2.684 Thread 0x000001bbfc851a00 Exception <a 'java/lang/NoSuchMethodError'{0x00000000eb148e00}: 'int java.lang.invoke.DirectMethodHandle$Holder.invokeVirtual(java.lang.Object, java.lang.Object)'> (0x00000000eb148e00) 
thrown [s\src\hotspot\share\interpreter\linkResolver.cpp, line 759]
Event: 3.202 Thread 0x000001bbfc596ef0 Exception <a 'java/lang/ClassNotFoundException'{0x00000000ebc1ffb8}: com/sun/org/apache/xerces/internal/impl/msg/spi/DOMMessagesProvider> (0x00000000ebc1ffb8) 
thrown [s\src\hotspot\share\classfile\systemDictionary.cpp, line 256]
Event: 3.205 Thread 0x000001bbfc596ef0 Exception <a 'java/lang/ClassNotFoundException'{0x00000000ebc4db68}: com/sun/org/apache/xerces/internal/impl/msg/spi/XMLSerializerMessagesProvider> (0x00000000ebc4db68) 
thrown [s\src\hotspot\share\classfile\systemDictionary.cpp, line 256]
Event: 3.206 Thread 0x000001bbfc596ef0 Exception <a 'java/lang/ClassNotFoundException'{0x00000000ebc75750}: com/sun/org/apache/xerces/internal/impl/msg/spi/XMLMessagesProvider> (0x00000000ebc75750) 
thrown [s\src\hotspot\share\classfile\systemDictionary.cpp, line 256]
Event: 3.310 Thread 0x000001bbfc596ef0 Exception <a 'sun/nio/fs/WindowsException'{0x00000000ebf46f20}> (0x00000000ebf46f20) 
thrown [s\src\hotspot\share\prims\jni.cpp, line 516]
Event: 3.364 Thread 0x000001bbfc596ef0 Exception <a 'java/lang/NoSuchMethodError'{0x00000000ec156770}: 'java.lang.Object java.lang.invoke.DirectMethodHandle$Holder.invokeStaticInit(java.lang.Object, int, int, int, int)'> (0x00000000ec156770) 
thrown [s\src\hotspot\share\interpreter\linkResolver.cpp, line 759]
Event: 3.647 Thread 0x000001bbfc596ef0 Exception <a 'java/lang/NoSuchMethodError'{0x00000000eabc1e78}: 'java.lang.Object java.lang.invoke.DirectMethodHandle$Holder.invokeStaticInit(java.lang.Object, java.lang.Object, int, int, int, int)'> (0x00000000eabc1e78) 
thrown [s\src\hotspot\share\interpreter\linkResolver.cpp, line 759]
Event: 3.685 Thread 0x000001bbfc852870 Exception <a 'java/lang/NoSuchMethodError'{0x00000000ead78160}: 'java.lang.Object java.lang.invoke.DirectMethodHandle$Holder.newInvokeSpecial(java.lang.Object, java.lang.Object, java.lang.Object, java.lang.Object, java.lang.Object)'> (0x00000000ead78160) 
thrown [s\src\hotspot\share\interpreter\linkResolver.cpp, line 759]
Event: 3.743 Thread 0x000001bbfc596ef0 Exception <a 'java/lang/ClassNotFoundException'{0x00000000eb1468c0}: com/sun/org/apache/xml/internal/serializer/spi/XMLEntitiesProvider> (0x00000000eb1468c0) 
thrown [s\src\hotspot\share\classfile\systemDictionary.cpp, line 256]
Event: 3.872 Thread 0x000001bbfc596ef0 Exception <a 'java/io/FileNotFoundException'{0x00000000eb946aa0}> (0x00000000eb946aa0) 
thrown [s\src\hotspot\share\prims\jni.cpp, line 516]
Event: 3.992 Thread 0x000001bbfc596ef0 Exception <a 'java/lang/UnsatisfiedLinkError'{0x00000000ebfc1cd0}: 지정된 프로시저를 찾을 수 없습니다.
> (0x00000000ebfc1cd0) 
thrown [s\src\hotspot\share\prims\jni.cpp, line 535]
Event: 4.001 Thread 0x000001bbfc596ef0 Exception <a 'java/io/FileNotFoundException'{0x00000000ebfe57d8}> (0x00000000ebfe57d8) 
thrown [s\src\hotspot\share\prims\jni.cpp, line 516]
Event: 4.028 Thread 0x000001bbfc596ef0 Exception <a 'java/io/FileNotFoundException'{0x00000000ec1be2d0}> (0x00000000ec1be2d0) 
thrown [s\src\hotspot\share\prims\jni.cpp, line 516]
Event: 4.046 Thread 0x000001bbfc596ef0 Exception <a 'java/lang/UnsatisfiedLinkError'{0x00000000eab332f8}: 지정된 프로시저를 찾을 수 없습니다.
> (0x00000000eab332f8) 
thrown [s\src\hotspot\share\prims\jni.cpp, line 535]
Event: 4.188 Thread 0x000001bbfc8a62e0 Exception <a 'java/lang/NoClassDefFoundError'{0x00000000eabfeee0}: javax/enterprise/inject/Typed> (0x00000000eabfeee0) 
thrown [s\src\hotspot\share\classfile\systemDictionary.cpp, line 245]
Event: 4.287 Thread 0x000001bbf3b06a20 Exception <a 'java/lang/NoSuchMethodError'{0x00000000eb6e27a8}: 'void java.lang.invoke.DirectMethodHandle$Holder.invokeStatic(java.lang.Object, java.lang.Object, java.lang.Object, java.lang.Object)'> (0x00000000eb6e27a8) 
thrown [s\src\hotspot\share\interpreter\linkResolver.cpp, line 759]

VM Operations (20 events):
Event: 3.644 Executing VM operation: HandshakeAllThreads
Event: 3.644 Executing VM operation: HandshakeAllThreads done
Event: 3.721 Executing VM operation: HandshakeAllThreads
Event: 3.727 Executing VM operation: HandshakeAllThreads done
Event: 3.762 Executing VM operation: HandshakeAllThreads
Event: 3.763 Executing VM operation: HandshakeAllThreads done
Event: 3.763 Executing VM operation: HandshakeAllThreads
Event: 3.763 Executing VM operation: HandshakeAllThreads done
Event: 3.974 Executing VM operation: HandshakeAllThreads
Event: 3.975 Executing VM operation: HandshakeAllThreads done
Event: 3.980 Executing VM operation: HandshakeAllThreads
Event: 3.980 Executing VM operation: HandshakeAllThreads done
Event: 4.037 Executing VM operation: ParallelGCFailedAllocation
Event: 4.039 Executing VM operation: ParallelGCFailedAllocation done
Event: 4.146 Executing VM operation: HandshakeAllThreads
Event: 4.146 Executing VM operation: HandshakeAllThreads done
Event: 4.153 Executing VM operation: CollectForMetadataAllocation
Event: 4.178 Executing VM operation: CollectForMetadataAllocation done
Event: 4.295 Executing VM operation: HandshakeAllThreads
Event: 4.295 Executing VM operation: HandshakeAllThreads done

Events (20 events):
Event: 4.212 loading class sun/reflect/generics/reflectiveObjects/ParameterizedTypeImpl done
Event: 4.212 loading class sun/reflect/generics/reflectiveObjects/TypeVariableImpl
Event: 4.212 loading class sun/reflect/generics/reflectiveObjects/LazyReflectiveObjectGenerator
Event: 4.212 loading class sun/reflect/generics/reflectiveObjects/LazyReflectiveObjectGenerator done
Event: 4.212 loading class sun/reflect/generics/reflectiveObjects/TypeVariableImpl done
Event: 4.229 loading class jdk/internal/access/foreign/MemorySegmentProxy
Event: 4.229 loading class jdk/internal/access/foreign/MemorySegmentProxy done
Event: 4.250 Thread 0x000001bbfc8523a0 Thread added: 0x000001bbfc8523a0
Event: 4.288 loading class java/lang/Deprecated
Event: 4.288 loading class java/lang/Deprecated done
Event: 4.289 loading class jdk/internal/vm/annotation/IntrinsicCandidate
Event: 4.289 loading class jdk/internal/vm/annotation/IntrinsicCandidate done
Event: 4.308 loading class sun/reflect/generics/tree/BottomSignature
Event: 4.308 loading class sun/reflect/generics/tree/BottomSignature done
Event: 4.308 loading class sun/reflect/generics/tree/Wildcard
Event: 4.308 loading class sun/reflect/generics/tree/Wildcard done
Event: 4.309 loading class sun/reflect/generics/reflectiveObjects/WildcardTypeImpl
Event: 4.309 loading class sun/reflect/generics/reflectiveObjects/WildcardTypeImpl done
Event: 4.317 loading class java/io/UncheckedIOException
Event: 4.317 loading class java/io/UncheckedIOException done


Dynamic libraries:
0x00007ff6c2640000 - 0x00007ff6c264e000 	c:\Users\jjs815\.vscode\extensions\redhat.java-1.11.0-win32-x64\jre\17.0.4.1-win32-x86_64\bin\java.exe
0x00007ff8c7490000 - 0x00007ff8c7688000 	C:\WINDOWS\SYSTEM32\ntdll.dll
0x00007ff8c6c40000 - 0x00007ff8c6cfd000 	C:\WINDOWS\System32\KERNEL32.DLL
0x00007ff8c5220000 - 0x00007ff8c54ee000 	C:\WINDOWS\System32\KERNELBASE.dll
0x00007ff8c5070000 - 0x00007ff8c5170000 	C:\WINDOWS\System32\ucrtbase.dll
0x00007ff8b7d10000 - 0x00007ff8b7d29000 	c:\Users\jjs815\.vscode\extensions\redhat.java-1.11.0-win32-x64\jre\17.0.4.1-win32-x86_64\bin\VCRUNTIME140.dll
0x00007ff8b6920000 - 0x00007ff8b6938000 	c:\Users\jjs815\.vscode\extensions\redhat.java-1.11.0-win32-x64\jre\17.0.4.1-win32-x86_64\bin\jli.dll
0x00007ff8c6020000 - 0x00007ff8c61c0000 	C:\WINDOWS\System32\USER32.dll
0x00007ff8c4c20000 - 0x00007ff8c4c42000 	C:\WINDOWS\System32\win32u.dll
0x00007ff8acc20000 - 0x00007ff8aceba000 	C:\WINDOWS\WinSxS\amd64_microsoft.windows.common-controls_6595b64144ccf1df_6.0.19041.1110_none_60b5254171f9507e\COMCTL32.dll
0x00007ff8c61c0000 - 0x00007ff8c61ea000 	C:\WINDOWS\System32\GDI32.dll
0x00007ff8c4ca0000 - 0x00007ff8c4dab000 	C:\WINDOWS\System32\gdi32full.dll
0x00007ff8c61f0000 - 0x00007ff8c628e000 	C:\WINDOWS\System32\msvcrt.dll
0x00007ff8c4de0000 - 0x00007ff8c4e7d000 	C:\WINDOWS\System32\msvcp_win.dll
0x00007ff8c5f20000 - 0x00007ff8c5f50000 	C:\WINDOWS\System32\IMM32.DLL
0x00007ff8c0580000 - 0x00007ff8c058c000 	c:\Users\jjs815\.vscode\extensions\redhat.java-1.11.0-win32-x64\jre\17.0.4.1-win32-x86_64\bin\vcruntime140_1.dll
0x00007ff893a10000 - 0x00007ff893aa1000 	c:\Users\jjs815\.vscode\extensions\redhat.java-1.11.0-win32-x64\jre\17.0.4.1-win32-x86_64\bin\msvcp140.dll
0x00007ff864af0000 - 0x00007ff865736000 	c:\Users\jjs815\.vscode\extensions\redhat.java-1.11.0-win32-x64\jre\17.0.4.1-win32-x86_64\bin\server\jvm.dll
0x00007ff8c69e0000 - 0x00007ff8c6a8e000 	C:\WINDOWS\System32\ADVAPI32.dll
0x00007ff8c5e70000 - 0x00007ff8c5f0c000 	C:\WINDOWS\System32\sechost.dll
0x00007ff8c67d0000 - 0x00007ff8c68f5000 	C:\WINDOWS\System32\RPCRT4.dll
0x00007ff8c5630000 - 0x00007ff8c5638000 	C:\WINDOWS\System32\PSAPI.DLL
0x00007ff8bfda0000 - 0x00007ff8bfda9000 	C:\WINDOWS\SYSTEM32\WSOCK32.dll
0x00007ff8c6290000 - 0x00007ff8c62fb000 	C:\WINDOWS\System32\WS2_32.dll
0x00007ff8b9190000 - 0x00007ff8b91b7000 	C:\WINDOWS\SYSTEM32\WINMM.dll
0x00007ff8c3340000 - 0x00007ff8c334a000 	C:\WINDOWS\SYSTEM32\VERSION.dll
0x00007ff8c3480000 - 0x00007ff8c3492000 	C:\WINDOWS\SYSTEM32\kernel.appcore.dll
0x00007ff8bfd90000 - 0x00007ff8bfd9a000 	c:\Users\jjs815\.vscode\extensions\redhat.java-1.11.0-win32-x64\jre\17.0.4.1-win32-x86_64\bin\jimage.dll
0x00007ff8be440000 - 0x00007ff8be624000 	C:\WINDOWS\SYSTEM32\DBGHELP.DLL
0x00007ff8be170000 - 0x00007ff8be19c000 	C:\WINDOWS\SYSTEM32\dbgcore.DLL
0x00007ff8c4e80000 - 0x00007ff8c4f02000 	C:\WINDOWS\System32\bcryptPrimitives.dll
0x00007ff8bece0000 - 0x00007ff8becee000 	c:\Users\jjs815\.vscode\extensions\redhat.java-1.11.0-win32-x64\jre\17.0.4.1-win32-x86_64\bin\instrument.dll
0x00007ff8b68f0000 - 0x00007ff8b6915000 	c:\Users\jjs815\.vscode\extensions\redhat.java-1.11.0-win32-x64\jre\17.0.4.1-win32-x86_64\bin\java.dll
0x00007ff8b6680000 - 0x00007ff8b6698000 	c:\Users\jjs815\.vscode\extensions\redhat.java-1.11.0-win32-x64\jre\17.0.4.1-win32-x86_64\bin\zip.dll
0x00007ff8c6d00000 - 0x00007ff8c7443000 	C:\WINDOWS\System32\SHELL32.dll
0x00007ff8c2ba0000 - 0x00007ff8c3335000 	C:\WINDOWS\SYSTEM32\windows.storage.dll
0x00007ff8c56f0000 - 0x00007ff8c5a44000 	C:\WINDOWS\System32\combase.dll
0x00007ff8c4540000 - 0x00007ff8c4570000 	C:\WINDOWS\SYSTEM32\Wldp.dll
0x00007ff8c5640000 - 0x00007ff8c56ed000 	C:\WINDOWS\System32\SHCORE.dll
0x00007ff8c55d0000 - 0x00007ff8c5625000 	C:\WINDOWS\System32\shlwapi.dll
0x00007ff8c4af0000 - 0x00007ff8c4b0f000 	C:\WINDOWS\SYSTEM32\profapi.dll
0x00007ff8b5c00000 - 0x00007ff8b5c19000 	C:\Users\jjs815\.vscode\extensions\redhat.java-1.11.0-win32-x64\jre\17.0.4.1-win32-x86_64\bin\net.dll
0x00007ff8be330000 - 0x00007ff8be43a000 	C:\WINDOWS\SYSTEM32\WINHTTP.dll
0x00007ff8c42a0000 - 0x00007ff8c430a000 	C:\WINDOWS\system32\mswsock.dll
0x00007ff8b0c50000 - 0x00007ff8b0c65000 	C:\Users\jjs815\.vscode\extensions\redhat.java-1.11.0-win32-x64\jre\17.0.4.1-win32-x86_64\bin\nio.dll
0x00007ff8bd3c0000 - 0x00007ff8bd3d0000 	c:\Users\jjs815\.vscode\extensions\redhat.java-1.11.0-win32-x64\jre\17.0.4.1-win32-x86_64\bin\verify.dll
0x00007ff897df0000 - 0x00007ff897e2e000 	C:\Users\jjs815\AppData\Roaming\Code\User\globalStorage\redhat.java\1.11.0\config_win\org.eclipse.equinox.launcher\org.eclipse.equinox.launcher.win32.win32.x86_64_1.2.600.v20220720-1916\eclipse_11700.dll
0x00007ff8c5c20000 - 0x00007ff8c5d4a000 	C:\WINDOWS\System32\ole32.dll
0x00007ff8c4490000 - 0x00007ff8c44a8000 	C:\WINDOWS\SYSTEM32\CRYPTSP.dll
0x00007ff8c3c20000 - 0x00007ff8c3c54000 	C:\WINDOWS\system32\rsaenh.dll
0x00007ff8c4db0000 - 0x00007ff8c4dd7000 	C:\WINDOWS\System32\bcrypt.dll
0x00007ff8c4a70000 - 0x00007ff8c4a9e000 	C:\WINDOWS\SYSTEM32\USERENV.dll
0x00007ff8c44b0000 - 0x00007ff8c44bc000 	C:\WINDOWS\SYSTEM32\CRYPTBASE.dll
0x00007ff8c3f90000 - 0x00007ff8c3fcb000 	C:\WINDOWS\SYSTEM32\IPHLPAPI.DLL
0x00007ff8c69d0000 - 0x00007ff8c69d8000 	C:\WINDOWS\System32\NSI.dll
0x00007ff8bf970000 - 0x00007ff8bf987000 	C:\WINDOWS\SYSTEM32\dhcpcsvc6.DLL
0x00007ff8bf950000 - 0x00007ff8bf96d000 	C:\WINDOWS\SYSTEM32\dhcpcsvc.DLL
0x00007ff8c3fd0000 - 0x00007ff8c409a000 	C:\WINDOWS\SYSTEM32\DNSAPI.dll
0x00007ff897ab0000 - 0x00007ff897af4000 	C:\Users\jjs815\AppData\Local\Temp\jna--1158902711\jna17033135987524658688.dll

dbghelp: loaded successfully - version: 4.0.5 - missing functions: none
symbol engine: initialized successfully - sym options: 0x614 - pdb path: .;c:\Users\jjs815\.vscode\extensions\redhat.java-1.11.0-win32-x64\jre\17.0.4.1-win32-x86_64\bin;C:\WINDOWS\SYSTEM32;C:\WINDOWS\WinSxS\amd64_microsoft.windows.common-controls_6595b64144ccf1df_6.0.19041.1110_none_60b5254171f9507e;c:\Users\jjs815\.vscode\extensions\redhat.java-1.11.0-win32-x64\jre\17.0.4.1-win32-x86_64\bin\server;C:\Users\jjs815\AppData\Roaming\Code\User\globalStorage\redhat.java\1.11.0\config_win\org.eclipse.equinox.launcher\org.eclipse.equinox.launcher.win32.win32.x86_64_1.2.600.v20220720-1916;C:\Users\jjs815\AppData\Local\Temp\jna--1158902711

VM Arguments:
jvm_args: --add-modules=ALL-SYSTEM --add-opens=java.base/java.util=ALL-UNNAMED --add-opens=java.base/java.lang=ALL-UNNAMED --add-opens=java.base/sun.nio.fs=ALL-UNNAMED -Declipse.application=org.eclipse.jdt.ls.core.id1 -Dosgi.bundles.defaultStartLevel=4 -Declipse.product=org.eclipse.jdt.ls.core.product -Djava.import.generatesMetadataFilesAtProjectRoot=false -Dfile.encoding=utf8 -DwatchParentProcess=false -XX:+UseParallelGC -XX:GCTimeRatio=4 -XX:AdaptiveSizePolicyWeight=90 -Dsun.zip.disableMemoryMapping=true -Xmx1G -Xms100m -Xlog:disable -javaagent:c:\Users\jjs815\.vscode\extensions\redhat.java-1.11.0-win32-x64\lombok\lombok-1.18.24.jar -XX:+HeapDumpOnOutOfMemoryError -XX:HeapDumpPath=c:\Users\jjs815\AppData\Roaming\Code\User\workspaceStorage\d588a9081e57ad1a899c4a3cf880b459\redhat.java 
java_command: c:\Users\jjs815\.vscode\extensions\redhat.java-1.11.0-win32-x64\server\plugins\org.eclipse.equinox.launcher_1.6.400.v20210924-0641.jar -configuration c:\Users\jjs815\AppData\Roaming\Code\User\globalStorage\redhat.java\1.11.0\config_win -data c:\Users\jjs815\AppData\Roaming\Code\User\workspaceStorage\d588a9081e57ad1a899c4a3cf880b459\redhat.java\jdt_ws
java_class_path (initial): c:\Users\jjs815\.vscode\extensions\redhat.java-1.11.0-win32-x64\server\plugins\org.eclipse.equinox.launcher_1.6.400.v20210924-0641.jar
Launcher Type: SUN_STANDARD

[Global flags]
    uintx AdaptiveSizePolicyWeight                 = 90                                        {product} {command line}
     intx CICompilerCount                          = 4                                         {product} {ergonomic}
    uintx GCTimeRatio                              = 4                                         {product} {command line}
     bool HeapDumpOnOutOfMemoryError               = true                                   {manageable} {command line}
    ccstr HeapDumpPath                             = c:\Users\jjs815\AppData\Roaming\Code\User\workspaceStorage\d588a9081e57ad1a899c4a3cf880b459\redhat.java         {manageable} {command line}
   size_t InitialHeapSize                          = 104857600                                 {product} {command line}
   size_t MaxHeapSize                              = 1073741824                                {product} {command line}
   size_t MaxNewSize                               = 357564416                                 {product} {ergonomic}
   size_t MinHeapDeltaBytes                        = 524288                                    {product} {ergonomic}
   size_t MinHeapSize                              = 104857600                                 {product} {command line}
   size_t NewSize                                  = 34603008                                  {product} {ergonomic}
    uintx NonNMethodCodeHeapSize                   = 5839372                                {pd product} {ergonomic}
    uintx NonProfiledCodeHeapSize                  = 122909434                              {pd product} {ergonomic}
   size_t OldSize                                  = 70254592                                  {product} {ergonomic}
    uintx ProfiledCodeHeapSize                     = 122909434                              {pd product} {ergonomic}
    uintx ReservedCodeCacheSize                    = 251658240                              {pd product} {ergonomic}
     bool SegmentedCodeCache                       = true                                      {product} {ergonomic}
   size_t SoftMaxHeapSize                          = 1073741824                             {manageable} {ergonomic}
     bool UseCompressedClassPointers               = true                           {product lp64_product} {ergonomic}
     bool UseCompressedOops                        = true                           {product lp64_product} {ergonomic}
     bool UseLargePagesIndividualAllocation        = false                                  {pd product} {ergonomic}
     bool UseParallelGC                            = true                                      {product} {command line}

Logging:
Log output configuration:
 #0: stdout all=off uptime,level,tags
 #1: stderr all=off uptime,level,tags

Environment Variables:
JAVA_HOME=C:\Program Files\Java\jdk-11.0.15
CLASSPATH=.;
PATH=C:\Program Files\Common Files\Oracle\Java\javapath;C:\Program Files\Zulu\zulu-11\bin\;C:\Program Files\NVIDIA GPU Computing Toolkit\CUDA\v11.3\bin;C:\Program Files\NVIDIA GPU Computing Toolkit\CUDA\v11.3\libnvvp;C:\Python39\Scripts\;C:\Python39\;C:\Program Files (x86)\NAT Service;C:\ProgramData\Oracle\Java\javapath;C:\WINDOWS\system32;C:\WINDOWS;C:\WINDOWS\System32\Wbem;C:\WINDOWS\System32\WindowsPowerShell\v1.0\;C:\WINDOWS\System32\OpenSSH\;C:\Program Files (x86)\ePapyrus\Papyrus-PlugIn-xfa;C:\Program Files (x86)\ePapyrus\Papyrus-PlugIn-xfa\Addins;C:\Program Files\PuTTY\;C:\python;C:\ProgramData\chocolatey\bin;C:\Program Files (x86)\Yarn;C:\Users\jjs815\AppData\Local\Android\Sdk\platform-tools;C:\Program Files\OpenJDK\openjdk-8u282-b08\bin;C:\Program Files\Java\jdk1.8.0_211\bin;C:\Program Files\Git\cmd;C:\Program Files\nodejs\;C:\Program Files\NVIDIA Corporation\NVIDIA NvDLISR;C:\Program Files\NVIDIA Corporation\Nsight Compute 2021.1.1\;C:\Program Files (x86)\NVIDIA Corporation\PhysX\Common;C:\Program Files\OpenSSL-Win64\bin;C:\Program Files\Java\jdk-11.0.15;C:\Users\jjs815\AppData\Local\Programs\Python\Python38\Scripts\;C:\Users\jjs815\AppData\Local\Programs\Python\Python38\;C:\python\Scripts\;C:\python\;"C:\Users\jjs815\AppData\Local\Microsoft\WindowsApps;%C:\Python27";%USERPROFILE%\AppData\Local\Microsoft\WindowsApps;C:\Users\jjs815\AppData\Local\Programs\Microsoft VS Code\bin;C:\Users\jjs815\AppData\Roaming\npm;%IntelliJ IDEA Community Edition%;C:\Users\jjs815\flutter\bin;C:\Users\jjs815\ffmpeg-5.1-full_build\bin;
USERNAME=jjs815
TMPDIR=C:\Users\Public\Documents\ESTsoft\CreatorTemp
OS=Windows_NT
PROCESSOR_IDENTIFIER=Intel64 Family 6 Model 158 Stepping 9, GenuineIntel
TMP=C:\Users\jjs815\AppData\Local\Temp
TEMP=C:\Users\jjs815\AppData\Local\Temp



---------------  S Y S T E M  ---------------

OS:
 Windows 10 , 64 bit Build 19041 (10.0.19041.1889)
OS uptime: 6 days 2:08 hours

CPU: total 8 (initial active 8) (4 cores per cpu, 2 threads per core) family 6 model 158 stepping 9 microcode 0xb4, cx8, cmov, fxsr, ht, mmx, 3dnowpref, sse, sse2, sse3, ssse3, sse4.1, sse4.2, popcnt, lzcnt, tsc, tscinvbit, avx, avx2, aes, erms, clmul, bmi1, bmi2, rtm, adx, fma, vzeroupper, clflush, clflushopt

Memory: 4k page, system-wide physical 16296M (1114M free)
TotalPageFile size 26296M (AvailPageFile size 330M)
current process WorkingSet (physical memory assigned to process): 163M, peak: 163M
current process commit charge ("private bytes"): 262M, peak: 263M

vm_info: OpenJDK 64-Bit Server VM (17.0.4.1+1) for windows-amd64 JRE (17.0.4.1+1), built on Aug 17 2022 07:42:43 by "temurin" with MS VC++ 16.7 (VS2019)

END.
