#
# There is insufficient memory for the Java Runtime Environment to continue.
# Native memory allocation (malloc) failed to allocate 237456 bytes for Chunk::new
# Possible reasons:
#   The system is out of physical RAM or swap space
#   The process is running with CompressedOops enabled, and the Java Heap may be blocking the growth of the native heap
# Possible solutions:
#   Reduce memory load on the system
#   Increase physical memory or swap space
#   Check if swap backing store is full
#   Decrease Java heap size (-Xmx/-Xms)
#   Decrease number of Java threads
#   Decrease Java thread stack sizes (-Xss)
#   Set larger code cache with -XX:ReservedCodeCacheSize=
#   JVM is running with Unscaled Compressed Oops mode in which the Java heap is
#     placed in the first 4GB address space. The Java Heap base address is the
#     maximum limit for the native heap growth. Please use -XX:HeapBaseMinAddress
#     to set the Java Heap base and to place the Java Heap above 4GB virtual address.
# This output file may be truncated or incomplete.
#
#  Out of Memory Error (arena.cpp:189), pid=32696, tid=24568
#
# JRE version: OpenJDK Runtime Environment Temurin-17.0.3+7 (17.0.3+7) (build 17.0.3+7)
# Java VM: OpenJDK 64-Bit Server VM Temurin-17.0.3+7 (17.0.3+7, mixed mode, tiered, compressed oops, compressed class ptrs, parallel gc, windows-amd64)
# No core dump will be written. Minidumps are not enabled by default on client versions of Windows
#

---------------  S U M M A R Y ------------

Command Line: --add-modules=ALL-SYSTEM --add-opens=java.base/java.util=ALL-UNNAMED --add-opens=java.base/java.lang=ALL-UNNAMED --add-opens=java.base/sun.nio.fs=ALL-UNNAMED -Declipse.application=org.eclipse.jdt.ls.core.id1 -Dosgi.bundles.defaultStartLevel=4 -Declipse.product=org.eclipse.jdt.ls.core.product -Djava.import.generatesMetadataFilesAtProjectRoot=false -Dfile.encoding=utf8 -DwatchParentProcess=false -XX:+UseParallelGC -XX:GCTimeRatio=4 -XX:AdaptiveSizePolicyWeight=90 -Dsun.zip.disableMemoryMapping=true -Xmx1G -Xms100m -javaagent:c:\Users\jjs815\.vscode\extensions\redhat.java-1.9.0-win32-x64\lombok\lombok-1.18.24.jar -XX:+HeapDumpOnOutOfMemoryError -XX:HeapDumpPath=c:\Users\jjs815\AppData\Roaming\Code\User\workspaceStorage\d608b88811175971a67a8057766062d0\redhat.java c:\Users\jjs815\.vscode\extensions\redhat.java-1.9.0-win32-x64\server\plugins\org.eclipse.equinox.launcher_1.6.400.v20210924-0641.jar -configuration c:\Users\jjs815\AppData\Roaming\Code\User\globalStorage\redhat.java\1.9.0\config_win -data c:\Users\jjs815\AppData\Roaming\Code\User\workspaceStorage\d608b88811175971a67a8057766062d0\redhat.java\jdt_ws

Host: Intel(R) Core(TM) i7-7700 CPU @ 3.60GHz, 8 cores, 15G,  Windows 10 , 64 bit Build 19041 (10.0.19041.1806)
Time: Fri Jul 22 23:08:51 2022  Windows 10 , 64 bit Build 19041 (10.0.19041.1806) elapsed time: 0.687916 seconds (0d 0h 0m 0s)

---------------  T H R E A D  ---------------

Current thread (0x000001d63c3de000):  JavaThread "C2 CompilerThread2" daemon [_thread_in_native, id=24568, stack(0x00000073a3d00000,0x00000073a3e00000)]


Current CompileTask:
C2:    688  819   !   4       java.lang.String::replace (258 bytes)

Stack: [0x00000073a3d00000,0x00000073a3e00000]
Native frames: (J=compiled Java code, j=interpreted, Vv=VM code, C=native code)
V  [jvm.dll+0x675efa]
V  [jvm.dll+0x830a24]
V  [jvm.dll+0x8321ce]
V  [jvm.dll+0x832833]
V  [jvm.dll+0x2454b5]
V  [jvm.dll+0xabd7b]
V  [jvm.dll+0xac30c]
V  [jvm.dll+0x2ac5bf]
V  [jvm.dll+0x57cd09]
V  [jvm.dll+0x22056d]
V  [jvm.dll+0x22094f]
V  [jvm.dll+0x21a1b5]
V  [jvm.dll+0x21767b]
V  [jvm.dll+0x1a3ccd]
V  [jvm.dll+0x227178]
V  [jvm.dll+0x2252bc]
V  [jvm.dll+0x7e673b]
V  [jvm.dll+0x7e0cfa]
V  [jvm.dll+0x674d85]
C  [ucrtbase.dll+0x21bb2]
C  [KERNEL32.DLL+0x17034]
C  [ntdll.dll+0x52651]


---------------  P R O C E S S  ---------------

Threads class SMR info:
_java_thread_list=0x000001d63b2463f0, length=14, elements={
0x000001d6258b57f0, 0x000001d63b2435e0, 0x000001d63b246d90, 0x000001d63b273630,
0x000001d63b2769d0, 0x000001d63b277cf0, 0x000001d63b27aed0, 0x000001d63b281820,
0x000001d63b283190, 0x000001d63b284230, 0x000001d63b349a10, 0x000001d63b553540,
0x000001d63c112010, 0x000001d63c3de000
}

Java Threads: ( => current thread )
  0x000001d6258b57f0 JavaThread "main" [_thread_in_Java, id=28980, stack(0x00000073a2d00000,0x00000073a2e00000)]
  0x000001d63b2435e0 JavaThread "Reference Handler" daemon [_thread_blocked, id=19776, stack(0x00000073a3000000,0x00000073a3100000)]
  0x000001d63b246d90 JavaThread "Finalizer" daemon [_thread_blocked, id=28500, stack(0x00000073a3100000,0x00000073a3200000)]
  0x000001d63b273630 JavaThread "Signal Dispatcher" daemon [_thread_blocked, id=28420, stack(0x00000073a3200000,0x00000073a3300000)]
  0x000001d63b2769d0 JavaThread "Attach Listener" daemon [_thread_blocked, id=14840, stack(0x00000073a3300000,0x00000073a3400000)]
  0x000001d63b277cf0 JavaThread "Service Thread" daemon [_thread_blocked, id=30804, stack(0x00000073a3400000,0x00000073a3500000)]
  0x000001d63b27aed0 JavaThread "Monitor Deflation Thread" daemon [_thread_blocked, id=11984, stack(0x00000073a3500000,0x00000073a3600000)]
  0x000001d63b281820 JavaThread "C2 CompilerThread0" daemon [_thread_blocked, id=30880, stack(0x00000073a3600000,0x00000073a3700000)]
  0x000001d63b283190 JavaThread "C1 CompilerThread0" daemon [_thread_blocked, id=30504, stack(0x00000073a3700000,0x00000073a3800000)]
  0x000001d63b284230 JavaThread "Sweeper thread" daemon [_thread_blocked, id=27408, stack(0x00000073a3800000,0x00000073a3900000)]
  0x000001d63b349a10 JavaThread "Common-Cleaner" daemon [_thread_blocked, id=25056, stack(0x00000073a3900000,0x00000073a3a00000)]
  0x000001d63b553540 JavaThread "Notification Thread" daemon [_thread_blocked, id=19964, stack(0x00000073a3a00000,0x00000073a3b00000)]
  0x000001d63c112010 JavaThread "C2 CompilerThread1" daemon [_thread_blocked, id=30568, stack(0x00000073a3c00000,0x00000073a3d00000)]
=>0x000001d63c3de000 JavaThread "C2 CompilerThread2" daemon [_thread_in_native, id=24568, stack(0x00000073a3d00000,0x00000073a3e00000)]

Other Threads:
  0x000001d63b241c30 VMThread "VM Thread" [stack: 0x00000073a2f00000,0x00000073a3000000] [id=31060]
  0x000001d63b553a10 WatcherThread [stack: 0x00000073a3b00000,0x00000073a3c00000] [id=7476]
  0x000001d6258cb5f0 GCTaskThread "GC Thread#0" [stack: 0x00000073a2e00000,0x00000073a2f00000] [id=8592]

Threads with active compile tasks:
C1 CompilerThread0      719  863       3       java.util.regex.Pattern::isSupplementary (21 bytes)
C2 CompilerThread2      719  819   !   4       java.lang.String::replace (258 bytes)

VM state: not at safepoint (normal execution)

VM Mutex/Monitor currently owned by a thread: None

Heap address: 0x00000000c0000000, size: 1024 MB, Compressed Oops mode: 32-bit

CDS archive(s) not mapped
Compressed class space mapped at: 0x0000000100000000-0x0000000140000000, reserved size: 1073741824
Narrow klass base: 0x0000000000000000, Narrow klass shift: 3, Narrow klass range: 0x140000000

GC Precious Log:
 CPUs: 8 total, 8 available
 Memory: 16296M
 Large Page Support: Disabled
 NUMA Support: Disabled
 Compressed Oops: Enabled (32-bit)
 Alignments: Space 512K, Generation 512K, Heap 2M
 Heap Min Capacity: 100M
 Heap Initial Capacity: 100M
 Heap Max Capacity: 1G
 Pre-touch: Disabled
 Parallel Workers: 8

Heap:
 PSYoungGen      total 29696K, used 22638K [0x00000000eab00000, 0x00000000ecc00000, 0x0000000100000000)
  eden space 25600K, 88% used [0x00000000eab00000,0x00000000ec11b990,0x00000000ec400000)
  from space 4096K, 0% used [0x00000000ec800000,0x00000000ec800000,0x00000000ecc00000)
  to   space 4096K, 0% used [0x00000000ec400000,0x00000000ec400000,0x00000000ec800000)
 ParOldGen       total 68608K, used 0K [0x00000000c0000000, 0x00000000c4300000, 0x00000000eab00000)
  object space 68608K, 0% used [0x00000000c0000000,0x00000000c0000000,0x00000000c4300000)
 Metaspace       used 9990K, committed 10176K, reserved 1064960K
  class space    used 1000K, committed 1088K, reserved 1048576K

Card table byte_map: [0x000001d625270000,0x000001d625480000] _byte_map_base: 0x000001d624c70000

Marking Bits: (ParMarkBitMap*) 0x00007ffe77e94b80
 Begin Bits: [0x000001d637540000, 0x000001d638540000)
 End Bits:   [0x000001d638540000, 0x000001d639540000)

Polling page: 0x000001d623850000

Metaspace:

Usage:
  Non-class:      8.78 MB used.
      Class:   1001.60 KB used.
       Both:      9.76 MB used.

Virtual space:
  Non-class space:       16.00 MB reserved,       8.88 MB ( 55%) committed,  2 nodes.
      Class space:        1.00 GB reserved,       1.06 MB ( <1%) committed,  1 nodes.
             Both:        1.02 GB reserved,       9.94 MB ( <1%) committed. 

Chunk freelists:
   Non-Class:  2.38 MB
       Class:  2.97 MB
        Both:  5.34 MB

MaxMetaspaceSize: unlimited
CompressedClassSpaceSize: 1.00 GB
Initial GC threshold: 21.00 MB
Current GC threshold: 21.00 MB
CDS: off
MetaspaceReclaimPolicy: balanced
 - commit_granule_bytes: 65536.
 - commit_granule_words: 8192.
 - virtual_space_node_default_size: 1048576.
 - enlarge_chunks_in_place: 1.
 - new_chunks_are_fully_committed: 0.
 - uncommit_free_chunks: 1.
 - use_allocation_guard: 0.
 - handle_deallocations: 1.


Internal statistics:

num_allocs_failed_limit: 0.
num_arena_births: 16.
num_arena_deaths: 0.
num_vsnodes_births: 3.
num_vsnodes_deaths: 0.
num_space_committed: 159.
num_space_uncommitted: 0.
num_chunks_returned_to_freelist: 0.
num_chunks_taken_from_freelist: 75.
num_chunk_merges: 0.
num_chunk_splits: 48.
num_chunks_enlarged: 45.
num_purges: 0.
num_inconsistent_stats: 0.

CodeHeap 'non-profiled nmethods': size=120000Kb used=358Kb max_used=358Kb free=119641Kb
 bounds [0x000001d630010000, 0x000001d630280000, 0x000001d637540000]
CodeHeap 'profiled nmethods': size=120000Kb used=1408Kb max_used=1408Kb free=118591Kb
 bounds [0x000001d628ae0000, 0x000001d628d50000, 0x000001d630010000]
CodeHeap 'non-nmethods': size=5760Kb used=1137Kb max_used=1177Kb free=4622Kb
 bounds [0x000001d628540000, 0x000001d6287b0000, 0x000001d628ae0000]
 total_blobs=1289 nmethods=864 adapters=340
 compilation: enabled
              stopped_count=0, restarted_count=0
 full_count=0

Compilation events (20 events):
Event: 0.675 Thread 0x000001d63b283190 nmethod 809 0x000001d628c1bf10 code [0x000001d628c1c0e0, 0x000001d628c1c478]
Event: 0.675 Thread 0x000001d63b283190  811       3       org.eclipse.osgi.internal.util.Tokenizer::skipWhiteSpace (58 bytes)
Event: 0.675 Thread 0x000001d63b283190 nmethod 811 0x000001d628c1c590 code [0x000001d628c1c740, 0x000001d628c1ca38]
Event: 0.675 Thread 0x000001d63b283190  810       3       java.util.Locale::getDefault (4 bytes)
Event: 0.676 Thread 0x000001d63b283190 nmethod 810 0x000001d628c1cb90 code [0x000001d628c1cd20, 0x000001d628c1ce18]
Event: 0.676 Thread 0x000001d63b283190  812       3       java.lang.String::<init> (74 bytes)
Event: 0.676 Thread 0x000001d63b283190 nmethod 812 0x000001d628c1ce90 code [0x000001d628c1d060, 0x000001d628c1d398]
Event: 0.676 Thread 0x000001d63b283190  815       3       jdk.internal.jimage.ImageStringsReader::stringFromByteBufferMatches (138 bytes)
Event: 0.677 Thread 0x000001d63b283190 nmethod 815 0x000001d628c1d490 code [0x000001d628c1d780, 0x000001d628c1e8e8]
Event: 0.677 Thread 0x000001d63b283190  813       3       java.util.AbstractCollection::addAll (42 bytes)
Event: 0.677 Thread 0x000001d63b283190 nmethod 813 0x000001d628c1f090 code [0x000001d628c1f280, 0x000001d628c1f798]
Event: 0.677 Thread 0x000001d63b283190  816       3       jdk.internal.jimage.BasicImageReader::getLocationIndex (52 bytes)
Event: 0.677 Thread 0x000001d63b283190 nmethod 816 0x000001d628c1f910 code [0x000001d628c1fb00, 0x000001d628c1ff98]
Event: 0.677 Thread 0x000001d63b283190  817       3       jdk.internal.jimage.ImageStringsReader::hashCode (8 bytes)
Event: 0.677 Thread 0x000001d63b283190 nmethod 817 0x000001d628c20210 code [0x000001d628c203c0, 0x000001d628c20578]
Event: 0.677 Thread 0x000001d63b283190  814       3       jdk.internal.jimage.ImageLocation::verifyName (161 bytes)
Event: 0.679 Thread 0x000001d63b283190 nmethod 814 0x000001d628c20690 code [0x000001d628c209c0, 0x000001d628c21f78]
Event: 0.679 Thread 0x000001d63b283190  818       1       java.security.CodeSource::getLocationNoFragString (5 bytes)
Event: 0.679 Thread 0x000001d63b283190 nmethod 818 0x000001d630066310 code [0x000001d6300664a0, 0x000001d630066578]
Event: 0.679 Thread 0x000001d63c3de000  819   !   4       java.lang.String::replace (258 bytes)

GC Heap History (0 events):
No events

Deoptimization events (20 events):
Event: 0.658 Thread 0x000001d6258b57f0 Uncommon trap: trap_request=0xffffffc6 fr.pc=0x000001d6300512e4 relative=0x00000000000002a4
Event: 0.658 Thread 0x000001d6258b57f0 Uncommon trap: reason=bimorphic_or_optimized_type_check action=maybe_recompile pc=0x000001d6300512e4 method=java.util.HashMap.getNode(Ljava/lang/Object;)Ljava/util/HashMap$Node; @ 128 c2
Event: 0.658 Thread 0x000001d6258b57f0 DEOPT PACKING pc=0x000001d6300512e4 sp=0x00000073a2dfd450
Event: 0.658 Thread 0x000001d6258b57f0 DEOPT UNPACKING pc=0x000001d6285920a3 sp=0x00000073a2dfd3d8 mode 2
Event: 0.660 Thread 0x000001d6258b57f0 Uncommon trap: trap_request=0xffffffc6 fr.pc=0x000001d6300512e4 relative=0x00000000000002a4
Event: 0.660 Thread 0x000001d6258b57f0 Uncommon trap: reason=bimorphic_or_optimized_type_check action=maybe_recompile pc=0x000001d6300512e4 method=java.util.HashMap.getNode(Ljava/lang/Object;)Ljava/util/HashMap$Node; @ 128 c2
Event: 0.660 Thread 0x000001d6258b57f0 DEOPT PACKING pc=0x000001d6300512e4 sp=0x00000073a2dfd0f0
Event: 0.660 Thread 0x000001d6258b57f0 DEOPT UNPACKING pc=0x000001d6285920a3 sp=0x00000073a2dfd078 mode 2
Event: 0.664 Thread 0x000001d6258b57f0 DEOPT PACKING pc=0x000001d628bdffe1 sp=0x00000073a2dfd150
Event: 0.664 Thread 0x000001d6258b57f0 DEOPT UNPACKING pc=0x000001d628592843 sp=0x00000073a2dfc5d8 mode 0
Event: 0.665 Thread 0x000001d6258b57f0 DEOPT PACKING pc=0x000001d628bdffe1 sp=0x00000073a2dfd150
Event: 0.665 Thread 0x000001d6258b57f0 DEOPT UNPACKING pc=0x000001d628592843 sp=0x00000073a2dfc5d8 mode 0
Event: 0.665 Thread 0x000001d6258b57f0 DEOPT PACKING pc=0x000001d628bdffe1 sp=0x00000073a2dfd150
Event: 0.665 Thread 0x000001d6258b57f0 DEOPT UNPACKING pc=0x000001d628592843 sp=0x00000073a2dfc5d8 mode 0
Event: 0.665 Thread 0x000001d6258b57f0 DEOPT PACKING pc=0x000001d628bdffe1 sp=0x00000073a2dfd150
Event: 0.665 Thread 0x000001d6258b57f0 DEOPT UNPACKING pc=0x000001d628592843 sp=0x00000073a2dfc5d8 mode 0
Event: 0.665 Thread 0x000001d6258b57f0 DEOPT PACKING pc=0x000001d628bdffe1 sp=0x00000073a2dfd150
Event: 0.665 Thread 0x000001d6258b57f0 DEOPT UNPACKING pc=0x000001d628592843 sp=0x00000073a2dfc5d8 mode 0
Event: 0.666 Thread 0x000001d6258b57f0 DEOPT PACKING pc=0x000001d628bdffe1 sp=0x00000073a2dfd150
Event: 0.666 Thread 0x000001d6258b57f0 DEOPT UNPACKING pc=0x000001d628592843 sp=0x00000073a2dfc5d8 mode 0

Classes unloaded (0 events):
No events

Classes redefined (0 events):
No events

Internal exceptions (8 events):
Event: 0.137 Thread 0x000001d6258b57f0 Exception <a 'java/lang/NoSuchMethodError'{0x00000000eac51a60}: 'void java.lang.invoke.DirectMethodHandle$Holder.invokeStatic(java.lang.Object, java.lang.Object, java.lang.Object)'> (0x00000000eac51a60) 
thrown [e:\jenkins\tmp\workspace\build\src\src\hotspot\share\interpreter\linkResolver.cpp, line 766]
Event: 0.287 Thread 0x000001d6258b57f0 Exception <a 'java/lang/reflect/InvocationTargetException'{0x00000000eafb7938}> (0x00000000eafb7938) 
thrown [e:\jenkins\tmp\workspace\build\src\src\hotspot\share\runtime\reflection.cpp, line 1121]
Event: 0.508 Thread 0x000001d6258b57f0 Exception <a 'java/lang/ClassNotFoundException'{0x00000000eb74a078}: sun/net/www/protocol/c/Handler> (0x00000000eb74a078) 
thrown [e:\jenkins\tmp\workspace\build\src\src\hotspot\share\classfile\systemDictionary.cpp, line 256]
Event: 0.512 Thread 0x000001d6258b57f0 Exception <a 'java/io/FileNotFoundException'{0x00000000eb764c98}> (0x00000000eb764c98) 
thrown [e:\jenkins\tmp\workspace\build\src\src\hotspot\share\prims\jni.cpp, line 516]
Event: 0.512 Thread 0x000001d6258b57f0 Exception <a 'java/io/FileNotFoundException'{0x00000000eb765d00}> (0x00000000eb765d00) 
thrown [e:\jenkins\tmp\workspace\build\src\src\hotspot\share\prims\jni.cpp, line 516]
Event: 0.513 Thread 0x000001d6258b57f0 Exception <a 'java/io/FileNotFoundException'{0x00000000eb766d60}> (0x00000000eb766d60) 
thrown [e:\jenkins\tmp\workspace\build\src\src\hotspot\share\prims\jni.cpp, line 516]
Event: 0.513 Thread 0x000001d6258b57f0 Exception <a 'java/io/FileNotFoundException'{0x00000000eb767d90}> (0x00000000eb767d90) 
thrown [e:\jenkins\tmp\workspace\build\src\src\hotspot\share\prims\jni.cpp, line 516]
Event: 0.521 Thread 0x000001d6258b57f0 Exception <a 'java/io/FileNotFoundException'{0x00000000eb7a6888}> (0x00000000eb7a6888) 
thrown [e:\jenkins\tmp\workspace\build\src\src\hotspot\share\prims\jni.cpp, line 516]

VM Operations (8 events):
Event: 0.141 Executing VM operation: HandshakeAllThreads
Event: 0.141 Executing VM operation: HandshakeAllThreads done
Event: 0.468 Executing VM operation: HandshakeAllThreads
Event: 0.468 Executing VM operation: HandshakeAllThreads done
Event: 0.504 Executing VM operation: HandshakeAllThreads
Event: 0.504 Executing VM operation: HandshakeAllThreads done
Event: 0.673 Executing VM operation: HandshakeAllThreads
Event: 0.673 Executing VM operation: HandshakeAllThreads done

Events (20 events):
Event: 0.648 loading class java/net/URLClassLoader$2
Event: 0.648 loading class java/net/URLClassLoader$2 done
Event: 0.671 loading class java/io/BufferedReader
Event: 0.672 loading class java/io/BufferedReader done
Event: 0.673 loading class sun/nio/cs/StreamDecoder
Event: 0.673 loading class sun/nio/cs/StreamDecoder done
Event: 0.673 loading class sun/nio/cs/UTF_8$Decoder
Event: 0.673 loading class sun/nio/cs/UTF_8$Decoder done
Event: 0.682 loading class java/util/Random
Event: 0.682 loading class java/util/random/RandomGenerator
Event: 0.682 loading class java/util/random/RandomGenerator done
Event: 0.682 loading class java/util/Random done
Event: 0.682 loading class java/util/UUID
Event: 0.682 loading class java/util/UUID done
Event: 0.683 loading class java/util/concurrent/atomic/AtomicBoolean
Event: 0.683 loading class java/util/concurrent/atomic/AtomicBoolean done
Event: 0.683 loading class java/lang/invoke/VarHandleInts$FieldInstanceReadWrite
Event: 0.683 loading class java/lang/invoke/VarHandleInts$FieldInstanceReadOnly
Event: 0.683 loading class java/lang/invoke/VarHandleInts$FieldInstanceReadOnly done
Event: 0.683 loading class java/lang/invoke/VarHandleInts$FieldInstanceReadWrite done


Dynamic libraries:
0x00007ff7dbbb0000 - 0x00007ff7dbbbe000 	c:\Users\jjs815\.vscode\extensions\redhat.java-1.9.0-win32-x64\jre\17.0.3-win32-x86_64\bin\java.exe
0x00007ffeb6590000 - 0x00007ffeb6788000 	C:\WINDOWS\SYSTEM32\ntdll.dll
0x00007ffeb6490000 - 0x00007ffeb654d000 	C:\WINDOWS\System32\KERNEL32.DLL
0x00007ffeb3cb0000 - 0x00007ffeb3f7e000 	C:\WINDOWS\System32\KERNELBASE.dll
0x00007ffeb4140000 - 0x00007ffeb4240000 	C:\WINDOWS\System32\ucrtbase.dll
0x00007ffea22e0000 - 0x00007ffea22f8000 	c:\Users\jjs815\.vscode\extensions\redhat.java-1.9.0-win32-x64\jre\17.0.3-win32-x86_64\bin\jli.dll
0x00007ffea22c0000 - 0x00007ffea22d9000 	c:\Users\jjs815\.vscode\extensions\redhat.java-1.9.0-win32-x64\jre\17.0.3-win32-x86_64\bin\VCRUNTIME140.dll
0x00007ffeb5f60000 - 0x00007ffeb6100000 	C:\WINDOWS\System32\USER32.dll
0x00007ffeb3f80000 - 0x00007ffeb3fa2000 	C:\WINDOWS\System32\win32u.dll
0x00007ffea2c40000 - 0x00007ffea2eda000 	C:\WINDOWS\WinSxS\amd64_microsoft.windows.common-controls_6595b64144ccf1df_6.0.19041.1110_none_60b5254171f9507e\COMCTL32.dll
0x00007ffeb6180000 - 0x00007ffeb61aa000 	C:\WINDOWS\System32\GDI32.dll
0x00007ffeb4340000 - 0x00007ffeb444b000 	C:\WINDOWS\System32\gdi32full.dll
0x00007ffeb5d20000 - 0x00007ffeb5dbe000 	C:\WINDOWS\System32\msvcrt.dll
0x00007ffeb4550000 - 0x00007ffeb45ed000 	C:\WINDOWS\System32\msvcp_win.dll
0x00007ffeb6460000 - 0x00007ffeb6490000 	C:\WINDOWS\System32\IMM32.DLL
0x00007ffea22b0000 - 0x00007ffea22bc000 	c:\Users\jjs815\.vscode\extensions\redhat.java-1.9.0-win32-x64\jre\17.0.3-win32-x86_64\bin\vcruntime140_1.dll
0x00007ffe77f60000 - 0x00007ffe77ff1000 	c:\Users\jjs815\.vscode\extensions\redhat.java-1.9.0-win32-x64\jre\17.0.3-win32-x86_64\bin\msvcp140.dll
0x00007ffe77310000 - 0x00007ffe77f58000 	c:\Users\jjs815\.vscode\extensions\redhat.java-1.9.0-win32-x64\jre\17.0.3-win32-x86_64\bin\server\jvm.dll
0x00007ffeb4d20000 - 0x00007ffeb4dce000 	C:\WINDOWS\System32\ADVAPI32.dll
0x00007ffeb62a0000 - 0x00007ffeb633c000 	C:\WINDOWS\System32\sechost.dll
0x00007ffeb4890000 - 0x00007ffeb49b5000 	C:\WINDOWS\System32\RPCRT4.dll
0x00007ffeb61b0000 - 0x00007ffeb61b8000 	C:\WINDOWS\System32\PSAPI.DLL
0x00007ffea2260000 - 0x00007ffea2269000 	C:\WINDOWS\SYSTEM32\WSOCK32.dll
0x00007ffeb1cb0000 - 0x00007ffeb1cba000 	C:\WINDOWS\SYSTEM32\VERSION.dll
0x00007ffea4a50000 - 0x00007ffea4a77000 	C:\WINDOWS\SYSTEM32\WINMM.dll
0x00007ffeb4ea0000 - 0x00007ffeb4f0b000 	C:\WINDOWS\System32\WS2_32.dll
0x00007ffeb2590000 - 0x00007ffeb25a2000 	C:\WINDOWS\SYSTEM32\kernel.appcore.dll
0x00007ffea22a0000 - 0x00007ffea22aa000 	c:\Users\jjs815\.vscode\extensions\redhat.java-1.9.0-win32-x64\jre\17.0.3-win32-x86_64\bin\jimage.dll
0x00007ffe9b650000 - 0x00007ffe9b834000 	C:\WINDOWS\SYSTEM32\DBGHELP.DLL
0x00007ffe9b4e0000 - 0x00007ffe9b50c000 	C:\WINDOWS\SYSTEM32\dbgcore.DLL
0x00007ffeb4240000 - 0x00007ffeb42c2000 	C:\WINDOWS\System32\bcryptPrimitives.dll
0x00007ffea2290000 - 0x00007ffea229e000 	c:\Users\jjs815\.vscode\extensions\redhat.java-1.9.0-win32-x64\jre\17.0.3-win32-x86_64\bin\instrument.dll
0x00007ffea16d0000 - 0x00007ffea16f5000 	c:\Users\jjs815\.vscode\extensions\redhat.java-1.9.0-win32-x64\jre\17.0.3-win32-x86_64\bin\java.dll
0x00007ffea2270000 - 0x00007ffea2288000 	c:\Users\jjs815\.vscode\extensions\redhat.java-1.9.0-win32-x64\jre\17.0.3-win32-x86_64\bin\zip.dll
0x00007ffeb55d0000 - 0x00007ffeb5d14000 	C:\WINDOWS\System32\SHELL32.dll
0x00007ffeb1db0000 - 0x00007ffeb2544000 	C:\WINDOWS\SYSTEM32\windows.storage.dll
0x00007ffeb49c0000 - 0x00007ffeb4d14000 	C:\WINDOWS\System32\combase.dll
0x00007ffeb3710000 - 0x00007ffeb3740000 	C:\WINDOWS\SYSTEM32\Wldp.dll
0x00007ffeb50b0000 - 0x00007ffeb515d000 	C:\WINDOWS\System32\SHCORE.dll
0x00007ffeb4dd0000 - 0x00007ffeb4e25000 	C:\WINDOWS\System32\shlwapi.dll
0x00007ffeb3bf0000 - 0x00007ffeb3c0f000 	C:\WINDOWS\SYSTEM32\profapi.dll
0x00007ffea16b0000 - 0x00007ffea16c9000 	C:\Users\jjs815\.vscode\extensions\redhat.java-1.9.0-win32-x64\jre\17.0.3-win32-x86_64\bin\net.dll
0x00007ffeacc50000 - 0x00007ffeacd5a000 	C:\WINDOWS\SYSTEM32\WINHTTP.dll
0x00007ffeb3470000 - 0x00007ffeb34da000 	C:\WINDOWS\system32\mswsock.dll
0x00007ffea1690000 - 0x00007ffea16a5000 	C:\Users\jjs815\.vscode\extensions\redhat.java-1.9.0-win32-x64\jre\17.0.3-win32-x86_64\bin\nio.dll
0x00007ffeab620000 - 0x00007ffeab630000 	c:\Users\jjs815\.vscode\extensions\redhat.java-1.9.0-win32-x64\jre\17.0.3-win32-x86_64\bin\verify.dll

dbghelp: loaded successfully - version: 4.0.5 - missing functions: none
symbol engine: initialized successfully - sym options: 0x614 - pdb path: .;c:\Users\jjs815\.vscode\extensions\redhat.java-1.9.0-win32-x64\jre\17.0.3-win32-x86_64\bin;C:\WINDOWS\SYSTEM32;C:\WINDOWS\WinSxS\amd64_microsoft.windows.common-controls_6595b64144ccf1df_6.0.19041.1110_none_60b5254171f9507e;c:\Users\jjs815\.vscode\extensions\redhat.java-1.9.0-win32-x64\jre\17.0.3-win32-x86_64\bin\server

VM Arguments:
jvm_args: --add-modules=ALL-SYSTEM --add-opens=java.base/java.util=ALL-UNNAMED --add-opens=java.base/java.lang=ALL-UNNAMED --add-opens=java.base/sun.nio.fs=ALL-UNNAMED -Declipse.application=org.eclipse.jdt.ls.core.id1 -Dosgi.bundles.defaultStartLevel=4 -Declipse.product=org.eclipse.jdt.ls.core.product -Djava.import.generatesMetadataFilesAtProjectRoot=false -Dfile.encoding=utf8 -DwatchParentProcess=false -XX:+UseParallelGC -XX:GCTimeRatio=4 -XX:AdaptiveSizePolicyWeight=90 -Dsun.zip.disableMemoryMapping=true -Xmx1G -Xms100m -javaagent:c:\Users\jjs815\.vscode\extensions\redhat.java-1.9.0-win32-x64\lombok\lombok-1.18.24.jar -XX:+HeapDumpOnOutOfMemoryError -XX:HeapDumpPath=c:\Users\jjs815\AppData\Roaming\Code\User\workspaceStorage\d608b88811175971a67a8057766062d0\redhat.java 
java_command: c:\Users\jjs815\.vscode\extensions\redhat.java-1.9.0-win32-x64\server\plugins\org.eclipse.equinox.launcher_1.6.400.v20210924-0641.jar -configuration c:\Users\jjs815\AppData\Roaming\Code\User\globalStorage\redhat.java\1.9.0\config_win -data c:\Users\jjs815\AppData\Roaming\Code\User\workspaceStorage\d608b88811175971a67a8057766062d0\redhat.java\jdt_ws
java_class_path (initial): c:\Users\jjs815\.vscode\extensions\redhat.java-1.9.0-win32-x64\server\plugins\org.eclipse.equinox.launcher_1.6.400.v20210924-0641.jar
Launcher Type: SUN_STANDARD

[Global flags]
    uintx AdaptiveSizePolicyWeight                 = 90                                        {product} {command line}
     intx CICompilerCount                          = 4                                         {product} {ergonomic}
    uintx GCTimeRatio                              = 4                                         {product} {command line}
     bool HeapDumpOnOutOfMemoryError               = true                                   {manageable} {command line}
    ccstr HeapDumpPath                             = c:\Users\jjs815\AppData\Roaming\Code\User\workspaceStorage\d608b88811175971a67a8057766062d0\redhat.java         {manageable} {command line}
   size_t InitialHeapSize                          = 104857600                                 {product} {command line}
   size_t MaxHeapSize                              = 1073741824                                {product} {command line}
   size_t MaxNewSize                               = 357564416                                 {product} {ergonomic}
   size_t MinHeapDeltaBytes                        = 524288                                    {product} {ergonomic}
   size_t MinHeapSize                              = 104857600                                 {product} {command line}
   size_t NewSize                                  = 34603008                                  {product} {ergonomic}
    uintx NonNMethodCodeHeapSize                   = 5839372                                {pd product} {ergonomic}
    uintx NonProfiledCodeHeapSize                  = 122909434                              {pd product} {ergonomic}
   size_t OldSize                                  = 70254592                                  {product} {ergonomic}
    uintx ProfiledCodeHeapSize                     = 122909434                              {pd product} {ergonomic}
    uintx ReservedCodeCacheSize                    = 251658240                              {pd product} {ergonomic}
     bool SegmentedCodeCache                       = true                                      {product} {ergonomic}
   size_t SoftMaxHeapSize                          = 1073741824                             {manageable} {ergonomic}
     bool UseCompressedClassPointers               = true                           {product lp64_product} {ergonomic}
     bool UseCompressedOops                        = true                           {product lp64_product} {ergonomic}
     bool UseLargePagesIndividualAllocation        = false                                  {pd product} {ergonomic}
     bool UseParallelGC                            = true                                      {product} {command line}

Logging:
Log output configuration:
 #0: stdout all=warning uptime,level,tags
 #1: stderr all=off uptime,level,tags

Environment Variables:
JAVA_HOME=C:\Program Files\Java\jdk1.8.0_211
CLASSPATH=.;
PATH=C:\Program Files\Common Files\Oracle\Java\javapath;C:\Program Files\Zulu\zulu-11\bin\;C:\Program Files\NVIDIA GPU Computing Toolkit\CUDA\v11.3\bin;C:\Program Files\NVIDIA GPU Computing Toolkit\CUDA\v11.3\libnvvp;C:\Python39\Scripts\;C:\Python39\;C:\Program Files (x86)\Common Files\Oracle\Java\javapath;C:\Program Files (x86)\NAT Service;C:\ProgramData\Oracle\Java\javapath;C:\WINDOWS\system32;C:\WINDOWS;C:\WINDOWS\System32\Wbem;C:\WINDOWS\System32\WindowsPowerShell\v1.0\;C:\WINDOWS\System32\OpenSSH\;C:\Program Files (x86)\ePapyrus\Papyrus-PlugIn-xfa;C:\Program Files (x86)\ePapyrus\Papyrus-PlugIn-xfa\Addins;C:\Program Files\PuTTY\;C:\python;C:\ProgramData\chocolatey\bin;C:\Program Files (x86)\Yarn;C:\Users\jjs815\AppData\Local\Android\Sdk\platform-tools;C:\Program Files\OpenJDK\openjdk-8u282-b08\bin;C:\Program Files\Java\jdk1.8.0_211\bin;C:\Program Files\Git\cmd;C:\Program Files\nodejs\;C:\Program Files\NVIDIA Corporation\NVIDIA NvDLISR;C:\Program Files\NVIDIA Corporation\Nsight Compute 2021.1.1\;C:\Program Files (x86)\NVIDIA Corporation\PhysX\Common;C:\Program Files\OpenSSL-Win64\bin;C:\Program Files\Java\jdk-11.0.15;C:\Users\jjs815\AppData\Local\Programs\Python\Python38\Scripts\;C:\Users\jjs815\AppData\Local\Programs\Python\Python38\;C:\python\Scripts\;C:\python\;"C:\Users\jjs815\AppData\Local\Microsoft\WindowsApps;%C:\Python27";C:\Users\jjs815\AppData\Local\Microsoft\WindowsApps;C:\Users\jjs815\AppData\Local\Programs\Microsoft VS Code\bin;C:\Program Files (x86)\SoftForum\XecureHSM\;C:\Users\jjs815\AppData\Roaming\npm;C:\Program Files\JetBrains\IntelliJ IDEA Community Edition 2021.3.2\bin;;C:\Users\jjs815\flutter\bin;
USERNAME=jjs815
OS=Windows_NT
PROCESSOR_IDENTIFIER=Intel64 Family 6 Model 158 Stepping 9, GenuineIntel



---------------  S Y S T E M  ---------------

OS:
 Windows 10 , 64 bit Build 19041 (10.0.19041.1806)
OS uptime: 0 days 0:20 hours

CPU: total 8 (initial active 8) (4 cores per cpu, 2 threads per core) family 6 model 158 stepping 9 microcode 0xb4, cx8, cmov, fxsr, ht, mmx, 3dnowpref, sse, sse2, sse3, ssse3, sse4.1, sse4.2, popcnt, lzcnt, tsc, tscinvbit, avx, avx2, aes, erms, clmul, bmi1, bmi2, rtm, adx, fma, vzeroupper, clflush, clflushopt

Memory: 4k page, system-wide physical 16296M (2946M free)
TotalPageFile size 16296M (AvailPageFile size 5M)
current process WorkingSet (physical memory assigned to process): 73M, peak: 73M
current process commit charge ("private bytes"): 202M, peak: 202M

vm_info: OpenJDK 64-Bit Server VM (17.0.3+7) for windows-amd64 JRE (17.0.3+7), built on Apr 19 2022 16:55:35 by "" with MS VC++ 16.7 (VS2019)

END.
