#
# There is insufficient memory for the Java Runtime Environment to continue.
# Native memory allocation (malloc) failed to allocate 1068096 bytes for Chunk::new
# Possible reasons:
#   The system is out of physical RAM or swap space
#   The process is running with CompressedOops enabled, and the Java Heap may be blocking the growth of the native heap
# Possible solutions:
#   Reduce memory load on the system
#   Increase physical memory or swap space
#   Check if swap backing store is full
#   Decrease Java heap size (-Xmx/-Xms)
#   Decrease number of Java threads
#   Decrease Java thread stack sizes (-Xss)
#   Set larger code cache with -XX:ReservedCodeCacheSize=
#   JVM is running with Unscaled Compressed Oops mode in which the Java heap is
#     placed in the first 4GB address space. The Java Heap base address is the
#     maximum limit for the native heap growth. Please use -XX:HeapBaseMinAddress
#     to set the Java Heap base and to place the Java Heap above 4GB virtual address.
# This output file may be truncated or incomplete.
#
#  Out of Memory Error (allocation.cpp:389), pid=24172, tid=0x0000000000000c80
#
# JRE version: Java(TM) SE Runtime Environment (8.0_211-b12) (build 1.8.0_211-b12)
# Java VM: Java HotSpot(TM) 64-Bit Server VM (25.211-b12 mixed mode windows-amd64 compressed oops)
# Failed to write core dump. Minidumps are not enabled by default on client versions of Windows
#

---------------  T H R E A D  ---------------

Current thread (0x000000001860b000):  JavaThread "C2 CompilerThread1" daemon [_thread_in_native, id=3200, stack(0x0000000018e70000,0x0000000018f70000)]

Stack: [0x0000000018e70000,0x0000000018f70000]
[error occurred during error reporting (printing stack bounds), id 0xc0000005]

Native frames: (J=compiled Java code, j=interpreted, Vv=VM code, C=native code)


Current CompileTask:
C2:   4174 2762       4       java.net.URLClassLoader$1::run (5 bytes)


---------------  P R O C E S S  ---------------

Java Threads: ( => current thread )
  0x000000001b308000 JavaThread "Cache worker for file content cache (C:\Users\jjs815\.gradle\caches\7.4\fileContent)" [_thread_blocked, id=21596, stack(0x0000000021a30000,0x0000000021b30000)]
  0x000000001b30d800 JavaThread "jar transforms Thread 3" [_thread_blocked, id=24496, stack(0x0000000021530000,0x0000000021630000)]
  0x000000001b309800 JavaThread "Cache worker for execution history cache (C:\Users\jjs815\.gradle\caches\7.4\executionHistory)" [_thread_blocked, id=19024, stack(0x0000000021230000,0x0000000021330000)]
  0x000000001b309000 JavaThread "Cache worker for cache directory md-supplier (C:\Users\jjs815\.gradle\caches\7.4\md-supplier)" [_thread_blocked, id=15032, stack(0x0000000021130000,0x0000000021230000)]
  0x0000000019648800 JavaThread "Cache worker for file hash cache (C:\Users\jjs815\flurtter_project\chang_2nd_main_project\android\.gradle\7.4\fileHashes)" [_thread_blocked, id=24316, stack(0x0000000021030000,0x0000000021130000)]
  0x0000000019647000 JavaThread "Cache worker for cache directory md-rule (C:\Users\jjs815\.gradle\caches\7.4\md-rule)" [_thread_blocked, id=9796, stack(0x0000000020d30000,0x0000000020e30000)]
  0x0000000019647800 JavaThread "Cache worker for checksums cache (C:\Users\jjs815\flurtter_project\chang_2nd_main_project\android\.gradle\7.4\checksums)" [_thread_blocked, id=9440, stack(0x0000000020c30000,0x0000000020d30000)]
  0x0000000019644800 JavaThread "jar transforms Thread 2" [_thread_blocked, id=9244, stack(0x0000000020930000,0x0000000020a30000)]
  0x0000000019644000 JavaThread "jar transforms" [_thread_blocked, id=6036, stack(0x0000000020830000,0x0000000020930000)]
  0x0000000019649000 JavaThread "File watcher consumer" daemon [_thread_blocked, id=5424, stack(0x000000001f300000,0x000000001f400000)]
  0x000000001964a800 JavaThread "File watcher server" daemon [_thread_in_native, id=4848, stack(0x000000001f200000,0x000000001f300000)]
  0x000000001964a000 JavaThread "Cache worker for file hash cache (C:\Users\jjs815\.gradle\caches\7.4\fileHashes)" [_thread_blocked, id=10696, stack(0x000000001cdf0000,0x000000001cef0000)]
  0x0000000019645800 JavaThread "File lock request listener" [_thread_in_native, id=11192, stack(0x000000001cf60000,0x000000001d060000)]
  0x0000000019646000 JavaThread "Cache worker for journal cache (C:\Users\jjs815\.gradle\caches\journal-1)" [_thread_blocked, id=26560, stack(0x000000001ccf0000,0x000000001cdf0000)]
  0x000000001b025800 JavaThread "Daemon client event forwarder" [_thread_blocked, id=14476, stack(0x000000001c9f0000,0x000000001caf0000)]
  0x000000001b059800 JavaThread "Stdin handler" [_thread_blocked, id=22984, stack(0x000000001c8f0000,0x000000001c9f0000)]
  0x000000001b03a000 JavaThread "Asynchronous log dispatcher for DefaultDaemonConnection: socket connection from /127.0.0.1:9699 to /127.0.0.1:9700" [_thread_blocked, id=5368, stack(0x000000001c6f0000,0x000000001c7f0000)]
  0x000000001b01f000 JavaThread "Daemon worker" [_thread_blocked, id=15376, stack(0x000000001c5f0000,0x000000001c6f0000)]
  0x000000001b01d000 JavaThread "Cancel handler" [_thread_blocked, id=23620, stack(0x000000001c4f0000,0x000000001c5f0000)]
  0x000000001b10c800 JavaThread "Handler for socket connection from /127.0.0.1:9699 to /127.0.0.1:9700" [_thread_in_native, id=27180, stack(0x000000001c3f0000,0x000000001c4f0000)]
  0x000000001b10a800 JavaThread "Daemon" [_thread_blocked, id=23688, stack(0x000000001c2f0000,0x000000001c3f0000)]
  0x000000001ad20800 JavaThread "Daemon periodic checks" [_thread_blocked, id=23800, stack(0x000000001c1f0000,0x000000001c2f0000)]
  0x000000001ad1e000 JavaThread "Incoming local TCP Connector on port 9699" [_thread_in_native, id=2404, stack(0x000000001be10000,0x000000001bf10000)]
  0x000000001ac35000 JavaThread "Daemon health stats" [_thread_blocked, id=2248, stack(0x000000001bd10000,0x000000001be10000)]
  0x00000000186ad000 JavaThread "Service Thread" daemon [_thread_blocked, id=29208, stack(0x0000000019170000,0x0000000019270000)]
  0x0000000018611800 JavaThread "C1 CompilerThread3" daemon [_thread_blocked, id=27948, stack(0x0000000019070000,0x0000000019170000)]
  0x000000001860f000 JavaThread "C2 CompilerThread2" daemon [_thread_in_native, id=28788, stack(0x0000000018f70000,0x0000000019070000)]
=>0x000000001860b000 JavaThread "C2 CompilerThread1" daemon [_thread_in_native, id=3200, stack(0x0000000018e70000,0x0000000018f70000)]
  0x0000000018604800 JavaThread "C2 CompilerThread0" daemon [_thread_blocked, id=28480, stack(0x0000000018d70000,0x0000000018e70000)]
  0x0000000018604000 JavaThread "Attach Listener" daemon [_thread_blocked, id=1568, stack(0x0000000018c70000,0x0000000018d70000)]
  0x00000000185ff000 JavaThread "Signal Dispatcher" daemon [_thread_blocked, id=29568, stack(0x0000000018b70000,0x0000000018c70000)]
  0x0000000018591800 JavaThread "Finalizer" daemon [_thread_blocked, id=2072, stack(0x0000000018a70000,0x0000000018b70000)]
  0x00000000029c8800 JavaThread "Reference Handler" daemon [_thread_blocked, id=23432, stack(0x0000000018970000,0x0000000018a70000)]
  0x00000000028d2800 JavaThread "main" [_thread_blocked, id=18164, stack(0x00000000027d0000,0x00000000028d0000)]

Other Threads:
  0x000000001678a000 VMThread [stack: 0x0000000018470000,0x0000000018570000] [id=27912]
  0x000000001865e800 WatcherThread [stack: 0x0000000019270000,0x0000000019370000] [id=2988]

VM state:at safepoint (normal execution)

VM Mutex/Monitor currently owned by a thread:  ([mutex/lock_event])
[0x00000000023eea10] Threads_lock - owner thread: 0x000000001678a000
[0x00000000028d0150] Heap_lock - owner thread: 0x000000001b01f000

heap address: 0x00000000a0000000, size: 1536 MB, Compressed Oops mode: 32-bit
Narrow klass base: 0x0000000000000000, Narrow klass shift: 3
Compressed class space size: 1073741824 Address: 0x0000000100000000

Heap:
 PSYoungGen      total 144384K, used 856K [0x00000000e0000000, 0x00000000ea680000, 0x0000000100000000)
  eden space 141824K, 0% used [0x00000000e0000000,0x00000000e0000000,0x00000000e8a80000)
  from space 2560K, 33% used [0x00000000ea400000,0x00000000ea4d6310,0x00000000ea680000)
  to   space 14336K, 0% used [0x00000000e8a80000,0x00000000e8a80000,0x00000000e9880000)
 ParOldGen       total 110592K, used 15612K [0x00000000a0000000, 0x00000000a6c00000, 0x00000000e0000000)
  object space 110592K, 14% used [0x00000000a0000000,0x00000000a0f3f3d0,0x00000000a6c00000)
 Metaspace       used 34096K, capacity 35612K, committed 35712K, reserved 1083392K
  class space    used 4825K, capacity 5183K, committed 5248K, reserved 1048576K

Card table byte_map: [0x0000000011d90000,0x00000000120a0000] byte_map_base: 0x0000000011890000

Marking Bits: (ParMarkBitMap*) 0x00000000575f5ce0
 Begin Bits: [0x0000000012aa0000, 0x00000000142a0000)
 End Bits:   [0x00000000142a0000, 0x0000000015aa0000)

Polling page: 0x0000000000a90000

CodeCache: size=245760Kb used=10481Kb max_used=10481Kb free=235278Kb
 bounds [0x00000000029d0000, 0x0000000003420000, 0x00000000119d0000]
 total_blobs=3506 nmethods=2801 adapters=617
 compilation: enabled

Compilation events (10 events):
Event: 4.103 Thread 0x0000000018611800 2801       3       org.codehaus.groovy.reflection.CachedClass::getMethods (11 bytes)
Event: 4.103 Thread 0x0000000018611800 nmethod 2801 0x000000000340fb90 code [0x000000000340fd00, 0x0000000003410008]
Event: 4.103 Thread 0x0000000018611800 2803       3       org.codehaus.groovy.util.ComplexKeyHashMap$1::nextEntry (69 bytes)
Event: 4.103 Thread 0x0000000018611800 nmethod 2803 0x00000000034100d0 code [0x0000000003410260, 0x00000000034105e8]
Event: 4.103 Thread 0x0000000018611800 2802       3       org.codehaus.groovy.util.ComplexKeyHashMap$1::next (5 bytes)
Event: 4.103 Thread 0x0000000018611800 nmethod 2802 0x0000000003410810 code [0x0000000003410980, 0x0000000003410b28]
Event: 4.155 Thread 0x0000000018611800 2804       3       java.util.zip.Inflater::finalize (5 bytes)
Event: 4.155 Thread 0x0000000018611800 nmethod 2804 0x0000000003410bd0 code [0x0000000003410d40, 0x0000000003410ee8]
Event: 4.165 Thread 0x0000000018611800 2807       3       java.util.stream.PipelineHelper::<init> (5 bytes)
Event: 4.165 Thread 0x0000000018611800 nmethod 2807 0x0000000003411310 code [0x0000000003411460, 0x0000000003411610]

GC Heap History (10 events):
Event: 2.710 GC heap before
{Heap before GC invocations=5 (full 1):
 PSYoungGen      total 76288K, used 10382K [0x00000000e0000000, 0x00000000e9500000, 0x0000000100000000)
  eden space 65536K, 0% used [0x00000000e0000000,0x00000000e0000000,0x00000000e4000000)
  from space 10752K, 96% used [0x00000000e4a80000,0x00000000e54a39b0,0x00000000e5500000)
  to   space 10752K, 0% used [0x00000000e4000000,0x00000000e4000000,0x00000000e4a80000)
 ParOldGen       total 175104K, used 296K [0x00000000a0000000, 0x00000000aab00000, 0x00000000e0000000)
  object space 175104K, 0% used [0x00000000a0000000,0x00000000a004a1c0,0x00000000aab00000)
 Metaspace       used 20498K, capacity 21238K, committed 21296K, reserved 1067008K
  class space    used 3007K, capacity 3197K, committed 3200K, reserved 1048576K
Event: 2.741 GC heap after
Heap after GC invocations=5 (full 1):
 PSYoungGen      total 76288K, used 0K [0x00000000e0000000, 0x00000000e9500000, 0x0000000100000000)
  eden space 65536K, 0% used [0x00000000e0000000,0x00000000e0000000,0x00000000e4000000)
  from space 10752K, 0% used [0x00000000e4a80000,0x00000000e4a80000,0x00000000e5500000)
  to   space 10752K, 0% used [0x00000000e4000000,0x00000000e4000000,0x00000000e4a80000)
 ParOldGen       total 110592K, used 10108K [0x00000000a0000000, 0x00000000a6c00000, 0x00000000e0000000)
  object space 110592K, 9% used [0x00000000a0000000,0x00000000a09df1c8,0x00000000a6c00000)
 Metaspace       used 20498K, capacity 21238K, committed 21296K, reserved 1067008K
  class space    used 3007K, capacity 3197K, committed 3200K, reserved 1048576K
}
Event: 3.309 GC heap before
{Heap before GC invocations=6 (full 1):
 PSYoungGen      total 76288K, used 65536K [0x00000000e0000000, 0x00000000e9500000, 0x0000000100000000)
  eden space 65536K, 100% used [0x00000000e0000000,0x00000000e4000000,0x00000000e4000000)
  from space 10752K, 0% used [0x00000000e4a80000,0x00000000e4a80000,0x00000000e5500000)
  to   space 10752K, 0% used [0x00000000e4000000,0x00000000e4000000,0x00000000e4a80000)
 ParOldGen       total 110592K, used 10108K [0x00000000a0000000, 0x00000000a6c00000, 0x00000000e0000000)
  object space 110592K, 9% used [0x00000000a0000000,0x00000000a09df1c8,0x00000000a6c00000)
 Metaspace       used 24907K, capacity 26032K, committed 26240K, reserved 1071104K
  class space    used 3678K, capacity 3964K, committed 3968K, reserved 1048576K
Event: 3.313 GC heap after
Heap after GC invocations=6 (full 1):
 PSYoungGen      total 76288K, used 6057K [0x00000000e0000000, 0x00000000e7700000, 0x0000000100000000)
  eden space 65536K, 0% used [0x00000000e0000000,0x00000000e0000000,0x00000000e4000000)
  from space 10752K, 56% used [0x00000000e4000000,0x00000000e45ea7a0,0x00000000e4a80000)
  to   space 13312K, 0% used [0x00000000e6a00000,0x00000000e6a00000,0x00000000e7700000)
 ParOldGen       total 110592K, used 10116K [0x00000000a0000000, 0x00000000a6c00000, 0x00000000e0000000)
  object space 110592K, 9% used [0x00000000a0000000,0x00000000a09e11c8,0x00000000a6c00000)
 Metaspace       used 24907K, capacity 26032K, committed 26240K, reserved 1071104K
  class space    used 3678K, capacity 3964K, committed 3968K, reserved 1048576K
}
Event: 3.960 GC heap before
{Heap before GC invocations=7 (full 1):
 PSYoungGen      total 76288K, used 71593K [0x00000000e0000000, 0x00000000e7700000, 0x0000000100000000)
  eden space 65536K, 100% used [0x00000000e0000000,0x00000000e4000000,0x00000000e4000000)
  from space 10752K, 56% used [0x00000000e4000000,0x00000000e45ea7a0,0x00000000e4a80000)
  to   space 13312K, 0% used [0x00000000e6a00000,0x00000000e6a00000,0x00000000e7700000)
 ParOldGen       total 110592K, used 10116K [0x00000000a0000000, 0x00000000a6c00000, 0x00000000e0000000)
  object space 110592K, 9% used [0x00000000a0000000,0x00000000a09e11c8,0x00000000a6c00000)
 Metaspace       used 32316K, capacity 33822K, committed 34048K, reserved 1079296K
  class space    used 4697K, capacity 5040K, committed 5120K, reserved 1048576K
Event: 3.966 GC heap after
Heap after GC invocations=7 (full 1):
 PSYoungGen      total 108032K, used 10622K [0x00000000e0000000, 0x00000000e7880000, 0x0000000100000000)
  eden space 94720K, 0% used [0x00000000e0000000,0x00000000e0000000,0x00000000e5c80000)
  from space 13312K, 79% used [0x00000000e6a00000,0x00000000e745fae8,0x00000000e7700000)
  to   space 13824K, 0% used [0x00000000e5c80000,0x00000000e5c80000,0x00000000e6a00000)
 ParOldGen       total 110592K, used 10124K [0x00000000a0000000, 0x00000000a6c00000, 0x00000000e0000000)
  object space 110592K, 9% used [0x00000000a0000000,0x00000000a09e31c8,0x00000000a6c00000)
 Metaspace       used 32316K, capacity 33822K, committed 34048K, reserved 1079296K
  class space    used 4697K, capacity 5040K, committed 5120K, reserved 1048576K
}
Event: 4.108 GC heap before
{Heap before GC invocations=8 (full 1):
 PSYoungGen      total 108032K, used 30139K [0x00000000e0000000, 0x00000000e7880000, 0x0000000100000000)
  eden space 94720K, 20% used [0x00000000e0000000,0x00000000e130f228,0x00000000e5c80000)
  from space 13312K, 79% used [0x00000000e6a00000,0x00000000e745fae8,0x00000000e7700000)
  to   space 13824K, 0% used [0x00000000e5c80000,0x00000000e5c80000,0x00000000e6a00000)
 ParOldGen       total 110592K, used 10124K [0x00000000a0000000, 0x00000000a6c00000, 0x00000000e0000000)
  object space 110592K, 9% used [0x00000000a0000000,0x00000000a09e31c8,0x00000000a6c00000)
 Metaspace       used 33817K, capacity 35334K, committed 35456K, reserved 1079296K
  class space    used 4801K, capacity 5152K, committed 5248K, reserved 1048576K
Event: 4.115 GC heap after
Heap after GC invocations=8 (full 1):
 PSYoungGen      total 108544K, used 7886K [0x00000000e0000000, 0x00000000eb100000, 0x0000000100000000)
  eden space 94720K, 0% used [0x00000000e0000000,0x00000000e0000000,0x00000000e5c80000)
  from space 13824K, 57% used [0x00000000e5c80000,0x00000000e6433938,0x00000000e6a00000)
  to   space 13312K, 0% used [0x00000000ea400000,0x00000000ea400000,0x00000000eb100000)
 ParOldGen       total 110592K, used 10132K [0x00000000a0000000, 0x00000000a6c00000, 0x00000000e0000000)
  object space 110592K, 9% used [0x00000000a0000000,0x00000000a09e51c8,0x00000000a6c00000)
 Metaspace       used 33817K, capacity 35334K, committed 35456K, reserved 1079296K
  class space    used 4801K, capacity 5152K, committed 5248K, reserved 1048576K
}
Event: 4.115 GC heap before
{Heap before GC invocations=9 (full 2):
 PSYoungGen      total 108544K, used 7886K [0x00000000e0000000, 0x00000000eb100000, 0x0000000100000000)
  eden space 94720K, 0% used [0x00000000e0000000,0x00000000e0000000,0x00000000e5c80000)
  from space 13824K, 57% used [0x00000000e5c80000,0x00000000e6433938,0x00000000e6a00000)
  to   space 13312K, 0% used [0x00000000ea400000,0x00000000ea400000,0x00000000eb100000)
 ParOldGen       total 110592K, used 10132K [0x00000000a0000000, 0x00000000a6c00000, 0x00000000e0000000)
  object space 110592K, 9% used [0x00000000a0000000,0x00000000a09e51c8,0x00000000a6c00000)
 Metaspace       used 33817K, capacity 35334K, committed 35456K, reserved 1079296K
  class space    used 4801K, capacity 5152K, committed 5248K, reserved 1048576K
Event: 4.153 GC heap after
Heap after GC invocations=9 (full 2):
 PSYoungGen      total 108544K, used 0K [0x00000000e0000000, 0x00000000eb100000, 0x0000000100000000)
  eden space 94720K, 0% used [0x00000000e0000000,0x00000000e0000000,0x00000000e5c80000)
  from space 13824K, 0% used [0x00000000e5c80000,0x00000000e5c80000,0x00000000e6a00000)
  to   space 13312K, 0% used [0x00000000ea400000,0x00000000ea400000,0x00000000eb100000)
 ParOldGen       total 110592K, used 15612K [0x00000000a0000000, 0x00000000a6c00000, 0x00000000e0000000)
  object space 110592K, 14% used [0x00000000a0000000,0x00000000a0f3f3d0,0x00000000a6c00000)
 Metaspace       used 33813K, capacity 35322K, committed 35456K, reserved 1079296K
  class space    used 4799K, capacity 5150K, committed 5248K, reserved 1048576K
}

Deoptimization events (10 events):
Event: 3.337 Thread 0x000000001b01f000 Uncommon trap: reason=unstable_if action=reinterpret pc=0x0000000002f103a8 method=java.util.HashMap.hash(Ljava/lang/Object;)I @ 1
Event: 3.617 Thread 0x000000001b01f000 Uncommon trap: reason=unstable_if action=reinterpret pc=0x000000000313f6ac method=java.lang.ClassLoader.getClassLoadingLock(Ljava/lang/String;)Ljava/lang/Object; @ 6
Event: 3.674 Thread 0x000000001b01f000 Uncommon trap: reason=class_check action=maybe_recompile pc=0x0000000002eeda24 method=java.io.BufferedInputStream.read([BII)I @ 101
Event: 3.675 Thread 0x000000001b01f000 Uncommon trap: reason=class_check action=maybe_recompile pc=0x0000000002eeda24 method=java.io.BufferedInputStream.read([BII)I @ 101
Event: 3.675 Thread 0x000000001b01f000 Uncommon trap: reason=class_check action=maybe_recompile pc=0x0000000002eeda24 method=java.io.BufferedInputStream.read([BII)I @ 101
Event: 3.675 Thread 0x000000001b01f000 Uncommon trap: reason=class_check action=maybe_recompile pc=0x0000000002eeda24 method=java.io.BufferedInputStream.read([BII)I @ 101
Event: 3.676 Thread 0x000000001b01f000 Uncommon trap: reason=bimorphic action=maybe_recompile pc=0x0000000003207dd8 method=java.io.BufferedInputStream.read([BII)I @ 101
Event: 3.676 Thread 0x000000001b01f000 Uncommon trap: reason=bimorphic action=maybe_recompile pc=0x0000000003207dd8 method=java.io.BufferedInputStream.read([BII)I @ 101
Event: 3.677 Thread 0x000000001b01f000 Uncommon trap: reason=bimorphic action=maybe_recompile pc=0x0000000003207dd8 method=java.io.BufferedInputStream.read([BII)I @ 101
Event: 3.920 Thread 0x000000001b01f000 Uncommon trap: reason=unstable_if action=reinterpret pc=0x0000000002e08a50 method=sun.misc.URLClassPath$JarLoader.getResource(Ljava/lang/String;ZLjava/util/Set;)Lsun/misc/Resource; @ 17

Classes redefined (0 events):
No events

Internal exceptions (10 events):
Event: 4.061 Thread 0x000000001b01f000 Exception <a 'java/lang/ClassNotFoundException': org/gradle/internal/metaobject/ConfigureDelegateBeanInfo> (0x00000000e0cdfeb8) thrown at [C:\re\workspace\8-2-build-windows-amd64-cygwin\jdk8u211\12973\hotspot\src\share\vm\classfile\systemDictionary.cpp, l
Event: 4.061 Thread 0x000000001b01f000 Exception <a 'java/lang/ClassNotFoundException': org/gradle/internal/metaobject/ConfigureDelegateCustomizer> (0x00000000e0d185b8) thrown at [C:\re\workspace\8-2-build-windows-amd64-cygwin\jdk8u211\12973\hotspot\src\share\vm\classfile\systemDictionary.cpp,
Event: 4.067 Thread 0x000000001b01f000 Exception <a 'java/lang/ClassNotFoundException': org/gradle/api/internal/initialization/DefaultScriptHandlerBeanInfo> (0x00000000e0dcadd8) thrown at [C:\re\workspace\8-2-build-windows-amd64-cygwin\jdk8u211\12973\hotspot\src\share\vm\classfile\systemDictio
Event: 4.068 Thread 0x000000001b01f000 Exception <a 'java/lang/ClassNotFoundException': org/gradle/api/internal/initialization/DefaultScriptHandlerCustomizer> (0x00000000e0e0cbe0) thrown at [C:\re\workspace\8-2-build-windows-amd64-cygwin\jdk8u211\12973\hotspot\src\share\vm\classfile\systemDict
Event: 4.083 Thread 0x000000001b01f000 Exception <a 'java/lang/ClassNotFoundException': org/gradle/invocation/DefaultGradle_DecoratedBeanInfo> (0x00000000e100a318) thrown at [C:\re\workspace\8-2-build-windows-amd64-cygwin\jdk8u211\12973\hotspot\src\share\vm\classfile\systemDictionary.cpp, line
Event: 4.084 Thread 0x000000001b01f000 Exception <a 'java/lang/ClassNotFoundException': org/gradle/invocation/DefaultGradleBeanInfo> (0x00000000e103ba90) thrown at [C:\re\workspace\8-2-build-windows-amd64-cygwin\jdk8u211\12973\hotspot\src\share\vm\classfile\systemDictionary.cpp, line 210]
Event: 4.085 Thread 0x000000001b01f000 Exception <a 'java/lang/ClassNotFoundException': org/gradle/api/internal/project/AbstractPluginAwareBeanInfo> (0x00000000e1077d38) thrown at [C:\re\workspace\8-2-build-windows-amd64-cygwin\jdk8u211\12973\hotspot\src\share\vm\classfile\systemDictionary.cpp
Event: 4.086 Thread 0x000000001b01f000 Exception <a 'java/lang/ClassNotFoundException': org/gradle/api/internal/project/AbstractPluginAwareCustomizer> (0x00000000e10b48c8) thrown at [C:\re\workspace\8-2-build-windows-amd64-cygwin\jdk8u211\12973\hotspot\src\share\vm\classfile\systemDictionary.c
Event: 4.087 Thread 0x000000001b01f000 Exception <a 'java/lang/ClassNotFoundException': org/gradle/invocation/DefaultGradleCustomizer> (0x00000000e10ee7c0) thrown at [C:\re\workspace\8-2-build-windows-amd64-cygwin\jdk8u211\12973\hotspot\src\share\vm\classfile\systemDictionary.cpp, line 210]
Event: 4.090 Thread 0x000000001b01f000 Exception <a 'java/lang/ClassNotFoundException': org/gradle/invocation/DefaultGradle_DecoratedCustomizer> (0x00000000e1172378) thrown at [C:\re\workspace\8-2-build-windows-amd64-cygwin\jdk8u211\12973\hotspot\src\share\vm\classfile\systemDictionary.cpp, li

Events (10 events):
Event: 4.162 loading class org/codehaus/groovy/ast/ClassNode$MapOfLists
Event: 4.162 loading class org/codehaus/groovy/ast/ClassNode$MapOfLists done
Event: 4.163 loading class org/codehaus/groovy/util/ManagedConcurrentMap$EntryWithValue
Event: 4.163 loading class org/codehaus/groovy/util/ManagedConcurrentMap$EntryWithValue done
Event: 4.163 loading class org/codehaus/groovy/util/ManagedConcurrentMap$Entry
Event: 4.163 loading class org/codehaus/groovy/util/ManagedConcurrentMap$Entry done
Event: 4.164 loading class org/codehaus/groovy/ast/ClassNode
Event: 4.164 loading class org/codehaus/groovy/ast/ClassNode done
Event: 4.165 loading class org/apache/groovy/util/Maps
Event: 4.165 loading class org/apache/groovy/util/Maps done


Dynamic libraries:
0x00007ff68a930000 - 0x00007ff68a967000 	C:\Program Files\Java\jdk1.8.0_211\bin\java.exe
0x00007ffa53090000 - 0x00007ffa53288000 	C:\WINDOWS\SYSTEM32\ntdll.dll
0x00007ffa51eb0000 - 0x00007ffa51f6d000 	C:\WINDOWS\System32\KERNEL32.DLL
0x00007ffa50bf0000 - 0x00007ffa50ebe000 	C:\WINDOWS\System32\KERNELBASE.dll
0x00007ffa514c0000 - 0x00007ffa5156e000 	C:\WINDOWS\System32\ADVAPI32.dll
0x00007ffa52110000 - 0x00007ffa521ae000 	C:\WINDOWS\System32\msvcrt.dll
0x00007ffa51150000 - 0x00007ffa511ec000 	C:\WINDOWS\System32\sechost.dll
0x00007ffa51830000 - 0x00007ffa51955000 	C:\WINDOWS\System32\RPCRT4.dll
0x00007ffa51f70000 - 0x00007ffa52110000 	C:\WINDOWS\System32\USER32.dll
0x00007ffa51030000 - 0x00007ffa51052000 	C:\WINDOWS\System32\win32u.dll
0x00007ffa523d0000 - 0x00007ffa523fa000 	C:\WINDOWS\System32\GDI32.dll
0x00007ffa50a30000 - 0x00007ffa50b3b000 	C:\WINDOWS\System32\gdi32full.dll
0x00007ffa50940000 - 0x00007ffa509dd000 	C:\WINDOWS\System32\msvcp_win.dll
0x00007ffa50ec0000 - 0x00007ffa50fc0000 	C:\WINDOWS\System32\ucrtbase.dll
0x00007ffa3f730000 - 0x00007ffa3f9ca000 	C:\WINDOWS\WinSxS\amd64_microsoft.windows.common-controls_6595b64144ccf1df_6.0.19041.1110_none_60b5254171f9507e\COMCTL32.dll
0x00007ffa51570000 - 0x00007ffa515a0000 	C:\WINDOWS\System32\IMM32.DLL
0x0000000057680000 - 0x0000000057752000 	C:\Program Files\Java\jdk1.8.0_211\jre\bin\msvcr100.dll
0x0000000056dd0000 - 0x0000000057675000 	C:\Program Files\Java\jdk1.8.0_211\jre\bin\server\jvm.dll
0x00007ffa52c80000 - 0x00007ffa52c88000 	C:\WINDOWS\System32\PSAPI.DLL
0x00007ffa4c0b0000 - 0x00007ffa4c0b9000 	C:\WINDOWS\SYSTEM32\WSOCK32.dll
0x00007ffa4e7b0000 - 0x00007ffa4e7ba000 	C:\WINDOWS\SYSTEM32\VERSION.dll
0x00007ffa415c0000 - 0x00007ffa415e7000 	C:\WINDOWS\SYSTEM32\WINMM.dll
0x00007ffa517c0000 - 0x00007ffa5182b000 	C:\WINDOWS\System32\WS2_32.dll
0x00007ffa3d3f0000 - 0x00007ffa3d3ff000 	C:\Program Files\Java\jdk1.8.0_211\jre\bin\verify.dll
0x00007ffa3d250000 - 0x00007ffa3d279000 	C:\Program Files\Java\jdk1.8.0_211\jre\bin\java.dll
0x00007ffa3d3d0000 - 0x00007ffa3d3e6000 	C:\Program Files\Java\jdk1.8.0_211\jre\bin\zip.dll
0x00007ffa52400000 - 0x00007ffa52b44000 	C:\WINDOWS\System32\SHELL32.dll
0x00007ffa4e8b0000 - 0x00007ffa4f044000 	C:\WINDOWS\SYSTEM32\windows.storage.dll
0x00007ffa52c90000 - 0x00007ffa52fe4000 	C:\WINDOWS\System32\combase.dll
0x00007ffa50210000 - 0x00007ffa50240000 	C:\WINDOWS\SYSTEM32\Wldp.dll
0x00007ffa52320000 - 0x00007ffa523cd000 	C:\WINDOWS\System32\SHCORE.dll
0x00007ffa52ff0000 - 0x00007ffa53045000 	C:\WINDOWS\System32\shlwapi.dll
0x00007ffa506f0000 - 0x00007ffa5070f000 	C:\WINDOWS\SYSTEM32\profapi.dll
0x00007ffa3cdf0000 - 0x00007ffa3ce0a000 	C:\Program Files\Java\jdk1.8.0_211\jre\bin\net.dll
0x00007ffa40ec0000 - 0x00007ffa410ac000 	C:\WINDOWS\SYSTEM32\urlmon.dll
0x00007ffa40e90000 - 0x00007ffa40eb8000 	C:\WINDOWS\SYSTEM32\srvcli.dll
0x00007ffa41300000 - 0x00007ffa415b1000 	C:\WINDOWS\SYSTEM32\iertutil.dll
0x00007ffa4fd20000 - 0x00007ffa4fd2c000 	C:\WINDOWS\SYSTEM32\netutils.dll
0x00007ffa4ff70000 - 0x00007ffa4ffda000 	C:\WINDOWS\system32\mswsock.dll
0x00007ffa3cdd0000 - 0x00007ffa3cde2000 	C:\Program Files\Java\jdk1.8.0_211\jre\bin\nio.dll
0x00007ffa28560000 - 0x00007ffa28587000 	C:\Users\jjs815\.gradle\native\e1d6ef7f7dcc3fd88c89a11ec53ec762bb8ba0a96d01ffa2cd45eb1d1d8dd5c5\windows-amd64\native-platform.dll
0x00007ffa15210000 - 0x00007ffa15354000 	C:\Users\jjs815\.gradle\native\0d407fdbe67a94daf76414ababcb853783967236a71b16ec16e742cd7a986fd3\windows-amd64\native-platform-file-events.dll
0x00007ffa3d3a0000 - 0x00007ffa3d3ad000 	C:\Program Files\Java\jdk1.8.0_211\jre\bin\management.dll
0x00007ffa50160000 - 0x00007ffa50178000 	C:\WINDOWS\SYSTEM32\CRYPTSP.dll
0x00007ffa4f880000 - 0x00007ffa4f8b4000 	C:\WINDOWS\system32\rsaenh.dll
0x00007ffa507b0000 - 0x00007ffa507d7000 	C:\WINDOWS\System32\bcrypt.dll
0x00007ffa506b0000 - 0x00007ffa506de000 	C:\WINDOWS\SYSTEM32\USERENV.dll
0x00007ffa51060000 - 0x00007ffa510e2000 	C:\WINDOWS\System32\bcryptprimitives.dll
0x00007ffa50180000 - 0x00007ffa5018c000 	C:\WINDOWS\SYSTEM32\CRYPTBASE.dll
0x00007ffa4fc10000 - 0x00007ffa4fc4b000 	C:\WINDOWS\SYSTEM32\IPHLPAPI.DLL
0x00007ffa51ea0000 - 0x00007ffa51ea8000 	C:\WINDOWS\System32\NSI.dll
0x00007ffa4a740000 - 0x00007ffa4a757000 	C:\WINDOWS\SYSTEM32\dhcpcsvc6.DLL
0x00007ffa4a720000 - 0x00007ffa4a73d000 	C:\WINDOWS\SYSTEM32\dhcpcsvc.DLL
0x00007ffa4fc50000 - 0x00007ffa4fd1b000 	C:\WINDOWS\SYSTEM32\DNSAPI.dll

VM Arguments:
jvm_args: -Xmx1536M -Dfile.encoding=utf8 -Duser.country=KR -Duser.language=ko -Duser.variant 
java_command: org.gradle.launcher.daemon.bootstrap.GradleDaemon 7.4
java_class_path (initial): C:\Users\jjs815\.gradle\wrapper\dists\gradle-7.4-all\aadb4xli5jkdsnukm30eibyiu\gradle-7.4\lib\gradle-launcher-7.4.jar
Launcher Type: SUN_STANDARD

Environment Variables:
JAVA_HOME=C:\Program Files\Java\jdk1.8.0_211
CLASSPATH=.;
PATH=C:\Program Files\Common Files\Oracle\Java\javapath;C:\Program Files\Zulu\zulu-11\bin\;C:\Program Files\NVIDIA GPU Computing Toolkit\CUDA\v11.3\bin;C:\Program Files\NVIDIA GPU Computing Toolkit\CUDA\v11.3\libnvvp;C:\Python39\Scripts\;C:\Python39\;C:\Program Files (x86)\Common Files\Oracle\Java\javapath;C:\Program Files (x86)\NAT Service;C:\ProgramData\Oracle\Java\javapath;C:\WINDOWS\system32;C:\WINDOWS;C:\WINDOWS\System32\Wbem;C:\WINDOWS\System32\WindowsPowerShell\v1.0\;C:\WINDOWS\System32\OpenSSH\;C:\Program Files (x86)\ePapyrus\Papyrus-PlugIn-xfa;C:\Program Files (x86)\ePapyrus\Papyrus-PlugIn-xfa\Addins;C:\Program Files\PuTTY\;C:\python;C:\ProgramData\chocolatey\bin;C:\Program Files (x86)\Yarn;C:\Users\jjs815\AppData\Local\Android\Sdk\platform-tools;C:\Program Files\OpenJDK\openjdk-8u282-b08\bin;C:\Program Files\Java\jdk1.8.0_211\bin;C:\Program Files\Git\cmd;C:\Program Files\nodejs\;C:\Program Files\NVIDIA Corporation\NVIDIA NvDLISR;C:\Program Files\NVIDIA Corporation\Nsight Compute 2021.1.1\;C:\Program Files (x86)\NVIDIA Corporation\PhysX\Common;C:\Program Files\OpenSSL-Win64\bin;C:\Program Files\Java\jdk-11.0.15;C:\Users\jjs815\AppData\Local\Programs\Python\Python38\Scripts\;C:\Users\jjs815\AppData\Local\Programs\Python\Python38\;C:\python\Scripts\;C:\python\;"C:\Users\jjs815\AppData\Local\Microsoft\WindowsApps;%C:\Python27";C:\Users\jjs815\AppData\Local\Microsoft\WindowsApps;C:\Users\jjs815\AppData\Local\Programs\Microsoft VS Code\bin;C:\Program Files (x86)\SoftForum\XecureHSM\;C:\Users\jjs815\AppData\Roaming\npm;C:\Program Files\JetBrains\IntelliJ IDEA Community Edition 2021.3.2\bin;;C:\Users\jjs815\flutter\bin;C:\Users\jjs815\ffmpeg-5.1-full_build\bin;
USERNAME=jjs815
OS=Windows_NT
PROCESSOR_IDENTIFIER=Intel64 Family 6 Model 158 Stepping 9, GenuineIntel



---------------  S Y S T E M  ---------------

OS: Windows 10.0 , 64 bit Build 19041 (10.0.19041.1806)

CPU:total 8 (initial active 8) (4 cores per cpu, 2 threads per core) family 6 model 158 stepping 9, cmov, cx8, fxsr, mmx, sse, sse2, sse3, ssse3, sse4.1, sse4.2, popcnt, avx, avx2, aes, clmul, erms, rtm, 3dnowpref, lzcnt, ht, tsc, tscinvbit, bmi1, bmi2, adx

Memory: 4k page, physical 16687544k(2995828k free), swap 16687544k(16876k free)

vm_info: Java HotSpot(TM) 64-Bit Server VM (25.211-b12) for windows-amd64 JRE (1.8.0_211-b12), built on Apr  1 2019 20:53:26 by "java_re" with MS VC++ 10.0 (VS2010)

time: Mon Jul 25 22:25:04 2022
timezone: 대한민국 표준시
elapsed time: 4 seconds (0d 0h 0m 4s)

