#
# There is insufficient memory for the Java Runtime Environment to continue.
# Native memory allocation (malloc) failed to allocate 850896 bytes for Chunk::new
# Possible reasons:
#   The system is out of physical RAM or swap space
#   The process is running with CompressedOops enabled, and the Java Heap may be blocking the growth of the native heap
# Possible solutions:
#   Reduce memory load on the system
#   Increase physical memory or swap space
#   Check if swap backing store is full
#   Decrease Java heap size (-Xmx/-Xms)
#   Decrease number of Java threads
#   Decrease Java thread stack sizes (-Xss)
#   Set larger code cache with -XX:ReservedCodeCacheSize=
#   JVM is running with Unscaled Compressed Oops mode in which the Java heap is
#     placed in the first 4GB address space. The Java Heap base address is the
#     maximum limit for the native heap growth. Please use -XX:HeapBaseMinAddress
#     to set the Java Heap base and to place the Java Heap above 4GB virtual address.
# This output file may be truncated or incomplete.
#
#  Out of Memory Error (arena.cpp:189), pid=30164, tid=20272
#
# JRE version: OpenJDK Runtime Environment Temurin-17.0.3+7 (17.0.3+7) (build 17.0.3+7)
# Java VM: OpenJDK 64-Bit Server VM Temurin-17.0.3+7 (17.0.3+7, mixed mode, tiered, compressed oops, compressed class ptrs, parallel gc, windows-amd64)
# No core dump will be written. Minidumps are not enabled by default on client versions of Windows
#

---------------  S U M M A R Y ------------

Command Line: --add-modules=ALL-SYSTEM --add-opens=java.base/java.util=ALL-UNNAMED --add-opens=java.base/java.lang=ALL-UNNAMED --add-opens=java.base/sun.nio.fs=ALL-UNNAMED -Declipse.application=org.eclipse.jdt.ls.core.id1 -Dosgi.bundles.defaultStartLevel=4 -Declipse.product=org.eclipse.jdt.ls.core.product -Djava.import.generatesMetadataFilesAtProjectRoot=false -Dfile.encoding=utf8 -DwatchParentProcess=false -XX:+UseParallelGC -XX:GCTimeRatio=4 -XX:AdaptiveSizePolicyWeight=90 -Dsun.zip.disableMemoryMapping=true -Xmx1G -Xms100m -javaagent:c:\Users\jjs815\.vscode\extensions\redhat.java-1.9.0-win32-x64\lombok\lombok-1.18.24.jar -XX:+HeapDumpOnOutOfMemoryError -XX:HeapDumpPath=c:\Users\jjs815\AppData\Roaming\Code\User\workspaceStorage\d608b88811175971a67a8057766062d0\redhat.java c:\Users\jjs815\.vscode\extensions\redhat.java-1.9.0-win32-x64\server\plugins\org.eclipse.equinox.launcher_1.6.400.v20210924-0641.jar -configuration c:\Users\jjs815\AppData\Roaming\Code\User\globalStorage\redhat.java\1.9.0\config_win -data c:\Users\jjs815\AppData\Roaming\Code\User\workspaceStorage\d608b88811175971a67a8057766062d0\redhat.java\jdt_ws

Host: Intel(R) Core(TM) i7-7700 CPU @ 3.60GHz, 8 cores, 15G,  Windows 10 , 64 bit Build 19041 (10.0.19041.1806)
Time: Fri Jul 22 23:02:22 2022  Windows 10 , 64 bit Build 19041 (10.0.19041.1806) elapsed time: 4.503163 seconds (0d 0h 0m 4s)

---------------  T H R E A D  ---------------

Current thread (0x0000024d72d48830):  JavaThread "C2 CompilerThread1" daemon [_thread_in_native, id=20272, stack(0x0000008a9dd00000,0x0000008a9de00000)]


Current CompileTask:
C2:   4503 4914   !   4       org.eclipse.osgi.internal.loader.BundleLoader::findClass0 (466 bytes)

Stack: [0x0000008a9dd00000,0x0000008a9de00000]
Native frames: (J=compiled Java code, j=interpreted, Vv=VM code, C=native code)
V  [jvm.dll+0x675efa]
V  [jvm.dll+0x830a24]
V  [jvm.dll+0x8321ce]
V  [jvm.dll+0x832833]
V  [jvm.dll+0x2454b5]
V  [jvm.dll+0xabd7b]
V  [jvm.dll+0xac30c]
V  [jvm.dll+0x2ac5bf]
V  [jvm.dll+0x57cd09]
V  [jvm.dll+0x22056d]
V  [jvm.dll+0x22094f]
V  [jvm.dll+0x21a1b5]
V  [jvm.dll+0x21767b]
V  [jvm.dll+0x1a3ccd]
V  [jvm.dll+0x227178]
V  [jvm.dll+0x2252bc]
V  [jvm.dll+0x7e673b]
V  [jvm.dll+0x7e0cfa]
V  [jvm.dll+0x674d85]
C  [ucrtbase.dll+0x21bb2]
C  [KERNEL32.DLL+0x17034]
C  [ntdll.dll+0x52651]


---------------  P R O C E S S  ---------------

Threads class SMR info:
_java_thread_list=0x0000024d7647ea10, length=32, elements={
0x0000024d5c4b6d10, 0x0000024d703373c0, 0x0000024d703388a0, 0x0000024d72928940,
0x0000024d72901320, 0x0000024d72904390, 0x0000024d72904c50, 0x0000024d72948f90,
0x0000024d7294a030, 0x0000024d729538a0, 0x0000024d72a65030, 0x0000024d72c38c30,
0x0000024d72d48830, 0x0000024d72d50090, 0x0000024d740966b0, 0x0000024d742e16f0,
0x0000024d74434600, 0x0000024d74157760, 0x0000024d745954b0, 0x0000024d7442b740,
0x0000024d733378c0, 0x0000024d73336f20, 0x0000024d733373f0, 0x0000024d73338c00,
0x0000024d73337d90, 0x0000024d73338260, 0x0000024d733390d0, 0x0000024d73339a70,
0x0000024d733395a0, 0x0000024d73336580, 0x0000024d791b10d0, 0x0000024d791b3750
}

Java Threads: ( => current thread )
  0x0000024d5c4b6d10 JavaThread "main" [_thread_blocked, id=30692, stack(0x0000008a9ce00000,0x0000008a9cf00000)]
  0x0000024d703373c0 JavaThread "Reference Handler" daemon [_thread_blocked, id=30096, stack(0x0000008a9d100000,0x0000008a9d200000)]
  0x0000024d703388a0 JavaThread "Finalizer" daemon [_thread_blocked, id=19908, stack(0x0000008a9d200000,0x0000008a9d300000)]
  0x0000024d72928940 JavaThread "Signal Dispatcher" daemon [_thread_blocked, id=24272, stack(0x0000008a9d300000,0x0000008a9d400000)]
  0x0000024d72901320 JavaThread "Attach Listener" daemon [_thread_blocked, id=21252, stack(0x0000008a9d400000,0x0000008a9d500000)]
  0x0000024d72904390 JavaThread "Service Thread" daemon [_thread_blocked, id=7828, stack(0x0000008a9d500000,0x0000008a9d600000)]
  0x0000024d72904c50 JavaThread "Monitor Deflation Thread" daemon [_thread_blocked, id=20244, stack(0x0000008a9d600000,0x0000008a9d700000)]
  0x0000024d72948f90 JavaThread "C2 CompilerThread0" daemon [_thread_blocked, id=26788, stack(0x0000008a9d700000,0x0000008a9d800000)]
  0x0000024d7294a030 JavaThread "C1 CompilerThread0" daemon [_thread_blocked, id=32056, stack(0x0000008a9d800000,0x0000008a9d900000)]
  0x0000024d729538a0 JavaThread "Sweeper thread" daemon [_thread_blocked, id=27132, stack(0x0000008a9d900000,0x0000008a9da00000)]
  0x0000024d72a65030 JavaThread "Common-Cleaner" daemon [_thread_blocked, id=29336, stack(0x0000008a9da00000,0x0000008a9db00000)]
  0x0000024d72c38c30 JavaThread "Notification Thread" daemon [_thread_blocked, id=9100, stack(0x0000008a9db00000,0x0000008a9dc00000)]
=>0x0000024d72d48830 JavaThread "C2 CompilerThread1" daemon [_thread_in_native, id=20272, stack(0x0000008a9dd00000,0x0000008a9de00000)]
  0x0000024d72d50090 JavaThread "C2 CompilerThread2" daemon [_thread_blocked, id=17424, stack(0x0000008a9de00000,0x0000008a9df00000)]
  0x0000024d740966b0 JavaThread "Active Thread: Equinox Container: a701ea27-cc5b-4e5f-a0e9-3c21ef16f662" [_thread_blocked, id=11256, stack(0x0000008a9e500000,0x0000008a9e600000)]
  0x0000024d742e16f0 JavaThread "Framework Event Dispatcher: Equinox Container: a701ea27-cc5b-4e5f-a0e9-3c21ef16f662" daemon [_thread_blocked, id=7292, stack(0x0000008a9e600000,0x0000008a9e700000)]
  0x0000024d74434600 JavaThread "Start Level: Equinox Container: a701ea27-cc5b-4e5f-a0e9-3c21ef16f662" daemon [_thread_blocked, id=28732, stack(0x0000008a9e700000,0x0000008a9e800000)]
  0x0000024d74157760 JavaThread "SCR Component Actor" daemon [_thread_blocked, id=17640, stack(0x0000008a9e800000,0x0000008a9e900000)]
  0x0000024d745954b0 JavaThread "SCR Component Registry" daemon [_thread_blocked, id=16644, stack(0x0000008a9ea00000,0x0000008a9eb00000)]
  0x0000024d7442b740 JavaThread "Worker-JM" [_thread_blocked, id=32044, stack(0x0000008a9eb00000,0x0000008a9ec00000)]
  0x0000024d733378c0 JavaThread "Worker-0: Updating Maven Dependencies" [_thread_blocked, id=26332, stack(0x0000008a9ec00000,0x0000008a9ed00000)]
  0x0000024d73336f20 JavaThread "Worker-1" [_thread_blocked, id=27204, stack(0x0000008a9ed00000,0x0000008a9ee00000)]
  0x0000024d733373f0 JavaThread "Java indexing" daemon [_thread_blocked, id=21404, stack(0x0000008a9ee00000,0x0000008a9ef00000)]
  0x0000024d73338c00 JavaThread "pool-1-thread-1" [_thread_blocked, id=21304, stack(0x0000008a9ef00000,0x0000008a9f000000)]
  0x0000024d73337d90 JavaThread "Worker-2" [_thread_blocked, id=15496, stack(0x0000008a9f000000,0x0000008a9f100000)]
  0x0000024d73338260 JavaThread "Worker-3: Initialize Workspace" [_thread_blocked, id=14904, stack(0x0000008a9f100000,0x0000008a9f200000)]
  0x0000024d733390d0 JavaThread "Worker-4: Synchronize Gradle projects with workspace" [_thread_blocked, id=1888, stack(0x0000008a9f200000,0x0000008a9f300000)]
  0x0000024d73339a70 JavaThread "Timer-0" [_thread_blocked, id=29668, stack(0x0000008a9f300000,0x0000008a9f400000)]
  0x0000024d733395a0 JavaThread "Timer-1" [_thread_blocked, id=20920, stack(0x0000008a9f400000,0x0000008a9f500000)]
  0x0000024d73336580 JavaThread "Timer-2" [_thread_blocked, id=24860, stack(0x0000008a9f500000,0x0000008a9f600000)]
  0x0000024d791b10d0 JavaThread "Timer-3" [_thread_blocked, id=21044, stack(0x0000008a9f600000,0x0000008a9f700000)]
  0x0000024d791b3750 JavaThread "Connection worker" [_thread_in_native, id=19352, stack(0x0000008a9f700000,0x0000008a9f800000)]

Other Threads:
  0x0000024d703319a0 VMThread "VM Thread" [stack: 0x0000008a9d000000,0x0000008a9d100000] [id=26184]
  0x0000024d72c38420 WatcherThread [stack: 0x0000008a9dc00000,0x0000008a9dd00000] [id=20240]
  0x0000024d5c4cc0d0 GCTaskThread "GC Thread#0" [stack: 0x0000008a9cf00000,0x0000008a9d000000] [id=14216]
  0x0000024d733d9640 GCTaskThread "GC Thread#1" [stack: 0x0000008a9df00000,0x0000008a9e000000] [id=10756]
  0x0000024d733d9ba0 GCTaskThread "GC Thread#2" [stack: 0x0000008a9e000000,0x0000008a9e100000] [id=28164]
  0x0000024d733d9e50 GCTaskThread "GC Thread#3" [stack: 0x0000008a9e100000,0x0000008a9e200000] [id=20880]
  0x0000024d733d98f0 GCTaskThread "GC Thread#4" [stack: 0x0000008a9e200000,0x0000008a9e300000] [id=12556]
  0x0000024d733da100 GCTaskThread "GC Thread#5" [stack: 0x0000008a9e300000,0x0000008a9e400000] [id=12424]
  0x0000024d733da3b0 GCTaskThread "GC Thread#6" [stack: 0x0000008a9e400000,0x0000008a9e500000] [id=32352]
  0x0000024d733d8e30 GCTaskThread "GC Thread#7" [stack: 0x0000008a9e900000,0x0000008a9ea00000] [id=24840]

Threads with active compile tasks:
C2 CompilerThread1     4538 4914   !   4       org.eclipse.osgi.internal.loader.BundleLoader::findClass0 (466 bytes)
C2 CompilerThread2     4538 4965   !   4       java.util.AbstractList$Itr::next (46 bytes)

VM state: not at safepoint (normal execution)

VM Mutex/Monitor currently owned by a thread: None

Heap address: 0x00000000c0000000, size: 1024 MB, Compressed Oops mode: 32-bit

CDS archive(s) not mapped
Compressed class space mapped at: 0x0000000100000000-0x0000000140000000, reserved size: 1073741824
Narrow klass base: 0x0000000000000000, Narrow klass shift: 3, Narrow klass range: 0x140000000

GC Precious Log:
 CPUs: 8 total, 8 available
 Memory: 16296M
 Large Page Support: Disabled
 NUMA Support: Disabled
 Compressed Oops: Enabled (32-bit)
 Alignments: Space 512K, Generation 512K, Heap 2M
 Heap Min Capacity: 100M
 Heap Initial Capacity: 100M
 Heap Max Capacity: 1G
 Pre-touch: Disabled
 Parallel Workers: 8

Heap:
 PSYoungGen      total 24064K, used 19253K [0x00000000eab00000, 0x00000000ec600000, 0x0000000100000000)
  eden space 21504K, 77% used [0x00000000eab00000,0x00000000ebb4f348,0x00000000ec000000)
  from space 2560K, 99% used [0x00000000ec380000,0x00000000ec5fe388,0x00000000ec600000)
  to   space 1024K, 0% used [0x00000000ec080000,0x00000000ec080000,0x00000000ec180000)
 ParOldGen       total 68608K, used 30588K [0x00000000c0000000, 0x00000000c4300000, 0x00000000eab00000)
  object space 68608K, 44% used [0x00000000c0000000,0x00000000c1ddf1d0,0x00000000c4300000)
 Metaspace       used 51476K, committed 52288K, reserved 1097728K
  class space    used 5962K, committed 6272K, reserved 1048576K

Card table byte_map: [0x0000024d5be70000,0x0000024d5c080000] _byte_map_base: 0x0000024d5b870000

Marking Bits: (ParMarkBitMap*) 0x00007ffe39d24b80
 Begin Bits: [0x0000024d6e140000, 0x0000024d6f140000)
 End Bits:   [0x0000024d6f140000, 0x0000024d70140000)

Polling page: 0x0000024d5a450000

Metaspace:

Usage:
  Non-class:     44.45 MB used.
      Class:      5.82 MB used.
       Both:     50.27 MB used.

Virtual space:
  Non-class space:       48.00 MB reserved,      44.94 MB ( 94%) committed,  6 nodes.
      Class space:        1.00 GB reserved,       6.12 MB ( <1%) committed,  1 nodes.
             Both:        1.05 GB reserved,      51.06 MB (  5%) committed. 

Chunk freelists:
   Non-Class:  3.09 MB
       Class:  1.89 MB
        Both:  4.98 MB

MaxMetaspaceSize: unlimited
CompressedClassSpaceSize: 1.00 GB
Initial GC threshold: 21.00 MB
Current GC threshold: 58.38 MB
CDS: off
MetaspaceReclaimPolicy: balanced
 - commit_granule_bytes: 65536.
 - commit_granule_words: 8192.
 - virtual_space_node_default_size: 1048576.
 - enlarge_chunks_in_place: 1.
 - new_chunks_are_fully_committed: 0.
 - uncommit_free_chunks: 1.
 - use_allocation_guard: 0.
 - handle_deallocations: 1.


Internal statistics:

num_allocs_failed_limit: 6.
num_arena_births: 364.
num_arena_deaths: 14.
num_vsnodes_births: 7.
num_vsnodes_deaths: 0.
num_space_committed: 817.
num_space_uncommitted: 0.
num_chunks_returned_to_freelist: 20.
num_chunks_taken_from_freelist: 2201.
num_chunk_merges: 10.
num_chunk_splits: 1449.
num_chunks_enlarged: 962.
num_purges: 2.
num_inconsistent_stats: 0.

CodeHeap 'non-profiled nmethods': size=120000Kb used=2746Kb max_used=2746Kb free=117253Kb
 bounds [0x0000024d66c10000, 0x0000024d66ec0000, 0x0000024d6e140000]
CodeHeap 'profiled nmethods': size=120000Kb used=10137Kb max_used=10137Kb free=109862Kb
 bounds [0x0000024d5f6e0000, 0x0000024d600d0000, 0x0000024d66c10000]
CodeHeap 'non-nmethods': size=5760Kb used=1281Kb max_used=1386Kb free=4478Kb
 bounds [0x0000024d5f140000, 0x0000024d5f3b0000, 0x0000024d5f6e0000]
 total_blobs=5555 nmethods=4948 adapters=521
 compilation: enabled
              stopped_count=0, restarted_count=0
 full_count=0

Compilation events (20 events):
Event: 4.457 Thread 0x0000024d72d50090 4942       4       java.lang.AbstractStringBuilder::<init> (63 bytes)
Event: 4.457 Thread 0x0000024d7294a030 4941       3       sun.reflect.annotation.AnnotationParser::parseMemberValue (232 bytes)
Event: 4.458 Thread 0x0000024d72948f90 4943       4       jdk.internal.reflect.ClassFileAssembler::emitConstantPoolUTF8 (50 bytes)
Event: 4.459 Thread 0x0000024d7294a030 nmethod 4941 0x0000024d600b4b90 code [0x0000024d600b5080, 0x0000024d600b75e8]
Event: 4.460 Thread 0x0000024d7294a030 4944       3       java.lang.WeakPairMap$Pair$Lookup::equals (31 bytes)
Event: 4.461 Thread 0x0000024d7294a030 nmethod 4944 0x0000024d600b8310 code [0x0000024d600b8500, 0x0000024d600b8bb8]
Event: 4.461 Thread 0x0000024d7294a030 4945       3       jdk.internal.org.objectweb.asm.SymbolTable$Entry::<init> (18 bytes)
Event: 4.461 Thread 0x0000024d7294a030 nmethod 4945 0x0000024d600b8d10 code [0x0000024d600b8ec0, 0x0000024d600b9048]
Event: 4.462 Thread 0x0000024d7294a030 4947       3       java.lang.PublicMethods$MethodList::getMostSpecific (63 bytes)
Event: 4.462 Thread 0x0000024d7294a030 nmethod 4947 0x0000024d600b9110 code [0x0000024d600b92c0, 0x0000024d600b95c8]
Event: 4.464 Thread 0x0000024d7294a030 4948       1       org.gradle.internal.event.DefaultListenerManager::getAnnotation (3 bytes)
Event: 4.464 Thread 0x0000024d7294a030 nmethod 4948 0x0000024d66eba210 code [0x0000024d66eba3a0, 0x0000024d66eba478]
Event: 4.465 Thread 0x0000024d7294a030 4949       3       jdk.internal.reflect.MethodAccessorImpl::<init> (5 bytes)
Event: 4.465 Thread 0x0000024d72d50090 nmethod 4942 0x0000024d66eba510 code [0x0000024d66eba6c0, 0x0000024d66ebaf88]
Event: 4.465 Thread 0x0000024d72d50090 4946       4       jdk.internal.org.objectweb.asm.Frame::push (109 bytes)
Event: 4.465 Thread 0x0000024d7294a030 nmethod 4949 0x0000024d600b9790 code [0x0000024d600b9940, 0x0000024d600b9af8]
Event: 4.466 Thread 0x0000024d72d50090 nmethod 4946 0x0000024d66ebb490 code [0x0000024d66ebb620, 0x0000024d66ebb818]
Event: 4.468 Thread 0x0000024d7294a030 4950       3       java.net.URLClassLoader::definePackage (274 bytes)
Event: 4.470 Thread 0x0000024d72948f90 nmethod 4943 0x0000024d66ebb990 code [0x0000024d66ebbba0, 0x0000024d66ebc4f0]
Event: 4.471 Thread 0x0000024d7294a030 nmethod 4950 0x0000024d600b9c10 code [0x0000024d600ba280, 0x0000024d600be0f8]

GC Heap History (20 events):
Event: 2.715 GC heap before
{Heap before GC invocations=11 (full 2):
 PSYoungGen      total 25600K, used 1912K [0x00000000eab00000, 0x00000000ec800000, 0x0000000100000000)
  eden space 23552K, 0% used [0x00000000eab00000,0x00000000eab00000,0x00000000ec200000)
  from space 2048K, 93% used [0x00000000ec200000,0x00000000ec3de230,0x00000000ec400000)
  to   space 3072K, 0% used [0x00000000ec500000,0x00000000ec500000,0x00000000ec800000)
 ParOldGen       total 68608K, used 10626K [0x00000000c0000000, 0x00000000c4300000, 0x00000000eab00000)
  object space 68608K, 15% used [0x00000000c0000000,0x00000000c0a60878,0x00000000c4300000)
 Metaspace       used 35190K, committed 35840K, reserved 1081344K
  class space    used 3602K, committed 3904K, reserved 1048576K
}
Event: 2.734 GC heap after
{Heap after GC invocations=11 (full 2):
 PSYoungGen      total 25600K, used 0K [0x00000000eab00000, 0x00000000ec800000, 0x0000000100000000)
  eden space 23552K, 0% used [0x00000000eab00000,0x00000000eab00000,0x00000000ec200000)
  from space 2048K, 0% used [0x00000000ec200000,0x00000000ec200000,0x00000000ec400000)
  to   space 3072K, 0% used [0x00000000ec500000,0x00000000ec500000,0x00000000ec800000)
 ParOldGen       total 68608K, used 12185K [0x00000000c0000000, 0x00000000c4300000, 0x00000000eab00000)
  object space 68608K, 17% used [0x00000000c0000000,0x00000000c0be6708,0x00000000c4300000)
 Metaspace       used 35190K, committed 35840K, reserved 1081344K
  class space    used 3602K, committed 3904K, reserved 1048576K
}
Event: 2.892 GC heap before
{Heap before GC invocations=12 (full 2):
 PSYoungGen      total 25600K, used 23552K [0x00000000eab00000, 0x00000000ec800000, 0x0000000100000000)
  eden space 23552K, 100% used [0x00000000eab00000,0x00000000ec200000,0x00000000ec200000)
  from space 2048K, 0% used [0x00000000ec200000,0x00000000ec200000,0x00000000ec400000)
  to   space 3072K, 0% used [0x00000000ec500000,0x00000000ec500000,0x00000000ec800000)
 ParOldGen       total 68608K, used 12185K [0x00000000c0000000, 0x00000000c4300000, 0x00000000eab00000)
  object space 68608K, 17% used [0x00000000c0000000,0x00000000c0be6708,0x00000000c4300000)
 Metaspace       used 38161K, committed 38848K, reserved 1089536K
  class space    used 4036K, committed 4352K, reserved 1048576K
}
Event: 2.894 GC heap after
{Heap after GC invocations=12 (full 2):
 PSYoungGen      total 25088K, used 1804K [0x00000000eab00000, 0x00000000ec700000, 0x0000000100000000)
  eden space 23040K, 0% used [0x00000000eab00000,0x00000000eab00000,0x00000000ec180000)
  from space 2048K, 88% used [0x00000000ec500000,0x00000000ec6c3088,0x00000000ec700000)
  to   space 2048K, 0% used [0x00000000ec300000,0x00000000ec300000,0x00000000ec500000)
 ParOldGen       total 68608K, used 12193K [0x00000000c0000000, 0x00000000c4300000, 0x00000000eab00000)
  object space 68608K, 17% used [0x00000000c0000000,0x00000000c0be8708,0x00000000c4300000)
 Metaspace       used 38161K, committed 38848K, reserved 1089536K
  class space    used 4036K, committed 4352K, reserved 1048576K
}
Event: 3.047 GC heap before
{Heap before GC invocations=13 (full 2):
 PSYoungGen      total 25088K, used 23001K [0x00000000eab00000, 0x00000000ec700000, 0x0000000100000000)
  eden space 23040K, 92% used [0x00000000eab00000,0x00000000ebfb3440,0x00000000ec180000)
  from space 2048K, 88% used [0x00000000ec500000,0x00000000ec6c3088,0x00000000ec700000)
  to   space 2048K, 0% used [0x00000000ec300000,0x00000000ec300000,0x00000000ec500000)
 ParOldGen       total 68608K, used 12193K [0x00000000c0000000, 0x00000000c4300000, 0x00000000eab00000)
  object space 68608K, 17% used [0x00000000c0000000,0x00000000c0be8708,0x00000000c4300000)
 Metaspace       used 39950K, committed 40704K, reserved 1089536K
  class space    used 4259K, committed 4544K, reserved 1048576K
}
Event: 3.049 GC heap after
{Heap after GC invocations=13 (full 2):
 PSYoungGen      total 23552K, used 912K [0x00000000eab00000, 0x00000000ec580000, 0x0000000100000000)
  eden space 22528K, 0% used [0x00000000eab00000,0x00000000eab00000,0x00000000ec100000)
  from space 1024K, 89% used [0x00000000ec300000,0x00000000ec3e4010,0x00000000ec400000)
  to   space 1536K, 0% used [0x00000000ec400000,0x00000000ec400000,0x00000000ec580000)
 ParOldGen       total 68608K, used 13846K [0x00000000c0000000, 0x00000000c4300000, 0x00000000eab00000)
  object space 68608K, 20% used [0x00000000c0000000,0x00000000c0d85960,0x00000000c4300000)
 Metaspace       used 39950K, committed 40704K, reserved 1089536K
  class space    used 4259K, committed 4544K, reserved 1048576K
}
Event: 3.136 GC heap before
{Heap before GC invocations=14 (full 2):
 PSYoungGen      total 23552K, used 23440K [0x00000000eab00000, 0x00000000ec580000, 0x0000000100000000)
  eden space 22528K, 100% used [0x00000000eab00000,0x00000000ec100000,0x00000000ec100000)
  from space 1024K, 89% used [0x00000000ec300000,0x00000000ec3e4010,0x00000000ec400000)
  to   space 1536K, 0% used [0x00000000ec400000,0x00000000ec400000,0x00000000ec580000)
 ParOldGen       total 68608K, used 13846K [0x00000000c0000000, 0x00000000c4300000, 0x00000000eab00000)
  object space 68608K, 20% used [0x00000000c0000000,0x00000000c0d85b40,0x00000000c4300000)
 Metaspace       used 40609K, committed 41344K, reserved 1089536K
  class space    used 4334K, committed 4608K, reserved 1048576K
}
Event: 3.137 GC heap after
{Heap after GC invocations=14 (full 2):
 PSYoungGen      total 23040K, used 1520K [0x00000000eab00000, 0x00000000ec900000, 0x0000000100000000)
  eden space 21504K, 0% used [0x00000000eab00000,0x00000000eab00000,0x00000000ec000000)
  from space 1536K, 99% used [0x00000000ec400000,0x00000000ec57c300,0x00000000ec580000)
  to   space 4096K, 0% used [0x00000000ec000000,0x00000000ec000000,0x00000000ec400000)
 ParOldGen       total 68608K, used 15806K [0x00000000c0000000, 0x00000000c4300000, 0x00000000eab00000)
  object space 68608K, 23% used [0x00000000c0000000,0x00000000c0f6fb70,0x00000000c4300000)
 Metaspace       used 40609K, committed 41344K, reserved 1089536K
  class space    used 4334K, committed 4608K, reserved 1048576K
}
Event: 3.323 GC heap before
{Heap before GC invocations=15 (full 2):
 PSYoungGen      total 23040K, used 23024K [0x00000000eab00000, 0x00000000ec900000, 0x0000000100000000)
  eden space 21504K, 100% used [0x00000000eab00000,0x00000000ec000000,0x00000000ec000000)
  from space 1536K, 99% used [0x00000000ec400000,0x00000000ec57c300,0x00000000ec580000)
  to   space 4096K, 0% used [0x00000000ec000000,0x00000000ec000000,0x00000000ec400000)
 ParOldGen       total 68608K, used 15811K [0x00000000c0000000, 0x00000000c4300000, 0x00000000eab00000)
  object space 68608K, 23% used [0x00000000c0000000,0x00000000c0f70f78,0x00000000c4300000)
 Metaspace       used 42587K, committed 43264K, reserved 1089536K
  class space    used 4583K, committed 4864K, reserved 1048576K
}
Event: 3.325 GC heap after
{Heap after GC invocations=15 (full 2):
 PSYoungGen      total 24576K, used 2624K [0x00000000eab00000, 0x00000000ec600000, 0x0000000100000000)
  eden space 21504K, 0% used [0x00000000eab00000,0x00000000eab00000,0x00000000ec000000)
  from space 3072K, 85% used [0x00000000ec000000,0x00000000ec290000,0x00000000ec300000)
  to   space 3072K, 0% used [0x00000000ec300000,0x00000000ec300000,0x00000000ec600000)
 ParOldGen       total 68608K, used 16642K [0x00000000c0000000, 0x00000000c4300000, 0x00000000eab00000)
  object space 68608K, 24% used [0x00000000c0000000,0x00000000c1040a30,0x00000000c4300000)
 Metaspace       used 42587K, committed 43264K, reserved 1089536K
  class space    used 4583K, committed 4864K, reserved 1048576K
}
Event: 3.575 GC heap before
{Heap before GC invocations=16 (full 2):
 PSYoungGen      total 24576K, used 24128K [0x00000000eab00000, 0x00000000ec600000, 0x0000000100000000)
  eden space 21504K, 100% used [0x00000000eab00000,0x00000000ec000000,0x00000000ec000000)
  from space 3072K, 85% used [0x00000000ec000000,0x00000000ec290000,0x00000000ec300000)
  to   space 3072K, 0% used [0x00000000ec300000,0x00000000ec300000,0x00000000ec600000)
 ParOldGen       total 68608K, used 16642K [0x00000000c0000000, 0x00000000c4300000, 0x00000000eab00000)
  object space 68608K, 24% used [0x00000000c0000000,0x00000000c1040a30,0x00000000c4300000)
 Metaspace       used 45014K, committed 45760K, reserved 1089536K
  class space    used 4895K, committed 5248K, reserved 1048576K
}
Event: 3.577 GC heap after
{Heap after GC invocations=16 (full 2):
 PSYoungGen      total 23040K, used 1184K [0x00000000eab00000, 0x00000000ec480000, 0x0000000100000000)
  eden space 21504K, 0% used [0x00000000eab00000,0x00000000eab00000,0x00000000ec000000)
  from space 1536K, 77% used [0x00000000ec300000,0x00000000ec428000,0x00000000ec480000)
  to   space 2048K, 0% used [0x00000000ec080000,0x00000000ec080000,0x00000000ec280000)
 ParOldGen       total 68608K, used 19177K [0x00000000c0000000, 0x00000000c4300000, 0x00000000eab00000)
  object space 68608K, 27% used [0x00000000c0000000,0x00000000c12ba5b0,0x00000000c4300000)
 Metaspace       used 45014K, committed 45760K, reserved 1089536K
  class space    used 4895K, committed 5248K, reserved 1048576K
}
Event: 3.762 GC heap before
{Heap before GC invocations=17 (full 2):
 PSYoungGen      total 23040K, used 20612K [0x00000000eab00000, 0x00000000ec480000, 0x0000000100000000)
  eden space 21504K, 90% used [0x00000000eab00000,0x00000000ebdf9328,0x00000000ec000000)
  from space 1536K, 77% used [0x00000000ec300000,0x00000000ec428000,0x00000000ec480000)
  to   space 2048K, 0% used [0x00000000ec080000,0x00000000ec080000,0x00000000ec280000)
 ParOldGen       total 68608K, used 19177K [0x00000000c0000000, 0x00000000c4300000, 0x00000000eab00000)
  object space 68608K, 27% used [0x00000000c0000000,0x00000000c12ba5b0,0x00000000c4300000)
 Metaspace       used 46858K, committed 47680K, reserved 1097728K
  class space    used 5153K, committed 5504K, reserved 1048576K
}
Event: 3.765 GC heap after
{Heap after GC invocations=17 (full 2):
 PSYoungGen      total 23552K, used 2025K [0x00000000eab00000, 0x00000000ecb00000, 0x0000000100000000)
  eden space 21504K, 0% used [0x00000000eab00000,0x00000000eab00000,0x00000000ec000000)
  from space 2048K, 98% used [0x00000000ec080000,0x00000000ec27a590,0x00000000ec280000)
  to   space 5632K, 0% used [0x00000000ec580000,0x00000000ec580000,0x00000000ecb00000)
 ParOldGen       total 68608K, used 21758K [0x00000000c0000000, 0x00000000c4300000, 0x00000000eab00000)
  object space 68608K, 31% used [0x00000000c0000000,0x00000000c153f880,0x00000000c4300000)
 Metaspace       used 46858K, committed 47680K, reserved 1097728K
  class space    used 5153K, committed 5504K, reserved 1048576K
}
Event: 3.987 GC heap before
{Heap before GC invocations=18 (full 2):
 PSYoungGen      total 23552K, used 23529K [0x00000000eab00000, 0x00000000ecb00000, 0x0000000100000000)
  eden space 21504K, 100% used [0x00000000eab00000,0x00000000ec000000,0x00000000ec000000)
  from space 2048K, 98% used [0x00000000ec080000,0x00000000ec27a590,0x00000000ec280000)
  to   space 5632K, 0% used [0x00000000ec580000,0x00000000ec580000,0x00000000ecb00000)
 ParOldGen       total 68608K, used 21758K [0x00000000c0000000, 0x00000000c4300000, 0x00000000eab00000)
  object space 68608K, 31% used [0x00000000c0000000,0x00000000c153f880,0x00000000c4300000)
 Metaspace       used 48342K, committed 49152K, reserved 1097728K
  class space    used 5417K, committed 5760K, reserved 1048576K
}
Event: 3.989 GC heap after
{Heap after GC invocations=18 (full 2):
 PSYoungGen      total 26624K, used 4725K [0x00000000eab00000, 0x00000000eca80000, 0x0000000100000000)
  eden space 21504K, 0% used [0x00000000eab00000,0x00000000eab00000,0x00000000ec000000)
  from space 5120K, 92% used [0x00000000ec580000,0x00000000eca1d748,0x00000000eca80000)
  to   space 5120K, 0% used [0x00000000ec080000,0x00000000ec080000,0x00000000ec580000)
 ParOldGen       total 68608K, used 23791K [0x00000000c0000000, 0x00000000c4300000, 0x00000000eab00000)
  object space 68608K, 34% used [0x00000000c0000000,0x00000000c173bf78,0x00000000c4300000)
 Metaspace       used 48342K, committed 49152K, reserved 1097728K
  class space    used 5417K, committed 5760K, reserved 1048576K
}
Event: 4.244 GC heap before
{Heap before GC invocations=19 (full 2):
 PSYoungGen      total 26624K, used 26229K [0x00000000eab00000, 0x00000000eca80000, 0x0000000100000000)
  eden space 21504K, 100% used [0x00000000eab00000,0x00000000ec000000,0x00000000ec000000)
  from space 5120K, 92% used [0x00000000ec580000,0x00000000eca1d748,0x00000000eca80000)
  to   space 5120K, 0% used [0x00000000ec080000,0x00000000ec080000,0x00000000ec580000)
 ParOldGen       total 68608K, used 23791K [0x00000000c0000000, 0x00000000c4300000, 0x00000000eab00000)
  object space 68608K, 34% used [0x00000000c0000000,0x00000000c173bf78,0x00000000c4300000)
 Metaspace       used 48820K, committed 49600K, reserved 1097728K
  class space    used 5477K, committed 5824K, reserved 1048576K
}
Event: 4.246 GC heap after
{Heap after GC invocations=19 (full 2):
 PSYoungGen      total 22528K, used 544K [0x00000000eab00000, 0x00000000ec600000, 0x0000000100000000)
  eden space 21504K, 0% used [0x00000000eab00000,0x00000000eab00000,0x00000000ec000000)
  from space 1024K, 53% used [0x00000000ec080000,0x00000000ec108000,0x00000000ec180000)
  to   space 2560K, 0% used [0x00000000ec380000,0x00000000ec380000,0x00000000ec600000)
 ParOldGen       total 68608K, used 28337K [0x00000000c0000000, 0x00000000c4300000, 0x00000000eab00000)
  object space 68608K, 41% used [0x00000000c0000000,0x00000000c1bac598,0x00000000c4300000)
 Metaspace       used 48820K, committed 49600K, reserved 1097728K
  class space    used 5477K, committed 5824K, reserved 1048576K
}
Event: 4.404 GC heap before
{Heap before GC invocations=20 (full 2):
 PSYoungGen      total 22528K, used 22048K [0x00000000eab00000, 0x00000000ec600000, 0x0000000100000000)
  eden space 21504K, 100% used [0x00000000eab00000,0x00000000ec000000,0x00000000ec000000)
  from space 1024K, 53% used [0x00000000ec080000,0x00000000ec108000,0x00000000ec180000)
  to   space 2560K, 0% used [0x00000000ec380000,0x00000000ec380000,0x00000000ec600000)
 ParOldGen       total 68608K, used 28337K [0x00000000c0000000, 0x00000000c4300000, 0x00000000eab00000)
  object space 68608K, 41% used [0x00000000c0000000,0x00000000c1bac598,0x00000000c4300000)
 Metaspace       used 49564K, committed 50432K, reserved 1097728K
  class space    used 5640K, committed 6016K, reserved 1048576K
}
Event: 4.406 GC heap after
{Heap after GC invocations=20 (full 2):
 PSYoungGen      total 24064K, used 2552K [0x00000000eab00000, 0x00000000ec600000, 0x0000000100000000)
  eden space 21504K, 0% used [0x00000000eab00000,0x00000000eab00000,0x00000000ec000000)
  from space 2560K, 99% used [0x00000000ec380000,0x00000000ec5fe388,0x00000000ec600000)
  to   space 1024K, 0% used [0x00000000ec080000,0x00000000ec080000,0x00000000ec180000)
 ParOldGen       total 68608K, used 30588K [0x00000000c0000000, 0x00000000c4300000, 0x00000000eab00000)
  object space 68608K, 44% used [0x00000000c0000000,0x00000000c1ddf1d0,0x00000000c4300000)
 Metaspace       used 49564K, committed 50432K, reserved 1097728K
  class space    used 5640K, committed 6016K, reserved 1048576K
}

Deoptimization events (20 events):
Event: 3.960 Thread 0x0000024d791b3750 DEOPT PACKING pc=0x0000024d66d0058c sp=0x0000008a9f7fc290
Event: 3.960 Thread 0x0000024d791b3750 DEOPT UNPACKING pc=0x0000024d5f1920a3 sp=0x0000008a9f7fc240 mode 2
Event: 4.004 Thread 0x0000024d791b3750 Uncommon trap: trap_request=0xffffff45 fr.pc=0x0000024d66e76300 relative=0x0000000000000420
Event: 4.004 Thread 0x0000024d791b3750 Uncommon trap: reason=unstable_if action=reinterpret pc=0x0000024d66e76300 method=java.util.WeakHashMap.expungeStaleEntries()V @ 9 c2
Event: 4.004 Thread 0x0000024d791b3750 DEOPT PACKING pc=0x0000024d66e76300 sp=0x0000008a9f7fbbe0
Event: 4.004 Thread 0x0000024d791b3750 DEOPT UNPACKING pc=0x0000024d5f1920a3 sp=0x0000008a9f7fbaa8 mode 2
Event: 4.025 Thread 0x0000024d791b3750 Uncommon trap: trap_request=0xffffff45 fr.pc=0x0000024d66e41c64 relative=0x0000000000000244
Event: 4.025 Thread 0x0000024d791b3750 Uncommon trap: reason=unstable_if action=reinterpret pc=0x0000024d66e41c64 method=java.util.WeakHashMap.expungeStaleEntries()V @ 9 c2
Event: 4.025 Thread 0x0000024d791b3750 DEOPT PACKING pc=0x0000024d66e41c64 sp=0x0000008a9f7fb670
Event: 4.025 Thread 0x0000024d791b3750 DEOPT UNPACKING pc=0x0000024d5f1920a3 sp=0x0000008a9f7fb5b0 mode 2
Event: 4.067 Thread 0x0000024d791b3750 DEOPT PACKING pc=0x0000024d5fc9451e sp=0x0000008a9f7fc5f0
Event: 4.067 Thread 0x0000024d791b3750 DEOPT UNPACKING pc=0x0000024d5f192843 sp=0x0000008a9f7fbae8 mode 0
Event: 4.110 Thread 0x0000024d791b3750 DEOPT PACKING pc=0x0000024d5fdf4e1f sp=0x0000008a9f7fc4e0
Event: 4.110 Thread 0x0000024d791b3750 DEOPT UNPACKING pc=0x0000024d5f192843 sp=0x0000008a9f7fba60 mode 0
Event: 4.251 Thread 0x0000024d791b3750 DEOPT PACKING pc=0x0000024d5f8bd6a3 sp=0x0000008a9f7fc810
Event: 4.251 Thread 0x0000024d791b3750 DEOPT UNPACKING pc=0x0000024d5f192843 sp=0x0000008a9f7fbd48 mode 0
Event: 4.297 Thread 0x0000024d791b3750 Uncommon trap: trap_request=0x00000054 fr.pc=0x0000024d66e62ec0 relative=0x0000000000000180
Event: 4.297 Thread 0x0000024d791b3750 Uncommon trap: reason=unloaded action=reinterpret pc=0x0000024d66e62ec0 method=java.security.AccessController.wrapException(Ljava/lang/Exception;)Ljava/security/PrivilegedActionException; @ 0 c2
Event: 4.297 Thread 0x0000024d791b3750 DEOPT PACKING pc=0x0000024d66e62ec0 sp=0x0000008a9f7fc4f0
Event: 4.297 Thread 0x0000024d791b3750 DEOPT UNPACKING pc=0x0000024d5f1920a3 sp=0x0000008a9f7fc3b0 mode 2

Classes unloaded (7 events):
Event: 1.390 Thread 0x0000024d703319a0 Unloading class 0x0000000100210800 'java/lang/invoke/LambdaForm$MH+0x0000000100210800'
Event: 1.390 Thread 0x0000024d703319a0 Unloading class 0x0000000100210400 'java/lang/invoke/LambdaForm$MH+0x0000000100210400'
Event: 1.390 Thread 0x0000024d703319a0 Unloading class 0x0000000100210000 'java/lang/invoke/LambdaForm$MH+0x0000000100210000'
Event: 1.390 Thread 0x0000024d703319a0 Unloading class 0x000000010020fc00 'java/lang/invoke/LambdaForm$MH+0x000000010020fc00'
Event: 1.390 Thread 0x0000024d703319a0 Unloading class 0x000000010020f400 'java/lang/invoke/LambdaForm$BMH+0x000000010020f400'
Event: 1.390 Thread 0x0000024d703319a0 Unloading class 0x000000010020f000 'java/lang/invoke/LambdaForm$DMH+0x000000010020f000'
Event: 1.390 Thread 0x0000024d703319a0 Unloading class 0x000000010020c400 'java/lang/invoke/LambdaForm$DMH+0x000000010020c400'

Classes redefined (0 events):
No events

Internal exceptions (20 events):
Event: 3.454 Thread 0x0000024d73338260 Exception <a 'sun/nio/fs/WindowsException'{0x00000000eb549e40}> (0x00000000eb549e40) 
thrown [e:\jenkins\tmp\workspace\build\src\src\hotspot\share\prims\jni.cpp, line 516]
Event: 3.454 Thread 0x0000024d73338260 Exception <a 'sun/nio/fs/WindowsException'{0x00000000eb54a588}> (0x00000000eb54a588) 
thrown [e:\jenkins\tmp\workspace\build\src\src\hotspot\share\prims\jni.cpp, line 516]
Event: 3.454 Thread 0x0000024d73338260 Exception <a 'sun/nio/fs/WindowsException'{0x00000000eb54acd0}> (0x00000000eb54acd0) 
thrown [e:\jenkins\tmp\workspace\build\src\src\hotspot\share\prims\jni.cpp, line 516]
Event: 3.454 Thread 0x0000024d73338260 Exception <a 'sun/nio/fs/WindowsException'{0x00000000eb54b430}> (0x00000000eb54b430) 
thrown [e:\jenkins\tmp\workspace\build\src\src\hotspot\share\prims\jni.cpp, line 516]
Event: 3.455 Thread 0x0000024d73338260 Exception <a 'sun/nio/fs/WindowsException'{0x00000000eb5507d0}> (0x00000000eb5507d0) 
thrown [e:\jenkins\tmp\workspace\build\src\src\hotspot\share\prims\jni.cpp, line 516]
Event: 3.455 Thread 0x0000024d73338260 Exception <a 'sun/nio/fs/WindowsException'{0x00000000eb550e68}> (0x00000000eb550e68) 
thrown [e:\jenkins\tmp\workspace\build\src\src\hotspot\share\prims\jni.cpp, line 516]
Event: 3.455 Thread 0x0000024d73338260 Exception <a 'sun/nio/fs/WindowsException'{0x00000000eb551500}> (0x00000000eb551500) 
thrown [e:\jenkins\tmp\workspace\build\src\src\hotspot\share\prims\jni.cpp, line 516]
Event: 3.455 Thread 0x0000024d73338260 Exception <a 'sun/nio/fs/WindowsException'{0x00000000eb551bb8}> (0x00000000eb551bb8) 
thrown [e:\jenkins\tmp\workspace\build\src\src\hotspot\share\prims\jni.cpp, line 516]
Event: 3.456 Thread 0x0000024d73338260 Exception <a 'sun/nio/fs/WindowsException'{0x00000000eb5572d0}> (0x00000000eb5572d0) 
thrown [e:\jenkins\tmp\workspace\build\src\src\hotspot\share\prims\jni.cpp, line 516]
Event: 3.456 Thread 0x0000024d73338260 Exception <a 'sun/nio/fs/WindowsException'{0x00000000eb5579a0}> (0x00000000eb5579a0) 
thrown [e:\jenkins\tmp\workspace\build\src\src\hotspot\share\prims\jni.cpp, line 516]
Event: 3.456 Thread 0x0000024d73338260 Exception <a 'sun/nio/fs/WindowsException'{0x00000000eb558080}> (0x00000000eb558080) 
thrown [e:\jenkins\tmp\workspace\build\src\src\hotspot\share\prims\jni.cpp, line 516]
Event: 3.456 Thread 0x0000024d73338260 Exception <a 'sun/nio/fs/WindowsException'{0x00000000eb558770}> (0x00000000eb558770) 
thrown [e:\jenkins\tmp\workspace\build\src\src\hotspot\share\prims\jni.cpp, line 516]
Event: 3.556 Thread 0x0000024d73336f20 Exception <a 'java/lang/NoClassDefFoundError'{0x00000000ebe650c0}: com/google/inject/servlet/ServletModuleTargetVisitor> (0x00000000ebe650c0) 
thrown [e:\jenkins\tmp\workspace\build\src\src\hotspot\share\classfile\systemDictionary.cpp, line 245]
Event: 3.664 Thread 0x0000024d791b3750 Implicit null exception at 0x0000024d66e32b97 to 0x0000024d66e32f08
Event: 3.877 Thread 0x0000024d791b3750 Exception <a 'java/lang/NoSuchMethodError'{0x00000000eb714b50}: 'java.lang.Object java.lang.invoke.DirectMethodHandle$Holder.invokeVirtual(java.lang.Object, java.lang.Object, java.lang.Object, java.lang.Object, java.lang.Object, java.lang.Object, java.lang.Object)'> (0x00000000eb714b50) 
thrown [e:\jenkins\tmp\workspace\build\src\src\hotspot\share\interpreter\linkResolver.cpp, line 766]
Event: 3.878 Thread 0x0000024d791b3750 Exception <a 'java/lang/NoSuchMethodError'{0x00000000eb72db68}: 'java.lang.Object java.lang.invoke.Invokers$Holder.invoker(java.lang.Object, java.lang.Object, java.lang.Object)'> (0x00000000eb72db68) 
thrown [e:\jenkins\tmp\workspace\build\src\src\hotspot\share\interpreter\linkResolver.cpp, line 766]
Event: 4.030 Thread 0x0000024d791b3750 Exception <a 'java/lang/NoSuchMethodError'{0x00000000eae547b8}: 'int java.lang.invoke.DirectMethodHandle$Holder.invokeSpecial(java.lang.Object, java.lang.Object, java.lang.Object, java.lang.Object)'> (0x00000000eae547b8) 
thrown [e:\jenkins\tmp\workspace\build\src\src\hotspot\share\interpreter\linkResolver.cpp, line 766]
Event: 4.415 Thread 0x0000024d73336f20 Exception <a 'java/io/FileNotFoundException'{0x00000000eac76498}> (0x00000000eac76498) 
thrown [e:\jenkins\tmp\workspace\build\src\src\hotspot\share\prims\jni.cpp, line 516]
Event: 4.416 Thread 0x0000024d73336f20 Exception <a 'java/io/FileNotFoundException'{0x00000000eac77d18}> (0x00000000eac77d18) 
thrown [e:\jenkins\tmp\workspace\build\src\src\hotspot\share\prims\jni.cpp, line 516]
Event: 4.450 Thread 0x0000024d791b3750 Exception <a 'java/lang/NoSuchMethodError'{0x00000000eafbc0f0}: 'java.lang.Object java.lang.invoke.DirectMethodHandle$Holder.invokeInterface(java.lang.Object, java.lang.Object, java.lang.Object)'> (0x00000000eafbc0f0) 
thrown [e:\jenkins\tmp\workspace\build\src\src\hotspot\share\interpreter\linkResolver.cpp, line 766]

VM Operations (20 events):
Event: 3.575 Executing VM operation: ParallelGCFailedAllocation
Event: 3.577 Executing VM operation: ParallelGCFailedAllocation done
Event: 3.583 Executing VM operation: HandshakeAllThreads
Event: 3.583 Executing VM operation: HandshakeAllThreads done
Event: 3.661 Executing VM operation: ICBufferFull
Event: 3.661 Executing VM operation: ICBufferFull done
Event: 3.695 Executing VM operation: HandshakeAllThreads
Event: 3.695 Executing VM operation: HandshakeAllThreads done
Event: 3.762 Executing VM operation: ParallelGCFailedAllocation
Event: 3.765 Executing VM operation: ParallelGCFailedAllocation done
Event: 3.986 Executing VM operation: ParallelGCFailedAllocation
Event: 3.989 Executing VM operation: ParallelGCFailedAllocation done
Event: 4.244 Executing VM operation: ParallelGCFailedAllocation
Event: 4.246 Executing VM operation: ParallelGCFailedAllocation done
Event: 4.297 Executing VM operation: HandshakeAllThreads
Event: 4.297 Executing VM operation: HandshakeAllThreads done
Event: 4.385 Executing VM operation: HandshakeAllThreads
Event: 4.385 Executing VM operation: HandshakeAllThreads done
Event: 4.404 Executing VM operation: ParallelGCFailedAllocation
Event: 4.406 Executing VM operation: ParallelGCFailedAllocation done

Events (20 events):
Event: 4.414 loading class java/util/WeakHashMap$KeyIterator done
Event: 4.464 loading class java/lang/FunctionalInterface
Event: 4.464 loading class java/lang/FunctionalInterface done
Event: 4.482 loading class java/lang/management/ManagementFactory
Event: 4.482 loading class java/lang/management/ManagementFactory done
Event: 4.484 Loaded shared library C:\Users\jjs815\.vscode\extensions\redhat.java-1.9.0-win32-x64\jre\17.0.3-win32-x86_64\bin\management.dll
Event: 4.484 loading class java/lang/management/RuntimeMXBean
Event: 4.484 loading class java/lang/management/PlatformManagedObject
Event: 4.484 loading class java/lang/management/PlatformManagedObject done
Event: 4.484 loading class java/lang/management/RuntimeMXBean done
Event: 4.484 loading class java/lang/management/ManagementFactory$PlatformMBeanFinder
Event: 4.484 loading class java/lang/management/ManagementFactory$PlatformMBeanFinder done
Event: 4.484 loading class java/lang/management/ManagementFactory$PlatformMBeanFinder$1
Event: 4.484 loading class java/lang/management/ManagementFactory$PlatformMBeanFinder$1 done
Event: 4.485 loading class sun/management/spi/PlatformMBeanProvider
Event: 4.485 loading class sun/management/spi/PlatformMBeanProvider done
Event: 4.485 loading class jdk/management/jfr/internal/FlightRecorderMXBeanProvider
Event: 4.485 loading class jdk/management/jfr/internal/FlightRecorderMXBeanProvider done
Event: 4.485 loading class com/sun/management/internal/PlatformMBeanProviderImpl
Event: 4.485 loading class com/sun/management/internal/PlatformMBeanProviderImpl done


Dynamic libraries:
0x00007ff7dbbb0000 - 0x00007ff7dbbbe000 	c:\Users\jjs815\.vscode\extensions\redhat.java-1.9.0-win32-x64\jre\17.0.3-win32-x86_64\bin\java.exe
0x00007ffeb6590000 - 0x00007ffeb6788000 	C:\WINDOWS\SYSTEM32\ntdll.dll
0x00007ffeb6490000 - 0x00007ffeb654d000 	C:\WINDOWS\System32\KERNEL32.DLL
0x00007ffeb3cb0000 - 0x00007ffeb3f7e000 	C:\WINDOWS\System32\KERNELBASE.dll
0x00007ffeb4140000 - 0x00007ffeb4240000 	C:\WINDOWS\System32\ucrtbase.dll
0x00007ffeaabc0000 - 0x00007ffeaabd9000 	c:\Users\jjs815\.vscode\extensions\redhat.java-1.9.0-win32-x64\jre\17.0.3-win32-x86_64\bin\VCRUNTIME140.dll
0x00007ffeaa7f0000 - 0x00007ffeaa808000 	c:\Users\jjs815\.vscode\extensions\redhat.java-1.9.0-win32-x64\jre\17.0.3-win32-x86_64\bin\jli.dll
0x00007ffeb5f60000 - 0x00007ffeb6100000 	C:\WINDOWS\System32\USER32.dll
0x00007ffeb3f80000 - 0x00007ffeb3fa2000 	C:\WINDOWS\System32\win32u.dll
0x00007ffea2c40000 - 0x00007ffea2eda000 	C:\WINDOWS\WinSxS\amd64_microsoft.windows.common-controls_6595b64144ccf1df_6.0.19041.1110_none_60b5254171f9507e\COMCTL32.dll
0x00007ffeb5d20000 - 0x00007ffeb5dbe000 	C:\WINDOWS\System32\msvcrt.dll
0x00007ffeb6180000 - 0x00007ffeb61aa000 	C:\WINDOWS\System32\GDI32.dll
0x00007ffeb4340000 - 0x00007ffeb444b000 	C:\WINDOWS\System32\gdi32full.dll
0x00007ffeb4550000 - 0x00007ffeb45ed000 	C:\WINDOWS\System32\msvcp_win.dll
0x00007ffeb6460000 - 0x00007ffeb6490000 	C:\WINDOWS\System32\IMM32.DLL
0x00007ffeaec70000 - 0x00007ffeaec7c000 	c:\Users\jjs815\.vscode\extensions\redhat.java-1.9.0-win32-x64\jre\17.0.3-win32-x86_64\bin\vcruntime140_1.dll
0x00007ffe770f0000 - 0x00007ffe77181000 	c:\Users\jjs815\.vscode\extensions\redhat.java-1.9.0-win32-x64\jre\17.0.3-win32-x86_64\bin\msvcp140.dll
0x00007ffe391a0000 - 0x00007ffe39de8000 	c:\Users\jjs815\.vscode\extensions\redhat.java-1.9.0-win32-x64\jre\17.0.3-win32-x86_64\bin\server\jvm.dll
0x00007ffeb4d20000 - 0x00007ffeb4dce000 	C:\WINDOWS\System32\ADVAPI32.dll
0x00007ffeb62a0000 - 0x00007ffeb633c000 	C:\WINDOWS\System32\sechost.dll
0x00007ffeb4890000 - 0x00007ffeb49b5000 	C:\WINDOWS\System32\RPCRT4.dll
0x00007ffeb61b0000 - 0x00007ffeb61b8000 	C:\WINDOWS\System32\PSAPI.DLL
0x00007ffea2260000 - 0x00007ffea2269000 	C:\WINDOWS\SYSTEM32\WSOCK32.dll
0x00007ffeb1cb0000 - 0x00007ffeb1cba000 	C:\WINDOWS\SYSTEM32\VERSION.dll
0x00007ffea4a50000 - 0x00007ffea4a77000 	C:\WINDOWS\SYSTEM32\WINMM.dll
0x00007ffeb4ea0000 - 0x00007ffeb4f0b000 	C:\WINDOWS\System32\WS2_32.dll
0x00007ffeb2590000 - 0x00007ffeb25a2000 	C:\WINDOWS\SYSTEM32\kernel.appcore.dll
0x00007ffea2930000 - 0x00007ffea293a000 	c:\Users\jjs815\.vscode\extensions\redhat.java-1.9.0-win32-x64\jre\17.0.3-win32-x86_64\bin\jimage.dll
0x00007ffe9b650000 - 0x00007ffe9b834000 	C:\WINDOWS\SYSTEM32\DBGHELP.DLL
0x00007ffe9b4e0000 - 0x00007ffe9b50c000 	C:\WINDOWS\SYSTEM32\dbgcore.DLL
0x00007ffeb4240000 - 0x00007ffeb42c2000 	C:\WINDOWS\System32\bcryptPrimitives.dll
0x00007ffea19f0000 - 0x00007ffea19fe000 	c:\Users\jjs815\.vscode\extensions\redhat.java-1.9.0-win32-x64\jre\17.0.3-win32-x86_64\bin\instrument.dll
0x00007ffe81bd0000 - 0x00007ffe81bf5000 	c:\Users\jjs815\.vscode\extensions\redhat.java-1.9.0-win32-x64\jre\17.0.3-win32-x86_64\bin\java.dll
0x00007ffe8b770000 - 0x00007ffe8b788000 	c:\Users\jjs815\.vscode\extensions\redhat.java-1.9.0-win32-x64\jre\17.0.3-win32-x86_64\bin\zip.dll
0x00007ffeb55d0000 - 0x00007ffeb5d14000 	C:\WINDOWS\System32\SHELL32.dll
0x00007ffeb1db0000 - 0x00007ffeb2544000 	C:\WINDOWS\SYSTEM32\windows.storage.dll
0x00007ffeb49c0000 - 0x00007ffeb4d14000 	C:\WINDOWS\System32\combase.dll
0x00007ffeb3710000 - 0x00007ffeb3740000 	C:\WINDOWS\SYSTEM32\Wldp.dll
0x00007ffeb50b0000 - 0x00007ffeb515d000 	C:\WINDOWS\System32\SHCORE.dll
0x00007ffeb4dd0000 - 0x00007ffeb4e25000 	C:\WINDOWS\System32\shlwapi.dll
0x00007ffeb3bf0000 - 0x00007ffeb3c0f000 	C:\WINDOWS\SYSTEM32\profapi.dll
0x00007ffe83020000 - 0x00007ffe83039000 	C:\Users\jjs815\.vscode\extensions\redhat.java-1.9.0-win32-x64\jre\17.0.3-win32-x86_64\bin\net.dll
0x00007ffeacc50000 - 0x00007ffeacd5a000 	C:\WINDOWS\SYSTEM32\WINHTTP.dll
0x00007ffeb3470000 - 0x00007ffeb34da000 	C:\WINDOWS\system32\mswsock.dll
0x00007ffe828d0000 - 0x00007ffe828e5000 	C:\Users\jjs815\.vscode\extensions\redhat.java-1.9.0-win32-x64\jre\17.0.3-win32-x86_64\bin\nio.dll
0x00007ffea19e0000 - 0x00007ffea19f0000 	c:\Users\jjs815\.vscode\extensions\redhat.java-1.9.0-win32-x64\jre\17.0.3-win32-x86_64\bin\verify.dll
0x00007ffe81970000 - 0x00007ffe819ae000 	C:\Users\jjs815\AppData\Roaming\Code\User\globalStorage\redhat.java\1.9.0\config_win\org.eclipse.equinox.launcher\org.eclipse.equinox.launcher.win32.win32.x86_64_1.2.500.v20220509-0833\eclipse_11700.dll
0x00007ffeb4f80000 - 0x00007ffeb50aa000 	C:\WINDOWS\System32\ole32.dll
0x00007ffeb3670000 - 0x00007ffeb3688000 	C:\WINDOWS\SYSTEM32\CRYPTSP.dll
0x00007ffeb2d80000 - 0x00007ffeb2db4000 	C:\WINDOWS\system32\rsaenh.dll
0x00007ffeb3fb0000 - 0x00007ffeb3fd7000 	C:\WINDOWS\System32\bcrypt.dll
0x00007ffeb3bb0000 - 0x00007ffeb3bde000 	C:\WINDOWS\SYSTEM32\USERENV.dll
0x00007ffeb3660000 - 0x00007ffeb366c000 	C:\WINDOWS\SYSTEM32\CRYPTBASE.dll
0x00007ffeb3110000 - 0x00007ffeb314b000 	C:\WINDOWS\SYSTEM32\IPHLPAPI.DLL
0x00007ffeb4e90000 - 0x00007ffeb4e98000 	C:\WINDOWS\System32\NSI.dll
0x00007ffeadcf0000 - 0x00007ffeadd07000 	C:\WINDOWS\SYSTEM32\dhcpcsvc6.DLL
0x00007ffeadcd0000 - 0x00007ffeadced000 	C:\WINDOWS\SYSTEM32\dhcpcsvc.DLL
0x00007ffeb3150000 - 0x00007ffeb321b000 	C:\WINDOWS\SYSTEM32\DNSAPI.dll
0x00007ffe81240000 - 0x00007ffe81284000 	C:\Users\jjs815\AppData\Local\Temp\jna--1158902711\jna15573908582504723300.dll
0x00007ffe819b0000 - 0x00007ffe819d7000 	C:\Users\jjs815\.gradle\native\e1d6ef7f7dcc3fd88c89a11ec53ec762bb8ba0a96d01ffa2cd45eb1d1d8dd5c5\windows-amd64\native-platform.dll
0x00007ffeaf620000 - 0x00007ffeaf629000 	C:\Users\jjs815\.vscode\extensions\redhat.java-1.9.0-win32-x64\jre\17.0.3-win32-x86_64\bin\management.dll
0x00007ffe9e6a0000 - 0x00007ffe9e6ab000 	C:\Users\jjs815\.vscode\extensions\redhat.java-1.9.0-win32-x64\jre\17.0.3-win32-x86_64\bin\management_ext.dll

dbghelp: loaded successfully - version: 4.0.5 - missing functions: none
symbol engine: initialized successfully - sym options: 0x614 - pdb path: .;c:\Users\jjs815\.vscode\extensions\redhat.java-1.9.0-win32-x64\jre\17.0.3-win32-x86_64\bin;C:\WINDOWS\SYSTEM32;C:\WINDOWS\WinSxS\amd64_microsoft.windows.common-controls_6595b64144ccf1df_6.0.19041.1110_none_60b5254171f9507e;c:\Users\jjs815\.vscode\extensions\redhat.java-1.9.0-win32-x64\jre\17.0.3-win32-x86_64\bin\server;C:\Users\jjs815\AppData\Roaming\Code\User\globalStorage\redhat.java\1.9.0\config_win\org.eclipse.equinox.launcher\org.eclipse.equinox.launcher.win32.win32.x86_64_1.2.500.v20220509-0833;C:\Users\jjs815\AppData\Local\Temp\jna--1158902711;C:\Users\jjs815\.gradle\native\e1d6ef7f7dcc3fd88c89a11ec53ec762bb8ba0a96d01ffa2cd45eb1d1d8dd5c5\windows-amd64

VM Arguments:
jvm_args: --add-modules=ALL-SYSTEM --add-opens=java.base/java.util=ALL-UNNAMED --add-opens=java.base/java.lang=ALL-UNNAMED --add-opens=java.base/sun.nio.fs=ALL-UNNAMED -Declipse.application=org.eclipse.jdt.ls.core.id1 -Dosgi.bundles.defaultStartLevel=4 -Declipse.product=org.eclipse.jdt.ls.core.product -Djava.import.generatesMetadataFilesAtProjectRoot=false -Dfile.encoding=utf8 -DwatchParentProcess=false -XX:+UseParallelGC -XX:GCTimeRatio=4 -XX:AdaptiveSizePolicyWeight=90 -Dsun.zip.disableMemoryMapping=true -Xmx1G -Xms100m -javaagent:c:\Users\jjs815\.vscode\extensions\redhat.java-1.9.0-win32-x64\lombok\lombok-1.18.24.jar -XX:+HeapDumpOnOutOfMemoryError -XX:HeapDumpPath=c:\Users\jjs815\AppData\Roaming\Code\User\workspaceStorage\d608b88811175971a67a8057766062d0\redhat.java 
java_command: c:\Users\jjs815\.vscode\extensions\redhat.java-1.9.0-win32-x64\server\plugins\org.eclipse.equinox.launcher_1.6.400.v20210924-0641.jar -configuration c:\Users\jjs815\AppData\Roaming\Code\User\globalStorage\redhat.java\1.9.0\config_win -data c:\Users\jjs815\AppData\Roaming\Code\User\workspaceStorage\d608b88811175971a67a8057766062d0\redhat.java\jdt_ws
java_class_path (initial): c:\Users\jjs815\.vscode\extensions\redhat.java-1.9.0-win32-x64\server\plugins\org.eclipse.equinox.launcher_1.6.400.v20210924-0641.jar
Launcher Type: SUN_STANDARD

[Global flags]
    uintx AdaptiveSizePolicyWeight                 = 90                                        {product} {command line}
     intx CICompilerCount                          = 4                                         {product} {ergonomic}
    uintx GCTimeRatio                              = 4                                         {product} {command line}
     bool HeapDumpOnOutOfMemoryError               = true                                   {manageable} {command line}
    ccstr HeapDumpPath                             = c:\Users\jjs815\AppData\Roaming\Code\User\workspaceStorage\d608b88811175971a67a8057766062d0\redhat.java         {manageable} {command line}
   size_t InitialHeapSize                          = 104857600                                 {product} {command line}
   size_t MaxHeapSize                              = 1073741824                                {product} {command line}
   size_t MaxNewSize                               = 357564416                                 {product} {ergonomic}
   size_t MinHeapDeltaBytes                        = 524288                                    {product} {ergonomic}
   size_t MinHeapSize                              = 104857600                                 {product} {command line}
   size_t NewSize                                  = 34603008                                  {product} {ergonomic}
    uintx NonNMethodCodeHeapSize                   = 5839372                                {pd product} {ergonomic}
    uintx NonProfiledCodeHeapSize                  = 122909434                              {pd product} {ergonomic}
   size_t OldSize                                  = 70254592                                  {product} {ergonomic}
    uintx ProfiledCodeHeapSize                     = 122909434                              {pd product} {ergonomic}
    uintx ReservedCodeCacheSize                    = 251658240                              {pd product} {ergonomic}
     bool SegmentedCodeCache                       = true                                      {product} {ergonomic}
   size_t SoftMaxHeapSize                          = 1073741824                             {manageable} {ergonomic}
     bool UseCompressedClassPointers               = true                           {product lp64_product} {ergonomic}
     bool UseCompressedOops                        = true                           {product lp64_product} {ergonomic}
     bool UseLargePagesIndividualAllocation        = false                                  {pd product} {ergonomic}
     bool UseParallelGC                            = true                                      {product} {command line}

Logging:
Log output configuration:
 #0: stdout all=warning uptime,level,tags
 #1: stderr all=off uptime,level,tags

Environment Variables:
JAVA_HOME=C:\Program Files\Java\jdk1.8.0_211
CLASSPATH=.;
PATH=C:\Program Files\Common Files\Oracle\Java\javapath;C:\Program Files\Zulu\zulu-11\bin\;C:\Program Files\NVIDIA GPU Computing Toolkit\CUDA\v11.3\bin;C:\Program Files\NVIDIA GPU Computing Toolkit\CUDA\v11.3\libnvvp;C:\Python39\Scripts\;C:\Python39\;C:\Program Files (x86)\Common Files\Oracle\Java\javapath;C:\Program Files (x86)\NAT Service;C:\ProgramData\Oracle\Java\javapath;C:\WINDOWS\system32;C:\WINDOWS;C:\WINDOWS\System32\Wbem;C:\WINDOWS\System32\WindowsPowerShell\v1.0\;C:\WINDOWS\System32\OpenSSH\;C:\Program Files (x86)\ePapyrus\Papyrus-PlugIn-xfa;C:\Program Files (x86)\ePapyrus\Papyrus-PlugIn-xfa\Addins;C:\Program Files\PuTTY\;C:\python;C:\ProgramData\chocolatey\bin;C:\Program Files (x86)\Yarn;C:\Users\jjs815\AppData\Local\Android\Sdk\platform-tools;C:\Program Files\OpenJDK\openjdk-8u282-b08\bin;C:\Program Files\Java\jdk1.8.0_211\bin;C:\Program Files\Git\cmd;C:\Program Files\nodejs\;C:\Program Files\NVIDIA Corporation\NVIDIA NvDLISR;C:\Program Files\NVIDIA Corporation\Nsight Compute 2021.1.1\;C:\Program Files (x86)\NVIDIA Corporation\PhysX\Common;C:\Program Files\OpenSSL-Win64\bin;C:\Program Files\Java\jdk-11.0.15;C:\Users\jjs815\AppData\Local\Programs\Python\Python38\Scripts\;C:\Users\jjs815\AppData\Local\Programs\Python\Python38\;C:\python\Scripts\;C:\python\;"C:\Users\jjs815\AppData\Local\Microsoft\WindowsApps;%C:\Python27";C:\Users\jjs815\AppData\Local\Microsoft\WindowsApps;C:\Users\jjs815\AppData\Local\Programs\Microsoft VS Code\bin;C:\Program Files (x86)\SoftForum\XecureHSM\;C:\Users\jjs815\AppData\Roaming\npm;C:\Program Files\JetBrains\IntelliJ IDEA Community Edition 2021.3.2\bin;;C:\Users\jjs815\flutter\bin;
USERNAME=jjs815
OS=Windows_NT
PROCESSOR_IDENTIFIER=Intel64 Family 6 Model 158 Stepping 9, GenuineIntel



---------------  S Y S T E M  ---------------

OS:
 Windows 10 , 64 bit Build 19041 (10.0.19041.1806)
OS uptime: 0 days 0:13 hours

CPU: total 8 (initial active 8) (4 cores per cpu, 2 threads per core) family 6 model 158 stepping 9 microcode 0xb4, cx8, cmov, fxsr, ht, mmx, 3dnowpref, sse, sse2, sse3, ssse3, sse4.1, sse4.2, popcnt, lzcnt, tsc, tscinvbit, avx, avx2, aes, erms, clmul, bmi1, bmi2, rtm, adx, fma, vzeroupper, clflush, clflushopt

Memory: 4k page, system-wide physical 16296M (3068M free)
TotalPageFile size 16296M (AvailPageFile size 336M)
current process WorkingSet (physical memory assigned to process): 237M, peak: 237M
current process commit charge ("private bytes"): 319M, peak: 320M

vm_info: OpenJDK 64-Bit Server VM (17.0.3+7) for windows-amd64 JRE (17.0.3+7), built on Apr 19 2022 16:55:35 by "" with MS VC++ 16.7 (VS2019)

END.
