#
# There is insufficient memory for the Java Runtime Environment to continue.
# Native memory allocation (mmap) failed to map 65536 bytes for Failed to commit metaspace.
# Possible reasons:
#   The system is out of physical RAM or swap space
#   The process is running with CompressedOops enabled, and the Java Heap may be blocking the growth of the native heap
# Possible solutions:
#   Reduce memory load on the system
#   Increase physical memory or swap space
#   Check if swap backing store is full
#   Decrease Java heap size (-Xmx/-Xms)
#   Decrease number of Java threads
#   Decrease Java thread stack sizes (-Xss)
#   Set larger code cache with -XX:ReservedCodeCacheSize=
#   JVM is running with Unscaled Compressed Oops mode in which the Java heap is
#     placed in the first 4GB address space. The Java Heap base address is the
#     maximum limit for the native heap growth. Please use -XX:HeapBaseMinAddress
#     to set the Java Heap base and to place the Java Heap above 4GB virtual address.
# This output file may be truncated or incomplete.
#
#  Out of Memory Error (virtualSpaceNode.cpp:110), pid=30560, tid=30176
#
# JRE version: OpenJDK Runtime Environment Temurin-17.0.3+7 (17.0.3+7) (build 17.0.3+7)
# Java VM: OpenJDK 64-Bit Server VM Temurin-17.0.3+7 (17.0.3+7, mixed mode, tiered, compressed oops, compressed class ptrs, parallel gc, windows-amd64)
# No core dump will be written. Minidumps are not enabled by default on client versions of Windows
#

---------------  S U M M A R Y ------------

Command Line: --add-modules=ALL-SYSTEM --add-opens=java.base/java.util=ALL-UNNAMED --add-opens=java.base/java.lang=ALL-UNNAMED --add-opens=java.base/sun.nio.fs=ALL-UNNAMED -Declipse.application=org.eclipse.jdt.ls.core.id1 -Dosgi.bundles.defaultStartLevel=4 -Declipse.product=org.eclipse.jdt.ls.core.product -Djava.import.generatesMetadataFilesAtProjectRoot=false -Dfile.encoding=utf8 -DwatchParentProcess=false -XX:+UseParallelGC -XX:GCTimeRatio=4 -XX:AdaptiveSizePolicyWeight=90 -Dsun.zip.disableMemoryMapping=true -Xmx1G -Xms100m -javaagent:c:\Users\jjs815\.vscode\extensions\redhat.java-1.9.0-win32-x64\lombok\lombok-1.18.24.jar -XX:+HeapDumpOnOutOfMemoryError -XX:HeapDumpPath=c:\Users\jjs815\AppData\Roaming\Code\User\workspaceStorage\d608b88811175971a67a8057766062d0\redhat.java c:\Users\jjs815\.vscode\extensions\redhat.java-1.9.0-win32-x64\server\plugins\org.eclipse.equinox.launcher_1.6.400.v20210924-0641.jar -configuration c:\Users\jjs815\AppData\Roaming\Code\User\globalStorage\redhat.java\1.9.0\config_win -data c:\Users\jjs815\AppData\Roaming\Code\User\workspaceStorage\d608b88811175971a67a8057766062d0\redhat.java\jdt_ws

Host: Intel(R) Core(TM) i7-7700 CPU @ 3.60GHz, 8 cores, 15G,  Windows 10 , 64 bit Build 19041 (10.0.19041.1806)
Time: Fri Jul 22 23:02:35 2022  Windows 10 , 64 bit Build 19041 (10.0.19041.1806) elapsed time: 0.620100 seconds (0d 0h 0m 0s)

---------------  T H R E A D  ---------------

Current thread (0x000002741a3c4820):  JavaThread "main" [_thread_in_vm, id=30176, stack(0x000000901b300000,0x000000901b400000)]

Stack: [0x000000901b300000,0x000000901b400000]
Native frames: (J=compiled Java code, j=interpreted, Vv=VM code, C=native code)
V  [jvm.dll+0x675efa]
V  [jvm.dll+0x830a24]
V  [jvm.dll+0x8321ce]
V  [jvm.dll+0x832833]
V  [jvm.dll+0x2454b5]
V  [jvm.dll+0x82c9cb]
V  [jvm.dll+0x61ab26]
V  [jvm.dll+0x61ab8a]
V  [jvm.dll+0x61d3aa]
V  [jvm.dll+0x61b4c6]
V  [jvm.dll+0x625317]
V  [jvm.dll+0x1ea19b]
V  [jvm.dll+0x1ea6d5]
V  [jvm.dll+0x1eb10f]
V  [jvm.dll+0x1e05b1]
V  [jvm.dll+0x53bb80]
V  [jvm.dll+0x1f0da7]
V  [jvm.dll+0x7aae5b]
V  [jvm.dll+0x7ac202]
V  [jvm.dll+0x7ac538]
V  [jvm.dll+0x23d79e]
V  [jvm.dll+0x37ed5e]
C  0x000002741d06af44

Java frames: (J=compiled Java code, j=interpreted, Vv=VM code)
j  sun.security.util.DisabledAlgorithmConstraints$Constraints.<init>(Ljava/lang/String;Ljava/util/Set;)V+349 java.base@17.0.3
j  sun.security.util.DisabledAlgorithmConstraints.<init>(Ljava/lang/String;Lsun/security/util/AlgorithmDecomposer;)V+107 java.base@17.0.3
j  sun.security.util.DisabledAlgorithmConstraints.<init>(Ljava/lang/String;)V+9 java.base@17.0.3
j  sun.security.util.DisabledAlgorithmConstraints$JarHolder.<clinit>()V+6 java.base@17.0.3
v  ~StubRoutines::call_stub
j  sun.security.util.DisabledAlgorithmConstraints.jarConstraints()Lsun/security/util/DisabledAlgorithmConstraints;+0 java.base@17.0.3
j  sun.security.pkcs.SignerInfo.<clinit>()V+0 java.base@17.0.3
v  ~StubRoutines::call_stub
j  sun.security.pkcs.PKCS7.parseSignedData(Lsun/security/util/DerValue;)V+619 java.base@17.0.3
j  sun.security.pkcs.PKCS7.parse(Lsun/security/util/DerInputStream;Z)V+40 java.base@17.0.3
j  sun.security.pkcs.PKCS7.parse(Lsun/security/util/DerInputStream;)V+11 java.base@17.0.3
j  sun.security.pkcs.PKCS7.<init>([B)V+50 java.base@17.0.3
j  sun.security.util.SignatureFileVerifier.<init>(Ljava/util/ArrayList;Lsun/security/util/ManifestDigester;Ljava/lang/String;[B)V+40 java.base@17.0.3
j  java.util.jar.JarVerifier.processEntry(Lsun/security/util/ManifestEntryVerifier;)V+318 java.base@17.0.3
j  java.util.jar.JarVerifier.update(I[BIILsun/security/util/ManifestEntryVerifier;)V+39 java.base@17.0.3
j  java.util.jar.JarFile.initializeVerifier()V+163 java.base@17.0.3
j  java.util.jar.JarFile.ensureInitialization()V+41 java.base@17.0.3
j  java.util.jar.JavaUtilJarAccessImpl.ensureInitialization(Ljava/util/jar/JarFile;)V+1 java.base@17.0.3
j  jdk.internal.loader.URLClassPath$JarLoader$2.getManifest()Ljava/util/jar/Manifest;+10 java.base@17.0.3
j  jdk.internal.loader.BuiltinClassLoader.defineClass(Ljava/lang/String;Ljdk/internal/loader/Resource;)Ljava/lang/Class;+29 java.base@17.0.3
j  jdk.internal.loader.BuiltinClassLoader.findClassOnClassPathOrNull(Ljava/lang/String;)Ljava/lang/Class;+37 java.base@17.0.3
j  jdk.internal.loader.BuiltinClassLoader.loadClassOrNull(Ljava/lang/String;Z)Ljava/lang/Class;+111 java.base@17.0.3
j  jdk.internal.loader.BuiltinClassLoader.loadClass(Ljava/lang/String;Z)Ljava/lang/Class;+3 java.base@17.0.3
j  jdk.internal.loader.ClassLoaders$AppClassLoader.loadClass(Ljava/lang/String;Z)Ljava/lang/Class;+36 java.base@17.0.3
j  java.lang.ClassLoader.loadClass(Ljava/lang/String;)Ljava/lang/Class;+3 java.base@17.0.3
v  ~StubRoutines::call_stub
j  java.lang.Class.forName0(Ljava/lang/String;ZLjava/lang/ClassLoader;Ljava/lang/Class;)Ljava/lang/Class;+0 java.base@17.0.3
j  java.lang.Class.forName(Ljava/lang/String;ZLjava/lang/ClassLoader;)Ljava/lang/Class;+43 java.base@17.0.3
j  sun.launcher.LauncherHelper.loadMainClass(ILjava/lang/String;)Ljava/lang/Class;+95 java.base@17.0.3
j  sun.launcher.LauncherHelper.checkAndLoadMain(ZILjava/lang/String;)Ljava/lang/Class;+42 java.base@17.0.3
v  ~StubRoutines::call_stub

---------------  P R O C E S S  ---------------

Threads class SMR info:
_java_thread_list=0x0000027430b8b260, length=14, elements={
0x000002741a3c4820, 0x000002742e248520, 0x0000027430803140, 0x0000027430836420,
0x00000274308370a0, 0x00000274308133e0, 0x0000027430852810, 0x0000027430853400,
0x0000027430853d00, 0x00000274308729a0, 0x000002741a482c50, 0x0000027430b72180,
0x0000027430c10ab0, 0x0000027430c10fc0
}

Java Threads: ( => current thread )
=>0x000002741a3c4820 JavaThread "main" [_thread_in_vm, id=30176, stack(0x000000901b300000,0x000000901b400000)]
  0x000002742e248520 JavaThread "Reference Handler" daemon [_thread_blocked, id=30064, stack(0x000000901b600000,0x000000901b700000)]
  0x0000027430803140 JavaThread "Finalizer" daemon [_thread_blocked, id=30808, stack(0x000000901b700000,0x000000901b800000)]
  0x0000027430836420 JavaThread "Signal Dispatcher" daemon [_thread_blocked, id=30576, stack(0x000000901b800000,0x000000901b900000)]
  0x00000274308370a0 JavaThread "Attach Listener" daemon [_thread_blocked, id=11900, stack(0x000000901b900000,0x000000901ba00000)]
  0x00000274308133e0 JavaThread "Service Thread" daemon [_thread_blocked, id=31276, stack(0x000000901ba00000,0x000000901bb00000)]
  0x0000027430852810 JavaThread "Monitor Deflation Thread" daemon [_thread_blocked, id=27260, stack(0x000000901bb00000,0x000000901bc00000)]
  0x0000027430853400 JavaThread "C2 CompilerThread0" daemon [_thread_blocked, id=29376, stack(0x000000901bc00000,0x000000901bd00000)]
  0x0000027430853d00 JavaThread "C1 CompilerThread0" daemon [_thread_blocked, id=9092, stack(0x000000901bd00000,0x000000901be00000)]
  0x00000274308729a0 JavaThread "Sweeper thread" daemon [_thread_blocked, id=17184, stack(0x000000901be00000,0x000000901bf00000)]
  0x000002741a482c50 JavaThread "Common-Cleaner" daemon [_thread_blocked, id=31432, stack(0x000000901bf00000,0x000000901c000000)]
  0x0000027430b72180 JavaThread "Notification Thread" daemon [_thread_blocked, id=25216, stack(0x000000901c000000,0x000000901c100000)]
  0x0000027430c10ab0 JavaThread "C2 CompilerThread1" daemon [_thread_blocked, id=20880, stack(0x000000901c200000,0x000000901c300000)]
  0x0000027430c10fc0 JavaThread "C2 CompilerThread2" daemon [_thread_in_native, id=12556, stack(0x000000901c300000,0x000000901c400000)]

Other Threads:
  0x000002742e2419a0 VMThread "VM Thread" [stack: 0x000000901b500000,0x000000901b600000] [id=30012]
  0x0000027430b749b0 WatcherThread [stack: 0x000000901c100000,0x000000901c200000] [id=27120]
  0x000002741a3d9210 GCTaskThread "GC Thread#0" [stack: 0x000000901b400000,0x000000901b500000] [id=15424]

Threads with active compile tasks:
C2 CompilerThread2      640  476       4       java.lang.StringLatin1::lastIndexOf (40 bytes)

VM state: not at safepoint (normal execution)

VM Mutex/Monitor currently owned by a thread:  ([mutex/lock_event])
[0x000002741822b9f0] Metaspace_lock - owner thread: 0x000002741a3c4820

Heap address: 0x00000000c0000000, size: 1024 MB, Compressed Oops mode: 32-bit

CDS archive(s) not mapped
Compressed class space mapped at: 0x0000000100000000-0x0000000140000000, reserved size: 1073741824
Narrow klass base: 0x0000000000000000, Narrow klass shift: 3, Narrow klass range: 0x140000000

GC Precious Log:
 CPUs: 8 total, 8 available
 Memory: 16296M
 Large Page Support: Disabled
 NUMA Support: Disabled
 Compressed Oops: Enabled (32-bit)
 Alignments: Space 512K, Generation 512K, Heap 2M
 Heap Min Capacity: 100M
 Heap Initial Capacity: 100M
 Heap Max Capacity: 1G
 Pre-touch: Disabled
 Parallel Workers: 8

Heap:
 PSYoungGen      total 29696K, used 10615K [0x00000000eab00000, 0x00000000ecc00000, 0x0000000100000000)
  eden space 25600K, 41% used [0x00000000eab00000,0x00000000eb55df18,0x00000000ec400000)
  from space 4096K, 0% used [0x00000000ec800000,0x00000000ec800000,0x00000000ecc00000)
  to   space 4096K, 0% used [0x00000000ec400000,0x00000000ec400000,0x00000000ec800000)
 ParOldGen       total 68608K, used 0K [0x00000000c0000000, 0x00000000c4300000, 0x00000000eab00000)
  object space 68608K, 0% used [0x00000000c0000000,0x00000000c0000000,0x00000000c4300000)
 Metaspace       used 7724K, committed 7808K, reserved 1056768K
  class space    used 758K, committed 832K, reserved 1048576K

Card table byte_map: [0x0000027419d80000,0x0000027419f90000] _byte_map_base: 0x0000027419780000

Marking Bits: (ParMarkBitMap*) 0x00007ffe39d24b80
 Begin Bits: [0x000002742c050000, 0x000002742d050000)
 End Bits:   [0x000002742d050000, 0x000002742e050000)

Polling page: 0x0000027418350000

Metaspace:

Usage:
  Non-class:      6.80 MB used.
      Class:    758.17 KB used.
       Both:      7.54 MB used.

Virtual space:
  Non-class space:        8.00 MB reserved,       6.81 MB ( 85%) committed,  1 nodes.
      Class space:        1.00 GB reserved,     832.00 KB ( <1%) committed,  1 nodes.
             Both:        1.01 GB reserved,       7.62 MB ( <1%) committed. 

Chunk freelists:
   Non-Class:  1.00 MB
       Class:  3.22 MB
        Both:  4.22 MB

MaxMetaspaceSize: unlimited
CompressedClassSpaceSize: 1.00 GB
Initial GC threshold: 21.00 MB
Current GC threshold: 21.00 MB
CDS: off
MetaspaceReclaimPolicy: balanced
 - commit_granule_bytes: 65536.
 - commit_granule_words: 8192.
 - virtual_space_node_default_size: 1048576.
 - enlarge_chunks_in_place: 1.
 - new_chunks_are_fully_committed: 0.
 - uncommit_free_chunks: 1.
 - use_allocation_guard: 0.
 - handle_deallocations: 1.


Internal statistics:

num_allocs_failed_limit: 0.
num_arena_births: 10.
num_arena_deaths: 0.
num_vsnodes_births: 2.
num_vsnodes_deaths: 0.
num_space_committed: 122.
num_space_uncommitted: 0.
num_chunks_returned_to_freelist: 0.
num_chunks_taken_from_freelist: 37.
num_chunk_merges: 0.
num_chunk_splits: 20.
num_chunks_enlarged: 16.
num_purges: 0.
num_inconsistent_stats: 0.

CodeHeap 'non-profiled nmethods': size=120000Kb used=159Kb max_used=159Kb free=119840Kb
 bounds [0x0000027424b20000, 0x0000027424d90000, 0x000002742c050000]
CodeHeap 'profiled nmethods': size=120000Kb used=675Kb max_used=675Kb free=119324Kb
 bounds [0x000002741d5f0000, 0x000002741d860000, 0x0000027424b20000]
CodeHeap 'non-nmethods': size=5760Kb used=1122Kb max_used=1139Kb free=4637Kb
 bounds [0x000002741d050000, 0x000002741d2c0000, 0x000002741d5f0000]
 total_blobs=888 nmethods=479 adapters=324
 compilation: enabled
              stopped_count=0, restarted_count=0
 full_count=0

Compilation events (20 events):
Event: 0.605 Thread 0x0000027430853d00 nmethod 464 0x000002741d68f590 code [0x000002741d68f780, 0x000002741d68fd48]
Event: 0.608 Thread 0x0000027430853d00  466   !   3       java.lang.String::replace (258 bytes)
Event: 0.608 Thread 0x0000027430853400 nmethod 462 0x0000027424b44f10 code [0x0000027424b450a0, 0x0000027424b45418]
Event: 0.608 Thread 0x0000027430853400  465       4       java.util.Collections$UnmodifiableCollection::iterator (9 bytes)
Event: 0.610 Thread 0x0000027430853d00 nmethod 466 0x000002741d68ff10 code [0x000002741d6903e0, 0x000002741d692708]
Event: 0.610 Thread 0x0000027430853d00  467       3       java.math.BigInteger::destructiveMulAdd (150 bytes)
Event: 0.610 Thread 0x0000027430853d00 nmethod 467 0x000002741d693690 code [0x000002741d693840, 0x000002741d693b98]
Event: 0.610 Thread 0x0000027430853d00  468       3       java.util.concurrent.ConcurrentHashMap$Node::<init> (14 bytes)
Event: 0.610 Thread 0x0000027430853d00 nmethod 468 0x000002741d693d90 code [0x000002741d693f40, 0x000002741d694158]
Event: 0.610 Thread 0x0000027430853d00  471       3       java.io.ByteArrayOutputStream::ensureCapacity (32 bytes)
Event: 0.610 Thread 0x0000027430853d00 nmethod 471 0x000002741d694290 code [0x000002741d694460, 0x000002741d6947d8]
Event: 0.611 Thread 0x0000027430853d00  473       3       java.lang.Integer::numberOfLeadingZeros (79 bytes)
Event: 0.611 Thread 0x0000027430853d00 nmethod 473 0x000002741d694990 code [0x000002741d694b40, 0x000002741d694e18]
Event: 0.611 Thread 0x0000027430853d00  474       3       java.math.BigInteger::<init> (404 bytes)
Event: 0.613 Thread 0x0000027430853d00 nmethod 474 0x000002741d694e90 code [0x000002741d695340, 0x000002741d697468]
Event: 0.614 Thread 0x0000027430853d00  475       3       java.math.BigInteger::getInt (63 bytes)
Event: 0.614 Thread 0x0000027430853d00 nmethod 475 0x000002741d698310 code [0x000002741d6984e0, 0x000002741d6988e8]
Event: 0.614 Thread 0x0000027430853d00  479       3       sun.security.util.CurveDB::bi (11 bytes)
Event: 0.614 Thread 0x0000027430853d00 nmethod 479 0x000002741d698a10 code [0x000002741d698bc0, 0x000002741d698d48]
Event: 0.614 Thread 0x0000027430853d00  480       1       java.math.BigInteger::signum (5 bytes)

GC Heap History (0 events):
No events

Deoptimization events (20 events):
Event: 0.294 Thread 0x000002741a3c4820 Uncommon trap: trap_request=0xffffffde fr.pc=0x0000027424b2e010 relative=0x0000000000000690
Event: 0.294 Thread 0x000002741a3c4820 Uncommon trap: reason=class_check action=maybe_recompile pc=0x0000027424b2e010 method=java.util.HashMap.putVal(ILjava/lang/Object;Ljava/lang/Object;ZZ)Ljava/lang/Object; @ 152 c2
Event: 0.294 Thread 0x000002741a3c4820 DEOPT PACKING pc=0x0000027424b2e010 sp=0x000000901b3fe250
Event: 0.294 Thread 0x000002741a3c4820 DEOPT UNPACKING pc=0x000002741d0a20a3 sp=0x000000901b3fe1a0 mode 2
Event: 0.493 Thread 0x000002741a3c4820 DEOPT PACKING pc=0x000002741d60b413 sp=0x000000901b3fdf80
Event: 0.493 Thread 0x000002741a3c4820 DEOPT UNPACKING pc=0x000002741d0a2843 sp=0x000000901b3fd440 mode 0
Event: 0.496 Thread 0x000002741a3c4820 Uncommon trap: trap_request=0xffffffde fr.pc=0x0000027424b2e010 relative=0x0000000000000690
Event: 0.496 Thread 0x000002741a3c4820 Uncommon trap: reason=class_check action=maybe_recompile pc=0x0000027424b2e010 method=java.util.HashMap.putVal(ILjava/lang/Object;Ljava/lang/Object;ZZ)Ljava/lang/Object; @ 152 c2
Event: 0.496 Thread 0x000002741a3c4820 DEOPT PACKING pc=0x0000027424b2e010 sp=0x000000901b3feb10
Event: 0.496 Thread 0x000002741a3c4820 DEOPT UNPACKING pc=0x000002741d0a20a3 sp=0x000000901b3fea60 mode 2
Event: 0.505 Thread 0x000002741a3c4820 DEOPT PACKING pc=0x000002741d60b413 sp=0x000000901b3fafa0
Event: 0.505 Thread 0x000002741a3c4820 DEOPT UNPACKING pc=0x000002741d0a2843 sp=0x000000901b3fa460 mode 0
Event: 0.595 Thread 0x000002741a3c4820 Uncommon trap: trap_request=0xffffff45 fr.pc=0x0000027424b34344 relative=0x00000000000000c4
Event: 0.595 Thread 0x000002741a3c4820 Uncommon trap: reason=unstable_if action=reinterpret pc=0x0000027424b34344 method=java.net.URI.match(CJJ)Z @ 45 c2
Event: 0.595 Thread 0x000002741a3c4820 DEOPT PACKING pc=0x0000027424b34344 sp=0x000000901b3fc720
Event: 0.595 Thread 0x000002741a3c4820 DEOPT UNPACKING pc=0x000002741d0a20a3 sp=0x000000901b3fc6a8 mode 2
Event: 0.607 Thread 0x000002741a3c4820 Uncommon trap: trap_request=0xffffff45 fr.pc=0x0000027424b435c4 relative=0x0000000000000684
Event: 0.607 Thread 0x000002741a3c4820 Uncommon trap: reason=unstable_if action=reinterpret pc=0x0000027424b435c4 method=java.lang.String.replace(Ljava/lang/CharSequence;Ljava/lang/CharSequence;)Ljava/lang/String; @ 48 c2
Event: 0.607 Thread 0x000002741a3c4820 DEOPT PACKING pc=0x0000027424b435c4 sp=0x000000901b3fc6a0
Event: 0.607 Thread 0x000002741a3c4820 DEOPT UNPACKING pc=0x000002741d0a20a3 sp=0x000000901b3fc620 mode 2

Classes unloaded (0 events):
No events

Classes redefined (0 events):
No events

Internal exceptions (2 events):
Event: 0.209 Thread 0x000002741a3c4820 Exception <a 'java/lang/NoSuchMethodError'{0x00000000eac51d00}: 'void java.lang.invoke.DirectMethodHandle$Holder.invokeStatic(java.lang.Object, java.lang.Object, java.lang.Object)'> (0x00000000eac51d00) 
thrown [e:\jenkins\tmp\workspace\build\src\src\hotspot\share\interpreter\linkResolver.cpp, line 766]
Event: 0.421 Thread 0x000002741a3c4820 Exception <a 'java/lang/reflect/InvocationTargetException'{0x00000000eafb7968}> (0x00000000eafb7968) 
thrown [e:\jenkins\tmp\workspace\build\src\src\hotspot\share\runtime\reflection.cpp, line 1121]

VM Operations (4 events):
Event: 0.213 Executing VM operation: HandshakeAllThreads
Event: 0.213 Executing VM operation: HandshakeAllThreads done
Event: 0.345 Executing VM operation: HandshakeAllThreads
Event: 0.345 Executing VM operation: HandshakeAllThreads done

Events (20 events):
Event: 0.608 loading class sun/security/util/CurveDB done
Event: 0.608 loading class java/security/spec/ECFieldFp
Event: 0.608 loading class java/security/spec/ECField
Event: 0.608 loading class java/security/spec/ECField done
Event: 0.608 loading class java/security/spec/ECFieldFp done
Event: 0.608 loading class java/security/spec/EllipticCurve
Event: 0.608 loading class java/security/spec/EllipticCurve done
Event: 0.608 loading class java/security/spec/ECPoint
Event: 0.608 loading class java/security/spec/ECPoint done
Event: 0.608 loading class sun/security/util/NamedCurve
Event: 0.608 loading class java/security/spec/ECParameterSpec
Event: 0.609 loading class java/security/spec/ECParameterSpec done
Event: 0.609 loading class sun/security/util/NamedCurve done
Event: 0.610 loading class java/security/spec/ECFieldF2m
Event: 0.611 loading class java/security/spec/ECFieldF2m done
Event: 0.614 Thread 0x0000027430c10ab0 Thread added: 0x0000027430c10ab0
Event: 0.614 Thread 0x0000027430c10fc0 Thread added: 0x0000027430c10fc0
Event: 0.614 loading class java/util/LinkedHashMap$LinkedValues
Event: 0.614 loading class java/util/LinkedHashMap$LinkedValues done
Event: 0.614 loading class java/util/StringTokenizer


Dynamic libraries:
0x00007ff7dbbb0000 - 0x00007ff7dbbbe000 	c:\Users\jjs815\.vscode\extensions\redhat.java-1.9.0-win32-x64\jre\17.0.3-win32-x86_64\bin\java.exe
0x00007ffeb6590000 - 0x00007ffeb6788000 	C:\WINDOWS\SYSTEM32\ntdll.dll
0x00007ffeb6490000 - 0x00007ffeb654d000 	C:\WINDOWS\System32\KERNEL32.DLL
0x00007ffeb3cb0000 - 0x00007ffeb3f7e000 	C:\WINDOWS\System32\KERNELBASE.dll
0x00007ffeb4140000 - 0x00007ffeb4240000 	C:\WINDOWS\System32\ucrtbase.dll
0x00007ffea19e0000 - 0x00007ffea19f9000 	c:\Users\jjs815\.vscode\extensions\redhat.java-1.9.0-win32-x64\jre\17.0.3-win32-x86_64\bin\VCRUNTIME140.dll
0x00007ffeaa7f0000 - 0x00007ffeaa808000 	c:\Users\jjs815\.vscode\extensions\redhat.java-1.9.0-win32-x64\jre\17.0.3-win32-x86_64\bin\jli.dll
0x00007ffeb5f60000 - 0x00007ffeb6100000 	C:\WINDOWS\System32\USER32.dll
0x00007ffeb3f80000 - 0x00007ffeb3fa2000 	C:\WINDOWS\System32\win32u.dll
0x00007ffeb6180000 - 0x00007ffeb61aa000 	C:\WINDOWS\System32\GDI32.dll
0x00007ffeb4340000 - 0x00007ffeb444b000 	C:\WINDOWS\System32\gdi32full.dll
0x00007ffeb4550000 - 0x00007ffeb45ed000 	C:\WINDOWS\System32\msvcp_win.dll
0x00007ffea2c40000 - 0x00007ffea2eda000 	C:\WINDOWS\WinSxS\amd64_microsoft.windows.common-controls_6595b64144ccf1df_6.0.19041.1110_none_60b5254171f9507e\COMCTL32.dll
0x00007ffeb5d20000 - 0x00007ffeb5dbe000 	C:\WINDOWS\System32\msvcrt.dll
0x00007ffeb6460000 - 0x00007ffeb6490000 	C:\WINDOWS\System32\IMM32.DLL
0x00007ffeaec70000 - 0x00007ffeaec7c000 	c:\Users\jjs815\.vscode\extensions\redhat.java-1.9.0-win32-x64\jre\17.0.3-win32-x86_64\bin\vcruntime140_1.dll
0x00007ffe770f0000 - 0x00007ffe77181000 	c:\Users\jjs815\.vscode\extensions\redhat.java-1.9.0-win32-x64\jre\17.0.3-win32-x86_64\bin\msvcp140.dll
0x00007ffe391a0000 - 0x00007ffe39de8000 	c:\Users\jjs815\.vscode\extensions\redhat.java-1.9.0-win32-x64\jre\17.0.3-win32-x86_64\bin\server\jvm.dll
0x00007ffeb4d20000 - 0x00007ffeb4dce000 	C:\WINDOWS\System32\ADVAPI32.dll
0x00007ffeb62a0000 - 0x00007ffeb633c000 	C:\WINDOWS\System32\sechost.dll
0x00007ffeb4890000 - 0x00007ffeb49b5000 	C:\WINDOWS\System32\RPCRT4.dll
0x00007ffeb61b0000 - 0x00007ffeb61b8000 	C:\WINDOWS\System32\PSAPI.DLL
0x00007ffea2260000 - 0x00007ffea2269000 	C:\WINDOWS\SYSTEM32\WSOCK32.dll
0x00007ffea4a50000 - 0x00007ffea4a77000 	C:\WINDOWS\SYSTEM32\WINMM.dll
0x00007ffeb4ea0000 - 0x00007ffeb4f0b000 	C:\WINDOWS\System32\WS2_32.dll
0x00007ffeb1cb0000 - 0x00007ffeb1cba000 	C:\WINDOWS\SYSTEM32\VERSION.dll
0x00007ffeb2590000 - 0x00007ffeb25a2000 	C:\WINDOWS\SYSTEM32\kernel.appcore.dll
0x00007ffea2930000 - 0x00007ffea293a000 	c:\Users\jjs815\.vscode\extensions\redhat.java-1.9.0-win32-x64\jre\17.0.3-win32-x86_64\bin\jimage.dll
0x00007ffe9b650000 - 0x00007ffe9b834000 	C:\WINDOWS\SYSTEM32\DBGHELP.DLL
0x00007ffe9b4e0000 - 0x00007ffe9b50c000 	C:\WINDOWS\SYSTEM32\dbgcore.DLL
0x00007ffeb4240000 - 0x00007ffeb42c2000 	C:\WINDOWS\System32\bcryptPrimitives.dll
0x00007ffe9e6a0000 - 0x00007ffe9e6ae000 	c:\Users\jjs815\.vscode\extensions\redhat.java-1.9.0-win32-x64\jre\17.0.3-win32-x86_64\bin\instrument.dll
0x00007ffe814a0000 - 0x00007ffe814c5000 	c:\Users\jjs815\.vscode\extensions\redhat.java-1.9.0-win32-x64\jre\17.0.3-win32-x86_64\bin\java.dll
0x00007ffe8b770000 - 0x00007ffe8b788000 	c:\Users\jjs815\.vscode\extensions\redhat.java-1.9.0-win32-x64\jre\17.0.3-win32-x86_64\bin\zip.dll
0x00007ffeb55d0000 - 0x00007ffeb5d14000 	C:\WINDOWS\System32\SHELL32.dll
0x00007ffeb1db0000 - 0x00007ffeb2544000 	C:\WINDOWS\SYSTEM32\windows.storage.dll
0x00007ffeb49c0000 - 0x00007ffeb4d14000 	C:\WINDOWS\System32\combase.dll
0x00007ffeb3710000 - 0x00007ffeb3740000 	C:\WINDOWS\SYSTEM32\Wldp.dll
0x00007ffeb50b0000 - 0x00007ffeb515d000 	C:\WINDOWS\System32\SHCORE.dll
0x00007ffeb4dd0000 - 0x00007ffeb4e25000 	C:\WINDOWS\System32\shlwapi.dll
0x00007ffeb3bf0000 - 0x00007ffeb3c0f000 	C:\WINDOWS\SYSTEM32\profapi.dll
0x00007ffe83020000 - 0x00007ffe83039000 	C:\Users\jjs815\.vscode\extensions\redhat.java-1.9.0-win32-x64\jre\17.0.3-win32-x86_64\bin\net.dll
0x00007ffeacc50000 - 0x00007ffeacd5a000 	C:\WINDOWS\SYSTEM32\WINHTTP.dll
0x00007ffeb3470000 - 0x00007ffeb34da000 	C:\WINDOWS\system32\mswsock.dll
0x00007ffe828d0000 - 0x00007ffe828e5000 	C:\Users\jjs815\.vscode\extensions\redhat.java-1.9.0-win32-x64\jre\17.0.3-win32-x86_64\bin\nio.dll
0x00007ffe9de10000 - 0x00007ffe9de20000 	c:\Users\jjs815\.vscode\extensions\redhat.java-1.9.0-win32-x64\jre\17.0.3-win32-x86_64\bin\verify.dll

dbghelp: loaded successfully - version: 4.0.5 - missing functions: none
symbol engine: initialized successfully - sym options: 0x614 - pdb path: .;c:\Users\jjs815\.vscode\extensions\redhat.java-1.9.0-win32-x64\jre\17.0.3-win32-x86_64\bin;C:\WINDOWS\SYSTEM32;C:\WINDOWS\WinSxS\amd64_microsoft.windows.common-controls_6595b64144ccf1df_6.0.19041.1110_none_60b5254171f9507e;c:\Users\jjs815\.vscode\extensions\redhat.java-1.9.0-win32-x64\jre\17.0.3-win32-x86_64\bin\server

VM Arguments:
jvm_args: --add-modules=ALL-SYSTEM --add-opens=java.base/java.util=ALL-UNNAMED --add-opens=java.base/java.lang=ALL-UNNAMED --add-opens=java.base/sun.nio.fs=ALL-UNNAMED -Declipse.application=org.eclipse.jdt.ls.core.id1 -Dosgi.bundles.defaultStartLevel=4 -Declipse.product=org.eclipse.jdt.ls.core.product -Djava.import.generatesMetadataFilesAtProjectRoot=false -Dfile.encoding=utf8 -DwatchParentProcess=false -XX:+UseParallelGC -XX:GCTimeRatio=4 -XX:AdaptiveSizePolicyWeight=90 -Dsun.zip.disableMemoryMapping=true -Xmx1G -Xms100m -javaagent:c:\Users\jjs815\.vscode\extensions\redhat.java-1.9.0-win32-x64\lombok\lombok-1.18.24.jar -XX:+HeapDumpOnOutOfMemoryError -XX:HeapDumpPath=c:\Users\jjs815\AppData\Roaming\Code\User\workspaceStorage\d608b88811175971a67a8057766062d0\redhat.java 
java_command: c:\Users\jjs815\.vscode\extensions\redhat.java-1.9.0-win32-x64\server\plugins\org.eclipse.equinox.launcher_1.6.400.v20210924-0641.jar -configuration c:\Users\jjs815\AppData\Roaming\Code\User\globalStorage\redhat.java\1.9.0\config_win -data c:\Users\jjs815\AppData\Roaming\Code\User\workspaceStorage\d608b88811175971a67a8057766062d0\redhat.java\jdt_ws
java_class_path (initial): c:\Users\jjs815\.vscode\extensions\redhat.java-1.9.0-win32-x64\server\plugins\org.eclipse.equinox.launcher_1.6.400.v20210924-0641.jar
Launcher Type: SUN_STANDARD

[Global flags]
    uintx AdaptiveSizePolicyWeight                 = 90                                        {product} {command line}
     intx CICompilerCount                          = 4                                         {product} {ergonomic}
    uintx GCTimeRatio                              = 4                                         {product} {command line}
     bool HeapDumpOnOutOfMemoryError               = true                                   {manageable} {command line}
    ccstr HeapDumpPath                             = c:\Users\jjs815\AppData\Roaming\Code\User\workspaceStorage\d608b88811175971a67a8057766062d0\redhat.java         {manageable} {command line}
   size_t InitialHeapSize                          = 104857600                                 {product} {command line}
   size_t MaxHeapSize                              = 1073741824                                {product} {command line}
   size_t MaxNewSize                               = 357564416                                 {product} {ergonomic}
   size_t MinHeapDeltaBytes                        = 524288                                    {product} {ergonomic}
   size_t MinHeapSize                              = 104857600                                 {product} {command line}
   size_t NewSize                                  = 34603008                                  {product} {ergonomic}
    uintx NonNMethodCodeHeapSize                   = 5839372                                {pd product} {ergonomic}
    uintx NonProfiledCodeHeapSize                  = 122909434                              {pd product} {ergonomic}
   size_t OldSize                                  = 70254592                                  {product} {ergonomic}
    uintx ProfiledCodeHeapSize                     = 122909434                              {pd product} {ergonomic}
    uintx ReservedCodeCacheSize                    = 251658240                              {pd product} {ergonomic}
     bool SegmentedCodeCache                       = true                                      {product} {ergonomic}
   size_t SoftMaxHeapSize                          = 1073741824                             {manageable} {ergonomic}
     bool UseCompressedClassPointers               = true                           {product lp64_product} {ergonomic}
     bool UseCompressedOops                        = true                           {product lp64_product} {ergonomic}
     bool UseLargePagesIndividualAllocation        = false                                  {pd product} {ergonomic}
     bool UseParallelGC                            = true                                      {product} {command line}

Logging:
Log output configuration:
 #0: stdout all=warning uptime,level,tags
 #1: stderr all=off uptime,level,tags

Environment Variables:
JAVA_HOME=C:\Program Files\Java\jdk1.8.0_211
CLASSPATH=.;
PATH=C:\Program Files\Common Files\Oracle\Java\javapath;C:\Program Files\Zulu\zulu-11\bin\;C:\Program Files\NVIDIA GPU Computing Toolkit\CUDA\v11.3\bin;C:\Program Files\NVIDIA GPU Computing Toolkit\CUDA\v11.3\libnvvp;C:\Python39\Scripts\;C:\Python39\;C:\Program Files (x86)\Common Files\Oracle\Java\javapath;C:\Program Files (x86)\NAT Service;C:\ProgramData\Oracle\Java\javapath;C:\WINDOWS\system32;C:\WINDOWS;C:\WINDOWS\System32\Wbem;C:\WINDOWS\System32\WindowsPowerShell\v1.0\;C:\WINDOWS\System32\OpenSSH\;C:\Program Files (x86)\ePapyrus\Papyrus-PlugIn-xfa;C:\Program Files (x86)\ePapyrus\Papyrus-PlugIn-xfa\Addins;C:\Program Files\PuTTY\;C:\python;C:\ProgramData\chocolatey\bin;C:\Program Files (x86)\Yarn;C:\Users\jjs815\AppData\Local\Android\Sdk\platform-tools;C:\Program Files\OpenJDK\openjdk-8u282-b08\bin;C:\Program Files\Java\jdk1.8.0_211\bin;C:\Program Files\Git\cmd;C:\Program Files\nodejs\;C:\Program Files\NVIDIA Corporation\NVIDIA NvDLISR;C:\Program Files\NVIDIA Corporation\Nsight Compute 2021.1.1\;C:\Program Files (x86)\NVIDIA Corporation\PhysX\Common;C:\Program Files\OpenSSL-Win64\bin;C:\Program Files\Java\jdk-11.0.15;C:\Users\jjs815\AppData\Local\Programs\Python\Python38\Scripts\;C:\Users\jjs815\AppData\Local\Programs\Python\Python38\;C:\python\Scripts\;C:\python\;"C:\Users\jjs815\AppData\Local\Microsoft\WindowsApps;%C:\Python27";C:\Users\jjs815\AppData\Local\Microsoft\WindowsApps;C:\Users\jjs815\AppData\Local\Programs\Microsoft VS Code\bin;C:\Program Files (x86)\SoftForum\XecureHSM\;C:\Users\jjs815\AppData\Roaming\npm;C:\Program Files\JetBrains\IntelliJ IDEA Community Edition 2021.3.2\bin;;C:\Users\jjs815\flutter\bin;
USERNAME=jjs815
OS=Windows_NT
PROCESSOR_IDENTIFIER=Intel64 Family 6 Model 158 Stepping 9, GenuineIntel



---------------  S Y S T E M  ---------------

OS:
 Windows 10 , 64 bit Build 19041 (10.0.19041.1806)
OS uptime: 0 days 0:13 hours

CPU: total 8 (initial active 8) (4 cores per cpu, 2 threads per core) family 6 model 158 stepping 9 microcode 0xb4, cx8, cmov, fxsr, ht, mmx, 3dnowpref, sse, sse2, sse3, ssse3, sse4.1, sse4.2, popcnt, lzcnt, tsc, tscinvbit, avx, avx2, aes, erms, clmul, bmi1, bmi2, rtm, adx, fma, vzeroupper, clflush, clflushopt

Memory: 4k page, system-wide physical 16296M (3142M free)
TotalPageFile size 16296M (AvailPageFile size 320M)
current process WorkingSet (physical memory assigned to process): 46M, peak: 46M
current process commit charge ("private bytes"): 189M, peak: 189M

vm_info: OpenJDK 64-Bit Server VM (17.0.3+7) for windows-amd64 JRE (17.0.3+7), built on Apr 19 2022 16:55:35 by "" with MS VC++ 16.7 (VS2019)

END.
