#
# There is insufficient memory for the Java Runtime Environment to continue.
# Native memory allocation (mmap) failed to map 268435456 bytes for Failed to commit area from 0x0000000701400000 to 0x0000000711400000 of length 268435456.
# Possible reasons:
#   The system is out of physical RAM or swap space
#   The process is running with CompressedOops enabled, and the Java Heap may be blocking the growth of the native heap
# Possible solutions:
#   Reduce memory load on the system
#   Increase physical memory or swap space
#   Check if swap backing store is full
#   Decrease Java heap size (-Xmx/-Xms)
#   Decrease number of Java threads
#   Decrease Java thread stack sizes (-Xss)
#   Set larger code cache with -XX:ReservedCodeCacheSize=
# This output file may be truncated or incomplete.
#
#  Out of Memory Error (./src/hotspot/os/windows/os_windows.cpp:3521), pid=177444, tid=176756
#
# JRE version:  (11.0.12+7) (build )
# Java VM: OpenJDK 64-Bit Server VM (11.0.12+7-b1504.28-7817840, mixed mode, sharing, tiered, compressed oops, g1 gc, windows-amd64)
# No core dump will be written. Minidumps are not enabled by default on client versions of Windows
#

---------------  S U M M A R Y ------------

Command Line: 

Host: Intel(R) Core(TM) i7-7700 CPU @ 3.60GHz, 8 cores, 15G,  Windows 10 , 64 bit Build 19041 (10.0.19041.1889)
Time: Tue Oct  4 23:11:45 2022 대한민국 표준시 elapsed time: 0.087645 seconds (0d 0h 0m 0s)

---------------  T H R E A D  ---------------

Current thread (0x00000201cb592000):  JavaThread "Unknown thread" [_thread_in_vm, id=176756, stack(0x0000001e8ba00000,0x0000001e8bb00000)]

Stack: [0x0000001e8ba00000,0x0000001e8bb00000]
Native frames: (J=compiled Java code, j=interpreted, Vv=VM code, C=native code)
V  [jvm.dll+0x5fbcea]
V  [jvm.dll+0x731905]
V  [jvm.dll+0x732f1d]
V  [jvm.dll+0x7335d3]
V  [jvm.dll+0x247bf8]
V  [jvm.dll+0x5f90b4]
V  [jvm.dll+0x5edc85]
V  [jvm.dll+0x305aeb]
V  [jvm.dll+0x305a5a]
V  [jvm.dll+0x305932]
V  [jvm.dll+0x30a896]
V  [jvm.dll+0x353803]
V  [jvm.dll+0x353f06]
V  [jvm.dll+0x353903]
V  [jvm.dll+0x2e0678]
V  [jvm.dll+0x2e1827]
V  [jvm.dll+0x710037]
V  [jvm.dll+0x71182c]
V  [jvm.dll+0x360da9]
V  [jvm.dll+0x6f390e]
V  [jvm.dll+0x3c9723]
V  [jvm.dll+0x3cb9b1]
C  [jli.dll+0x536b]
C  [ucrtbase.dll+0x21bb2]
C  [KERNEL32.DLL+0x17034]
C  [ntdll.dll+0x526a1]


---------------  P R O C E S S  ---------------

Threads class SMR info:
_java_thread_list=0x00000201c9362520, length=0, elements={
}

Java Threads: ( => current thread )

Other Threads:
  0x00000201c943a000 GCTaskThread "GC Thread#0" [stack: 0x0000001e8bb00000,0x0000001e8bc00000] [id=177280]
  0x00000201cb5ff000 ConcurrentGCThread "G1 Main Marker" [stack: 0x0000001e8bc00000,0x0000001e8bd00000] [id=176896]
  0x00000201cb601800 ConcurrentGCThread "G1 Conc#0" [stack: 0x0000001e8bd00000,0x0000001e8be00000] [id=173736]

[error occurred during error reporting (printing all threads), id 0xc0000005, EXCEPTION_ACCESS_VIOLATION (0xc0000005) at pc=0x00007ff867a40be7]

VM state:not at safepoint (not fully initialized)

VM Mutex/Monitor currently owned by a thread:  ([mutex/lock_event])
[0x00000201cb58e850] Heap_lock - owner thread: 0x00000201cb592000

Heap address: 0x0000000701400000, size: 4076 MB, Compressed Oops mode: Non-zero based: 0x0000000701400000
Narrow klass base: 0x0000000000000000, Narrow klass shift: 0

GC Heap History (0 events):
No events

Deoptimization events (0 events):
No events

Classes redefined (0 events):
No events

Internal exceptions (0 events):
No events

Events (1 events):
Event: 0.054 Loaded shared library C:\Program Files\Android\Android Studio\jre\bin\zip.dll


Dynamic libraries:
0x00007ff7e2f20000 - 0x00007ff7e2f2a000 	C:\Program Files\Android\Android Studio\jre\bin\java.EXE
0x00007ff8c7490000 - 0x00007ff8c7688000 	C:\WINDOWS\SYSTEM32\ntdll.dll
0x00007ff8c6c40000 - 0x00007ff8c6cfd000 	C:\WINDOWS\System32\KERNEL32.DLL
0x00007ff8c5220000 - 0x00007ff8c54ee000 	C:\WINDOWS\System32\KERNELBASE.dll
0x00007ff8c5070000 - 0x00007ff8c5170000 	C:\WINDOWS\System32\ucrtbase.dll
0x00007ff8bd430000 - 0x00007ff8bd449000 	C:\Program Files\Android\Android Studio\jre\bin\jli.dll
0x00007ff8c6020000 - 0x00007ff8c61c0000 	C:\WINDOWS\System32\USER32.dll
0x00007ff8c4c20000 - 0x00007ff8c4c42000 	C:\WINDOWS\System32\win32u.dll
0x00007ff8c61c0000 - 0x00007ff8c61ea000 	C:\WINDOWS\System32\GDI32.dll
0x00007ff8c4ca0000 - 0x00007ff8c4dab000 	C:\WINDOWS\System32\gdi32full.dll
0x00007ff8c4de0000 - 0x00007ff8c4e7d000 	C:\WINDOWS\System32\msvcp_win.dll
0x00007ff8bc810000 - 0x00007ff8bc827000 	C:\Program Files\Android\Android Studio\jre\bin\VCRUNTIME140.dll
0x00007ff8acc20000 - 0x00007ff8aceba000 	C:\WINDOWS\WinSxS\amd64_microsoft.windows.common-controls_6595b64144ccf1df_6.0.19041.1110_none_60b5254171f9507e\COMCTL32.dll
0x00007ff8c61f0000 - 0x00007ff8c628e000 	C:\WINDOWS\System32\msvcrt.dll
0x00007ff8c5f20000 - 0x00007ff8c5f50000 	C:\WINDOWS\System32\IMM32.DLL
0x00007ff896960000 - 0x00007ff8969fd000 	C:\Program Files\Android\Android Studio\jre\bin\msvcp140.dll
0x00007ff867750000 - 0x00007ff868235000 	C:\Program Files\Android\Android Studio\jre\bin\server\jvm.dll
0x00007ff8c69e0000 - 0x00007ff8c6a8e000 	C:\WINDOWS\System32\ADVAPI32.dll
0x00007ff8c5e70000 - 0x00007ff8c5f0c000 	C:\WINDOWS\System32\sechost.dll
0x00007ff8c67d0000 - 0x00007ff8c68f5000 	C:\WINDOWS\System32\RPCRT4.dll
0x00007ff8c5630000 - 0x00007ff8c5638000 	C:\WINDOWS\System32\PSAPI.DLL
0x00007ff8bfda0000 - 0x00007ff8bfda9000 	C:\WINDOWS\SYSTEM32\WSOCK32.dll
0x00007ff8c6290000 - 0x00007ff8c62fb000 	C:\WINDOWS\System32\WS2_32.dll
0x00007ff8b9190000 - 0x00007ff8b91b7000 	C:\WINDOWS\SYSTEM32\WINMM.dll
0x00007ff8c3340000 - 0x00007ff8c334a000 	C:\WINDOWS\SYSTEM32\VERSION.dll
0x00007ff8c3480000 - 0x00007ff8c3492000 	C:\WINDOWS\SYSTEM32\kernel.appcore.dll
0x00007ff8b66a0000 - 0x00007ff8b66b1000 	C:\Program Files\Android\Android Studio\jre\bin\verify.dll
0x00007ff8be440000 - 0x00007ff8be624000 	C:\WINDOWS\SYSTEM32\DBGHELP.DLL
0x00007ff8be170000 - 0x00007ff8be19c000 	C:\WINDOWS\SYSTEM32\dbgcore.DLL
0x00007ff8c4e80000 - 0x00007ff8c4f02000 	C:\WINDOWS\System32\bcryptPrimitives.dll
0x00007ff8b6600000 - 0x00007ff8b6629000 	C:\Program Files\Android\Android Studio\jre\bin\java.dll
0x00007ff8bd420000 - 0x00007ff8bd42b000 	C:\Program Files\Android\Android Studio\jre\bin\jimage.dll
0x00007ff8b6500000 - 0x00007ff8b6518000 	C:\Program Files\Android\Android Studio\jre\bin\zip.dll

dbghelp: loaded successfully - version: 4.0.5 - missing functions: none
symbol engine: initialized successfully - sym options: 0x614 - pdb path: .;C:\Program Files\Android\Android Studio\jre\bin;C:\WINDOWS\SYSTEM32;C:\WINDOWS\WinSxS\amd64_microsoft.windows.common-controls_6595b64144ccf1df_6.0.19041.1110_none_60b5254171f9507e;C:\Program Files\Android\Android Studio\jre\bin\server

VM Arguments:
java_command: <unknown>
java_class_path (initial): .;
Launcher Type: SUN_STANDARD

[Global flags]
     intx CICompilerCount                          = 4                                         {product} {ergonomic}
     uint ConcGCThreads                            = 2                                         {product} {ergonomic}
     uint G1ConcRefinementThreads                  = 8                                         {product} {ergonomic}
   size_t G1HeapRegionSize                         = 1048576                                   {product} {ergonomic}
    uintx GCDrainStackTargetSize                   = 64                                        {product} {ergonomic}
   size_t InitialHeapSize                          = 268435456                                 {product} {ergonomic}
   size_t MarkStackSize                            = 4194304                                   {product} {ergonomic}
   size_t MaxHeapSize                              = 4273995776                                {product} {ergonomic}
   size_t MinHeapDeltaBytes                        = 1048576                                   {product} {ergonomic}
    uintx NonNMethodCodeHeapSize                   = 5836300                                {pd product} {ergonomic}
    uintx NonProfiledCodeHeapSize                  = 122910970                              {pd product} {ergonomic}
    uintx ProfiledCodeHeapSize                     = 122910970                              {pd product} {ergonomic}
    uintx ReservedCodeCacheSize                    = 251658240                              {pd product} {ergonomic}
     bool SegmentedCodeCache                       = true                                      {product} {ergonomic}
     bool UseCompressedClassPointers               = true                                 {lp64_product} {ergonomic}
     bool UseCompressedOops                        = true                                 {lp64_product} {ergonomic}
     bool UseG1GC                                  = true                                      {product} {ergonomic}
     bool UseLargePagesIndividualAllocation        = false                                  {pd product} {ergonomic}

Logging:
Log output configuration:
 #0: stdout all=warning uptime,level,tags
 #1: stderr all=off uptime,level,tags

Environment Variables:
JAVA_HOME=C:\Program Files\Java\jdk-11.0.15
CLASSPATH=.;
PATH=C:\Program Files\Common Files\Oracle\Java\javapath;C:\Program Files\Zulu\zulu-11\bin\;C:\Program Files\NVIDIA GPU Computing Toolkit\CUDA\v11.3\bin;C:\Program Files\NVIDIA GPU Computing Toolkit\CUDA\v11.3\libnvvp;C:\Python39\Scripts\;C:\Python39\;C:\Program Files (x86)\NAT Service;C:\ProgramData\Oracle\Java\javapath;C:\WINDOWS\system32;C:\WINDOWS;C:\WINDOWS\System32\Wbem;C:\WINDOWS\System32\WindowsPowerShell\v1.0\;C:\WINDOWS\System32\OpenSSH\;C:\Program Files (x86)\ePapyrus\Papyrus-PlugIn-xfa;C:\Program Files (x86)\ePapyrus\Papyrus-PlugIn-xfa\Addins;C:\Program Files\PuTTY\;C:\python;C:\ProgramData\chocolatey\bin;C:\Program Files (x86)\Yarn;C:\Users\jjs815\AppData\Local\Android\Sdk\platform-tools;C:\Program Files\OpenJDK\openjdk-8u282-b08\bin;C:\Program Files\Java\jdk1.8.0_211\bin;C:\Program Files\Git\cmd;C:\Program Files\nodejs\;C:\Program Files\NVIDIA Corporation\NVIDIA NvDLISR;C:\Program Files\NVIDIA Corporation\Nsight Compute 2021.1.1\;C:\Program Files (x86)\NVIDIA Corporation\PhysX\Common;C:\Program Files\OpenSSL-Win64\bin;C:\Program Files\Java\jdk-11.0.15;C:\Users\jjs815\AppData\Local\Programs\Python\Python38\Scripts\;C:\Users\jjs815\AppData\Local\Programs\Python\Python38\;C:\python\Scripts\;C:\python\;"C:\Users\jjs815\AppData\Local\Microsoft\WindowsApps;%C:\Python27";%USERPROFILE%\AppData\Local\Microsoft\WindowsApps;C:\Users\jjs815\AppData\Local\Programs\Microsoft VS Code\bin;C:\Users\jjs815\AppData\Roaming\npm;%IntelliJ IDEA Community Edition%;C:\Users\jjs815\flutter\bin;C:\Users\jjs815\ffmpeg-5.1-full_build\bin;;C:\Users\jjs815\flutter\bin\mingit\cmd;C:\Users\jjs815\flutter\bin\mingit\cmd
USERNAME=jjs815
OS=Windows_NT
PROCESSOR_IDENTIFIER=Intel64 Family 6 Model 158 Stepping 9, GenuineIntel



---------------  S Y S T E M  ---------------

OS: Windows 10 , 64 bit Build 19041 (10.0.19041.1889)
OS uptime: 6 days 2:08 hours

CPU:total 8 (initial active 8) (4 cores per cpu, 2 threads per core) family 6 model 158 stepping 9 microcode 0xb4, cmov, cx8, fxsr, mmx, sse, sse2, sse3, ssse3, sse4.1, sse4.2, popcnt, avx, avx2, aes, clmul, erms, rtm, 3dnowpref, lzcnt, ht, tsc, tscinvbit, bmi1, bmi2, adx, fma

Memory: 4k page, system-wide physical 16296M (851M free)
TotalPageFile size 26296M (AvailPageFile size 5M)
current process WorkingSet (physical memory assigned to process): 10M, peak: 10M
current process commit charge ("private bytes"): 60M, peak: 316M

vm_info: OpenJDK 64-Bit Server VM (11.0.12+7-b1504.28-7817840) for windows-amd64 JRE (11.0.12+7-b1504.28-7817840), built on Oct 13 2021 22:12:33 by "builder" with MS VC++ 14.0 (VS2015)

END.
