#
# There is insufficient memory for the Java Runtime Environment to continue.
# Native memory allocation (malloc) failed to allocate 928496 bytes for Chunk::new
# Possible reasons:
#   The system is out of physical RAM or swap space
#   The process is running with CompressedOops enabled, and the Java Heap may be blocking the growth of the native heap
# Possible solutions:
#   Reduce memory load on the system
#   Increase physical memory or swap space
#   Check if swap backing store is full
#   Decrease Java heap size (-Xmx/-Xms)
#   Decrease number of Java threads
#   Decrease Java thread stack sizes (-Xss)
#   Set larger code cache with -XX:ReservedCodeCacheSize=
#   JVM is running with Unscaled Compressed Oops mode in which the Java heap is
#     placed in the first 4GB address space. The Java Heap base address is the
#     maximum limit for the native heap growth. Please use -XX:HeapBaseMinAddress
#     to set the Java Heap base and to place the Java Heap above 4GB virtual address.
# This output file may be truncated or incomplete.
#
#  Out of Memory Error (arena.cpp:189), pid=31796, tid=18548
#
# JRE version: OpenJDK Runtime Environment Temurin-17.0.3+7 (17.0.3+7) (build 17.0.3+7)
# Java VM: OpenJDK 64-Bit Server VM Temurin-17.0.3+7 (17.0.3+7, mixed mode, tiered, compressed oops, compressed class ptrs, parallel gc, windows-amd64)
# No core dump will be written. Minidumps are not enabled by default on client versions of Windows
#

---------------  S U M M A R Y ------------

Command Line: --add-modules=ALL-SYSTEM --add-opens=java.base/java.util=ALL-UNNAMED --add-opens=java.base/java.lang=ALL-UNNAMED --add-opens=java.base/sun.nio.fs=ALL-UNNAMED -Declipse.application=org.eclipse.jdt.ls.core.id1 -Dosgi.bundles.defaultStartLevel=4 -Declipse.product=org.eclipse.jdt.ls.core.product -Djava.import.generatesMetadataFilesAtProjectRoot=false -Dfile.encoding=utf8 -DwatchParentProcess=false -XX:+UseParallelGC -XX:GCTimeRatio=4 -XX:AdaptiveSizePolicyWeight=90 -Dsun.zip.disableMemoryMapping=true -Xmx1G -Xms100m -javaagent:c:\Users\jjs815\.vscode\extensions\redhat.java-1.9.0-win32-x64\lombok\lombok-1.18.24.jar c:\Users\jjs815\.vscode\extensions\redhat.java-1.9.0-win32-x64\server\plugins\org.eclipse.equinox.launcher_1.6.400.v20210924-0641.jar -configuration c:\Users\jjs815\AppData\Roaming\Code\User\globalStorage\redhat.java\1.9.0\config_ss_win -data c:\Users\jjs815\AppData\Roaming\Code\User\workspaceStorage\d608b88811175971a67a8057766062d0\redhat.java\ss_ws

Host: Intel(R) Core(TM) i7-7700 CPU @ 3.60GHz, 8 cores, 15G,  Windows 10 , 64 bit Build 19041 (10.0.19041.1806)
Time: Fri Jul 22 23:08:51 2022  Windows 10 , 64 bit Build 19041 (10.0.19041.1806) elapsed time: 2.693055 seconds (0d 0h 0m 2s)

---------------  T H R E A D  ---------------

Current thread (0x0000023999a8cd70):  JavaThread "C2 CompilerThread1" daemon [_thread_in_native, id=18548, stack(0x000000ae7c400000,0x000000ae7c500000)]


Current CompileTask:
C2:   2693 2239       4       org.objectweb.asm.ClassReader::readMethod (1066 bytes)

Stack: [0x000000ae7c400000,0x000000ae7c500000]
Native frames: (J=compiled Java code, j=interpreted, Vv=VM code, C=native code)
V  [jvm.dll+0x675efa]
V  [jvm.dll+0x830a24]
V  [jvm.dll+0x8321ce]
V  [jvm.dll+0x832833]
V  [jvm.dll+0x2454b5]
V  [jvm.dll+0xabd7b]
V  [jvm.dll+0xac30c]
V  [jvm.dll+0x2ac5bf]
V  [jvm.dll+0x57cd09]
V  [jvm.dll+0x22056d]
V  [jvm.dll+0x22094f]
V  [jvm.dll+0x21a1b5]
V  [jvm.dll+0x21767b]
V  [jvm.dll+0x1a3ccd]
V  [jvm.dll+0x227178]
V  [jvm.dll+0x2252bc]
V  [jvm.dll+0x7e673b]
V  [jvm.dll+0x7e0cfa]
V  [jvm.dll+0x674d85]
C  [ucrtbase.dll+0x21bb2]
C  [KERNEL32.DLL+0x17034]
C  [ntdll.dll+0x52651]


---------------  P R O C E S S  ---------------

Threads class SMR info:
_java_thread_list=0x0000023999fc7100, length=22, elements={
0x0000023982725e30, 0x00000239827fd570, 0x00000239827fe1f0, 0x0000023998044f00,
0x0000023998045c80, 0x0000023998046a00, 0x000002399804a440, 0x000002399805d010,
0x000002399805d910, 0x000002399805e210, 0x00000239827e58e0, 0x0000023998396440,
0x000002399934e1f0, 0x00000239997b8230, 0x00000239999a6ae0, 0x00000239997e48f0,
0x00000239992e59e0, 0x0000023999a739d0, 0x0000023999a8cd70, 0x0000023999bf7de0,
0x0000023999c26250, 0x0000023999c27590
}

Java Threads: ( => current thread )
  0x0000023982725e30 JavaThread "main" [_thread_blocked, id=23568, stack(0x000000ae7a800000,0x000000ae7a900000)]
  0x00000239827fd570 JavaThread "Reference Handler" daemon [_thread_blocked, id=30664, stack(0x000000ae7ab00000,0x000000ae7ac00000)]
  0x00000239827fe1f0 JavaThread "Finalizer" daemon [_thread_blocked, id=30888, stack(0x000000ae7ac00000,0x000000ae7ad00000)]
  0x0000023998044f00 JavaThread "Signal Dispatcher" daemon [_thread_blocked, id=23856, stack(0x000000ae7ad00000,0x000000ae7ae00000)]
  0x0000023998045c80 JavaThread "Attach Listener" daemon [_thread_blocked, id=14724, stack(0x000000ae7ae00000,0x000000ae7af00000)]
  0x0000023998046a00 JavaThread "Service Thread" daemon [_thread_blocked, id=11556, stack(0x000000ae7af00000,0x000000ae7b000000)]
  0x000002399804a440 JavaThread "Monitor Deflation Thread" daemon [_thread_blocked, id=30628, stack(0x000000ae7b000000,0x000000ae7b100000)]
  0x000002399805d010 JavaThread "C2 CompilerThread0" daemon [_thread_blocked, id=31592, stack(0x000000ae7b100000,0x000000ae7b200000)]
  0x000002399805d910 JavaThread "C1 CompilerThread0" daemon [_thread_blocked, id=24904, stack(0x000000ae7b200000,0x000000ae7b300000)]
  0x000002399805e210 JavaThread "Sweeper thread" daemon [_thread_blocked, id=17608, stack(0x000000ae7b300000,0x000000ae7b400000)]
  0x00000239827e58e0 JavaThread "Common-Cleaner" daemon [_thread_blocked, id=32752, stack(0x000000ae7b400000,0x000000ae7b500000)]
  0x0000023998396440 JavaThread "Notification Thread" daemon [_thread_blocked, id=17692, stack(0x000000ae7b500000,0x000000ae7b600000)]
  0x000002399934e1f0 JavaThread "Active Thread: Equinox Container: 90baa173-a028-4d67-bf16-7945a211f21d" [_thread_blocked, id=29860, stack(0x000000ae7be00000,0x000000ae7bf00000)]
  0x00000239997b8230 JavaThread "Framework Event Dispatcher: Equinox Container: 90baa173-a028-4d67-bf16-7945a211f21d" daemon [_thread_blocked, id=9152, stack(0x000000ae7bf00000,0x000000ae7c000000)]
  0x00000239999a6ae0 JavaThread "Start Level: Equinox Container: 90baa173-a028-4d67-bf16-7945a211f21d" daemon [_thread_blocked, id=30132, stack(0x000000ae7c000000,0x000000ae7c100000)]
  0x00000239997e48f0 JavaThread "SCR Component Actor" daemon [_thread_blocked, id=1460, stack(0x000000ae7c100000,0x000000ae7c200000)]
  0x00000239992e59e0 JavaThread "SCR Component Registry" daemon [_thread_blocked, id=7008, stack(0x000000ae7bd00000,0x000000ae7be00000)]
  0x0000023999a739d0 JavaThread "Worker-JM" [_thread_blocked, id=15376, stack(0x000000ae7c300000,0x000000ae7c400000)]
=>0x0000023999a8cd70 JavaThread "C2 CompilerThread1" daemon [_thread_in_native, id=18548, stack(0x000000ae7c400000,0x000000ae7c500000)]
  0x0000023999bf7de0 JavaThread "Worker-0" [_thread_blocked, id=16580, stack(0x000000ae7c500000,0x000000ae7c600000)]
  0x0000023999c26250 JavaThread "Worker-1" [_thread_blocked, id=29384, stack(0x000000ae7c600000,0x000000ae7c700000)]
  0x0000023999c27590 JavaThread "Java indexing" daemon [_thread_blocked, id=30600, stack(0x000000ae7c700000,0x000000ae7c800000)]

Other Threads:
  0x00000239965868e0 VMThread "VM Thread" [stack: 0x000000ae7aa00000,0x000000ae7ab00000] [id=27908]
  0x0000023998396910 WatcherThread [stack: 0x000000ae7b600000,0x000000ae7b700000] [id=31612]
  0x000002398273c1e0 GCTaskThread "GC Thread#0" [stack: 0x000000ae7a900000,0x000000ae7aa00000] [id=22192]
  0x000002399949ed10 GCTaskThread "GC Thread#1" [stack: 0x000000ae7b700000,0x000000ae7b800000] [id=26160]
  0x0000023999307790 GCTaskThread "GC Thread#2" [stack: 0x000000ae7b800000,0x000000ae7b900000] [id=32368]
  0x0000023999976f60 GCTaskThread "GC Thread#3" [stack: 0x000000ae7b900000,0x000000ae7ba00000] [id=32416]
  0x0000023999977210 GCTaskThread "GC Thread#4" [stack: 0x000000ae7ba00000,0x000000ae7bb00000] [id=31428]
  0x00000239999774c0 GCTaskThread "GC Thread#5" [stack: 0x000000ae7bb00000,0x000000ae7bc00000] [id=32188]
  0x0000023999977770 GCTaskThread "GC Thread#6" [stack: 0x000000ae7bc00000,0x000000ae7bd00000] [id=28316]
  0x00000239999f75a0 GCTaskThread "GC Thread#7" [stack: 0x000000ae7c200000,0x000000ae7c300000] [id=3056]

Threads with active compile tasks:
C2 CompilerThread1     2732 2239       4       org.objectweb.asm.ClassReader::readMethod (1066 bytes)

VM state: not at safepoint (normal execution)

VM Mutex/Monitor currently owned by a thread: None

Heap address: 0x00000000c0000000, size: 1024 MB, Compressed Oops mode: 32-bit

CDS archive(s) not mapped
Compressed class space mapped at: 0x0000000100000000-0x0000000140000000, reserved size: 1073741824
Narrow klass base: 0x0000000000000000, Narrow klass shift: 3, Narrow klass range: 0x140000000

GC Precious Log:
 CPUs: 8 total, 8 available
 Memory: 16296M
 Large Page Support: Disabled
 NUMA Support: Disabled
 Compressed Oops: Enabled (32-bit)
 Alignments: Space 512K, Generation 512K, Heap 2M
 Heap Min Capacity: 100M
 Heap Initial Capacity: 100M
 Heap Max Capacity: 1G
 Pre-touch: Disabled
 Parallel Workers: 8

Heap:
 PSYoungGen      total 25600K, used 23948K [0x00000000eab00000, 0x00000000ec880000, 0x0000000100000000)
  eden space 25088K, 94% used [0x00000000eab00000,0x00000000ec20e3a0,0x00000000ec380000)
  from space 512K, 66% used [0x00000000ec400000,0x00000000ec454db8,0x00000000ec480000)
  to   space 2048K, 0% used [0x00000000ec680000,0x00000000ec680000,0x00000000ec880000)
 ParOldGen       total 68608K, used 7339K [0x00000000c0000000, 0x00000000c4300000, 0x00000000eab00000)
  object space 68608K, 10% used [0x00000000c0000000,0x00000000c072acd8,0x00000000c4300000)
 Metaspace       used 27125K, committed 27584K, reserved 1081344K
  class space    used 2619K, committed 2816K, reserved 1048576K

Card table byte_map: [0x0000023982110000,0x0000023982320000] _byte_map_base: 0x0000023981b10000

Marking Bits: (ParMarkBitMap*) 0x00007ffe77e94b80
 Begin Bits: [0x00000239943b0000, 0x00000239953b0000)
 End Bits:   [0x00000239953b0000, 0x00000239963b0000)

Polling page: 0x0000023981f00000

Metaspace:

Usage:
  Non-class:     23.93 MB used.
      Class:      2.56 MB used.
       Both:     26.49 MB used.

Virtual space:
  Non-class space:       32.00 MB reserved,      24.19 MB ( 76%) committed,  4 nodes.
      Class space:        1.00 GB reserved,       2.75 MB ( <1%) committed,  1 nodes.
             Both:        1.03 GB reserved,      26.94 MB (  3%) committed. 

Chunk freelists:
   Non-Class:  3.58 MB
       Class:  1.09 MB
        Both:  4.66 MB

MaxMetaspaceSize: unlimited
CompressedClassSpaceSize: 1.00 GB
Initial GC threshold: 21.00 MB
Current GC threshold: 35.00 MB
CDS: off
MetaspaceReclaimPolicy: balanced
 - commit_granule_bytes: 65536.
 - commit_granule_words: 8192.
 - virtual_space_node_default_size: 1048576.
 - enlarge_chunks_in_place: 1.
 - new_chunks_are_fully_committed: 0.
 - uncommit_free_chunks: 1.
 - use_allocation_guard: 0.
 - handle_deallocations: 1.


Internal statistics:

num_allocs_failed_limit: 3.
num_arena_births: 186.
num_arena_deaths: 14.
num_vsnodes_births: 5.
num_vsnodes_deaths: 0.
num_space_committed: 431.
num_space_uncommitted: 0.
num_chunks_returned_to_freelist: 17.
num_chunks_taken_from_freelist: 875.
num_chunk_merges: 7.
num_chunk_splits: 608.
num_chunks_enlarged: 457.
num_purges: 2.
num_inconsistent_stats: 0.

CodeHeap 'non-profiled nmethods': size=120000Kb used=881Kb max_used=881Kb free=119118Kb
 bounds [0x000002398ce80000, 0x000002398d0f0000, 0x00000239943b0000]
CodeHeap 'profiled nmethods': size=120000Kb used=4711Kb max_used=4711Kb free=115288Kb
 bounds [0x0000023985950000, 0x0000023985df0000, 0x000002398ce80000]
CodeHeap 'non-nmethods': size=5760Kb used=1227Kb max_used=1248Kb free=4532Kb
 bounds [0x00000239853b0000, 0x0000023985620000, 0x0000023985950000]
 total_blobs=2896 nmethods=2356 adapters=454
 compilation: enabled
              stopped_count=0, restarted_count=0
 full_count=0

Compilation events (20 events):
Event: 2.677 Thread 0x000002399805d910 2339       3       java.lang.invoke.LambdaForm$Name::replaceNames (175 bytes)
Event: 2.678 Thread 0x000002399805d910 nmethod 2339 0x0000023985de1410 code [0x0000023985de1640, 0x0000023985de21b8]
Event: 2.679 Thread 0x000002399805d910 2340       3       java.lang.invoke.LambdaForm$NamedFunction::member (26 bytes)
Event: 2.679 Thread 0x000002399805d910 nmethod 2340 0x0000023985de2510 code [0x0000023985de26a0, 0x0000023985de27b8]
Event: 2.679 Thread 0x000002399805d910 2341       3       java.lang.invoke.InvokerBytecodeGenerator::isStaticallyInvocable (168 bytes)
Event: 2.679 Thread 0x000002399805d010 nmethod 2299 0x000002398cf57610 code [0x000002398cf57840, 0x000002398cf589e0]
Event: 2.679 Thread 0x000002399805d010 2324 %     4       java.util.Properties$LineReader::readLine @ 53 (584 bytes)
Event: 2.681 Thread 0x000002399805d910 nmethod 2341 0x0000023985de2890 code [0x0000023985de2cc0, 0x0000023985de49c8]
Event: 2.681 Thread 0x000002399805d910 2343       3       java.lang.reflect.Modifier::isPrivate (12 bytes)
Event: 2.681 Thread 0x000002399805d910 nmethod 2343 0x0000023985de5190 code [0x0000023985de5320, 0x0000023985de5478]
Event: 2.681 Thread 0x000002399805d910 2342       3       java.lang.invoke.MemberName::isPrivate (8 bytes)
Event: 2.681 Thread 0x000002399805d910 nmethod 2342 0x0000023985de5510 code [0x0000023985de56a0, 0x0000023985de5878]
Event: 2.682 Thread 0x000002399805d910 2344       1       org.eclipse.core.internal.dtree.AbstractDataTreeNode::isDelta (2 bytes)
Event: 2.682 Thread 0x000002399805d910 nmethod 2344 0x000002398cf59590 code [0x000002398cf59720, 0x000002398cf597f8]
Event: 2.683 Thread 0x000002399805d910 2345       3       org.eclipse.core.runtime.Path::segment (18 bytes)
Event: 2.683 Thread 0x000002399805d910 nmethod 2345 0x0000023985de5910 code [0x0000023985de5ac0, 0x0000023985de5c58]
Event: 2.683 Thread 0x000002399805d910 2346       1       org.eclipse.core.internal.resources.Resource::getFullPath (5 bytes)
Event: 2.683 Thread 0x000002399805d910 nmethod 2346 0x000002398cf59890 code [0x000002398cf59a20, 0x000002398cf59af8]
Event: 2.688 Thread 0x000002399805d910 2347       3       org.eclipse.core.runtime.Path::hashCode (8 bytes)
Event: 2.688 Thread 0x000002399805d910 nmethod 2347 0x0000023985de5d10 code [0x0000023985de5ea0, 0x0000023985de5fb8]

GC Heap History (12 events):
Event: 1.030 GC heap before
{Heap before GC invocations=1 (full 0):
 PSYoungGen      total 29696K, used 25600K [0x00000000eab00000, 0x00000000ecc00000, 0x0000000100000000)
  eden space 25600K, 100% used [0x00000000eab00000,0x00000000ec400000,0x00000000ec400000)
  from space 4096K, 0% used [0x00000000ec800000,0x00000000ec800000,0x00000000ecc00000)
  to   space 4096K, 0% used [0x00000000ec400000,0x00000000ec400000,0x00000000ec800000)
 ParOldGen       total 68608K, used 0K [0x00000000c0000000, 0x00000000c4300000, 0x00000000eab00000)
  object space 68608K, 0% used [0x00000000c0000000,0x00000000c0000000,0x00000000c4300000)
 Metaspace       used 10788K, committed 11008K, reserved 1064960K
  class space    used 1083K, committed 1152K, reserved 1048576K
}
Event: 1.058 GC heap after
{Heap after GC invocations=1 (full 0):
 PSYoungGen      total 29696K, used 3441K [0x00000000eab00000, 0x00000000ecc00000, 0x0000000100000000)
  eden space 25600K, 0% used [0x00000000eab00000,0x00000000eab00000,0x00000000ec400000)
  from space 4096K, 84% used [0x00000000ec400000,0x00000000ec75c528,0x00000000ec800000)
  to   space 4096K, 0% used [0x00000000ec800000,0x00000000ec800000,0x00000000ecc00000)
 ParOldGen       total 68608K, used 0K [0x00000000c0000000, 0x00000000c4300000, 0x00000000eab00000)
  object space 68608K, 0% used [0x00000000c0000000,0x00000000c0000000,0x00000000c4300000)
 Metaspace       used 10788K, committed 11008K, reserved 1064960K
  class space    used 1083K, committed 1152K, reserved 1048576K
}
Event: 1.706 GC heap before
{Heap before GC invocations=2 (full 0):
 PSYoungGen      total 29696K, used 29041K [0x00000000eab00000, 0x00000000ecc00000, 0x0000000100000000)
  eden space 25600K, 100% used [0x00000000eab00000,0x00000000ec400000,0x00000000ec400000)
  from space 4096K, 84% used [0x00000000ec400000,0x00000000ec75c528,0x00000000ec800000)
  to   space 4096K, 0% used [0x00000000ec800000,0x00000000ec800000,0x00000000ecc00000)
 ParOldGen       total 68608K, used 0K [0x00000000c0000000, 0x00000000c4300000, 0x00000000eab00000)
  object space 68608K, 0% used [0x00000000c0000000,0x00000000c0000000,0x00000000c4300000)
 Metaspace       used 15165K, committed 15360K, reserved 1064960K
  class space    used 1549K, committed 1664K, reserved 1048576K
}
Event: 1.710 GC heap after
{Heap after GC invocations=2 (full 0):
 PSYoungGen      total 29696K, used 4071K [0x00000000eab00000, 0x00000000ecc00000, 0x0000000100000000)
  eden space 25600K, 0% used [0x00000000eab00000,0x00000000eab00000,0x00000000ec400000)
  from space 4096K, 99% used [0x00000000ec800000,0x00000000ecbf9cb0,0x00000000ecc00000)
  to   space 4096K, 0% used [0x00000000ec400000,0x00000000ec400000,0x00000000ec800000)
 ParOldGen       total 68608K, used 856K [0x00000000c0000000, 0x00000000c4300000, 0x00000000eab00000)
  object space 68608K, 1% used [0x00000000c0000000,0x00000000c00d6360,0x00000000c4300000)
 Metaspace       used 15165K, committed 15360K, reserved 1064960K
  class space    used 1549K, committed 1664K, reserved 1048576K
}
Event: 2.245 GC heap before
{Heap before GC invocations=3 (full 0):
 PSYoungGen      total 29696K, used 29671K [0x00000000eab00000, 0x00000000ecc00000, 0x0000000100000000)
  eden space 25600K, 100% used [0x00000000eab00000,0x00000000ec400000,0x00000000ec400000)
  from space 4096K, 99% used [0x00000000ec800000,0x00000000ecbf9cb0,0x00000000ecc00000)
  to   space 4096K, 0% used [0x00000000ec400000,0x00000000ec400000,0x00000000ec800000)
 ParOldGen       total 68608K, used 856K [0x00000000c0000000, 0x00000000c4300000, 0x00000000eab00000)
  object space 68608K, 1% used [0x00000000c0000000,0x00000000c00d6360,0x00000000c4300000)
 Metaspace       used 20171K, committed 20544K, reserved 1073152K
  class space    used 2060K, committed 2240K, reserved 1048576K
}
Event: 2.248 GC heap after
{Heap after GC invocations=3 (full 0):
 PSYoungGen      total 29696K, used 4078K [0x00000000eab00000, 0x00000000ecc00000, 0x0000000100000000)
  eden space 25600K, 0% used [0x00000000eab00000,0x00000000eab00000,0x00000000ec400000)
  from space 4096K, 99% used [0x00000000ec400000,0x00000000ec7fba20,0x00000000ec800000)
  to   space 4096K, 0% used [0x00000000ec800000,0x00000000ec800000,0x00000000ecc00000)
 ParOldGen       total 68608K, used 2869K [0x00000000c0000000, 0x00000000c4300000, 0x00000000eab00000)
  object space 68608K, 4% used [0x00000000c0000000,0x00000000c02cd550,0x00000000c4300000)
 Metaspace       used 20171K, committed 20544K, reserved 1073152K
  class space    used 2060K, committed 2240K, reserved 1048576K
}
Event: 2.340 GC heap before
{Heap before GC invocations=4 (full 0):
 PSYoungGen      total 29696K, used 9536K [0x00000000eab00000, 0x00000000ecc00000, 0x0000000100000000)
  eden space 25600K, 21% used [0x00000000eab00000,0x00000000eb054688,0x00000000ec400000)
  from space 4096K, 99% used [0x00000000ec400000,0x00000000ec7fba20,0x00000000ec800000)
  to   space 4096K, 0% used [0x00000000ec800000,0x00000000ec800000,0x00000000ecc00000)
 ParOldGen       total 68608K, used 2869K [0x00000000c0000000, 0x00000000c4300000, 0x00000000eab00000)
  object space 68608K, 4% used [0x00000000c0000000,0x00000000c02cd550,0x00000000c4300000)
 Metaspace       used 21084K, committed 21504K, reserved 1073152K
  class space    used 2147K, committed 2368K, reserved 1048576K
}
Event: 2.342 GC heap after
{Heap after GC invocations=4 (full 0):
 PSYoungGen      total 29696K, used 4066K [0x00000000eab00000, 0x00000000ecc00000, 0x0000000100000000)
  eden space 25600K, 0% used [0x00000000eab00000,0x00000000eab00000,0x00000000ec400000)
  from space 4096K, 99% used [0x00000000ec800000,0x00000000ecbf8810,0x00000000ecc00000)
  to   space 4096K, 0% used [0x00000000ec400000,0x00000000ec400000,0x00000000ec800000)
 ParOldGen       total 68608K, used 3483K [0x00000000c0000000, 0x00000000c4300000, 0x00000000eab00000)
  object space 68608K, 5% used [0x00000000c0000000,0x00000000c0366d60,0x00000000c4300000)
 Metaspace       used 21084K, committed 21504K, reserved 1073152K
  class space    used 2147K, committed 2368K, reserved 1048576K
}
Event: 2.342 GC heap before
{Heap before GC invocations=5 (full 1):
 PSYoungGen      total 29696K, used 4066K [0x00000000eab00000, 0x00000000ecc00000, 0x0000000100000000)
  eden space 25600K, 0% used [0x00000000eab00000,0x00000000eab00000,0x00000000ec400000)
  from space 4096K, 99% used [0x00000000ec800000,0x00000000ecbf8810,0x00000000ecc00000)
  to   space 4096K, 0% used [0x00000000ec400000,0x00000000ec400000,0x00000000ec800000)
 ParOldGen       total 68608K, used 3483K [0x00000000c0000000, 0x00000000c4300000, 0x00000000eab00000)
  object space 68608K, 5% used [0x00000000c0000000,0x00000000c0366d60,0x00000000c4300000)
 Metaspace       used 21084K, committed 21504K, reserved 1073152K
  class space    used 2147K, committed 2368K, reserved 1048576K
}
Event: 2.360 GC heap after
{Heap after GC invocations=5 (full 1):
 PSYoungGen      total 29696K, used 0K [0x00000000eab00000, 0x00000000ecc00000, 0x0000000100000000)
  eden space 25600K, 0% used [0x00000000eab00000,0x00000000eab00000,0x00000000ec400000)
  from space 4096K, 0% used [0x00000000ec800000,0x00000000ec800000,0x00000000ecc00000)
  to   space 4096K, 0% used [0x00000000ec400000,0x00000000ec400000,0x00000000ec800000)
 ParOldGen       total 68608K, used 7331K [0x00000000c0000000, 0x00000000c4300000, 0x00000000eab00000)
  object space 68608K, 10% used [0x00000000c0000000,0x00000000c0728cd8,0x00000000c4300000)
 Metaspace       used 21071K, committed 21504K, reserved 1073152K
  class space    used 2143K, committed 2368K, reserved 1048576K
}
Event: 2.551 GC heap before
{Heap before GC invocations=6 (full 1):
 PSYoungGen      total 29696K, used 25600K [0x00000000eab00000, 0x00000000ecc00000, 0x0000000100000000)
  eden space 25600K, 100% used [0x00000000eab00000,0x00000000ec400000,0x00000000ec400000)
  from space 4096K, 0% used [0x00000000ec800000,0x00000000ec800000,0x00000000ecc00000)
  to   space 4096K, 0% used [0x00000000ec400000,0x00000000ec400000,0x00000000ec800000)
 ParOldGen       total 68608K, used 7331K [0x00000000c0000000, 0x00000000c4300000, 0x00000000eab00000)
  object space 68608K, 10% used [0x00000000c0000000,0x00000000c0728cd8,0x00000000c4300000)
 Metaspace       used 24627K, committed 25088K, reserved 1073152K
  class space    used 2406K, committed 2560K, reserved 1048576K
}
Event: 2.552 GC heap after
{Heap after GC invocations=6 (full 1):
 PSYoungGen      total 25600K, used 339K [0x00000000eab00000, 0x00000000ec880000, 0x0000000100000000)
  eden space 25088K, 0% used [0x00000000eab00000,0x00000000eab00000,0x00000000ec380000)
  from space 512K, 66% used [0x00000000ec400000,0x00000000ec454db8,0x00000000ec480000)
  to   space 2048K, 0% used [0x00000000ec680000,0x00000000ec680000,0x00000000ec880000)
 ParOldGen       total 68608K, used 7339K [0x00000000c0000000, 0x00000000c4300000, 0x00000000eab00000)
  object space 68608K, 10% used [0x00000000c0000000,0x00000000c072acd8,0x00000000c4300000)
 Metaspace       used 24627K, committed 25088K, reserved 1073152K
  class space    used 2406K, committed 2560K, reserved 1048576K
}

Deoptimization events (20 events):
Event: 2.242 Thread 0x00000239999a6ae0 Uncommon trap: trap_request=0xffffff45 fr.pc=0x000002398cf02b40 relative=0x0000000000000040
Event: 2.242 Thread 0x00000239999a6ae0 Uncommon trap: reason=unstable_if action=reinterpret pc=0x000002398cf02b40 method=sun.nio.fs.WindowsPathParser.isSlash(C)Z @ 9 c2
Event: 2.242 Thread 0x00000239999a6ae0 DEOPT PACKING pc=0x000002398cf02b40 sp=0x000000ae7c0f8fc0
Event: 2.242 Thread 0x00000239999a6ae0 DEOPT UNPACKING pc=0x00000239854020a3 sp=0x000000ae7c0f8f48 mode 2
Event: 2.438 Thread 0x00000239999a6ae0 DEOPT PACKING pc=0x0000023985cf854e sp=0x000000ae7c0f8ee0
Event: 2.438 Thread 0x00000239999a6ae0 DEOPT UNPACKING pc=0x0000023985402843 sp=0x000000ae7c0f8328 mode 0
Event: 2.638 Thread 0x00000239999a6ae0 DEOPT PACKING pc=0x0000023985a2949e sp=0x000000ae7c0f7cf0
Event: 2.638 Thread 0x00000239999a6ae0 DEOPT UNPACKING pc=0x0000023985402843 sp=0x000000ae7c0f71e8 mode 0
Event: 2.639 Thread 0x00000239999a6ae0 DEOPT PACKING pc=0x0000023985a2949e sp=0x000000ae7c0f7cf0
Event: 2.639 Thread 0x00000239999a6ae0 DEOPT UNPACKING pc=0x0000023985402843 sp=0x000000ae7c0f71e8 mode 0
Event: 2.640 Thread 0x00000239999a6ae0 DEOPT PACKING pc=0x0000023985a2949e sp=0x000000ae7c0f7cf0
Event: 2.640 Thread 0x00000239999a6ae0 DEOPT UNPACKING pc=0x0000023985402843 sp=0x000000ae7c0f71e8 mode 0
Event: 2.665 Thread 0x00000239999a6ae0 Uncommon trap: trap_request=0xffffff45 fr.pc=0x000002398cf55fbc relative=0x000000000000097c
Event: 2.665 Thread 0x00000239999a6ae0 Uncommon trap: reason=unstable_if action=reinterpret pc=0x000002398cf55fbc method=java.util.Properties$LineReader.readLine()I @ 25 c2
Event: 2.665 Thread 0x00000239999a6ae0 DEOPT PACKING pc=0x000002398cf55fbc sp=0x000000ae7c0f8b00
Event: 2.665 Thread 0x00000239999a6ae0 DEOPT UNPACKING pc=0x00000239854020a3 sp=0x000000ae7c0f8aa0 mode 2
Event: 2.665 Thread 0x00000239999a6ae0 Uncommon trap: trap_request=0xffffff76 fr.pc=0x000002398cf3aa9c relative=0x0000000000000e1c
Event: 2.665 Thread 0x00000239999a6ae0 Uncommon trap: reason=predicate action=maybe_recompile pc=0x000002398cf3aa9c method=java.util.Properties$LineReader.readLine()I @ 53 c2
Event: 2.665 Thread 0x00000239999a6ae0 DEOPT PACKING pc=0x000002398cf3aa9c sp=0x000000ae7c0f8b00
Event: 2.665 Thread 0x00000239999a6ae0 DEOPT UNPACKING pc=0x00000239854020a3 sp=0x000000ae7c0f8ab8 mode 2

Classes unloaded (7 events):
Event: 2.345 Thread 0x00000239965868e0 Unloading class 0x0000000100210800 'java/lang/invoke/LambdaForm$MH+0x0000000100210800'
Event: 2.345 Thread 0x00000239965868e0 Unloading class 0x0000000100210400 'java/lang/invoke/LambdaForm$MH+0x0000000100210400'
Event: 2.345 Thread 0x00000239965868e0 Unloading class 0x0000000100210000 'java/lang/invoke/LambdaForm$MH+0x0000000100210000'
Event: 2.345 Thread 0x00000239965868e0 Unloading class 0x000000010020fc00 'java/lang/invoke/LambdaForm$MH+0x000000010020fc00'
Event: 2.345 Thread 0x00000239965868e0 Unloading class 0x000000010020f400 'java/lang/invoke/LambdaForm$BMH+0x000000010020f400'
Event: 2.345 Thread 0x00000239965868e0 Unloading class 0x000000010020f000 'java/lang/invoke/LambdaForm$DMH+0x000000010020f000'
Event: 2.345 Thread 0x00000239965868e0 Unloading class 0x000000010020c400 'java/lang/invoke/LambdaForm$DMH+0x000000010020c400'

Classes redefined (0 events):
No events

Internal exceptions (20 events):
Event: 1.838 Thread 0x00000239999a6ae0 Exception <a 'java/io/FileNotFoundException'{0x00000000eb14cb38}> (0x00000000eb14cb38) 
thrown [e:\jenkins\tmp\workspace\build\src\src\hotspot\share\prims\jni.cpp, line 516]
Event: 1.848 Thread 0x00000239999a6ae0 Exception <a 'java/lang/NullPointerException'{0x00000000eb19e4a0}> (0x00000000eb19e4a0) 
thrown [e:\jenkins\tmp\workspace\build\src\src\hotspot\share\interpreter\linkResolver.cpp, line 1357]
Event: 1.848 Thread 0x00000239999a6ae0 Exception <a 'java/lang/NullPointerException'{0x00000000eb19ecc8}> (0x00000000eb19ecc8) 
thrown [e:\jenkins\tmp\workspace\build\src\src\hotspot\share\interpreter\linkResolver.cpp, line 1357]
Event: 2.013 Thread 0x00000239999a6ae0 Exception <a 'java/lang/NoSuchMethodError'{0x00000000eb8fe1c8}: 'void java.lang.invoke.DirectMethodHandle$Holder.invokeInterface(java.lang.Object, java.lang.Object, java.lang.Object)'> (0x00000000eb8fe1c8) 
thrown [e:\jenkins\tmp\workspace\build\src\src\hotspot\share\interpreter\linkResolver.cpp, line 766]
Event: 2.068 Thread 0x00000239999a6ae0 Exception <a 'java/lang/NoSuchMethodError'{0x00000000ebc1f158}: 'java.lang.Object java.lang.invoke.Invokers$Holder.invokeExact_MT(java.lang.Object, java.lang.Object, java.lang.Object, java.lang.Object, java.lang.Object, java.lang.Object)'> (0x00000000ebc1f158) 
thrown [e:\jenkins\tmp\workspace\build\src\src\hotspot\share\interpreter\linkResolver.cpp, line 766]
Event: 2.081 Thread 0x00000239999a6ae0 Exception <a 'java/lang/NoSuchMethodError'{0x00000000ebd09530}: 'java.lang.Object java.lang.invoke.DirectMethodHandle$Holder.invokeStatic(java.lang.Object, java.lang.Object, int)'> (0x00000000ebd09530) 
thrown [e:\jenkins\tmp\workspace\build\src\src\hotspot\share\interpreter\linkResolver.cpp, line 766]
Event: 2.082 Thread 0x00000239999a6ae0 Exception <a 'java/lang/NoSuchMethodError'{0x00000000ebd0e0e0}: 'void java.lang.invoke.DirectMethodHandle$Holder.invokeStatic(java.lang.Object, java.lang.Object, int, java.lang.Object)'> (0x00000000ebd0e0e0) 
thrown [e:\jenkins\tmp\workspace\build\src\src\hotspot\share\interpreter\linkResolver.cpp, line 766]
Event: 2.083 Thread 0x00000239999a6ae0 Exception <a 'java/lang/NoSuchMethodError'{0x00000000ebd15810}: 'void java.lang.invoke.DelegatingMethodHandle$Holder.delegate(java.lang.Object, java.lang.Object, int, java.lang.Object)'> (0x00000000ebd15810) 
thrown [e:\jenkins\tmp\workspace\build\src\src\hotspot\share\interpreter\linkResolver.cpp, line 766]
Event: 2.083 Thread 0x00000239999a6ae0 Exception <a 'java/lang/NoSuchMethodError'{0x00000000ebd19bf8}: 'int java.lang.invoke.DirectMethodHandle$Holder.invokeSpecial(java.lang.Object, java.lang.Object, java.lang.Object)'> (0x00000000ebd19bf8) 
thrown [e:\jenkins\tmp\workspace\build\src\src\hotspot\share\interpreter\linkResolver.cpp, line 766]
Event: 2.085 Thread 0x00000239999a6ae0 Exception <a 'java/lang/NoSuchMethodError'{0x00000000ebd2b448}: 'int java.lang.invoke.DirectMethodHandle$Holder.invokeStatic(java.lang.Object, java.lang.Object, int)'> (0x00000000ebd2b448) 
thrown [e:\jenkins\tmp\workspace\build\src\src\hotspot\share\interpreter\linkResolver.cpp, line 766]
Event: 2.085 Thread 0x00000239999a6ae0 Exception <a 'java/lang/NoSuchMethodError'{0x00000000ebd2f470}: 'int java.lang.invoke.DirectMethodHandle$Holder.invokeSpecial(java.lang.Object, java.lang.Object, java.lang.Object, int)'> (0x00000000ebd2f470) 
thrown [e:\jenkins\tmp\workspace\build\src\src\hotspot\share\interpreter\linkResolver.cpp, line 766]
Event: 2.087 Thread 0x00000239999a6ae0 Exception <a 'java/lang/NoSuchMethodError'{0x00000000ebd4af10}: 'java.lang.Object java.lang.invoke.DirectMethodHandle$Holder.invokeStatic(java.lang.Object, java.lang.Object, java.lang.Object, java.lang.Object, int)'> (0x00000000ebd4af10) 
thrown [e:\jenkins\tmp\workspace\build\src\src\hotspot\share\interpreter\linkResolver.cpp, line 766]
Event: 2.088 Thread 0x00000239999a6ae0 Exception <a 'java/lang/NoSuchMethodError'{0x00000000ebd572d8}: 'java.lang.Object java.lang.invoke.DelegatingMethodHandle$Holder.reinvoke_L(java.lang.Object, java.lang.Object, java.lang.Object, java.lang.Object, int, int)'> (0x00000000ebd572d8) 
thrown [e:\jenkins\tmp\workspace\build\src\src\hotspot\share\interpreter\linkResolver.cpp, line 766]
Event: 2.090 Thread 0x00000239999a6ae0 Exception <a 'java/lang/NoSuchMethodError'{0x00000000ebd6ee20}: 'java.lang.Object java.lang.invoke.Invokers$Holder.invokeExact_MT(java.lang.Object, java.lang.Object, java.lang.Object, java.lang.Object)'> (0x00000000ebd6ee20) 
thrown [e:\jenkins\tmp\workspace\build\src\src\hotspot\share\interpreter\linkResolver.cpp, line 766]
Event: 2.281 Thread 0x00000239999a6ae0 Exception <a 'java/lang/NoSuchMethodError'{0x00000000eac61998}: 'int java.lang.invoke.DirectMethodHandle$Holder.invokeStaticInit(java.lang.Object, java.lang.Object, java.lang.Object)'> (0x00000000eac61998) 
thrown [e:\jenkins\tmp\workspace\build\src\src\hotspot\share\interpreter\linkResolver.cpp, line 766]
Event: 2.289 Thread 0x00000239999a6ae0 Exception <a 'java/lang/IncompatibleClassChangeError'{0x00000000ead42e10}: Found class java.lang.Object, but interface was expected> (0x00000000ead42e10) 
thrown [e:\jenkins\tmp\workspace\build\src\src\hotspot\share\interpreter\linkResolver.cpp, line 833]
Event: 2.663 Thread 0x00000239999a6ae0 Exception <a 'java/lang/ClassNotFoundException'{0x00000000ebeaf978}: com/sun/org/apache/xerces/internal/impl/msg/spi/DOMMessagesProvider> (0x00000000ebeaf978) 
thrown [e:\jenkins\tmp\workspace\build\src\src\hotspot\share\classfile\systemDictionary.cpp, line 256]
Event: 2.665 Thread 0x00000239999a6ae0 Implicit null exception at 0x000002398cf39d8d to 0x000002398cf3aa7c
Event: 2.667 Thread 0x00000239999a6ae0 Exception <a 'java/lang/ClassNotFoundException'{0x00000000ebee84d0}: com/sun/org/apache/xerces/internal/impl/msg/spi/XMLSerializerMessagesProvider> (0x00000000ebee84d0) 
thrown [e:\jenkins\tmp\workspace\build\src\src\hotspot\share\classfile\systemDictionary.cpp, line 256]
Event: 2.668 Thread 0x00000239999a6ae0 Exception <a 'java/lang/ClassNotFoundException'{0x00000000ebf01d10}: com/sun/org/apache/xerces/internal/impl/msg/spi/XMLMessagesProvider> (0x00000000ebf01d10) 
thrown [e:\jenkins\tmp\workspace\build\src\src\hotspot\share\classfile\systemDictionary.cpp, line 256]

VM Operations (20 events):
Event: 1.596 Executing VM operation: HandshakeAllThreads
Event: 1.596 Executing VM operation: HandshakeAllThreads done
Event: 1.681 Executing VM operation: ParallelGCFailedAllocation
Event: 1.710 Executing VM operation: ParallelGCFailedAllocation done
Event: 1.929 Executing VM operation: HandshakeAllThreads
Event: 1.929 Executing VM operation: HandshakeAllThreads done
Event: 1.990 Executing VM operation: HandshakeAllThreads
Event: 1.990 Executing VM operation: HandshakeAllThreads done
Event: 1.993 Executing VM operation: HandshakeAllThreads
Event: 1.993 Executing VM operation: HandshakeAllThreads done
Event: 2.081 Executing VM operation: HandshakeAllThreads
Event: 2.081 Executing VM operation: HandshakeAllThreads done
Event: 2.245 Executing VM operation: ParallelGCFailedAllocation
Event: 2.249 Executing VM operation: ParallelGCFailedAllocation done
Event: 2.320 Executing VM operation: HandshakeAllThreads
Event: 2.320 Executing VM operation: HandshakeAllThreads done
Event: 2.340 Executing VM operation: CollectForMetadataAllocation
Event: 2.360 Executing VM operation: CollectForMetadataAllocation done
Event: 2.551 Executing VM operation: ParallelGCFailedAllocation
Event: 2.552 Executing VM operation: ParallelGCFailedAllocation done

Events (20 events):
Event: 2.667 loading class com/sun/org/apache/xerces/internal/impl/msg/XMLSerializerMessages_ko done
Event: 2.667 loading class com/sun/org/apache/xerces/internal/impl/msg/XMLSerializerMessages_ko
Event: 2.667 loading class com/sun/org/apache/xerces/internal/impl/msg/XMLSerializerMessages_ko done
Event: 2.668 loading class com/sun/org/apache/xerces/internal/impl/msg/XMLSerializerMessages_ko_KR
Event: 2.668 loading class com/sun/org/apache/xerces/internal/impl/msg/XMLSerializerMessages_ko_KR done
Event: 2.668 loading class com/sun/org/apache/xerces/internal/impl/msg/XMLSerializerMessages_ko_KR
Event: 2.668 loading class com/sun/org/apache/xerces/internal/impl/msg/XMLSerializerMessages_ko_KR done
Event: 2.668 loading class com/sun/org/apache/xerces/internal/impl/msg/XMLMessages
Event: 2.668 loading class com/sun/org/apache/xerces/internal/impl/msg/XMLMessages done
Event: 2.668 loading class com/sun/org/apache/xerces/internal/impl/msg/XMLMessages
Event: 2.668 loading class com/sun/org/apache/xerces/internal/impl/msg/XMLMessages done
Event: 2.670 loading class com/sun/org/apache/xerces/internal/impl/msg/XMLMessages_ko
Event: 2.670 loading class com/sun/org/apache/xerces/internal/impl/msg/XMLMessages_ko done
Event: 2.670 loading class com/sun/org/apache/xerces/internal/impl/msg/XMLMessages_ko
Event: 2.670 loading class com/sun/org/apache/xerces/internal/impl/msg/XMLMessages_ko done
Event: 2.673 loading class com/sun/org/apache/xerces/internal/impl/msg/XMLMessages_ko_KR
Event: 2.673 loading class com/sun/org/apache/xerces/internal/impl/msg/XMLMessages_ko_KR done
Event: 2.673 loading class com/sun/org/apache/xerces/internal/impl/msg/XMLMessages_ko_KR
Event: 2.673 loading class com/sun/org/apache/xerces/internal/impl/msg/XMLMessages_ko_KR done
Event: 2.690 Thread 0x0000023999c27590 Thread added: 0x0000023999c27590


Dynamic libraries:
0x00007ff7dbbb0000 - 0x00007ff7dbbbe000 	c:\Users\jjs815\.vscode\extensions\redhat.java-1.9.0-win32-x64\jre\17.0.3-win32-x86_64\bin\java.exe
0x00007ffeb6590000 - 0x00007ffeb6788000 	C:\WINDOWS\SYSTEM32\ntdll.dll
0x00007ffeb6490000 - 0x00007ffeb654d000 	C:\WINDOWS\System32\KERNEL32.DLL
0x00007ffeb3cb0000 - 0x00007ffeb3f7e000 	C:\WINDOWS\System32\KERNELBASE.dll
0x00007ffeb4140000 - 0x00007ffeb4240000 	C:\WINDOWS\System32\ucrtbase.dll
0x00007ffea22c0000 - 0x00007ffea22d9000 	c:\Users\jjs815\.vscode\extensions\redhat.java-1.9.0-win32-x64\jre\17.0.3-win32-x86_64\bin\VCRUNTIME140.dll
0x00007ffea22e0000 - 0x00007ffea22f8000 	c:\Users\jjs815\.vscode\extensions\redhat.java-1.9.0-win32-x64\jre\17.0.3-win32-x86_64\bin\jli.dll
0x00007ffeb5f60000 - 0x00007ffeb6100000 	C:\WINDOWS\System32\USER32.dll
0x00007ffeb3f80000 - 0x00007ffeb3fa2000 	C:\WINDOWS\System32\win32u.dll
0x00007ffeb6180000 - 0x00007ffeb61aa000 	C:\WINDOWS\System32\GDI32.dll
0x00007ffeb4340000 - 0x00007ffeb444b000 	C:\WINDOWS\System32\gdi32full.dll
0x00007ffeb4550000 - 0x00007ffeb45ed000 	C:\WINDOWS\System32\msvcp_win.dll
0x00007ffea2c40000 - 0x00007ffea2eda000 	C:\WINDOWS\WinSxS\amd64_microsoft.windows.common-controls_6595b64144ccf1df_6.0.19041.1110_none_60b5254171f9507e\COMCTL32.dll
0x00007ffeb5d20000 - 0x00007ffeb5dbe000 	C:\WINDOWS\System32\msvcrt.dll
0x00007ffeb6460000 - 0x00007ffeb6490000 	C:\WINDOWS\System32\IMM32.DLL
0x00007ffea22b0000 - 0x00007ffea22bc000 	c:\Users\jjs815\.vscode\extensions\redhat.java-1.9.0-win32-x64\jre\17.0.3-win32-x86_64\bin\vcruntime140_1.dll
0x00007ffe77f60000 - 0x00007ffe77ff1000 	c:\Users\jjs815\.vscode\extensions\redhat.java-1.9.0-win32-x64\jre\17.0.3-win32-x86_64\bin\msvcp140.dll
0x00007ffe77310000 - 0x00007ffe77f58000 	c:\Users\jjs815\.vscode\extensions\redhat.java-1.9.0-win32-x64\jre\17.0.3-win32-x86_64\bin\server\jvm.dll
0x00007ffeb4d20000 - 0x00007ffeb4dce000 	C:\WINDOWS\System32\ADVAPI32.dll
0x00007ffeb62a0000 - 0x00007ffeb633c000 	C:\WINDOWS\System32\sechost.dll
0x00007ffeb4890000 - 0x00007ffeb49b5000 	C:\WINDOWS\System32\RPCRT4.dll
0x00007ffeb61b0000 - 0x00007ffeb61b8000 	C:\WINDOWS\System32\PSAPI.DLL
0x00007ffea2260000 - 0x00007ffea2269000 	C:\WINDOWS\SYSTEM32\WSOCK32.dll
0x00007ffeb4ea0000 - 0x00007ffeb4f0b000 	C:\WINDOWS\System32\WS2_32.dll
0x00007ffea4a50000 - 0x00007ffea4a77000 	C:\WINDOWS\SYSTEM32\WINMM.dll
0x00007ffeb1cb0000 - 0x00007ffeb1cba000 	C:\WINDOWS\SYSTEM32\VERSION.dll
0x00007ffeb2590000 - 0x00007ffeb25a2000 	C:\WINDOWS\SYSTEM32\kernel.appcore.dll
0x00007ffea22a0000 - 0x00007ffea22aa000 	c:\Users\jjs815\.vscode\extensions\redhat.java-1.9.0-win32-x64\jre\17.0.3-win32-x86_64\bin\jimage.dll
0x00007ffe9b650000 - 0x00007ffe9b834000 	C:\WINDOWS\SYSTEM32\DBGHELP.DLL
0x00007ffe9b4e0000 - 0x00007ffe9b50c000 	C:\WINDOWS\SYSTEM32\dbgcore.DLL
0x00007ffeb4240000 - 0x00007ffeb42c2000 	C:\WINDOWS\System32\bcryptPrimitives.dll
0x00007ffea2290000 - 0x00007ffea229e000 	c:\Users\jjs815\.vscode\extensions\redhat.java-1.9.0-win32-x64\jre\17.0.3-win32-x86_64\bin\instrument.dll
0x00007ffea16d0000 - 0x00007ffea16f5000 	c:\Users\jjs815\.vscode\extensions\redhat.java-1.9.0-win32-x64\jre\17.0.3-win32-x86_64\bin\java.dll
0x00007ffea2270000 - 0x00007ffea2288000 	c:\Users\jjs815\.vscode\extensions\redhat.java-1.9.0-win32-x64\jre\17.0.3-win32-x86_64\bin\zip.dll
0x00007ffeb55d0000 - 0x00007ffeb5d14000 	C:\WINDOWS\System32\SHELL32.dll
0x00007ffeb1db0000 - 0x00007ffeb2544000 	C:\WINDOWS\SYSTEM32\windows.storage.dll
0x00007ffeb49c0000 - 0x00007ffeb4d14000 	C:\WINDOWS\System32\combase.dll
0x00007ffeb3710000 - 0x00007ffeb3740000 	C:\WINDOWS\SYSTEM32\Wldp.dll
0x00007ffeb50b0000 - 0x00007ffeb515d000 	C:\WINDOWS\System32\SHCORE.dll
0x00007ffeb4dd0000 - 0x00007ffeb4e25000 	C:\WINDOWS\System32\shlwapi.dll
0x00007ffeb3bf0000 - 0x00007ffeb3c0f000 	C:\WINDOWS\SYSTEM32\profapi.dll
0x00007ffea16b0000 - 0x00007ffea16c9000 	C:\Users\jjs815\.vscode\extensions\redhat.java-1.9.0-win32-x64\jre\17.0.3-win32-x86_64\bin\net.dll
0x00007ffeacc50000 - 0x00007ffeacd5a000 	C:\WINDOWS\SYSTEM32\WINHTTP.dll
0x00007ffeb3470000 - 0x00007ffeb34da000 	C:\WINDOWS\system32\mswsock.dll
0x00007ffea1690000 - 0x00007ffea16a5000 	C:\Users\jjs815\.vscode\extensions\redhat.java-1.9.0-win32-x64\jre\17.0.3-win32-x86_64\bin\nio.dll
0x00007ffea0d80000 - 0x00007ffea0d90000 	c:\Users\jjs815\.vscode\extensions\redhat.java-1.9.0-win32-x64\jre\17.0.3-win32-x86_64\bin\verify.dll
0x00007ffe8b7a0000 - 0x00007ffe8b7de000 	C:\Users\jjs815\AppData\Roaming\Code\User\globalStorage\redhat.java\1.9.0\config_ss_win\org.eclipse.equinox.launcher\org.eclipse.equinox.launcher.win32.win32.x86_64_1.2.500.v20220509-0833\eclipse_11700.dll
0x00007ffeb4f80000 - 0x00007ffeb50aa000 	C:\WINDOWS\System32\ole32.dll

dbghelp: loaded successfully - version: 4.0.5 - missing functions: none
symbol engine: initialized successfully - sym options: 0x614 - pdb path: .;c:\Users\jjs815\.vscode\extensions\redhat.java-1.9.0-win32-x64\jre\17.0.3-win32-x86_64\bin;C:\WINDOWS\SYSTEM32;C:\WINDOWS\WinSxS\amd64_microsoft.windows.common-controls_6595b64144ccf1df_6.0.19041.1110_none_60b5254171f9507e;c:\Users\jjs815\.vscode\extensions\redhat.java-1.9.0-win32-x64\jre\17.0.3-win32-x86_64\bin\server;C:\Users\jjs815\AppData\Roaming\Code\User\globalStorage\redhat.java\1.9.0\config_ss_win\org.eclipse.equinox.launcher\org.eclipse.equinox.launcher.win32.win32.x86_64_1.2.500.v20220509-0833

VM Arguments:
jvm_args: --add-modules=ALL-SYSTEM --add-opens=java.base/java.util=ALL-UNNAMED --add-opens=java.base/java.lang=ALL-UNNAMED --add-opens=java.base/sun.nio.fs=ALL-UNNAMED -Declipse.application=org.eclipse.jdt.ls.core.id1 -Dosgi.bundles.defaultStartLevel=4 -Declipse.product=org.eclipse.jdt.ls.core.product -Djava.import.generatesMetadataFilesAtProjectRoot=false -Dfile.encoding=utf8 -DwatchParentProcess=false -XX:+UseParallelGC -XX:GCTimeRatio=4 -XX:AdaptiveSizePolicyWeight=90 -Dsun.zip.disableMemoryMapping=true -Xmx1G -Xms100m -javaagent:c:\Users\jjs815\.vscode\extensions\redhat.java-1.9.0-win32-x64\lombok\lombok-1.18.24.jar 
java_command: c:\Users\jjs815\.vscode\extensions\redhat.java-1.9.0-win32-x64\server\plugins\org.eclipse.equinox.launcher_1.6.400.v20210924-0641.jar -configuration c:\Users\jjs815\AppData\Roaming\Code\User\globalStorage\redhat.java\1.9.0\config_ss_win -data c:\Users\jjs815\AppData\Roaming\Code\User\workspaceStorage\d608b88811175971a67a8057766062d0\redhat.java\ss_ws
java_class_path (initial): c:\Users\jjs815\.vscode\extensions\redhat.java-1.9.0-win32-x64\server\plugins\org.eclipse.equinox.launcher_1.6.400.v20210924-0641.jar
Launcher Type: SUN_STANDARD

[Global flags]
    uintx AdaptiveSizePolicyWeight                 = 90                                        {product} {command line}
     intx CICompilerCount                          = 4                                         {product} {ergonomic}
    uintx GCTimeRatio                              = 4                                         {product} {command line}
   size_t InitialHeapSize                          = 104857600                                 {product} {command line}
   size_t MaxHeapSize                              = 1073741824                                {product} {command line}
   size_t MaxNewSize                               = 357564416                                 {product} {ergonomic}
   size_t MinHeapDeltaBytes                        = 524288                                    {product} {ergonomic}
   size_t MinHeapSize                              = 104857600                                 {product} {command line}
   size_t NewSize                                  = 34603008                                  {product} {ergonomic}
    uintx NonNMethodCodeHeapSize                   = 5839372                                {pd product} {ergonomic}
    uintx NonProfiledCodeHeapSize                  = 122909434                              {pd product} {ergonomic}
   size_t OldSize                                  = 70254592                                  {product} {ergonomic}
    uintx ProfiledCodeHeapSize                     = 122909434                              {pd product} {ergonomic}
    uintx ReservedCodeCacheSize                    = 251658240                              {pd product} {ergonomic}
     bool SegmentedCodeCache                       = true                                      {product} {ergonomic}
   size_t SoftMaxHeapSize                          = 1073741824                             {manageable} {ergonomic}
     bool UseCompressedClassPointers               = true                           {product lp64_product} {ergonomic}
     bool UseCompressedOops                        = true                           {product lp64_product} {ergonomic}
     bool UseLargePagesIndividualAllocation        = false                                  {pd product} {ergonomic}
     bool UseParallelGC                            = true                                      {product} {command line}

Logging:
Log output configuration:
 #0: stdout all=warning uptime,level,tags
 #1: stderr all=off uptime,level,tags

Environment Variables:
JAVA_HOME=C:\Program Files\Java\jdk1.8.0_211
CLASSPATH=.;
PATH=C:\Program Files\Common Files\Oracle\Java\javapath;C:\Program Files\Zulu\zulu-11\bin\;C:\Program Files\NVIDIA GPU Computing Toolkit\CUDA\v11.3\bin;C:\Program Files\NVIDIA GPU Computing Toolkit\CUDA\v11.3\libnvvp;C:\Python39\Scripts\;C:\Python39\;C:\Program Files (x86)\Common Files\Oracle\Java\javapath;C:\Program Files (x86)\NAT Service;C:\ProgramData\Oracle\Java\javapath;C:\WINDOWS\system32;C:\WINDOWS;C:\WINDOWS\System32\Wbem;C:\WINDOWS\System32\WindowsPowerShell\v1.0\;C:\WINDOWS\System32\OpenSSH\;C:\Program Files (x86)\ePapyrus\Papyrus-PlugIn-xfa;C:\Program Files (x86)\ePapyrus\Papyrus-PlugIn-xfa\Addins;C:\Program Files\PuTTY\;C:\python;C:\ProgramData\chocolatey\bin;C:\Program Files (x86)\Yarn;C:\Users\jjs815\AppData\Local\Android\Sdk\platform-tools;C:\Program Files\OpenJDK\openjdk-8u282-b08\bin;C:\Program Files\Java\jdk1.8.0_211\bin;C:\Program Files\Git\cmd;C:\Program Files\nodejs\;C:\Program Files\NVIDIA Corporation\NVIDIA NvDLISR;C:\Program Files\NVIDIA Corporation\Nsight Compute 2021.1.1\;C:\Program Files (x86)\NVIDIA Corporation\PhysX\Common;C:\Program Files\OpenSSL-Win64\bin;C:\Program Files\Java\jdk-11.0.15;C:\Users\jjs815\AppData\Local\Programs\Python\Python38\Scripts\;C:\Users\jjs815\AppData\Local\Programs\Python\Python38\;C:\python\Scripts\;C:\python\;"C:\Users\jjs815\AppData\Local\Microsoft\WindowsApps;%C:\Python27";C:\Users\jjs815\AppData\Local\Microsoft\WindowsApps;C:\Users\jjs815\AppData\Local\Programs\Microsoft VS Code\bin;C:\Program Files (x86)\SoftForum\XecureHSM\;C:\Users\jjs815\AppData\Roaming\npm;C:\Program Files\JetBrains\IntelliJ IDEA Community Edition 2021.3.2\bin;;C:\Users\jjs815\flutter\bin;
USERNAME=jjs815
OS=Windows_NT
PROCESSOR_IDENTIFIER=Intel64 Family 6 Model 158 Stepping 9, GenuineIntel



---------------  S Y S T E M  ---------------

OS:
 Windows 10 , 64 bit Build 19041 (10.0.19041.1806)
OS uptime: 0 days 0:20 hours

CPU: total 8 (initial active 8) (4 cores per cpu, 2 threads per core) family 6 model 158 stepping 9 microcode 0xb4, cx8, cmov, fxsr, ht, mmx, 3dnowpref, sse, sse2, sse3, ssse3, sse4.1, sse4.2, popcnt, lzcnt, tsc, tscinvbit, avx, avx2, aes, erms, clmul, bmi1, bmi2, rtm, adx, fma, vzeroupper, clflush, clflushopt

Memory: 4k page, system-wide physical 16296M (2937M free)
TotalPageFile size 16296M (AvailPageFile size 5M)
current process WorkingSet (physical memory assigned to process): 124M, peak: 124M
current process commit charge ("private bytes"): 231M, peak: 232M

vm_info: OpenJDK 64-Bit Server VM (17.0.3+7) for windows-amd64 JRE (17.0.3+7), built on Apr 19 2022 16:55:35 by "" with MS VC++ 16.7 (VS2019)

END.
