#
# There is insufficient memory for the Java Runtime Environment to continue.
# Native memory allocation (malloc) failed to allocate 813136 bytes for Chunk::new
# Possible reasons:
#   The system is out of physical RAM or swap space
#   The process is running with CompressedOops enabled, and the Java Heap may be blocking the growth of the native heap
# Possible solutions:
#   Reduce memory load on the system
#   Increase physical memory or swap space
#   Check if swap backing store is full
#   Decrease Java heap size (-Xmx/-Xms)
#   Decrease number of Java threads
#   Decrease Java thread stack sizes (-Xss)
#   Set larger code cache with -XX:ReservedCodeCacheSize=
#   JVM is running with Unscaled Compressed Oops mode in which the Java heap is
#     placed in the first 4GB address space. The Java Heap base address is the
#     maximum limit for the native heap growth. Please use -XX:HeapBaseMinAddress
#     to set the Java Heap base and to place the Java Heap above 4GB virtual address.
# This output file may be truncated or incomplete.
#
#  Out of Memory Error (./src/hotspot/share/memory/arena.cpp:197), pid=23088, tid=21592
#
# JRE version: OpenJDK Runtime Environment (11.0.12+7) (build 11.0.12+7-b1504.28-7817840)
# Java VM: OpenJDK 64-Bit Server VM (11.0.12+7-b1504.28-7817840, mixed mode, tiered, compressed oops, g1 gc, windows-amd64)
# No core dump will be written. Minidumps are not enabled by default on client versions of Windows
#

---------------  S U M M A R Y ------------

Command Line: --add-opens=java.base/java.util=ALL-UNNAMED --add-opens=java.base/java.lang=ALL-UNNAMED --add-opens=java.base/java.lang.invoke=ALL-UNNAMED --add-opens=java.base/java.util=ALL-UNNAMED --add-opens=java.prefs/java.util.prefs=ALL-UNNAMED --add-opens=java.prefs/java.util.prefs=ALL-UNNAMED --add-opens=java.base/java.nio.charset=ALL-UNNAMED --add-opens=java.base/java.net=ALL-UNNAMED --add-opens=java.base/java.util.concurrent.atomic=ALL-UNNAMED -Xmx1536M -Dfile.encoding=x-windows-949 -Duser.country=KR -Duser.language=ko -Duser.variant org.gradle.launcher.daemon.bootstrap.GradleDaemon 7.4

Host: Intel(R) Core(TM) i7-7700 CPU @ 3.60GHz, 8 cores, 15G,  Windows 10 , 64 bit Build 19041 (10.0.19041.1806)
Time: Tue Jul 26 19:13:27 2022 대한민국 표준시 elapsed time: 8.083201 seconds (0d 0h 0m 8s)

---------------  T H R E A D  ---------------

Current thread (0x00000221a8378000):  JavaThread "C2 CompilerThread1" daemon [_thread_in_native, id=21592, stack(0x000000c009d00000,0x000000c009e00000)]


Current CompileTask:
C2:   8083 7402 %     4       org.gradle.internal.instantiation.generator.AbstractClassGenerator::inspectType @ 107 (560 bytes)

Stack: [0x000000c009d00000,0x000000c009e00000]
Native frames: (J=compiled Java code, j=interpreted, Vv=VM code, C=native code)
V  [jvm.dll+0x5fbcea]
V  [jvm.dll+0x731905]
V  [jvm.dll+0x732f1d]
V  [jvm.dll+0x7335d3]
V  [jvm.dll+0x247bf8]
V  [jvm.dll+0xc018c]
V  [jvm.dll+0xc06cc]
V  [jvm.dll+0x2bcc04]
V  [jvm.dll+0x5113a8]
V  [jvm.dll+0x2018ec]
V  [jvm.dll+0x1ff71f]
V  [jvm.dll+0x18868c]
V  [jvm.dll+0x20e0d7]
V  [jvm.dll+0x20c901]
V  [jvm.dll+0x6f9b7f]
V  [jvm.dll+0x6f26a5]
V  [jvm.dll+0x5fabf6]
C  [ucrtbase.dll+0x21bb2]
C  [KERNEL32.DLL+0x17034]
C  [ntdll.dll+0x52651]


---------------  P R O C E S S  ---------------

Threads class SMR info:
_java_thread_list=0x00000221a80d47b0, length=125, elements={
0x0000022189102000, 0x00000221a423d000, 0x00000221a4a70800, 0x00000221a4ae6000,
0x00000221a4ae9000, 0x00000221a4aea000, 0x00000221a4aee000, 0x00000221a4aef000,
0x00000221a4b16000, 0x00000221a4c7b800, 0x00000221a81eb800, 0x00000221a4e38000,
0x00000221a6c28000, 0x00000221a7978800, 0x00000221a7a06000, 0x00000221a64ea800,
0x00000221a54ba000, 0x00000221a6ecf000, 0x00000221a74f5000, 0x00000221a758f800,
0x00000221a8378000, 0x00000221a7594800, 0x00000221a7591800, 0x00000221a7590800,
0x00000221a7593000, 0x00000221a758f000, 0x00000221a7592000, 0x00000221a7595800,
0x00000221a7b26800, 0x00000221a7593800, 0x00000221a7fe2000, 0x00000221a7fe7800,
0x00000221a7fe5000, 0x00000221a7fe4800, 0x00000221a7fe8800, 0x00000221a7fe6800,
0x00000221a7fe2800, 0x00000221a7fed000, 0x00000221a7fec800, 0x00000221a7feb800,
0x00000221a7fee000, 0x00000221a7fef000, 0x00000221a7fe9000, 0x00000221a7fef800,
0x00000221a7fea000, 0x00000221a7ff0800, 0x00000221a7feb000, 0x00000221a5b03000,
0x00000221a5b01800, 0x00000221a5b02800, 0x00000221a5b00000, 0x00000221a5b04000,
0x00000221a5afe800, 0x00000221a5b05000, 0x00000221a5aff000, 0x00000221a5b01000,
0x00000221a4ca4000, 0x00000221a4ca9000, 0x00000221a4ca3800, 0x00000221a4ca5000,
0x00000221a4ca6800, 0x00000221a4cab800, 0x00000221a4ca7800, 0x00000221a4ca8000,
0x00000221a4ca6000, 0x00000221a4cac800, 0x00000221a4cad000, 0x00000221a4cae000,
0x00000221a4cae800, 0x00000221a4caf800, 0x00000221a4caa800, 0x00000221a4caa000,
0x00000221a4cb0800, 0x00000221a4cb1000, 0x00000221a4cb2000, 0x00000221a537b800,
0x00000221a537c800, 0x00000221a537f000, 0x00000221a537f800, 0x00000221a5383000,
0x00000221a5380800, 0x00000221a537e000, 0x00000221a537d000, 0x00000221a5383800,
0x00000221a5384800, 0x00000221a5387000, 0x00000221a5385800, 0x00000221a5382000,
0x00000221a5386000, 0x00000221a5381800, 0x00000221a538a000, 0x00000221a5388000,
0x00000221a5388800, 0x00000221a5389800, 0x00000221a6311000, 0x00000221a6313800,
0x00000221a630f800, 0x00000221a6315000, 0x00000221a6316000, 0x00000221a6314000,
0x00000221a6312800, 0x00000221a6310000, 0x00000221a6317800, 0x00000221a6316800,
0x00000221a6311800, 0x00000221a631d000, 0x00000221a631a800, 0x00000221a631b800,
0x00000221a631e000, 0x00000221a6318800, 0x00000221a6319000, 0x00000221a631a000,
0x00000221a631c800, 0x00000221a5fb9000, 0x00000221a5fb3000, 0x00000221a5fb7000,
0x00000221a5fb5800, 0x00000221a5fb8000, 0x00000221a5fb6800, 0x00000221a5fb9800,
0x00000221a5fb4000, 0x00000221a5fba800, 0x00000221a5fb5000, 0x00000221a5fbd000,
0x00000221a5fbb800
}

Java Threads: ( => current thread )
  0x0000022189102000 JavaThread "main" [_thread_blocked, id=13080, stack(0x000000c007d00000,0x000000c007e00000)]
  0x00000221a423d000 JavaThread "Reference Handler" daemon [_thread_blocked, id=22784, stack(0x000000c008400000,0x000000c008500000)]
  0x00000221a4a70800 JavaThread "Finalizer" daemon [_thread_blocked, id=29880, stack(0x000000c008500000,0x000000c008600000)]
  0x00000221a4ae6000 JavaThread "Signal Dispatcher" daemon [_thread_blocked, id=22984, stack(0x000000c008600000,0x000000c008700000)]
  0x00000221a4ae9000 JavaThread "Attach Listener" daemon [_thread_blocked, id=20688, stack(0x000000c008700000,0x000000c008800000)]
  0x00000221a4aea000 JavaThread "Service Thread" daemon [_thread_blocked, id=30652, stack(0x000000c008800000,0x000000c008900000)]
  0x00000221a4aee000 JavaThread "C2 CompilerThread0" daemon [_thread_in_native, id=13424, stack(0x000000c008900000,0x000000c008a00000)]
  0x00000221a4aef000 JavaThread "C1 CompilerThread0" daemon [_thread_blocked, id=8764, stack(0x000000c008a00000,0x000000c008b00000)]
  0x00000221a4b16000 JavaThread "Sweeper thread" daemon [_thread_blocked, id=3960, stack(0x000000c008b00000,0x000000c008c00000)]
  0x00000221a4c7b800 JavaThread "Common-Cleaner" daemon [_thread_blocked, id=24212, stack(0x000000c008c00000,0x000000c008d00000)]
  0x00000221a81eb800 JavaThread "Daemon health stats" [_thread_blocked, id=7904, stack(0x000000c009500000,0x000000c009600000)]
  0x00000221a4e38000 JavaThread "Incoming local TCP Connector on port 1296" [_thread_in_native, id=8972, stack(0x000000c008e00000,0x000000c008f00000)]
  0x00000221a6c28000 JavaThread "Daemon periodic checks" [_thread_blocked, id=17924, stack(0x000000c008f00000,0x000000c009000000)]
  0x00000221a7978800 JavaThread "Daemon" [_thread_blocked, id=11160, stack(0x000000c009600000,0x000000c009700000)]
  0x00000221a7a06000 JavaThread "Handler for socket connection from /127.0.0.1:1296 to /127.0.0.1:1297" [_thread_in_native, id=20580, stack(0x000000c009700000,0x000000c009800000)]
  0x00000221a64ea800 JavaThread "Cancel handler" [_thread_blocked, id=24560, stack(0x000000c009800000,0x000000c009900000)]
  0x00000221a54ba000 JavaThread "Daemon worker" [_thread_in_Java, id=19396, stack(0x000000c009900000,0x000000c009a00000)]
  0x00000221a6ecf000 JavaThread "Asynchronous log dispatcher for DefaultDaemonConnection: socket connection from /127.0.0.1:1296 to /127.0.0.1:1297" [_thread_blocked, id=9020, stack(0x000000c009a00000,0x000000c009b00000)]
  0x00000221a74f5000 JavaThread "Stdin handler" [_thread_blocked, id=5772, stack(0x000000c009b00000,0x000000c009c00000)]
  0x00000221a758f800 JavaThread "Daemon client event forwarder" [_thread_blocked, id=11868, stack(0x000000c009c00000,0x000000c009d00000)]
=>0x00000221a8378000 JavaThread "C2 CompilerThread1" daemon [_thread_in_native, id=21592, stack(0x000000c009d00000,0x000000c009e00000)]
  0x00000221a7594800 JavaThread "Cache worker for journal cache (C:\Users\jjs815\.gradle\caches\journal-1)" [_thread_blocked, id=28372, stack(0x000000c009e00000,0x000000c009f00000)]
  0x00000221a7591800 JavaThread "File lock request listener" [_thread_in_native, id=21116, stack(0x000000c009f00000,0x000000c00a000000)]
  0x00000221a7590800 JavaThread "Cache worker for file hash cache (C:\Users\jjs815\.gradle\caches\7.4\fileHashes)" [_thread_blocked, id=19024, stack(0x000000c00a000000,0x000000c00a100000)]
  0x00000221a7593000 JavaThread "File watcher server" daemon [_thread_in_native, id=30232, stack(0x000000c00a400000,0x000000c00a500000)]
  0x00000221a758f000 JavaThread "File watcher consumer" daemon [_thread_blocked, id=10348, stack(0x000000c00a500000,0x000000c00a600000)]
  0x00000221a7592000 JavaThread "Cache worker for checksums cache (C:\Users\jjs815\flurtter_project\chang_2nd_main_project\android\.gradle\7.4\checksums)" [_thread_blocked, id=2600, stack(0x000000c00a600000,0x000000c00a700000)]
  0x00000221a7595800 JavaThread "Cache worker for cache directory md-rule (C:\Users\jjs815\.gradle\caches\7.4\md-rule)" [_thread_blocked, id=20052, stack(0x000000c00a700000,0x000000c00a800000)]
  0x00000221a7b26800 JavaThread "C2 CompilerThread2" daemon [_thread_in_native, id=27372, stack(0x000000c00a800000,0x000000c00a900000)]
  0x00000221a7593800 JavaThread "Cache worker for file hash cache (C:\Users\jjs815\flurtter_project\chang_2nd_main_project\android\.gradle\7.4\fileHashes)" [_thread_blocked, id=18752, stack(0x000000c00a900000,0x000000c00aa00000)]
  0x00000221a7fe2000 JavaThread "Cache worker for cache directory md-supplier (C:\Users\jjs815\.gradle\caches\7.4\md-supplier)" [_thread_blocked, id=14376, stack(0x000000c00aa00000,0x000000c00ab00000)]
  0x00000221a7fe7800 JavaThread "Cache worker for execution history cache (C:\Users\jjs815\.gradle\caches\7.4\executionHistory)" [_thread_blocked, id=20044, stack(0x000000c00ab00000,0x000000c00ac00000)]
  0x00000221a7fe5000 JavaThread "jar transforms" [_thread_blocked, id=8768, stack(0x000000c00ac00000,0x000000c00ad00000)]
  0x00000221a7fe4800 JavaThread "jar transforms Thread 2" [_thread_blocked, id=6456, stack(0x000000c00ad00000,0x000000c00ae00000)]
  0x00000221a7fe8800 JavaThread "Cache worker for file content cache (C:\Users\jjs815\.gradle\caches\7.4\fileContent)" [_thread_blocked, id=17752, stack(0x000000c00ae00000,0x000000c00af00000)]
  0x00000221a7fe6800 JavaThread "jar transforms Thread 3" [_thread_blocked, id=22120, stack(0x000000c00af00000,0x000000c00b000000)]
  0x00000221a7fe2800 JavaThread "jar transforms Thread 4" [_thread_blocked, id=24800, stack(0x000000c00b000000,0x000000c00b100000)]
  0x00000221a7fed000 JavaThread "Cache worker for dependencies-accessors (C:\Users\jjs815\flurtter_project\chang_2nd_main_project\android\.gradle\7.4\dependencies-accessors)" [_thread_blocked, id=2716, stack(0x000000c00b100000,0x000000c00b200000)]
  0x00000221a7fec800 JavaThread "jar transforms Thread 5" [_thread_blocked, id=12364, stack(0x000000c00b200000,0x000000c00b300000)]
  0x00000221a7feb800 JavaThread "Cache worker for Build Output Cleanup Cache (C:\Users\jjs815\flurtter_project\chang_2nd_main_project\android\.gradle\buildOutputCleanup)" [_thread_blocked, id=30608, stack(0x000000c00b300000,0x000000c00b400000)]
  0x00000221a7fee000 JavaThread "Unconstrained build operations" [_thread_blocked, id=31012, stack(0x000000c00b400000,0x000000c00b500000)]
  0x00000221a7fef000 JavaThread "Unconstrained build operations Thread 2" [_thread_blocked, id=5152, stack(0x000000c00b500000,0x000000c00b600000)]
  0x00000221a7fe9000 JavaThread "Unconstrained build operations Thread 3" [_thread_blocked, id=14292, stack(0x000000c00b600000,0x000000c00b700000)]
  0x00000221a7fef800 JavaThread "Unconstrained build operations Thread 4" [_thread_blocked, id=6488, stack(0x000000c00b700000,0x000000c00b800000)]
  0x00000221a7fea000 JavaThread "Unconstrained build operations Thread 5" [_thread_blocked, id=24716, stack(0x000000c00b800000,0x000000c00b900000)]
  0x00000221a7ff0800 JavaThread "Unconstrained build operations Thread 6" [_thread_blocked, id=21804, stack(0x000000c00b900000,0x000000c00ba00000)]
  0x00000221a7feb000 JavaThread "Unconstrained build operations Thread 7" [_thread_blocked, id=13640, stack(0x000000c00ba00000,0x000000c00bb00000)]
  0x00000221a5b03000 JavaThread "Unconstrained build operations Thread 8" [_thread_blocked, id=19668, stack(0x000000c00bb00000,0x000000c00bc00000)]
  0x00000221a5b01800 JavaThread "Unconstrained build operations Thread 9" [_thread_blocked, id=11776, stack(0x000000c00bc00000,0x000000c00bd00000)]
  0x00000221a5b02800 JavaThread "Unconstrained build operations Thread 10" [_thread_blocked, id=29700, stack(0x000000c00bd00000,0x000000c00be00000)]
  0x00000221a5b00000 JavaThread "Unconstrained build operations Thread 11" [_thread_blocked, id=20756, stack(0x000000c00be00000,0x000000c00bf00000)]
  0x00000221a5b04000 JavaThread "Unconstrained build operations Thread 12" [_thread_blocked, id=31224, stack(0x000000c00bf00000,0x000000c00c000000)]
  0x00000221a5afe800 JavaThread "Unconstrained build operations Thread 13" [_thread_blocked, id=8080, stack(0x000000c00c000000,0x000000c00c100000)]
  0x00000221a5b05000 JavaThread "Unconstrained build operations Thread 14" [_thread_blocked, id=8372, stack(0x000000c00c100000,0x000000c00c200000)]
  0x00000221a5aff000 JavaThread "Unconstrained build operations Thread 15" [_thread_blocked, id=10744, stack(0x000000c00c200000,0x000000c00c300000)]
  0x00000221a5b01000 JavaThread "Unconstrained build operations Thread 16" [_thread_blocked, id=23908, stack(0x000000c00c300000,0x000000c00c400000)]
  0x00000221a4ca4000 JavaThread "Unconstrained build operations Thread 17" [_thread_blocked, id=11960, stack(0x000000c00c400000,0x000000c00c500000)]
  0x00000221a4ca9000 JavaThread "Unconstrained build operations Thread 18" [_thread_blocked, id=18956, stack(0x000000c00c500000,0x000000c00c600000)]
  0x00000221a4ca3800 JavaThread "Unconstrained build operations Thread 19" [_thread_blocked, id=17412, stack(0x000000c00c600000,0x000000c00c700000)]
  0x00000221a4ca5000 JavaThread "Unconstrained build operations Thread 20" [_thread_blocked, id=14720, stack(0x000000c00c700000,0x000000c00c800000)]
  0x00000221a4ca6800 JavaThread "Unconstrained build operations Thread 21" [_thread_blocked, id=25660, stack(0x000000c00c800000,0x000000c00c900000)]
  0x00000221a4cab800 JavaThread "Unconstrained build operations Thread 22" [_thread_blocked, id=24272, stack(0x000000c00c900000,0x000000c00ca00000)]
  0x00000221a4ca7800 JavaThread "Unconstrained build operations Thread 23" [_thread_blocked, id=9104, stack(0x000000c00ca00000,0x000000c00cb00000)]
  0x00000221a4ca8000 JavaThread "Unconstrained build operations Thread 24" [_thread_blocked, id=28788, stack(0x000000c00cb00000,0x000000c00cc00000)]
  0x00000221a4ca6000 JavaThread "Unconstrained build operations Thread 25" [_thread_blocked, id=28460, stack(0x000000c00cc00000,0x000000c00cd00000)]
  0x00000221a4cac800 JavaThread "Unconstrained build operations Thread 26" [_thread_blocked, id=31456, stack(0x000000c00cd00000,0x000000c00ce00000)]
  0x00000221a4cad000 JavaThread "Unconstrained build operations Thread 27" [_thread_blocked, id=25888, stack(0x000000c00ce00000,0x000000c00cf00000)]
  0x00000221a4cae000 JavaThread "Unconstrained build operations Thread 28" [_thread_blocked, id=29440, stack(0x000000c00cf00000,0x000000c00d000000)]
  0x00000221a4cae800 JavaThread "Unconstrained build operations Thread 29" [_thread_blocked, id=29000, stack(0x000000c00d000000,0x000000c00d100000)]
  0x00000221a4caf800 JavaThread "Unconstrained build operations Thread 30" [_thread_blocked, id=27496, stack(0x000000c00d100000,0x000000c00d200000)]
  0x00000221a4caa800 JavaThread "Unconstrained build operations Thread 31" [_thread_blocked, id=25652, stack(0x000000c00d200000,0x000000c00d300000)]
  0x00000221a4caa000 JavaThread "Unconstrained build operations Thread 32" [_thread_blocked, id=9884, stack(0x000000c00d300000,0x000000c00d400000)]
  0x00000221a4cb0800 JavaThread "Unconstrained build operations Thread 33" [_thread_blocked, id=6892, stack(0x000000c00d400000,0x000000c00d500000)]
  0x00000221a4cb1000 JavaThread "Unconstrained build operations Thread 34" [_thread_blocked, id=7868, stack(0x000000c00d500000,0x000000c00d600000)]
  0x00000221a4cb2000 JavaThread "Unconstrained build operations Thread 35" [_thread_blocked, id=10552, stack(0x000000c00d600000,0x000000c00d700000)]
  0x00000221a537b800 JavaThread "Unconstrained build operations Thread 36" [_thread_blocked, id=16512, stack(0x000000c00d700000,0x000000c00d800000)]
  0x00000221a537c800 JavaThread "Unconstrained build operations Thread 37" [_thread_blocked, id=23672, stack(0x000000c00d800000,0x000000c00d900000)]
  0x00000221a537f000 JavaThread "Unconstrained build operations Thread 38" [_thread_blocked, id=2952, stack(0x000000c00d900000,0x000000c00da00000)]
  0x00000221a537f800 JavaThread "Unconstrained build operations Thread 39" [_thread_blocked, id=19840, stack(0x000000c00da00000,0x000000c00db00000)]
  0x00000221a5383000 JavaThread "Unconstrained build operations Thread 40" [_thread_blocked, id=22740, stack(0x000000c00db00000,0x000000c00dc00000)]
  0x00000221a5380800 JavaThread "Unconstrained build operations Thread 41" [_thread_blocked, id=24928, stack(0x000000c00dc00000,0x000000c00dd00000)]
  0x00000221a537e000 JavaThread "Unconstrained build operations Thread 42" [_thread_blocked, id=15020, stack(0x000000c00dd00000,0x000000c00de00000)]
  0x00000221a537d000 JavaThread "Unconstrained build operations Thread 43" [_thread_blocked, id=7936, stack(0x000000c00de00000,0x000000c00df00000)]
  0x00000221a5383800 JavaThread "Unconstrained build operations Thread 44" [_thread_blocked, id=24980, stack(0x000000c00df00000,0x000000c00e000000)]
  0x00000221a5384800 JavaThread "Unconstrained build operations Thread 45" [_thread_blocked, id=8144, stack(0x000000c00e000000,0x000000c00e100000)]
  0x00000221a5387000 JavaThread "Unconstrained build operations Thread 46" [_thread_blocked, id=19972, stack(0x000000c00e100000,0x000000c00e200000)]
  0x00000221a5385800 JavaThread "Unconstrained build operations Thread 47" [_thread_blocked, id=25752, stack(0x000000c00e200000,0x000000c00e300000)]
  0x00000221a5382000 JavaThread "Unconstrained build operations Thread 48" [_thread_blocked, id=13124, stack(0x000000c00e300000,0x000000c00e400000)]
  0x00000221a5386000 JavaThread "Unconstrained build operations Thread 49" [_thread_blocked, id=9988, stack(0x000000c00e400000,0x000000c00e500000)]
  0x00000221a5381800 JavaThread "Unconstrained build operations Thread 50" [_thread_blocked, id=7460, stack(0x000000c00e500000,0x000000c00e600000)]
  0x00000221a538a000 JavaThread "Unconstrained build operations Thread 51" [_thread_blocked, id=8776, stack(0x000000c00e600000,0x000000c00e700000)]
  0x00000221a5388000 JavaThread "Unconstrained build operations Thread 52" [_thread_blocked, id=14704, stack(0x000000c00e700000,0x000000c00e800000)]
  0x00000221a5388800 JavaThread "Unconstrained build operations Thread 53" [_thread_blocked, id=8752, stack(0x000000c00e800000,0x000000c00e900000)]
  0x00000221a5389800 JavaThread "Unconstrained build operations Thread 54" [_thread_blocked, id=22212, stack(0x000000c00e900000,0x000000c00ea00000)]
  0x00000221a6311000 JavaThread "Unconstrained build operations Thread 55" [_thread_blocked, id=14304, stack(0x000000c00ea00000,0x000000c00eb00000)]
  0x00000221a6313800 JavaThread "Unconstrained build operations Thread 56" [_thread_blocked, id=13352, stack(0x000000c00eb00000,0x000000c00ec00000)]
  0x00000221a630f800 JavaThread "Unconstrained build operations Thread 57" [_thread_blocked, id=31492, stack(0x000000c00ec00000,0x000000c00ed00000)]
  0x00000221a6315000 JavaThread "Unconstrained build operations Thread 58" [_thread_blocked, id=21644, stack(0x000000c00ed00000,0x000000c00ee00000)]
  0x00000221a6316000 JavaThread "Unconstrained build operations Thread 59" [_thread_blocked, id=30976, stack(0x000000c00ee00000,0x000000c00ef00000)]
  0x00000221a6314000 JavaThread "Unconstrained build operations Thread 60" [_thread_blocked, id=12736, stack(0x000000c00ef00000,0x000000c00f000000)]
  0x00000221a6312800 JavaThread "Unconstrained build operations Thread 61" [_thread_blocked, id=13568, stack(0x000000c00f000000,0x000000c00f100000)]
  0x00000221a6310000 JavaThread "Unconstrained build operations Thread 62" [_thread_blocked, id=15008, stack(0x000000c00f100000,0x000000c00f200000)]
  0x00000221a6317800 JavaThread "Unconstrained build operations Thread 63" [_thread_blocked, id=2236, stack(0x000000c00f200000,0x000000c00f300000)]
  0x00000221a6316800 JavaThread "Unconstrained build operations Thread 64" [_thread_blocked, id=19896, stack(0x000000c00f300000,0x000000c00f400000)]
  0x00000221a6311800 JavaThread "Unconstrained build operations Thread 65" [_thread_blocked, id=3460, stack(0x000000c00f400000,0x000000c00f500000)]
  0x00000221a631d000 JavaThread "Unconstrained build operations Thread 66" [_thread_blocked, id=11384, stack(0x000000c00f500000,0x000000c00f600000)]
  0x00000221a631a800 JavaThread "Unconstrained build operations Thread 67" [_thread_blocked, id=25900, stack(0x000000c00f600000,0x000000c00f700000)]
  0x00000221a631b800 JavaThread "Unconstrained build operations Thread 68" [_thread_blocked, id=21876, stack(0x000000c00f700000,0x000000c00f800000)]
  0x00000221a631e000 JavaThread "Unconstrained build operations Thread 69" [_thread_blocked, id=25608, stack(0x000000c00f800000,0x000000c00f900000)]
  0x00000221a6318800 JavaThread "Unconstrained build operations Thread 70" [_thread_blocked, id=11116, stack(0x000000c00f900000,0x000000c00fa00000)]
  0x00000221a6319000 JavaThread "Unconstrained build operations Thread 71" [_thread_blocked, id=20040, stack(0x000000c00fa00000,0x000000c00fb00000)]
  0x00000221a631a000 JavaThread "Unconstrained build operations Thread 72" [_thread_blocked, id=17972, stack(0x000000c00fb00000,0x000000c00fc00000)]
  0x00000221a631c800 JavaThread "Unconstrained build operations Thread 73" [_thread_blocked, id=20776, stack(0x000000c00fc00000,0x000000c00fd00000)]
  0x00000221a5fb9000 JavaThread "Unconstrained build operations Thread 74" [_thread_blocked, id=28764, stack(0x000000c00fd00000,0x000000c00fe00000)]
  0x00000221a5fb3000 JavaThread "Unconstrained build operations Thread 75" [_thread_blocked, id=23336, stack(0x000000c00fe00000,0x000000c00ff00000)]
  0x00000221a5fb7000 JavaThread "Unconstrained build operations Thread 76" [_thread_blocked, id=31628, stack(0x000000c00ff00000,0x000000c010000000)]
  0x00000221a5fb5800 JavaThread "Unconstrained build operations Thread 77" [_thread_blocked, id=13188, stack(0x000000c010000000,0x000000c010100000)]
  0x00000221a5fb8000 JavaThread "Unconstrained build operations Thread 78" [_thread_blocked, id=16304, stack(0x000000c010100000,0x000000c010200000)]
  0x00000221a5fb6800 JavaThread "Unconstrained build operations Thread 79" [_thread_blocked, id=22776, stack(0x000000c010200000,0x000000c010300000)]
  0x00000221a5fb9800 JavaThread "Unconstrained build operations Thread 80" [_thread_blocked, id=5080, stack(0x000000c010300000,0x000000c010400000)]
  0x00000221a5fb4000 JavaThread "jar transforms Thread 6" [_thread_blocked, id=12768, stack(0x000000c010400000,0x000000c010500000)]
  0x00000221a5fba800 JavaThread "jar transforms Thread 7" [_thread_blocked, id=16044, stack(0x000000c010500000,0x000000c010600000)]
  0x00000221a5fb5000 JavaThread "jar transforms Thread 8" [_thread_blocked, id=22128, stack(0x000000c010600000,0x000000c010700000)]
  0x00000221a5fbd000 JavaThread "Memory manager" [_thread_blocked, id=28396, stack(0x000000c010700000,0x000000c010800000)]
  0x00000221a5fbb800 JavaThread "build event listener" [_thread_blocked, id=25316, stack(0x000000c010800000,0x000000c010900000)]

Other Threads:
  0x00000221a423a800 VMThread "VM Thread" [stack: 0x000000c008300000,0x000000c008400000] [id=3020]
  0x00000221a4c8e800 WatcherThread [stack: 0x000000c008d00000,0x000000c008e00000] [id=15304]
  0x000002218911b000 GCTaskThread "GC Thread#0" [stack: 0x000000c007e00000,0x000000c007f00000] [id=12356]
  0x00000221a5cb0800 GCTaskThread "GC Thread#1" [stack: 0x000000c009000000,0x000000c009100000] [id=12976]
  0x00000221a5c16000 GCTaskThread "GC Thread#2" [stack: 0x000000c009100000,0x000000c009200000] [id=26436]
  0x00000221a5887800 GCTaskThread "GC Thread#3" [stack: 0x000000c009200000,0x000000c009300000] [id=27004]
  0x00000221a5c57000 GCTaskThread "GC Thread#4" [stack: 0x000000c009300000,0x000000c009400000] [id=27092]
  0x00000221a5b47800 GCTaskThread "GC Thread#5" [stack: 0x000000c009400000,0x000000c009500000] [id=24284]
  0x00000221a5afc800 GCTaskThread "GC Thread#6" [stack: 0x000000c00a100000,0x000000c00a200000] [id=24496]
  0x00000221a7ab5000 GCTaskThread "GC Thread#7" [stack: 0x000000c00a200000,0x000000c00a300000] [id=23800]
  0x0000022189142800 ConcurrentGCThread "G1 Main Marker" [stack: 0x000000c007f00000,0x000000c008000000] [id=29728]
  0x0000022189143800 ConcurrentGCThread "G1 Conc#0" [stack: 0x000000c008000000,0x000000c008100000] [id=23776]
  0x00000221a6f10000 ConcurrentGCThread "G1 Conc#1" [stack: 0x000000c00a300000,0x000000c00a400000] [id=8512]
  0x00000221a40af000 ConcurrentGCThread "G1 Refine#0" [stack: 0x000000c008100000,0x000000c008200000] [id=7828]
  0x00000221a40b0000 ConcurrentGCThread "G1 Young RemSet Sampling" [stack: 0x000000c008200000,0x000000c008300000] [id=20072]

Threads with active compile tasks:
C2 CompilerThread0   8129 7337 %     4       groovy.lang.MetaClassImpl::inheritInterfaceNewMetaMethods @ 100 (195 bytes)
C1 CompilerThread0   8129 7481       3       java.beans.PropertyDescriptor::isAssignable (148 bytes)
C2 CompilerThread1   8129 7402 %     4       org.gradle.internal.instantiation.generator.AbstractClassGenerator::inspectType @ 107 (560 bytes)
C2 CompilerThread2   8129 7323       4       java.beans.Introspector::addMethod (196 bytes)

VM state:not at safepoint (normal execution)

VM Mutex/Monitor currently owned by a thread: None

Heap address: 0x00000000a0000000, size: 1536 MB, Compressed Oops mode: 32-bit
Narrow klass base: 0x0000000000000000, Narrow klass shift: 3
Compressed class space size: 1073741824 Address: 0x0000000100000000

Heap:
 garbage-first heap   total 262144K, used 140480K [0x00000000a0000000, 0x0000000100000000)
  region size 1024K, 87 young (89088K), 9 survivors (9216K)
 Metaspace       used 69123K, capacity 71011K, committed 71292K, reserved 1112064K
  class space    used 8759K, capacity 9442K, committed 9472K, reserved 1048576K
Heap Regions: E=young(eden), S=young(survivor), O=old, HS=humongous(starts), HC=humongous(continues), CS=collection set, F=free, A=archive, TAMS=top-at-mark-start (previous, next)
|   0|0x00000000a0000000, 0x00000000a0100000, 0x00000000a0100000|100%| O|  |TAMS 0x00000000a0100000, 0x00000000a0000000| Untracked 
|   1|0x00000000a0100000, 0x00000000a0200000, 0x00000000a0200000|100%| O|  |TAMS 0x00000000a0200000, 0x00000000a0100000| Untracked 
|   2|0x00000000a0200000, 0x00000000a0300000, 0x00000000a0300000|100%| O|  |TAMS 0x00000000a0300000, 0x00000000a0200000| Untracked 
|   3|0x00000000a0300000, 0x00000000a0400000, 0x00000000a0400000|100%|HS|  |TAMS 0x00000000a0400000, 0x00000000a0300000| Complete 
|   4|0x00000000a0400000, 0x00000000a0500000, 0x00000000a0500000|100%|HC|  |TAMS 0x00000000a0500000, 0x00000000a0400000| Complete 
|   5|0x00000000a0500000, 0x00000000a0600000, 0x00000000a0600000|100%|HC|  |TAMS 0x00000000a0600000, 0x00000000a0500000| Complete 
|   6|0x00000000a0600000, 0x00000000a0700000, 0x00000000a0700000|100%| O|  |TAMS 0x00000000a0700000, 0x00000000a0600000| Untracked 
|   7|0x00000000a0700000, 0x00000000a0800000, 0x00000000a0800000|100%| O|  |TAMS 0x00000000a0800000, 0x00000000a0700000| Untracked 
|   8|0x00000000a0800000, 0x00000000a0900000, 0x00000000a0900000|100%| O|  |TAMS 0x00000000a0900000, 0x00000000a0800000| Untracked 
|   9|0x00000000a0900000, 0x00000000a0a00000, 0x00000000a0a00000|100%| O|  |TAMS 0x00000000a0a00000, 0x00000000a0900000| Untracked 
|  10|0x00000000a0a00000, 0x00000000a0b00000, 0x00000000a0b00000|100%| O|  |TAMS 0x00000000a0b00000, 0x00000000a0a00000| Untracked 
|  11|0x00000000a0b00000, 0x00000000a0c00000, 0x00000000a0c00000|100%| O|  |TAMS 0x00000000a0c00000, 0x00000000a0b00000| Untracked 
|  12|0x00000000a0c00000, 0x00000000a0d00000, 0x00000000a0d00000|100%| O|  |TAMS 0x00000000a0d00000, 0x00000000a0c00000| Untracked 
|  13|0x00000000a0d00000, 0x00000000a0e00000, 0x00000000a0e00000|100%| O|  |TAMS 0x00000000a0e00000, 0x00000000a0d00000| Untracked 
|  14|0x00000000a0e00000, 0x00000000a0f00000, 0x00000000a0f00000|100%| O|  |TAMS 0x00000000a0f00000, 0x00000000a0e00000| Untracked 
|  15|0x00000000a0f00000, 0x00000000a1000000, 0x00000000a1000000|100%| O|  |TAMS 0x00000000a1000000, 0x00000000a0f00000| Untracked 
|  16|0x00000000a1000000, 0x00000000a1100000, 0x00000000a1100000|100%| O|  |TAMS 0x00000000a1100000, 0x00000000a1000000| Untracked 
|  17|0x00000000a1100000, 0x00000000a1200000, 0x00000000a1200000|100%|HS|  |TAMS 0x00000000a1200000, 0x00000000a1100000| Complete 
|  18|0x00000000a1200000, 0x00000000a1300000, 0x00000000a1300000|100%|HS|  |TAMS 0x00000000a1300000, 0x00000000a1200000| Complete 
|  19|0x00000000a1300000, 0x00000000a1400000, 0x00000000a1400000|100%|HS|  |TAMS 0x00000000a1400000, 0x00000000a1300000| Complete 
|  20|0x00000000a1400000, 0x00000000a1500000, 0x00000000a1500000|100%|HS|  |TAMS 0x00000000a1500000, 0x00000000a1400000| Complete 
|  21|0x00000000a1500000, 0x00000000a1600000, 0x00000000a1600000|100%|HS|  |TAMS 0x00000000a1600000, 0x00000000a1500000| Complete 
|  22|0x00000000a1600000, 0x00000000a1700000, 0x00000000a1700000|100%|HC|  |TAMS 0x00000000a1700000, 0x00000000a1600000| Complete 
|  23|0x00000000a1700000, 0x00000000a1800000, 0x00000000a1800000|100%|HC|  |TAMS 0x00000000a1800000, 0x00000000a1700000| Complete 
|  24|0x00000000a1800000, 0x00000000a1900000, 0x00000000a1900000|100%|HS|  |TAMS 0x00000000a1900000, 0x00000000a1800000| Complete 
|  25|0x00000000a1900000, 0x00000000a1a00000, 0x00000000a1a00000|100%|HC|  |TAMS 0x00000000a1a00000, 0x00000000a1900000| Complete 
|  26|0x00000000a1a00000, 0x00000000a1b00000, 0x00000000a1b00000|100%| O|  |TAMS 0x00000000a1b00000, 0x00000000a1a00000| Untracked 
|  27|0x00000000a1b00000, 0x00000000a1c00000, 0x00000000a1c00000|100%| O|  |TAMS 0x00000000a1c00000, 0x00000000a1b00000| Untracked 
|  28|0x00000000a1c00000, 0x00000000a1d00000, 0x00000000a1d00000|100%| O|  |TAMS 0x00000000a1d00000, 0x00000000a1c00000| Untracked 
|  29|0x00000000a1d00000, 0x00000000a1e00000, 0x00000000a1e00000|100%| O|  |TAMS 0x00000000a1e00000, 0x00000000a1d00000| Untracked 
|  30|0x00000000a1e00000, 0x00000000a1f00000, 0x00000000a1f00000|100%| O|  |TAMS 0x00000000a1f00000, 0x00000000a1e00000| Untracked 
|  31|0x00000000a1f00000, 0x00000000a2000000, 0x00000000a2000000|100%| O|  |TAMS 0x00000000a2000000, 0x00000000a1f00000| Untracked 
|  32|0x00000000a2000000, 0x00000000a2100000, 0x00000000a2100000|100%| O|  |TAMS 0x00000000a2100000, 0x00000000a2000000| Untracked 
|  33|0x00000000a2100000, 0x00000000a2200000, 0x00000000a2200000|100%| O|  |TAMS 0x00000000a2200000, 0x00000000a2100000| Untracked 
|  34|0x00000000a2200000, 0x00000000a2300000, 0x00000000a2300000|100%| O|  |TAMS 0x00000000a2300000, 0x00000000a2200000| Untracked 
|  35|0x00000000a2300000, 0x00000000a2400000, 0x00000000a2400000|100%| O|  |TAMS 0x00000000a2400000, 0x00000000a2300000| Untracked 
|  36|0x00000000a2400000, 0x00000000a2500000, 0x00000000a2500000|100%| O|  |TAMS 0x00000000a2500000, 0x00000000a2400000| Untracked 
|  37|0x00000000a2500000, 0x00000000a2600000, 0x00000000a2600000|100%| O|  |TAMS 0x00000000a2600000, 0x00000000a2500000| Untracked 
|  38|0x00000000a2600000, 0x00000000a2700000, 0x00000000a2700000|100%| O|  |TAMS 0x00000000a2700000, 0x00000000a2600000| Untracked 
|  39|0x00000000a2700000, 0x00000000a2800000, 0x00000000a2800000|100%| O|  |TAMS 0x00000000a2800000, 0x00000000a2700000| Untracked 
|  40|0x00000000a2800000, 0x00000000a2900000, 0x00000000a2900000|100%| O|  |TAMS 0x00000000a2900000, 0x00000000a2800000| Untracked 
|  41|0x00000000a2900000, 0x00000000a2a00000, 0x00000000a2a00000|100%| O|  |TAMS 0x00000000a2a00000, 0x00000000a2900000| Untracked 
|  42|0x00000000a2a00000, 0x00000000a2b00000, 0x00000000a2b00000|100%| O|  |TAMS 0x00000000a2b00000, 0x00000000a2a00000| Untracked 
|  43|0x00000000a2b00000, 0x00000000a2c00000, 0x00000000a2c00000|100%| O|  |TAMS 0x00000000a2c00000, 0x00000000a2b00000| Untracked 
|  44|0x00000000a2c00000, 0x00000000a2d00000, 0x00000000a2d00000|100%| O|  |TAMS 0x00000000a2d00000, 0x00000000a2c00000| Untracked 
|  45|0x00000000a2d00000, 0x00000000a2e00000, 0x00000000a2e00000|100%| O|  |TAMS 0x00000000a2e00000, 0x00000000a2d00000| Untracked 
|  46|0x00000000a2e00000, 0x00000000a2f00000, 0x00000000a2f00000|100%| O|  |TAMS 0x00000000a2f00000, 0x00000000a2e00000| Untracked 
|  47|0x00000000a2f00000, 0x00000000a3000000, 0x00000000a3000000|100%| O|  |TAMS 0x00000000a3000000, 0x00000000a2f00000| Untracked 
|  48|0x00000000a3000000, 0x00000000a3030200, 0x00000000a3100000| 18%| O|  |TAMS 0x00000000a3030200, 0x00000000a3000000| Untracked 
|  49|0x00000000a3100000, 0x00000000a3200000, 0x00000000a3200000|100%|HS|  |TAMS 0x00000000a3100000, 0x00000000a3100000| Complete 
|  50|0x00000000a3200000, 0x00000000a3300000, 0x00000000a3300000|100%|HS|  |TAMS 0x00000000a3200000, 0x00000000a3200000| Complete 
|  51|0x00000000a3300000, 0x00000000a3400000, 0x00000000a3400000|100%|HC|  |TAMS 0x00000000a3300000, 0x00000000a3300000| Complete 
|  52|0x00000000a3400000, 0x00000000a3400000, 0x00000000a3500000|  0%| F|  |TAMS 0x00000000a3400000, 0x00000000a3400000| Untracked 
|  53|0x00000000a3500000, 0x00000000a3500000, 0x00000000a3600000|  0%| F|  |TAMS 0x00000000a3500000, 0x00000000a3500000| Untracked 
|  54|0x00000000a3600000, 0x00000000a3600000, 0x00000000a3700000|  0%| F|  |TAMS 0x00000000a3600000, 0x00000000a3600000| Untracked 
|  55|0x00000000a3700000, 0x00000000a3700000, 0x00000000a3800000|  0%| F|  |TAMS 0x00000000a3700000, 0x00000000a3700000| Untracked 
|  56|0x00000000a3800000, 0x00000000a3800000, 0x00000000a3900000|  0%| F|  |TAMS 0x00000000a3800000, 0x00000000a3800000| Untracked 
|  57|0x00000000a3900000, 0x00000000a3900000, 0x00000000a3a00000|  0%| F|  |TAMS 0x00000000a3900000, 0x00000000a3900000| Untracked 
|  58|0x00000000a3a00000, 0x00000000a3a00000, 0x00000000a3b00000|  0%| F|  |TAMS 0x00000000a3a00000, 0x00000000a3a00000| Untracked 
|  59|0x00000000a3b00000, 0x00000000a3b00000, 0x00000000a3c00000|  0%| F|  |TAMS 0x00000000a3b00000, 0x00000000a3b00000| Untracked 
|  60|0x00000000a3c00000, 0x00000000a3c00000, 0x00000000a3d00000|  0%| F|  |TAMS 0x00000000a3c00000, 0x00000000a3c00000| Untracked 
|  61|0x00000000a3d00000, 0x00000000a3d00000, 0x00000000a3e00000|  0%| F|  |TAMS 0x00000000a3d00000, 0x00000000a3d00000| Untracked 
|  62|0x00000000a3e00000, 0x00000000a3e00000, 0x00000000a3f00000|  0%| F|  |TAMS 0x00000000a3e00000, 0x00000000a3e00000| Untracked 
|  63|0x00000000a3f00000, 0x00000000a3f00000, 0x00000000a4000000|  0%| F|  |TAMS 0x00000000a3f00000, 0x00000000a3f00000| Untracked 
|  64|0x00000000a4000000, 0x00000000a4000000, 0x00000000a4100000|  0%| F|  |TAMS 0x00000000a4000000, 0x00000000a4000000| Untracked 
|  65|0x00000000a4100000, 0x00000000a4100000, 0x00000000a4200000|  0%| F|  |TAMS 0x00000000a4100000, 0x00000000a4100000| Untracked 
|  66|0x00000000a4200000, 0x00000000a4200000, 0x00000000a4300000|  0%| F|  |TAMS 0x00000000a4200000, 0x00000000a4200000| Untracked 
|  67|0x00000000a4300000, 0x00000000a4300000, 0x00000000a4400000|  0%| F|  |TAMS 0x00000000a4300000, 0x00000000a4300000| Untracked 
|  68|0x00000000a4400000, 0x00000000a4400000, 0x00000000a4500000|  0%| F|  |TAMS 0x00000000a4400000, 0x00000000a4400000| Untracked 
|  69|0x00000000a4500000, 0x00000000a4500000, 0x00000000a4600000|  0%| F|  |TAMS 0x00000000a4500000, 0x00000000a4500000| Untracked 
|  70|0x00000000a4600000, 0x00000000a4600000, 0x00000000a4700000|  0%| F|  |TAMS 0x00000000a4600000, 0x00000000a4600000| Untracked 
|  71|0x00000000a4700000, 0x00000000a4700000, 0x00000000a4800000|  0%| F|  |TAMS 0x00000000a4700000, 0x00000000a4700000| Untracked 
|  72|0x00000000a4800000, 0x00000000a4800000, 0x00000000a4900000|  0%| F|  |TAMS 0x00000000a4800000, 0x00000000a4800000| Untracked 
|  73|0x00000000a4900000, 0x00000000a4900000, 0x00000000a4a00000|  0%| F|  |TAMS 0x00000000a4900000, 0x00000000a4900000| Untracked 
|  74|0x00000000a4a00000, 0x00000000a4a00000, 0x00000000a4b00000|  0%| F|  |TAMS 0x00000000a4a00000, 0x00000000a4a00000| Untracked 
|  75|0x00000000a4b00000, 0x00000000a4b00000, 0x00000000a4c00000|  0%| F|  |TAMS 0x00000000a4b00000, 0x00000000a4b00000| Untracked 
|  76|0x00000000a4c00000, 0x00000000a4c00000, 0x00000000a4d00000|  0%| F|  |TAMS 0x00000000a4c00000, 0x00000000a4c00000| Untracked 
|  77|0x00000000a4d00000, 0x00000000a4d00000, 0x00000000a4e00000|  0%| F|  |TAMS 0x00000000a4d00000, 0x00000000a4d00000| Untracked 
|  78|0x00000000a4e00000, 0x00000000a4e00000, 0x00000000a4f00000|  0%| F|  |TAMS 0x00000000a4e00000, 0x00000000a4e00000| Untracked 
|  79|0x00000000a4f00000, 0x00000000a4f00000, 0x00000000a5000000|  0%| F|  |TAMS 0x00000000a4f00000, 0x00000000a4f00000| Untracked 
|  80|0x00000000a5000000, 0x00000000a5000000, 0x00000000a5100000|  0%| F|  |TAMS 0x00000000a5000000, 0x00000000a5000000| Untracked 
|  81|0x00000000a5100000, 0x00000000a5100000, 0x00000000a5200000|  0%| F|  |TAMS 0x00000000a5100000, 0x00000000a5100000| Untracked 
|  82|0x00000000a5200000, 0x00000000a5200000, 0x00000000a5300000|  0%| F|  |TAMS 0x00000000a5200000, 0x00000000a5200000| Untracked 
|  83|0x00000000a5300000, 0x00000000a5300000, 0x00000000a5400000|  0%| F|  |TAMS 0x00000000a5300000, 0x00000000a5300000| Untracked 
|  84|0x00000000a5400000, 0x00000000a5400000, 0x00000000a5500000|  0%| F|  |TAMS 0x00000000a5400000, 0x00000000a5400000| Untracked 
|  85|0x00000000a5500000, 0x00000000a5500000, 0x00000000a5600000|  0%| F|  |TAMS 0x00000000a5500000, 0x00000000a5500000| Untracked 
|  86|0x00000000a5600000, 0x00000000a5600000, 0x00000000a5700000|  0%| F|  |TAMS 0x00000000a5600000, 0x00000000a5600000| Untracked 
|  87|0x00000000a5700000, 0x00000000a5700000, 0x00000000a5800000|  0%| F|  |TAMS 0x00000000a5700000, 0x00000000a5700000| Untracked 
|  88|0x00000000a5800000, 0x00000000a5800000, 0x00000000a5900000|  0%| F|  |TAMS 0x00000000a5800000, 0x00000000a5800000| Untracked 
|  89|0x00000000a5900000, 0x00000000a5900000, 0x00000000a5a00000|  0%| F|  |TAMS 0x00000000a5900000, 0x00000000a5900000| Untracked 
|  90|0x00000000a5a00000, 0x00000000a5a00000, 0x00000000a5b00000|  0%| F|  |TAMS 0x00000000a5a00000, 0x00000000a5a00000| Untracked 
|  91|0x00000000a5b00000, 0x00000000a5b00000, 0x00000000a5c00000|  0%| F|  |TAMS 0x00000000a5b00000, 0x00000000a5b00000| Untracked 
|  92|0x00000000a5c00000, 0x00000000a5c00000, 0x00000000a5d00000|  0%| F|  |TAMS 0x00000000a5c00000, 0x00000000a5c00000| Untracked 
|  93|0x00000000a5d00000, 0x00000000a5d00000, 0x00000000a5e00000|  0%| F|  |TAMS 0x00000000a5d00000, 0x00000000a5d00000| Untracked 
|  94|0x00000000a5e00000, 0x00000000a5e00000, 0x00000000a5f00000|  0%| F|  |TAMS 0x00000000a5e00000, 0x00000000a5e00000| Untracked 
|  95|0x00000000a5f00000, 0x00000000a5f00000, 0x00000000a6000000|  0%| F|  |TAMS 0x00000000a5f00000, 0x00000000a5f00000| Untracked 
|  96|0x00000000a6000000, 0x00000000a6000000, 0x00000000a6100000|  0%| F|  |TAMS 0x00000000a6000000, 0x00000000a6000000| Untracked 
|  97|0x00000000a6100000, 0x00000000a6100000, 0x00000000a6200000|  0%| F|  |TAMS 0x00000000a6100000, 0x00000000a6100000| Untracked 
|  98|0x00000000a6200000, 0x00000000a6200000, 0x00000000a6300000|  0%| F|  |TAMS 0x00000000a6200000, 0x00000000a6200000| Untracked 
|  99|0x00000000a6300000, 0x00000000a6300000, 0x00000000a6400000|  0%| F|  |TAMS 0x00000000a6300000, 0x00000000a6300000| Untracked 
| 100|0x00000000a6400000, 0x00000000a6400000, 0x00000000a6500000|  0%| F|  |TAMS 0x00000000a6400000, 0x00000000a6400000| Untracked 
| 101|0x00000000a6500000, 0x00000000a6500000, 0x00000000a6600000|  0%| F|  |TAMS 0x00000000a6500000, 0x00000000a6500000| Untracked 
| 102|0x00000000a6600000, 0x00000000a6600000, 0x00000000a6700000|  0%| F|  |TAMS 0x00000000a6600000, 0x00000000a6600000| Untracked 
| 103|0x00000000a6700000, 0x00000000a6700000, 0x00000000a6800000|  0%| F|  |TAMS 0x00000000a6700000, 0x00000000a6700000| Untracked 
| 104|0x00000000a6800000, 0x00000000a6800000, 0x00000000a6900000|  0%| F|  |TAMS 0x00000000a6800000, 0x00000000a6800000| Untracked 
| 105|0x00000000a6900000, 0x00000000a6900000, 0x00000000a6a00000|  0%| F|  |TAMS 0x00000000a6900000, 0x00000000a6900000| Untracked 
| 106|0x00000000a6a00000, 0x00000000a6a00000, 0x00000000a6b00000|  0%| F|  |TAMS 0x00000000a6a00000, 0x00000000a6a00000| Untracked 
| 107|0x00000000a6b00000, 0x00000000a6b00000, 0x00000000a6c00000|  0%| F|  |TAMS 0x00000000a6b00000, 0x00000000a6b00000| Untracked 
| 108|0x00000000a6c00000, 0x00000000a6c00000, 0x00000000a6d00000|  0%| F|  |TAMS 0x00000000a6c00000, 0x00000000a6c00000| Untracked 
| 109|0x00000000a6d00000, 0x00000000a6d00000, 0x00000000a6e00000|  0%| F|  |TAMS 0x00000000a6d00000, 0x00000000a6d00000| Untracked 
| 110|0x00000000a6e00000, 0x00000000a6e00000, 0x00000000a6f00000|  0%| F|  |TAMS 0x00000000a6e00000, 0x00000000a6e00000| Untracked 
| 111|0x00000000a6f00000, 0x00000000a6f00000, 0x00000000a7000000|  0%| F|  |TAMS 0x00000000a6f00000, 0x00000000a6f00000| Untracked 
| 112|0x00000000a7000000, 0x00000000a7000000, 0x00000000a7100000|  0%| F|  |TAMS 0x00000000a7000000, 0x00000000a7000000| Untracked 
| 113|0x00000000a7100000, 0x00000000a7100000, 0x00000000a7200000|  0%| F|  |TAMS 0x00000000a7100000, 0x00000000a7100000| Untracked 
| 114|0x00000000a7200000, 0x00000000a7200000, 0x00000000a7300000|  0%| F|  |TAMS 0x00000000a7200000, 0x00000000a7200000| Untracked 
| 115|0x00000000a7300000, 0x00000000a7300000, 0x00000000a7400000|  0%| F|  |TAMS 0x00000000a7300000, 0x00000000a7300000| Untracked 
| 116|0x00000000a7400000, 0x00000000a7400000, 0x00000000a7500000|  0%| F|  |TAMS 0x00000000a7400000, 0x00000000a7400000| Untracked 
| 117|0x00000000a7500000, 0x00000000a7500000, 0x00000000a7600000|  0%| F|  |TAMS 0x00000000a7500000, 0x00000000a7500000| Untracked 
| 118|0x00000000a7600000, 0x00000000a7600000, 0x00000000a7700000|  0%| F|  |TAMS 0x00000000a7600000, 0x00000000a7600000| Untracked 
| 119|0x00000000a7700000, 0x00000000a7700000, 0x00000000a7800000|  0%| F|  |TAMS 0x00000000a7700000, 0x00000000a7700000| Untracked 
| 120|0x00000000a7800000, 0x00000000a7800000, 0x00000000a7900000|  0%| F|  |TAMS 0x00000000a7800000, 0x00000000a7800000| Untracked 
| 121|0x00000000a7900000, 0x00000000a7900000, 0x00000000a7a00000|  0%| F|  |TAMS 0x00000000a7900000, 0x00000000a7900000| Untracked 
| 122|0x00000000a7a00000, 0x00000000a7a00000, 0x00000000a7b00000|  0%| F|  |TAMS 0x00000000a7a00000, 0x00000000a7a00000| Untracked 
| 123|0x00000000a7b00000, 0x00000000a7b00000, 0x00000000a7c00000|  0%| F|  |TAMS 0x00000000a7b00000, 0x00000000a7b00000| Untracked 
| 124|0x00000000a7c00000, 0x00000000a7c00000, 0x00000000a7d00000|  0%| F|  |TAMS 0x00000000a7c00000, 0x00000000a7c00000| Untracked 
| 125|0x00000000a7d00000, 0x00000000a7d00000, 0x00000000a7e00000|  0%| F|  |TAMS 0x00000000a7d00000, 0x00000000a7d00000| Untracked 
| 126|0x00000000a7e00000, 0x00000000a7f00000, 0x00000000a7f00000|100%| S|CS|TAMS 0x00000000a7e00000, 0x00000000a7e00000| Complete 
| 127|0x00000000a7f00000, 0x00000000a8000000, 0x00000000a8000000|100%| S|CS|TAMS 0x00000000a7f00000, 0x00000000a7f00000| Complete 
| 128|0x00000000a8000000, 0x00000000a8100000, 0x00000000a8100000|100%| S|CS|TAMS 0x00000000a8000000, 0x00000000a8000000| Complete 
| 129|0x00000000a8100000, 0x00000000a8200000, 0x00000000a8200000|100%| S|CS|TAMS 0x00000000a8100000, 0x00000000a8100000| Complete 
| 130|0x00000000a8200000, 0x00000000a8300000, 0x00000000a8300000|100%| S|CS|TAMS 0x00000000a8200000, 0x00000000a8200000| Complete 
| 131|0x00000000a8300000, 0x00000000a8400000, 0x00000000a8400000|100%| S|CS|TAMS 0x00000000a8300000, 0x00000000a8300000| Complete 
| 132|0x00000000a8400000, 0x00000000a8500000, 0x00000000a8500000|100%| S|CS|TAMS 0x00000000a8400000, 0x00000000a8400000| Complete 
| 133|0x00000000a8500000, 0x00000000a8600000, 0x00000000a8600000|100%| S|CS|TAMS 0x00000000a8500000, 0x00000000a8500000| Complete 
| 134|0x00000000a8600000, 0x00000000a8700000, 0x00000000a8700000|100%| S|CS|TAMS 0x00000000a8600000, 0x00000000a8600000| Complete 
| 135|0x00000000a8700000, 0x00000000a8700000, 0x00000000a8800000|  0%| F|  |TAMS 0x00000000a8700000, 0x00000000a8700000| Untracked 
| 136|0x00000000a8800000, 0x00000000a8800000, 0x00000000a8900000|  0%| F|  |TAMS 0x00000000a8800000, 0x00000000a8800000| Untracked 
| 137|0x00000000a8900000, 0x00000000a8900000, 0x00000000a8a00000|  0%| F|  |TAMS 0x00000000a8900000, 0x00000000a8900000| Untracked 
| 138|0x00000000a8a00000, 0x00000000a8a00000, 0x00000000a8b00000|  0%| F|  |TAMS 0x00000000a8a00000, 0x00000000a8a00000| Untracked 
| 139|0x00000000a8b00000, 0x00000000a8b00000, 0x00000000a8c00000|  0%| F|  |TAMS 0x00000000a8b00000, 0x00000000a8b00000| Untracked 
| 140|0x00000000a8c00000, 0x00000000a8c00000, 0x00000000a8d00000|  0%| F|  |TAMS 0x00000000a8c00000, 0x00000000a8c00000| Untracked 
| 141|0x00000000a8d00000, 0x00000000a8d00000, 0x00000000a8e00000|  0%| F|  |TAMS 0x00000000a8d00000, 0x00000000a8d00000| Untracked 
| 142|0x00000000a8e00000, 0x00000000a8e00000, 0x00000000a8f00000|  0%| F|  |TAMS 0x00000000a8e00000, 0x00000000a8e00000| Untracked 
| 143|0x00000000a8f00000, 0x00000000a8f00000, 0x00000000a9000000|  0%| F|  |TAMS 0x00000000a8f00000, 0x00000000a8f00000| Untracked 
| 144|0x00000000a9000000, 0x00000000a9000000, 0x00000000a9100000|  0%| F|  |TAMS 0x00000000a9000000, 0x00000000a9000000| Untracked 
| 145|0x00000000a9100000, 0x00000000a9100000, 0x00000000a9200000|  0%| F|  |TAMS 0x00000000a9100000, 0x00000000a9100000| Untracked 
| 146|0x00000000a9200000, 0x00000000a9200000, 0x00000000a9300000|  0%| F|  |TAMS 0x00000000a9200000, 0x00000000a9200000| Untracked 
| 147|0x00000000a9300000, 0x00000000a9300000, 0x00000000a9400000|  0%| F|  |TAMS 0x00000000a9300000, 0x00000000a9300000| Untracked 
| 148|0x00000000a9400000, 0x00000000a9400000, 0x00000000a9500000|  0%| F|  |TAMS 0x00000000a9400000, 0x00000000a9400000| Untracked 
| 149|0x00000000a9500000, 0x00000000a9500000, 0x00000000a9600000|  0%| F|  |TAMS 0x00000000a9500000, 0x00000000a9500000| Untracked 
| 150|0x00000000a9600000, 0x00000000a9600000, 0x00000000a9700000|  0%| F|  |TAMS 0x00000000a9600000, 0x00000000a9600000| Untracked 
| 151|0x00000000a9700000, 0x00000000a9700000, 0x00000000a9800000|  0%| F|  |TAMS 0x00000000a9700000, 0x00000000a9700000| Untracked 
| 152|0x00000000a9800000, 0x00000000a9800000, 0x00000000a9900000|  0%| F|  |TAMS 0x00000000a9800000, 0x00000000a9800000| Untracked 
| 153|0x00000000a9900000, 0x00000000a9900000, 0x00000000a9a00000|  0%| F|  |TAMS 0x00000000a9900000, 0x00000000a9900000| Untracked 
| 154|0x00000000a9a00000, 0x00000000a9a00000, 0x00000000a9b00000|  0%| F|  |TAMS 0x00000000a9a00000, 0x00000000a9a00000| Untracked 
| 155|0x00000000a9b00000, 0x00000000a9b00000, 0x00000000a9c00000|  0%| F|  |TAMS 0x00000000a9b00000, 0x00000000a9b00000| Untracked 
| 156|0x00000000a9c00000, 0x00000000a9c00000, 0x00000000a9d00000|  0%| F|  |TAMS 0x00000000a9c00000, 0x00000000a9c00000| Untracked 
| 157|0x00000000a9d00000, 0x00000000a9d00000, 0x00000000a9e00000|  0%| F|  |TAMS 0x00000000a9d00000, 0x00000000a9d00000| Untracked 
| 158|0x00000000a9e00000, 0x00000000a9e00000, 0x00000000a9f00000|  0%| F|  |TAMS 0x00000000a9e00000, 0x00000000a9e00000| Untracked 
| 159|0x00000000a9f00000, 0x00000000a9f00000, 0x00000000aa000000|  0%| F|  |TAMS 0x00000000a9f00000, 0x00000000a9f00000| Untracked 
| 160|0x00000000aa000000, 0x00000000aa000000, 0x00000000aa100000|  0%| F|  |TAMS 0x00000000aa000000, 0x00000000aa000000| Untracked 
| 161|0x00000000aa100000, 0x00000000aa100000, 0x00000000aa200000|  0%| F|  |TAMS 0x00000000aa100000, 0x00000000aa100000| Untracked 
| 162|0x00000000aa200000, 0x00000000aa200000, 0x00000000aa300000|  0%| F|  |TAMS 0x00000000aa200000, 0x00000000aa200000| Untracked 
| 163|0x00000000aa300000, 0x00000000aa300000, 0x00000000aa400000|  0%| F|  |TAMS 0x00000000aa300000, 0x00000000aa300000| Untracked 
| 164|0x00000000aa400000, 0x00000000aa400000, 0x00000000aa500000|  0%| F|  |TAMS 0x00000000aa400000, 0x00000000aa400000| Untracked 
| 165|0x00000000aa500000, 0x00000000aa500000, 0x00000000aa600000|  0%| F|  |TAMS 0x00000000aa500000, 0x00000000aa500000| Untracked 
| 166|0x00000000aa600000, 0x00000000aa600000, 0x00000000aa700000|  0%| F|  |TAMS 0x00000000aa600000, 0x00000000aa600000| Untracked 
| 167|0x00000000aa700000, 0x00000000aa700000, 0x00000000aa800000|  0%| F|  |TAMS 0x00000000aa700000, 0x00000000aa700000| Untracked 
| 168|0x00000000aa800000, 0x00000000aa800000, 0x00000000aa900000|  0%| F|  |TAMS 0x00000000aa800000, 0x00000000aa800000| Untracked 
| 169|0x00000000aa900000, 0x00000000aa900000, 0x00000000aaa00000|  0%| F|  |TAMS 0x00000000aa900000, 0x00000000aa900000| Untracked 
| 170|0x00000000aaa00000, 0x00000000aaa00000, 0x00000000aab00000|  0%| F|  |TAMS 0x00000000aaa00000, 0x00000000aaa00000| Untracked 
| 171|0x00000000aab00000, 0x00000000aab00000, 0x00000000aac00000|  0%| F|  |TAMS 0x00000000aab00000, 0x00000000aab00000| Untracked 
| 172|0x00000000aac00000, 0x00000000aac00000, 0x00000000aad00000|  0%| F|  |TAMS 0x00000000aac00000, 0x00000000aac00000| Untracked 
| 173|0x00000000aad00000, 0x00000000aad00000, 0x00000000aae00000|  0%| F|  |TAMS 0x00000000aad00000, 0x00000000aad00000| Untracked 
| 174|0x00000000aae00000, 0x00000000aae00000, 0x00000000aaf00000|  0%| F|  |TAMS 0x00000000aae00000, 0x00000000aae00000| Untracked 
| 175|0x00000000aaf00000, 0x00000000aaf00000, 0x00000000ab000000|  0%| F|  |TAMS 0x00000000aaf00000, 0x00000000aaf00000| Untracked 
| 176|0x00000000ab000000, 0x00000000ab000000, 0x00000000ab100000|  0%| F|  |TAMS 0x00000000ab000000, 0x00000000ab000000| Untracked 
| 177|0x00000000ab100000, 0x00000000ab100000, 0x00000000ab200000|  0%| F|  |TAMS 0x00000000ab100000, 0x00000000ab100000| Untracked 
| 178|0x00000000ab200000, 0x00000000ab300000, 0x00000000ab300000|100%| E|  |TAMS 0x00000000ab200000, 0x00000000ab200000| Complete 
| 179|0x00000000ab300000, 0x00000000ab400000, 0x00000000ab400000|100%| E|CS|TAMS 0x00000000ab300000, 0x00000000ab300000| Complete 
| 180|0x00000000ab400000, 0x00000000ab500000, 0x00000000ab500000|100%| E|CS|TAMS 0x00000000ab400000, 0x00000000ab400000| Complete 
| 181|0x00000000ab500000, 0x00000000ab600000, 0x00000000ab600000|100%| E|CS|TAMS 0x00000000ab500000, 0x00000000ab500000| Complete 
| 182|0x00000000ab600000, 0x00000000ab700000, 0x00000000ab700000|100%| E|CS|TAMS 0x00000000ab600000, 0x00000000ab600000| Complete 
| 183|0x00000000ab700000, 0x00000000ab800000, 0x00000000ab800000|100%| E|CS|TAMS 0x00000000ab700000, 0x00000000ab700000| Complete 
| 184|0x00000000ab800000, 0x00000000ab900000, 0x00000000ab900000|100%| E|CS|TAMS 0x00000000ab800000, 0x00000000ab800000| Complete 
| 185|0x00000000ab900000, 0x00000000aba00000, 0x00000000aba00000|100%| E|CS|TAMS 0x00000000ab900000, 0x00000000ab900000| Complete 
| 186|0x00000000aba00000, 0x00000000abb00000, 0x00000000abb00000|100%| E|CS|TAMS 0x00000000aba00000, 0x00000000aba00000| Complete 
| 187|0x00000000abb00000, 0x00000000abc00000, 0x00000000abc00000|100%| E|CS|TAMS 0x00000000abb00000, 0x00000000abb00000| Complete 
| 188|0x00000000abc00000, 0x00000000abd00000, 0x00000000abd00000|100%| E|CS|TAMS 0x00000000abc00000, 0x00000000abc00000| Complete 
| 189|0x00000000abd00000, 0x00000000abe00000, 0x00000000abe00000|100%| E|CS|TAMS 0x00000000abd00000, 0x00000000abd00000| Complete 
| 190|0x00000000abe00000, 0x00000000abf00000, 0x00000000abf00000|100%| E|CS|TAMS 0x00000000abe00000, 0x00000000abe00000| Complete 
| 191|0x00000000abf00000, 0x00000000ac000000, 0x00000000ac000000|100%| E|CS|TAMS 0x00000000abf00000, 0x00000000abf00000| Complete 
| 192|0x00000000ac000000, 0x00000000ac100000, 0x00000000ac100000|100%| E|CS|TAMS 0x00000000ac000000, 0x00000000ac000000| Complete 
| 193|0x00000000ac100000, 0x00000000ac200000, 0x00000000ac200000|100%| E|CS|TAMS 0x00000000ac100000, 0x00000000ac100000| Complete 
| 194|0x00000000ac200000, 0x00000000ac300000, 0x00000000ac300000|100%| E|CS|TAMS 0x00000000ac200000, 0x00000000ac200000| Complete 
| 195|0x00000000ac300000, 0x00000000ac400000, 0x00000000ac400000|100%| E|CS|TAMS 0x00000000ac300000, 0x00000000ac300000| Complete 
| 196|0x00000000ac400000, 0x00000000ac500000, 0x00000000ac500000|100%| E|CS|TAMS 0x00000000ac400000, 0x00000000ac400000| Complete 
| 197|0x00000000ac500000, 0x00000000ac600000, 0x00000000ac600000|100%| E|CS|TAMS 0x00000000ac500000, 0x00000000ac500000| Complete 
| 198|0x00000000ac600000, 0x00000000ac700000, 0x00000000ac700000|100%| E|CS|TAMS 0x00000000ac600000, 0x00000000ac600000| Complete 
| 199|0x00000000ac700000, 0x00000000ac800000, 0x00000000ac800000|100%| E|CS|TAMS 0x00000000ac700000, 0x00000000ac700000| Complete 
| 200|0x00000000ac800000, 0x00000000ac900000, 0x00000000ac900000|100%| E|CS|TAMS 0x00000000ac800000, 0x00000000ac800000| Complete 
| 201|0x00000000ac900000, 0x00000000aca00000, 0x00000000aca00000|100%| E|CS|TAMS 0x00000000ac900000, 0x00000000ac900000| Complete 
| 202|0x00000000aca00000, 0x00000000acb00000, 0x00000000acb00000|100%| E|CS|TAMS 0x00000000aca00000, 0x00000000aca00000| Complete 
| 203|0x00000000acb00000, 0x00000000acc00000, 0x00000000acc00000|100%| E|CS|TAMS 0x00000000acb00000, 0x00000000acb00000| Complete 
| 204|0x00000000acc00000, 0x00000000acd00000, 0x00000000acd00000|100%| E|CS|TAMS 0x00000000acc00000, 0x00000000acc00000| Complete 
| 205|0x00000000acd00000, 0x00000000ace00000, 0x00000000ace00000|100%| E|CS|TAMS 0x00000000acd00000, 0x00000000acd00000| Complete 
| 206|0x00000000ace00000, 0x00000000acf00000, 0x00000000acf00000|100%| E|CS|TAMS 0x00000000ace00000, 0x00000000ace00000| Complete 
| 207|0x00000000acf00000, 0x00000000ad000000, 0x00000000ad000000|100%| E|CS|TAMS 0x00000000acf00000, 0x00000000acf00000| Complete 
| 208|0x00000000ad000000, 0x00000000ad100000, 0x00000000ad100000|100%| E|CS|TAMS 0x00000000ad000000, 0x00000000ad000000| Complete 
| 209|0x00000000ad100000, 0x00000000ad200000, 0x00000000ad200000|100%| E|CS|TAMS 0x00000000ad100000, 0x00000000ad100000| Complete 
| 210|0x00000000ad200000, 0x00000000ad300000, 0x00000000ad300000|100%| E|CS|TAMS 0x00000000ad200000, 0x00000000ad200000| Complete 
| 211|0x00000000ad300000, 0x00000000ad400000, 0x00000000ad400000|100%| E|CS|TAMS 0x00000000ad300000, 0x00000000ad300000| Complete 
| 212|0x00000000ad400000, 0x00000000ad500000, 0x00000000ad500000|100%| E|CS|TAMS 0x00000000ad400000, 0x00000000ad400000| Complete 
| 213|0x00000000ad500000, 0x00000000ad600000, 0x00000000ad600000|100%| E|CS|TAMS 0x00000000ad500000, 0x00000000ad500000| Complete 
| 214|0x00000000ad600000, 0x00000000ad700000, 0x00000000ad700000|100%| E|CS|TAMS 0x00000000ad600000, 0x00000000ad600000| Complete 
| 215|0x00000000ad700000, 0x00000000ad800000, 0x00000000ad800000|100%| E|CS|TAMS 0x00000000ad700000, 0x00000000ad700000| Complete 
| 216|0x00000000ad800000, 0x00000000ad900000, 0x00000000ad900000|100%| E|CS|TAMS 0x00000000ad800000, 0x00000000ad800000| Complete 
| 217|0x00000000ad900000, 0x00000000ada00000, 0x00000000ada00000|100%| E|CS|TAMS 0x00000000ad900000, 0x00000000ad900000| Complete 
| 218|0x00000000ada00000, 0x00000000adb00000, 0x00000000adb00000|100%| E|CS|TAMS 0x00000000ada00000, 0x00000000ada00000| Complete 
| 219|0x00000000adb00000, 0x00000000adc00000, 0x00000000adc00000|100%| E|CS|TAMS 0x00000000adb00000, 0x00000000adb00000| Complete 
| 220|0x00000000adc00000, 0x00000000add00000, 0x00000000add00000|100%| E|CS|TAMS 0x00000000adc00000, 0x00000000adc00000| Complete 
| 221|0x00000000add00000, 0x00000000ade00000, 0x00000000ade00000|100%| E|CS|TAMS 0x00000000add00000, 0x00000000add00000| Complete 
| 222|0x00000000ade00000, 0x00000000adf00000, 0x00000000adf00000|100%| E|CS|TAMS 0x00000000ade00000, 0x00000000ade00000| Complete 
| 223|0x00000000adf00000, 0x00000000ae000000, 0x00000000ae000000|100%| E|CS|TAMS 0x00000000adf00000, 0x00000000adf00000| Complete 
| 224|0x00000000ae000000, 0x00000000ae100000, 0x00000000ae100000|100%| E|CS|TAMS 0x00000000ae000000, 0x00000000ae000000| Complete 
| 225|0x00000000ae100000, 0x00000000ae200000, 0x00000000ae200000|100%| E|CS|TAMS 0x00000000ae100000, 0x00000000ae100000| Complete 
| 226|0x00000000ae200000, 0x00000000ae300000, 0x00000000ae300000|100%| E|CS|TAMS 0x00000000ae200000, 0x00000000ae200000| Complete 
| 227|0x00000000ae300000, 0x00000000ae400000, 0x00000000ae400000|100%| E|CS|TAMS 0x00000000ae300000, 0x00000000ae300000| Complete 
| 228|0x00000000ae400000, 0x00000000ae500000, 0x00000000ae500000|100%| E|CS|TAMS 0x00000000ae400000, 0x00000000ae400000| Complete 
| 229|0x00000000ae500000, 0x00000000ae600000, 0x00000000ae600000|100%| E|CS|TAMS 0x00000000ae500000, 0x00000000ae500000| Complete 
| 230|0x00000000ae600000, 0x00000000ae700000, 0x00000000ae700000|100%| E|CS|TAMS 0x00000000ae600000, 0x00000000ae600000| Complete 
| 231|0x00000000ae700000, 0x00000000ae800000, 0x00000000ae800000|100%| E|CS|TAMS 0x00000000ae700000, 0x00000000ae700000| Complete 
| 232|0x00000000ae800000, 0x00000000ae900000, 0x00000000ae900000|100%| E|CS|TAMS 0x00000000ae800000, 0x00000000ae800000| Complete 
| 233|0x00000000ae900000, 0x00000000aea00000, 0x00000000aea00000|100%| E|CS|TAMS 0x00000000ae900000, 0x00000000ae900000| Complete 
| 234|0x00000000aea00000, 0x00000000aeb00000, 0x00000000aeb00000|100%| E|CS|TAMS 0x00000000aea00000, 0x00000000aea00000| Complete 
| 235|0x00000000aeb00000, 0x00000000aec00000, 0x00000000aec00000|100%| E|CS|TAMS 0x00000000aeb00000, 0x00000000aeb00000| Complete 
| 236|0x00000000aec00000, 0x00000000aed00000, 0x00000000aed00000|100%| E|CS|TAMS 0x00000000aec00000, 0x00000000aec00000| Complete 
| 237|0x00000000aed00000, 0x00000000aee00000, 0x00000000aee00000|100%| E|CS|TAMS 0x00000000aed00000, 0x00000000aed00000| Complete 
| 238|0x00000000aee00000, 0x00000000aef00000, 0x00000000aef00000|100%| E|CS|TAMS 0x00000000aee00000, 0x00000000aee00000| Complete 
| 239|0x00000000aef00000, 0x00000000af000000, 0x00000000af000000|100%| E|CS|TAMS 0x00000000aef00000, 0x00000000aef00000| Complete 
| 240|0x00000000af000000, 0x00000000af100000, 0x00000000af100000|100%| E|CS|TAMS 0x00000000af000000, 0x00000000af000000| Complete 
| 241|0x00000000af100000, 0x00000000af200000, 0x00000000af200000|100%| E|CS|TAMS 0x00000000af100000, 0x00000000af100000| Complete 
| 242|0x00000000af200000, 0x00000000af300000, 0x00000000af300000|100%| E|CS|TAMS 0x00000000af200000, 0x00000000af200000| Complete 
| 243|0x00000000af300000, 0x00000000af400000, 0x00000000af400000|100%| E|CS|TAMS 0x00000000af300000, 0x00000000af300000| Complete 
| 244|0x00000000af400000, 0x00000000af500000, 0x00000000af500000|100%| E|CS|TAMS 0x00000000af400000, 0x00000000af400000| Complete 
| 245|0x00000000af500000, 0x00000000af600000, 0x00000000af600000|100%| E|CS|TAMS 0x00000000af500000, 0x00000000af500000| Complete 
| 246|0x00000000af600000, 0x00000000af700000, 0x00000000af700000|100%| E|CS|TAMS 0x00000000af600000, 0x00000000af600000| Complete 
| 247|0x00000000af700000, 0x00000000af800000, 0x00000000af800000|100%| E|CS|TAMS 0x00000000af700000, 0x00000000af700000| Complete 
| 248|0x00000000af800000, 0x00000000af900000, 0x00000000af900000|100%| E|CS|TAMS 0x00000000af800000, 0x00000000af800000| Complete 
| 249|0x00000000af900000, 0x00000000afa00000, 0x00000000afa00000|100%| E|CS|TAMS 0x00000000af900000, 0x00000000af900000| Complete 
| 250|0x00000000afa00000, 0x00000000afb00000, 0x00000000afb00000|100%| E|CS|TAMS 0x00000000afa00000, 0x00000000afa00000| Complete 
| 251|0x00000000afb00000, 0x00000000afc00000, 0x00000000afc00000|100%| E|CS|TAMS 0x00000000afb00000, 0x00000000afb00000| Complete 
| 252|0x00000000afc00000, 0x00000000afd00000, 0x00000000afd00000|100%| E|CS|TAMS 0x00000000afc00000, 0x00000000afc00000| Complete 
| 253|0x00000000afd00000, 0x00000000afe00000, 0x00000000afe00000|100%| E|CS|TAMS 0x00000000afd00000, 0x00000000afd00000| Complete 
| 254|0x00000000afe00000, 0x00000000aff00000, 0x00000000aff00000|100%| E|CS|TAMS 0x00000000afe00000, 0x00000000afe00000| Complete 
| 255|0x00000000aff00000, 0x00000000b0000000, 0x00000000b0000000|100%| E|CS|TAMS 0x00000000aff00000, 0x00000000aff00000| Complete 

Card table byte_map: [0x000002219e150000,0x000002219e450000] _byte_map_base: 0x000002219dc50000

Marking Bits (Prev, Next): (CMBitMap*) 0x000002218913b858, (CMBitMap*) 0x000002218913b890
 Prev Bits: [0x000002219e750000, 0x000002219ff50000)
 Next Bits: [0x000002219ff50000, 0x00000221a1750000)

Polling page: 0x00000221891e0000

Metaspace:

Usage:
  Non-class:     60.20 MB capacity,    59.03 MB ( 98%) used,  1019.00 KB (  2%) free+waste,   174.19 KB ( <1%) overhead. 
      Class:      9.22 MB capacity,     8.57 MB ( 93%) used,   590.71 KB (  6%) free+waste,    81.19 KB ( <1%) overhead. 
       Both:     69.42 MB capacity,    67.60 MB ( 97%) used,     1.57 MB (  2%) free+waste,   255.38 KB ( <1%) overhead. 

Virtual space:
  Non-class space:       62.00 MB reserved,      60.37 MB ( 97%) committed 
      Class space:        1.00 GB reserved,       9.25 MB ( <1%) committed 
             Both:        1.06 GB reserved,      69.62 MB (  6%) committed 

Chunk freelists:
   Non-Class:  51.00 KB
       Class:  0 bytes
        Both:  51.00 KB

MaxMetaspaceSize: 17179869184.00 GB
CompressedClassSpaceSize: 1.00 GB
Initial GC threshold: 20.80 MB
Current GC threshold: 114.16 MB
CDS: off

CodeHeap 'non-profiled nmethods': size=120000Kb used=4548Kb max_used=4548Kb free=115451Kb
 bounds [0x0000022195ec0000, 0x0000022196340000, 0x000002219d3f0000]
CodeHeap 'profiled nmethods': size=120000Kb used=16165Kb max_used=16165Kb free=103834Kb
 bounds [0x000002218e990000, 0x000002218f960000, 0x0000022195ec0000]
CodeHeap 'non-nmethods': size=5760Kb used=2349Kb max_used=2406Kb free=3410Kb
 bounds [0x000002218e3f0000, 0x000002218e660000, 0x000002218e990000]
 total_blobs=8327 nmethods=7472 adapters=767
 compilation: enabled
              stopped_count=0, restarted_count=0
 full_count=0

Compilation events (20 events):
Event: 8.045 Thread 0x00000221a8378000 7402 %     4       org.gradle.internal.instantiation.generator.AbstractClassGenerator::inspectType @ 107 (560 bytes)
Event: 8.050 Thread 0x00000221a4aef000 7424       1       java.lang.invoke.StringConcatFactory$RecipeElement::getTag (5 bytes)
Event: 8.050 Thread 0x00000221a4aef000 nmethod 7424 0x0000022196330d10 code [0x0000022196330ec0, 0x0000022196330f78]
Event: 8.052 Thread 0x00000221a4aef000 7425       3       groovyjarjarasm.asm.Type::<init> (26 bytes)
Event: 8.052 Thread 0x00000221a4aef000 nmethod 7425 0x000002218f92a690 code [0x000002218f92a840, 0x000002218f92a9f8]
Event: 8.053 Thread 0x00000221a4aef000 7426       3       groovyjarjarasm.asm.Type::getTypeInternal (199 bytes)
Event: 8.054 Thread 0x00000221a4aef000 nmethod 7426 0x000002218f92aa90 code [0x000002218f92ad20, 0x000002218f92bb08]
Event: 8.054 Thread 0x00000221a4aef000 7427       3       groovyjarjarasm.asm.Type::getDescriptor (93 bytes)
Event: 8.055 Thread 0x00000221a4aef000 nmethod 7427 0x000002218f92bf90 code [0x000002218f92c220, 0x000002218f92cb88]
Event: 8.055 Thread 0x00000221a4aef000 7430       3       java.util.Arrays$ArrayList::indexOf (62 bytes)
Event: 8.055 Thread 0x00000221a4aef000 nmethod 7430 0x000002218f92cf10 code [0x000002218f92d100, 0x000002218f92d548]
Event: 8.055 Thread 0x00000221a4aef000 7429       3       java.util.Arrays$ArrayList::contains (14 bytes)
Event: 8.055 Thread 0x00000221a4aef000 nmethod 7429 0x000002218f92d710 code [0x000002218f92d8c0, 0x000002218f92da68]
Event: 8.060 Thread 0x00000221a4aef000 7431       3       groovyjarjarasm.asm.Edge::<init> (20 bytes)
Event: 8.060 Thread 0x00000221a4aef000 nmethod 7431 0x000002218f92db10 code [0x000002218f92dcc0, 0x000002218f92ded8]
Event: 8.063 Thread 0x00000221a4aef000 7433       3       groovyjarjarasm.asm.Frame::accept (264 bytes)
Event: 8.063 Thread 0x00000221a4aef000 nmethod 7433 0x000002218f92df90 code [0x000002218f92e1c0, 0x000002218f92ead8]
Event: 8.063 Thread 0x00000221a4aef000 7434       3       groovyjarjarasm.asm.MethodWriter::visitFrameStart (55 bytes)
Event: 8.063 Thread 0x00000221a4aef000 nmethod 7434 0x000002218f92ee90 code [0x000002218f92f060, 0x000002218f92f358]
Event: 8.078 Thread 0x00000221a4aef000 7435   !   3       com.sun.beans.introspect.MethodInfo::get (143 bytes)

GC Heap History (16 events):
Event: 0.600 GC heap before
{Heap before GC invocations=0 (full 0):
 garbage-first heap   total 262144K, used 29696K [0x00000000a0000000, 0x0000000100000000)
  region size 1024K, 24 young (24576K), 0 survivors (0K)
 Metaspace       used 10099K, capacity 10327K, committed 10624K, reserved 1058816K
  class space    used 1050K, capacity 1106K, committed 1152K, reserved 1048576K
}
Event: 0.604 GC heap after
{Heap after GC invocations=1 (full 0):
 garbage-first heap   total 262144K, used 9384K [0x00000000a0000000, 0x0000000100000000)
  region size 1024K, 3 young (3072K), 3 survivors (3072K)
 Metaspace       used 10099K, capacity 10327K, committed 10624K, reserved 1058816K
  class space    used 1050K, capacity 1106K, committed 1152K, reserved 1048576K
}
Event: 2.210 GC heap before
{Heap before GC invocations=1 (full 0):
 garbage-first heap   total 262144K, used 109736K [0x00000000a0000000, 0x0000000100000000)
  region size 1024K, 102 young (104448K), 3 survivors (3072K)
 Metaspace       used 20603K, capacity 21096K, committed 21296K, reserved 1069056K
  class space    used 2515K, capacity 2660K, committed 2688K, reserved 1048576K
}
Event: 2.217 GC heap after
{Heap after GC invocations=2 (full 0):
 garbage-first heap   total 262144K, used 17005K [0x00000000a0000000, 0x0000000100000000)
  region size 1024K, 11 young (11264K), 11 survivors (11264K)
 Metaspace       used 20603K, capacity 21096K, committed 21296K, reserved 1069056K
  class space    used 2515K, capacity 2660K, committed 2688K, reserved 1048576K
}
Event: 2.822 GC heap before
{Heap before GC invocations=3 (full 0):
 garbage-first heap   total 262144K, used 81517K [0x00000000a0000000, 0x0000000100000000)
  region size 1024K, 75 young (76800K), 11 survivors (11264K)
 Metaspace       used 27063K, capacity 27790K, committed 28080K, reserved 1073152K
  class space    used 3538K, capacity 3770K, committed 3840K, reserved 1048576K
}
Event: 2.827 GC heap after
{Heap after GC invocations=4 (full 0):
 garbage-first heap   total 262144K, used 19474K [0x00000000a0000000, 0x0000000100000000)
  region size 1024K, 3 young (3072K), 3 survivors (3072K)
 Metaspace       used 27063K, capacity 27790K, committed 28080K, reserved 1073152K
  class space    used 3538K, capacity 3770K, committed 3840K, reserved 1048576K
}
Event: 3.420 GC heap before
{Heap before GC invocations=4 (full 0):
 garbage-first heap   total 262144K, used 68626K [0x00000000a0000000, 0x0000000100000000)
  region size 1024K, 52 young (53248K), 3 survivors (3072K)
 Metaspace       used 34889K, capacity 35589K, committed 35708K, reserved 1081344K
  class space    used 4517K, capacity 4820K, committed 4864K, reserved 1048576K
}
Event: 3.426 GC heap after
{Heap after GC invocations=5 (full 0):
 garbage-first heap   total 262144K, used 22469K [0x00000000a0000000, 0x0000000100000000)
  region size 1024K, 6 young (6144K), 6 survivors (6144K)
 Metaspace       used 34889K, capacity 35589K, committed 35708K, reserved 1081344K
  class space    used 4517K, capacity 4820K, committed 4864K, reserved 1048576K
}
Event: 4.552 GC heap before
{Heap before GC invocations=6 (full 0):
 garbage-first heap   total 262144K, used 140229K [0x00000000a0000000, 0x0000000100000000)
  region size 1024K, 118 young (120832K), 6 survivors (6144K)
 Metaspace       used 44028K, capacity 45019K, committed 45308K, reserved 1089536K
  class space    used 5595K, capacity 5967K, committed 6016K, reserved 1048576K
}
Event: 4.561 GC heap after
{Heap after GC invocations=7 (full 0):
 garbage-first heap   total 262144K, used 30027K [0x00000000a0000000, 0x0000000100000000)
  region size 1024K, 13 young (13312K), 13 survivors (13312K)
 Metaspace       used 44028K, capacity 45019K, committed 45308K, reserved 1089536K
  class space    used 5595K, capacity 5967K, committed 6016K, reserved 1048576K
}
Event: 5.847 GC heap before
{Heap before GC invocations=7 (full 0):
 garbage-first heap   total 262144K, used 171339K [0x00000000a0000000, 0x0000000100000000)
  region size 1024K, 143 young (146432K), 13 survivors (13312K)
 Metaspace       used 51547K, capacity 52897K, committed 53116K, reserved 1095680K
  class space    used 6561K, capacity 7053K, committed 7168K, reserved 1048576K
}
Event: 5.858 GC heap after
{Heap after GC invocations=8 (full 0):
 garbage-first heap   total 262144K, used 49695K [0x00000000a0000000, 0x0000000100000000)
  region size 1024K, 18 young (18432K), 18 survivors (18432K)
 Metaspace       used 51547K, capacity 52897K, committed 53116K, reserved 1095680K
  class space    used 6561K, capacity 7053K, committed 7168K, reserved 1048576K
}
Event: 6.466 GC heap before
{Heap before GC invocations=8 (full 0):
 garbage-first heap   total 262144K, used 101919K [0x00000000a0000000, 0x0000000100000000)
  region size 1024K, 70 young (71680K), 18 survivors (18432K)
 Metaspace       used 58251K, capacity 59767K, committed 59900K, reserved 1101824K
  class space    used 7363K, capacity 7956K, committed 8064K, reserved 1048576K
}
Event: 6.487 GC heap after
{Heap after GC invocations=9 (full 0):
 garbage-first heap   total 262144K, used 53107K [0x00000000a0000000, 0x0000000100000000)
  region size 1024K, 4 young (4096K), 4 survivors (4096K)
 Metaspace       used 58251K, capacity 59767K, committed 59900K, reserved 1101824K
  class space    used 7363K, capacity 7956K, committed 8064K, reserved 1048576K
}
Event: 7.643 GC heap before
{Heap before GC invocations=10 (full 0):
 garbage-first heap   total 262144K, used 172915K [0x00000000a0000000, 0x0000000100000000)
  region size 1024K, 121 young (123904K), 4 survivors (4096K)
 Metaspace       used 68119K, capacity 69779K, committed 69884K, reserved 1110016K
  class space    used 8622K, capacity 9254K, committed 9344K, reserved 1048576K
}
Event: 7.649 GC heap after
{Heap after GC invocations=11 (full 0):
 garbage-first heap   total 262144K, used 58560K [0x00000000a0000000, 0x0000000100000000)
  region size 1024K, 9 young (9216K), 9 survivors (9216K)
 Metaspace       used 68119K, capacity 69779K, committed 69884K, reserved 1110016K
  class space    used 8622K, capacity 9254K, committed 9344K, reserved 1048576K
}

Deoptimization events (20 events):
Event: 7.906 Thread 0x00000221a54ba000 Uncommon trap: trap_request=0xffffff4d fr.pc=0x00000221962f91c4 relative=0x0000000000000444
Event: 7.906 Thread 0x00000221a54ba000 Uncommon trap: reason=unstable_if action=reinterpret pc=0x00000221962f91c4 method=org.codehaus.groovy.runtime.metaclass.MetaMethodIndex.copyNonPrivateNonNewMetaMethods(Lorg/codehaus/groovy/runtime/metaclass/MetaMethodIndex$Entry;Lorg/codehaus/groovy/runti
Event: 7.906 Thread 0x00000221a54ba000 DEOPT PACKING pc=0x00000221962f91c4 sp=0x000000c0099f30b0
Event: 7.906 Thread 0x00000221a54ba000 DEOPT UNPACKING pc=0x000002218e43a1af sp=0x000000c0099f3068 mode 2
Event: 7.933 Thread 0x00000221a54ba000 Uncommon trap: trap_request=0xffffff4d fr.pc=0x0000022196308270 relative=0x0000000000001170
Event: 7.933 Thread 0x00000221a54ba000 Uncommon trap: reason=unstable_if action=reinterpret pc=0x0000022196308270 method=org.codehaus.groovy.runtime.metaclass.MetaMethodIndex.isOverridden(Lgroovy/lang/MetaMethod;Lgroovy/lang/MetaMethod;)Z @ 40 c2
Event: 7.933 Thread 0x00000221a54ba000 DEOPT PACKING pc=0x0000022196308270 sp=0x000000c0099f37f0
Event: 7.933 Thread 0x00000221a54ba000 DEOPT UNPACKING pc=0x000002218e43a1af sp=0x000000c0099f3748 mode 2
Event: 8.022 Thread 0x00000221a54ba000 Uncommon trap: trap_request=0xffffff7e fr.pc=0x000002219632e328 relative=0x0000000000000368
Event: 8.022 Thread 0x00000221a54ba000 Uncommon trap: reason=predicate action=maybe_recompile pc=0x000002219632e328 method=java.util.AbstractCollection.toArray([Ljava/lang/Object;)[Ljava/lang/Object; @ 43 c2
Event: 8.022 Thread 0x00000221a54ba000 DEOPT PACKING pc=0x000002219632e328 sp=0x000000c0099f0d40
Event: 8.022 Thread 0x00000221a54ba000 DEOPT UNPACKING pc=0x000002218e43a1af sp=0x000000c0099f0ce8 mode 2
Event: 8.037 Thread 0x00000221a54ba000 Uncommon trap: trap_request=0xffffffc6 fr.pc=0x000002219630c4fc relative=0x000000000000051c
Event: 8.037 Thread 0x00000221a54ba000 Uncommon trap: reason=bimorphic_or_optimized_type_check action=maybe_recompile pc=0x000002219630c4fc method=org.codehaus.groovy.util.SingleKeyHashMap.get(Ljava/lang/Object;)Ljava/lang/Object; @ 43 c2
Event: 8.037 Thread 0x00000221a54ba000 DEOPT PACKING pc=0x000002219630c4fc sp=0x000000c0099f0840
Event: 8.037 Thread 0x00000221a54ba000 DEOPT UNPACKING pc=0x000002218e43a1af sp=0x000000c0099f07d8 mode 2
Event: 8.055 Thread 0x00000221a54ba000 Uncommon trap: trap_request=0xfffffff4 fr.pc=0x00000221960767b8 relative=0x00000000000009b8
Event: 8.055 Thread 0x00000221a54ba000 Uncommon trap: reason=null_check action=make_not_entrant pc=0x00000221960767b8 method=jdk.internal.loader.URLClassPath$JarLoader.getResource(Ljava/lang/String;ZLjava/util/Set;)Ljdk/internal/loader/Resource; @ 92 c2
Event: 8.055 Thread 0x00000221a54ba000 DEOPT PACKING pc=0x00000221960767b8 sp=0x000000c0099ef670
Event: 8.055 Thread 0x00000221a54ba000 DEOPT UNPACKING pc=0x000002218e43a1af sp=0x000000c0099ef5f8 mode 2

Classes redefined (0 events):
No events

Internal exceptions (20 events):
Event: 8.056 Thread 0x00000221a54ba000 Exception <a 'java/security/PrivilegedActionException'{0x00000000ac15e7c8}> (0x00000000ac15e7c8) thrown at [./src/hotspot/share/prims/jvm.cpp, line 1306]
Event: 8.057 Thread 0x00000221a54ba000 Exception <a 'java/security/PrivilegedActionException'{0x00000000ac16cbf0}> (0x00000000ac16cbf0) thrown at [./src/hotspot/share/prims/jvm.cpp, line 1306]
Event: 8.057 Thread 0x00000221a54ba000 Exception <a 'java/security/PrivilegedActionException'{0x00000000ac16ebf8}> (0x00000000ac16ebf8) thrown at [./src/hotspot/share/prims/jvm.cpp, line 1306]
Event: 8.057 Thread 0x00000221a54ba000 Exception <a 'java/lang/ClassNotFoundException'{0x00000000ac186f80}: org/apache/tools/ant/taskdefs/condition/OsBeanInfo> (0x00000000ac186f80) thrown at [./src/hotspot/share/classfile/systemDictionary.cpp, line 231]
Event: 8.058 Thread 0x00000221a54ba000 Exception <a 'java/security/PrivilegedActionException'{0x00000000ac18d980}> (0x00000000ac18d980) thrown at [./src/hotspot/share/prims/jvm.cpp, line 1306]
Event: 8.058 Thread 0x00000221a54ba000 Exception <a 'java/security/PrivilegedActionException'{0x00000000ac18f988}> (0x00000000ac18f988) thrown at [./src/hotspot/share/prims/jvm.cpp, line 1306]
Event: 8.058 Thread 0x00000221a54ba000 Exception <a 'java/security/PrivilegedActionException'{0x00000000ac19a558}> (0x00000000ac19a558) thrown at [./src/hotspot/share/prims/jvm.cpp, line 1306]
Event: 8.058 Thread 0x00000221a54ba000 Exception <a 'java/security/PrivilegedActionException'{0x00000000ac19c560}> (0x00000000ac19c560) thrown at [./src/hotspot/share/prims/jvm.cpp, line 1306]
Event: 8.058 Thread 0x00000221a54ba000 Exception <a 'java/security/PrivilegedActionException'{0x00000000ac1a3808}> (0x00000000ac1a3808) thrown at [./src/hotspot/share/prims/jvm.cpp, line 1306]
Event: 8.058 Thread 0x00000221a54ba000 Exception <a 'java/security/PrivilegedActionException'{0x00000000ac1a5810}> (0x00000000ac1a5810) thrown at [./src/hotspot/share/prims/jvm.cpp, line 1306]
Event: 8.058 Thread 0x00000221a54ba000 Exception <a 'java/security/PrivilegedActionException'{0x00000000ac1b3db0}> (0x00000000ac1b3db0) thrown at [./src/hotspot/share/prims/jvm.cpp, line 1306]
Event: 8.058 Thread 0x00000221a54ba000 Exception <a 'java/security/PrivilegedActionException'{0x00000000ac1b5db8}> (0x00000000ac1b5db8) thrown at [./src/hotspot/share/prims/jvm.cpp, line 1306]
Event: 8.059 Thread 0x00000221a54ba000 Exception <a 'java/lang/ClassNotFoundException'{0x00000000ac1ce390}: org/apache/tools/ant/taskdefs/condition/OsCustomizer> (0x00000000ac1ce390) thrown at [./src/hotspot/share/classfile/systemDictionary.cpp, line 231]
Event: 8.065 Thread 0x00000221a54ba000 Exception <a 'java/lang/ClassNotFoundException'{0x00000000ac074420}: org/gradle/api/internal/NamedDomainObjectContainerConfigureDelegateBeanInfo> (0x00000000ac074420) thrown at [./src/hotspot/share/classfile/systemDictionary.cpp, line 231]
Event: 8.066 Thread 0x00000221a54ba000 Exception <a 'java/lang/ClassNotFoundException'{0x00000000ac0b32e8}: org/gradle/api/internal/NamedDomainObjectContainerConfigureDelegateCustomizer> (0x00000000ac0b32e8) thrown at [./src/hotspot/share/classfile/systemDictionary.cpp, line 231]
Event: 8.072 Thread 0x00000221a54ba000 Exception <a 'java/lang/ClassNotFoundException'{0x00000000abd2c808}: org/gradle/api/internal/FactoryNamedDomainObjectContainer_DecoratedBeanInfo> (0x00000000abd2c808) thrown at [./src/hotspot/share/classfile/systemDictionary.cpp, line 231]
Event: 8.073 Thread 0x00000221a54ba000 Exception <a 'java/lang/ClassNotFoundException'{0x00000000abd684c0}: org/gradle/api/internal/FactoryNamedDomainObjectContainerBeanInfo> (0x00000000abd684c0) thrown at [./src/hotspot/share/classfile/systemDictionary.cpp, line 231]
Event: 8.075 Thread 0x00000221a54ba000 Exception <a 'java/lang/ClassNotFoundException'{0x00000000abda5bd8}: org/gradle/api/internal/AbstractNamedDomainObjectContainerBeanInfo> (0x00000000abda5bd8) thrown at [./src/hotspot/share/classfile/systemDictionary.cpp, line 231]
Event: 8.076 Thread 0x00000221a54ba000 Exception <a 'java/lang/ClassNotFoundException'{0x00000000abde3db0}: org/gradle/api/internal/AbstractNamedDomainObjectContainerCustomizer> (0x00000000abde3db0) thrown at [./src/hotspot/share/classfile/systemDictionary.cpp, line 231]
Event: 8.078 Thread 0x00000221a54ba000 Exception <a 'java/lang/ClassNotFoundException'{0x00000000abc34898}: org/gradle/api/internal/FactoryNamedDomainObjectContainerCustomizer> (0x00000000abc34898) thrown at [./src/hotspot/share/classfile/systemDictionary.cpp, line 231]

Events (20 events):
Event: 8.075 loading class org/gradle/api/internal/AbstractNamedDomainObjectContainerBeanInfo
Event: 8.075 loading class org/gradle/api/internal/AbstractNamedDomainObjectContainerBeanInfo done
Event: 8.075 loading class org/gradle/api/internal/AbstractNamedDomainObjectContainerCustomizer
Event: 8.075 loading class org/gradle/api/internal/AbstractNamedDomainObjectContainerCustomizer done
Event: 8.075 loading class org/gradle/api/internal/AbstractNamedDomainObjectContainerCustomizer
Event: 8.075 loading class org/gradle/api/internal/AbstractNamedDomainObjectContainerCustomizer done
Event: 8.075 loading class org/gradle/api/internal/AbstractNamedDomainObjectContainerCustomizer
Event: 8.075 loading class org/gradle/api/internal/AbstractNamedDomainObjectContainerCustomizer done
Event: 8.076 loading class org/gradle/api/internal/AbstractNamedDomainObjectContainerCustomizer
Event: 8.076 loading class org/gradle/api/internal/AbstractNamedDomainObjectContainerCustomizer done
Event: 8.077 loading class org/gradle/api/internal/FactoryNamedDomainObjectContainerCustomizer
Event: 8.077 loading class org/gradle/api/internal/FactoryNamedDomainObjectContainerCustomizer done
Event: 8.077 loading class org/gradle/api/internal/FactoryNamedDomainObjectContainerCustomizer
Event: 8.077 loading class org/gradle/api/internal/FactoryNamedDomainObjectContainerCustomizer done
Event: 8.077 loading class org/gradle/api/internal/FactoryNamedDomainObjectContainerCustomizer
Event: 8.077 loading class org/gradle/api/internal/FactoryNamedDomainObjectContainerCustomizer done
Event: 8.078 loading class org/gradle/api/internal/FactoryNamedDomainObjectContainerCustomizer
Event: 8.078 loading class org/gradle/api/internal/FactoryNamedDomainObjectContainerCustomizer done
Event: 8.078 loading class org/gradle/api/internal/FactoryNamedDomainObjectContainer_DecoratedCustomizer
Event: 8.078 loading class org/gradle/api/internal/FactoryNamedDomainObjectContainer_DecoratedCustomizer done


Dynamic libraries:
0x00007ff70c010000 - 0x00007ff70c01a000 	C:\Program Files\Android\Android Studio\jre\bin\java.exe
0x00007ffa53090000 - 0x00007ffa53288000 	C:\WINDOWS\SYSTEM32\ntdll.dll
0x00007ffa51eb0000 - 0x00007ffa51f6d000 	C:\WINDOWS\System32\KERNEL32.DLL
0x00007ffa50bf0000 - 0x00007ffa50ebe000 	C:\WINDOWS\System32\KERNELBASE.dll
0x00007ffa50ec0000 - 0x00007ffa50fc0000 	C:\WINDOWS\System32\ucrtbase.dll
0x00007ffa47820000 - 0x00007ffa47837000 	C:\Program Files\Android\Android Studio\jre\bin\VCRUNTIME140.dll
0x00007ffa46fd0000 - 0x00007ffa46fe9000 	C:\Program Files\Android\Android Studio\jre\bin\jli.dll
0x00007ffa51f70000 - 0x00007ffa52110000 	C:\WINDOWS\System32\USER32.dll
0x00007ffa51030000 - 0x00007ffa51052000 	C:\WINDOWS\System32\win32u.dll
0x00007ffa3f730000 - 0x00007ffa3f9ca000 	C:\WINDOWS\WinSxS\amd64_microsoft.windows.common-controls_6595b64144ccf1df_6.0.19041.1110_none_60b5254171f9507e\COMCTL32.dll
0x00007ffa52110000 - 0x00007ffa521ae000 	C:\WINDOWS\System32\msvcrt.dll
0x00007ffa523d0000 - 0x00007ffa523fa000 	C:\WINDOWS\System32\GDI32.dll
0x00007ffa50a30000 - 0x00007ffa50b3b000 	C:\WINDOWS\System32\gdi32full.dll
0x00007ffa50940000 - 0x00007ffa509dd000 	C:\WINDOWS\System32\msvcp_win.dll
0x00007ffa51570000 - 0x00007ffa515a0000 	C:\WINDOWS\System32\IMM32.DLL
0x00007ffa3c690000 - 0x00007ffa3c72d000 	C:\Program Files\Android\Android Studio\jre\bin\msvcp140.dll
0x00007ffa0ff90000 - 0x00007ffa10a75000 	C:\Program Files\Android\Android Studio\jre\bin\server\jvm.dll
0x00007ffa514c0000 - 0x00007ffa5156e000 	C:\WINDOWS\System32\ADVAPI32.dll
0x00007ffa51150000 - 0x00007ffa511ec000 	C:\WINDOWS\System32\sechost.dll
0x00007ffa51830000 - 0x00007ffa51955000 	C:\WINDOWS\System32\RPCRT4.dll
0x00007ffa52c80000 - 0x00007ffa52c88000 	C:\WINDOWS\System32\PSAPI.DLL
0x00007ffa4c0c0000 - 0x00007ffa4c0c9000 	C:\WINDOWS\SYSTEM32\WSOCK32.dll
0x00007ffa415c0000 - 0x00007ffa415e7000 	C:\WINDOWS\SYSTEM32\WINMM.dll
0x00007ffa517c0000 - 0x00007ffa5182b000 	C:\WINDOWS\System32\WS2_32.dll
0x00007ffa4e7b0000 - 0x00007ffa4e7ba000 	C:\WINDOWS\SYSTEM32\VERSION.dll
0x00007ffa4f090000 - 0x00007ffa4f0a2000 	C:\WINDOWS\SYSTEM32\kernel.appcore.dll
0x00007ffa46e60000 - 0x00007ffa46e71000 	C:\Program Files\Android\Android Studio\jre\bin\verify.dll
0x00007ffa39340000 - 0x00007ffa39524000 	C:\WINDOWS\SYSTEM32\DBGHELP.DLL
0x00007ffa39e50000 - 0x00007ffa39e7c000 	C:\WINDOWS\SYSTEM32\dbgcore.DLL
0x00007ffa51060000 - 0x00007ffa510e2000 	C:\WINDOWS\System32\bcryptPrimitives.dll
0x00007ffa40650000 - 0x00007ffa40679000 	C:\Program Files\Android\Android Studio\jre\bin\java.dll
0x00007ffa4bfc0000 - 0x00007ffa4bfcb000 	C:\Program Files\Android\Android Studio\jre\bin\jimage.dll
0x00007ffa41180000 - 0x00007ffa41198000 	C:\Program Files\Android\Android Studio\jre\bin\zip.dll
0x00007ffa52400000 - 0x00007ffa52b44000 	C:\WINDOWS\System32\SHELL32.dll
0x00007ffa4e8b0000 - 0x00007ffa4f044000 	C:\WINDOWS\SYSTEM32\windows.storage.dll
0x00007ffa52c90000 - 0x00007ffa52fe4000 	C:\WINDOWS\System32\combase.dll
0x00007ffa50210000 - 0x00007ffa50240000 	C:\WINDOWS\SYSTEM32\Wldp.dll
0x00007ffa52320000 - 0x00007ffa523cd000 	C:\WINDOWS\System32\SHCORE.dll
0x00007ffa52ff0000 - 0x00007ffa53045000 	C:\WINDOWS\System32\shlwapi.dll
0x00007ffa506f0000 - 0x00007ffa5070f000 	C:\WINDOWS\SYSTEM32\profapi.dll
0x00007ffa40530000 - 0x00007ffa4054a000 	C:\Program Files\Android\Android Studio\jre\bin\net.dll
0x00007ffa49840000 - 0x00007ffa4994a000 	C:\WINDOWS\SYSTEM32\WINHTTP.dll
0x00007ffa4ff70000 - 0x00007ffa4ffda000 	C:\WINDOWS\system32\mswsock.dll
0x00007ffa40510000 - 0x00007ffa40524000 	C:\Program Files\Android\Android Studio\jre\bin\nio.dll
0x00007ffa3edd0000 - 0x00007ffa3edf7000 	C:\Users\jjs815\.gradle\native\e1d6ef7f7dcc3fd88c89a11ec53ec762bb8ba0a96d01ffa2cd45eb1d1d8dd5c5\windows-amd64\native-platform.dll
0x00007ff9f1300000 - 0x00007ff9f1444000 	C:\Users\jjs815\.gradle\native\0d407fdbe67a94daf76414ababcb853783967236a71b16ec16e742cd7a986fd3\windows-amd64\native-platform-file-events.dll
0x00007ffa47810000 - 0x00007ffa4781a000 	C:\Program Files\Android\Android Studio\jre\bin\management.dll
0x00007ffa47770000 - 0x00007ffa4777d000 	C:\Program Files\Android\Android Studio\jre\bin\management_ext.dll
0x00007ffa50160000 - 0x00007ffa50178000 	C:\WINDOWS\SYSTEM32\CRYPTSP.dll
0x00007ffa4f880000 - 0x00007ffa4f8b4000 	C:\WINDOWS\system32\rsaenh.dll
0x00007ffa507b0000 - 0x00007ffa507d7000 	C:\WINDOWS\System32\bcrypt.dll
0x00007ffa506b0000 - 0x00007ffa506de000 	C:\WINDOWS\SYSTEM32\USERENV.dll
0x00007ffa50180000 - 0x00007ffa5018c000 	C:\WINDOWS\SYSTEM32\CRYPTBASE.dll
0x00007ffa4fc10000 - 0x00007ffa4fc4b000 	C:\WINDOWS\SYSTEM32\IPHLPAPI.DLL
0x00007ffa51ea0000 - 0x00007ffa51ea8000 	C:\WINDOWS\System32\NSI.dll
0x00007ffa4a740000 - 0x00007ffa4a757000 	C:\WINDOWS\SYSTEM32\dhcpcsvc6.DLL
0x00007ffa4a720000 - 0x00007ffa4a73d000 	C:\WINDOWS\SYSTEM32\dhcpcsvc.DLL
0x00007ffa4fc50000 - 0x00007ffa4fd1b000 	C:\WINDOWS\SYSTEM32\DNSAPI.dll

dbghelp: loaded successfully - version: 4.0.5 - missing functions: none
symbol engine: initialized successfully - sym options: 0x614 - pdb path: .;C:\Program Files\Android\Android Studio\jre\bin;C:\WINDOWS\SYSTEM32;C:\WINDOWS\WinSxS\amd64_microsoft.windows.common-controls_6595b64144ccf1df_6.0.19041.1110_none_60b5254171f9507e;C:\Program Files\Android\Android Studio\jre\bin\server;C:\Users\jjs815\.gradle\native\e1d6ef7f7dcc3fd88c89a11ec53ec762bb8ba0a96d01ffa2cd45eb1d1d8dd5c5\windows-amd64;C:\Users\jjs815\.gradle\native\0d407fdbe67a94daf76414ababcb853783967236a71b16ec16e742cd7a986fd3\windows-amd64

VM Arguments:
jvm_args: --add-opens=java.base/java.util=ALL-UNNAMED --add-opens=java.base/java.lang=ALL-UNNAMED --add-opens=java.base/java.lang.invoke=ALL-UNNAMED --add-opens=java.base/java.util=ALL-UNNAMED --add-opens=java.prefs/java.util.prefs=ALL-UNNAMED --add-opens=java.prefs/java.util.prefs=ALL-UNNAMED --add-opens=java.base/java.nio.charset=ALL-UNNAMED --add-opens=java.base/java.net=ALL-UNNAMED --add-opens=java.base/java.util.concurrent.atomic=ALL-UNNAMED -Xmx1536M -Dfile.encoding=x-windows-949 -Duser.country=KR -Duser.language=ko -Duser.variant 
java_command: org.gradle.launcher.daemon.bootstrap.GradleDaemon 7.4
java_class_path (initial): C:\Users\jjs815\.gradle\wrapper\dists\gradle-7.4-all\aadb4xli5jkdsnukm30eibyiu\gradle-7.4\lib\gradle-launcher-7.4.jar
Launcher Type: SUN_STANDARD

[Global flags]
     intx CICompilerCount                          = 4                                         {product} {ergonomic}
     uint ConcGCThreads                            = 2                                         {product} {ergonomic}
     uint G1ConcRefinementThreads                  = 8                                         {product} {ergonomic}
   size_t G1HeapRegionSize                         = 1048576                                   {product} {ergonomic}
    uintx GCDrainStackTargetSize                   = 64                                        {product} {ergonomic}
   size_t InitialHeapSize                          = 268435456                                 {product} {ergonomic}
   size_t MarkStackSize                            = 4194304                                   {product} {ergonomic}
   size_t MaxHeapSize                              = 1610612736                                {product} {command line}
   size_t MaxNewSize                               = 965738496                                 {product} {ergonomic}
   size_t MinHeapDeltaBytes                        = 1048576                                   {product} {ergonomic}
    uintx NonNMethodCodeHeapSize                   = 5836300                                {pd product} {ergonomic}
    uintx NonProfiledCodeHeapSize                  = 122910970                              {pd product} {ergonomic}
    uintx ProfiledCodeHeapSize                     = 122910970                              {pd product} {ergonomic}
    uintx ReservedCodeCacheSize                    = 251658240                              {pd product} {ergonomic}
     bool SegmentedCodeCache                       = true                                      {product} {ergonomic}
     bool UseCompressedClassPointers               = true                                 {lp64_product} {ergonomic}
     bool UseCompressedOops                        = true                                 {lp64_product} {ergonomic}
     bool UseG1GC                                  = true                                      {product} {ergonomic}
     bool UseLargePagesIndividualAllocation        = false                                  {pd product} {ergonomic}

Logging:
Log output configuration:
 #0: stdout all=warning uptime,level,tags
 #1: stderr all=off uptime,level,tags

Environment Variables:
JAVA_HOME=C:\Program Files\Android\Android Studio\jre
CLASSPATH=C:\Users\jjs815\flurtter_project\chang_2nd_main_project\android\\gradle\wrapper\gradle-wrapper.jar
PATH=C:\Program Files\Common Files\Oracle\Java\javapath;C:\Program Files\Zulu\zulu-11\bin\;C:\Program Files\NVIDIA GPU Computing Toolkit\CUDA\v11.3\bin;C:\Program Files\NVIDIA GPU Computing Toolkit\CUDA\v11.3\libnvvp;C:\Python39\Scripts\;C:\Python39\;C:\Program Files (x86)\Common Files\Oracle\Java\javapath;C:\Program Files (x86)\NAT Service;C:\ProgramData\Oracle\Java\javapath;C:\WINDOWS\system32;C:\WINDOWS;C:\WINDOWS\System32\Wbem;C:\WINDOWS\System32\WindowsPowerShell\v1.0\;C:\WINDOWS\System32\OpenSSH\;C:\Program Files (x86)\ePapyrus\Papyrus-PlugIn-xfa;C:\Program Files (x86)\ePapyrus\Papyrus-PlugIn-xfa\Addins;C:\Program Files\PuTTY\;C:\python;C:\ProgramData\chocolatey\bin;C:\Program Files (x86)\Yarn;C:\Users\jjs815\AppData\Local\Android\Sdk\platform-tools;C:\Program Files\OpenJDK\openjdk-8u282-b08\bin;C:\Program Files\Java\jdk1.8.0_211\bin;C:\Program Files\Git\cmd;C:\Program Files\nodejs\;C:\Program Files\NVIDIA Corporation\NVIDIA NvDLISR;C:\Program Files\NVIDIA Corporation\Nsight Compute 2021.1.1\;C:\Program Files (x86)\NVIDIA Corporation\PhysX\Common;C:\Program Files\OpenSSL-Win64\bin;C:\Program Files\Java\jdk-11.0.15;C:\Users\jjs815\AppData\Local\Programs\Python\Python38\Scripts\;C:\Users\jjs815\AppData\Local\Programs\Python\Python38\;C:\python\Scripts\;C:\python\;"C:\Users\jjs815\AppData\Local\Microsoft\WindowsApps;%C:\Python27";C:\Users\jjs815\AppData\Local\Microsoft\WindowsApps;C:\Users\jjs815\AppData\Local\Programs\Microsoft VS Code\bin;C:\Program Files (x86)\SoftForum\XecureHSM\;C:\Users\jjs815\AppData\Roaming\npm;C:\Program Files\JetBrains\IntelliJ IDEA Community Edition 2021.3.2\bin;;C:\Users\jjs815\flutter\bin;C:\Users\jjs815\ffmpeg-5.1-full_build\bin;;C:\Users\jjs815\flutter\bin\mingit\cmd
USERNAME=jjs815
OS=Windows_NT
PROCESSOR_IDENTIFIER=Intel64 Family 6 Model 158 Stepping 9, GenuineIntel



---------------  S Y S T E M  ---------------

OS: Windows 10 , 64 bit Build 19041 (10.0.19041.1806)
OS uptime: 0 days 21:54 hours

CPU:total 8 (initial active 8) (4 cores per cpu, 2 threads per core) family 6 model 158 stepping 9 microcode 0xb4, cmov, cx8, fxsr, mmx, sse, sse2, sse3, ssse3, sse4.1, sse4.2, popcnt, avx, avx2, aes, clmul, erms, rtm, 3dnowpref, lzcnt, ht, tsc, tscinvbit, bmi1, bmi2, adx, fma

Memory: 4k page, system-wide physical 16296M (4060M free)
TotalPageFile size 16296M (AvailPageFile size 5M)
current process WorkingSet (physical memory assigned to process): 448M, peak: 450M
current process commit charge ("private bytes"): 533M, peak: 534M

vm_info: OpenJDK 64-Bit Server VM (11.0.12+7-b1504.28-7817840) for windows-amd64 JRE (11.0.12+7-b1504.28-7817840), built on Oct 13 2021 22:12:33 by "builder" with MS VC++ 14.0 (VS2015)

END.
