#
# There is insufficient memory for the Java Runtime Environment to continue.
# Native memory allocation (malloc) failed to allocate 136256 bytes for Chunk::new
# Possible reasons:
#   The system is out of physical RAM or swap space
#   The process is running with CompressedOops enabled, and the Java Heap may be blocking the growth of the native heap
# Possible solutions:
#   Reduce memory load on the system
#   Increase physical memory or swap space
#   Check if swap backing store is full
#   Decrease Java heap size (-Xmx/-Xms)
#   Decrease number of Java threads
#   Decrease Java thread stack sizes (-Xss)
#   Set larger code cache with -XX:ReservedCodeCacheSize=
#   JVM is running with Unscaled Compressed Oops mode in which the Java heap is
#     placed in the first 4GB address space. The Java Heap base address is the
#     maximum limit for the native heap growth. Please use -XX:HeapBaseMinAddress
#     to set the Java Heap base and to place the Java Heap above 4GB virtual address.
# This output file may be truncated or incomplete.
#
#  Out of Memory Error (./src/hotspot/share/memory/arena.cpp:197), pid=155860, tid=181988
#
# JRE version: OpenJDK Runtime Environment (11.0.12+7) (build 11.0.12+7-b1504.28-7817840)
# Java VM: OpenJDK 64-Bit Server VM (11.0.12+7-b1504.28-7817840, mixed mode, tiered, compressed oops, g1 gc, windows-amd64)
# No core dump will be written. Minidumps are not enabled by default on client versions of Windows
#

---------------  S U M M A R Y ------------

Command Line: --add-opens=java.base/java.util=ALL-UNNAMED --add-opens=java.base/java.lang=ALL-UNNAMED --add-opens=java.base/java.lang.invoke=ALL-UNNAMED --add-opens=java.base/java.util=ALL-UNNAMED --add-opens=java.prefs/java.util.prefs=ALL-UNNAMED --add-opens=java.prefs/java.util.prefs=ALL-UNNAMED --add-opens=java.base/java.nio.charset=ALL-UNNAMED --add-opens=java.base/java.net=ALL-UNNAMED --add-opens=java.base/java.util.concurrent.atomic=ALL-UNNAMED -Xmx1536M -Dfile.encoding=x-windows-949 -Duser.country=KR -Duser.language=ko -Duser.variant org.gradle.launcher.daemon.bootstrap.GradleDaemon 7.4

Host: Intel(R) Core(TM) i7-7700 CPU @ 3.60GHz, 8 cores, 15G,  Windows 10 , 64 bit Build 19041 (10.0.19041.1889)
Time: Tue Oct  4 23:21:28 2022 대한민국 표준시 elapsed time: 21.775708 seconds (0d 0h 0m 21s)

---------------  T H R E A D  ---------------

Current thread (0x000001d07c778800):  JavaThread "C2 CompilerThread0" daemon [_thread_in_native, id=181988, stack(0x0000002875b00000,0x0000002875c00000)]


Current CompileTask:
C2:  21775 13850       4       java.util.concurrent.locks.AbstractQueuedSynchronizer$ConditionObject::signal (33 bytes)

Stack: [0x0000002875b00000,0x0000002875c00000]
Native frames: (J=compiled Java code, j=interpreted, Vv=VM code, C=native code)
V  [jvm.dll+0x5fbcea]
V  [jvm.dll+0x731905]
V  [jvm.dll+0x732f1d]
V  [jvm.dll+0x7335d3]
V  [jvm.dll+0x247bf8]
V  [jvm.dll+0xc018c]
V  [jvm.dll+0xc06cc]
V  [jvm.dll+0x2bcc04]
V  [jvm.dll+0x5113a8]
V  [jvm.dll+0x201b42]
V  [jvm.dll+0x1ff71f]
V  [jvm.dll+0x18868c]
V  [jvm.dll+0x20e0d7]
V  [jvm.dll+0x20c901]
V  [jvm.dll+0x6f9b7f]
V  [jvm.dll+0x6f26a5]
V  [jvm.dll+0x5fabf6]
C  [ucrtbase.dll+0x21bb2]
C  [KERNEL32.DLL+0x17034]
C  [ntdll.dll+0x526a1]


---------------  P R O C E S S  ---------------

Threads class SMR info:
_java_thread_list=0x000001d000f54830, length=137, elements={
0x000001d060bac000, 0x000001d07beba000, 0x000001d07bebd800, 0x000001d07c765000,
0x000001d07c766000, 0x000001d07c769000, 0x000001d07c778800, 0x000001d07c77b800,
0x000001d07c78f000, 0x000001d07c8f4000, 0x000001d07f00a800, 0x000001d07ca6d800,
0x000001d07e231800, 0x000001d07de9b800, 0x000001d07dd83000, 0x000001d07d7a5800,
0x000001d07eb80000, 0x000001d07f181800, 0x000001d07eccf800, 0x000001d07e2fd800,
0x000001d07e2fd000, 0x000001d07e2ff800, 0x000001d07e2fe800, 0x000001d00017b800,
0x000001d00017c800, 0x000001d000179800, 0x000001d00017a000, 0x000001d00017d800,
0x000001d00017f000, 0x000001d000180000, 0x000001d000180800, 0x000001d00017b000,
0x000001d000183000, 0x000001d000182800, 0x000001d000184000, 0x000001d000185800,
0x000001d000186800, 0x000001d000187000, 0x000001d000181800, 0x000001d000188000,
0x000001d00210d000, 0x000001d00210e000, 0x000001d00210c800, 0x000001d002112000,
0x000001d002113000, 0x000001d00210f000, 0x000001d00210f800, 0x000001d002111000,
0x000001d002110800, 0x000001d0004dc000, 0x000001d0004dd800, 0x000001d0004df000,
0x000001d0004de800, 0x000001d0004dc800, 0x000001d0004e0000, 0x000001d0004da800,
0x000001d0004db000, 0x000001d0004e1000, 0x000001d0004e3800, 0x000001d0004e4000,
0x000001d0004e7800, 0x000001d0004e5000, 0x000001d0004e1800, 0x000001d0004e8000,
0x000001d0004e5800, 0x000001d0004e6800, 0x000001d0004e2800, 0x000001d0004e9000,
0x000001d001ef5000, 0x000001d001ef6800, 0x000001d001ef9000, 0x000001d001efa000,
0x000001d001ef8000, 0x000001d001ef4000, 0x000001d001efa800, 0x000001d001ef7800,
0x000001d001efb800, 0x000001d001ef5800, 0x000001d001eff800, 0x000001d001f00800,
0x000001d001efe000, 0x000001d001efc800, 0x000001d001efe800, 0x000001d001f01000,
0x000001d001f02000, 0x000001d001f03000, 0x000001d001efd000, 0x000001d001c12000,
0x000001d001c12800, 0x000001d001c0d800, 0x000001d001c14000, 0x000001d001c0e800,
0x000001d001c15000, 0x000001d001c0f800, 0x000001d001c16000, 0x000001d001c13800,
0x000001d001c10000, 0x000001d001c16800, 0x000001d001c11000, 0x000001d001c1b000,
0x000001d001c19000, 0x000001d001c1a000, 0x000001d001c1c800, 0x000001d001c1b800,
0x000001d001c17800, 0x000001d001c18800, 0x000001d002a55000, 0x000001d002a5a000,
0x000001d002a58000, 0x000001d002a59000, 0x000001d002a54000, 0x000001d002a57800,
0x000001d002a5a800, 0x000001d002a56800, 0x000001d002a5b800, 0x000001d002a56000,
0x000001d002a60800, 0x000001d002a5f000, 0x000001d002a62000, 0x000001d002a5c800,
0x000001d002a5e000, 0x000001d002a63000, 0x000001d002a5f800, 0x000001d009fc4800,
0x000001d009fc8000, 0x000001d009fc5800, 0x000001d009fc7000, 0x000001d009fc4000,
0x000001d009fc2000, 0x000001d009fc8800, 0x000001d009fc3000, 0x000001d009fc6000,
0x000001d00aae6000, 0x000001d00aae8800, 0x000001d00aaea000, 0x000001d00aaeb000,
0x000001d00aaec000
}

Java Threads: ( => current thread )
  0x000001d060bac000 JavaThread "main" [_thread_blocked, id=176224, stack(0x0000002874f00000,0x0000002875000000)]
  0x000001d07beba000 JavaThread "Reference Handler" daemon [_thread_blocked, id=128212, stack(0x0000002875600000,0x0000002875700000)]
  0x000001d07bebd800 JavaThread "Finalizer" daemon [_thread_blocked, id=181468, stack(0x0000002875700000,0x0000002875800000)]
  0x000001d07c765000 JavaThread "Signal Dispatcher" daemon [_thread_blocked, id=183088, stack(0x0000002875800000,0x0000002875900000)]
  0x000001d07c766000 JavaThread "Attach Listener" daemon [_thread_blocked, id=179296, stack(0x0000002875900000,0x0000002875a00000)]
  0x000001d07c769000 JavaThread "Service Thread" daemon [_thread_blocked, id=176288, stack(0x0000002875a00000,0x0000002875b00000)]
=>0x000001d07c778800 JavaThread "C2 CompilerThread0" daemon [_thread_in_native, id=181988, stack(0x0000002875b00000,0x0000002875c00000)]
  0x000001d07c77b800 JavaThread "C1 CompilerThread0" daemon [_thread_blocked, id=180780, stack(0x0000002875c00000,0x0000002875d00000)]
  0x000001d07c78f000 JavaThread "Sweeper thread" daemon [_thread_blocked, id=172552, stack(0x0000002875d00000,0x0000002875e00000)]
  0x000001d07c8f4000 JavaThread "Common-Cleaner" daemon [_thread_blocked, id=149632, stack(0x0000002875e00000,0x0000002875f00000)]
  0x000001d07f00a800 JavaThread "Daemon health stats" [_thread_blocked, id=179332, stack(0x0000002876700000,0x0000002876800000)]
  0x000001d07ca6d800 JavaThread "Incoming local TCP Connector on port 6205" [_thread_in_native, id=181440, stack(0x0000002876000000,0x0000002876100000)]
  0x000001d07e231800 JavaThread "Daemon periodic checks" [_thread_blocked, id=183208, stack(0x0000002876600000,0x0000002876700000)]
  0x000001d07de9b800 JavaThread "Daemon" [_thread_blocked, id=180988, stack(0x0000002876800000,0x0000002876900000)]
  0x000001d07dd83000 JavaThread "Handler for socket connection from /127.0.0.1:6205 to /127.0.0.1:6206" [_thread_in_native, id=23688, stack(0x0000002876900000,0x0000002876a00000)]
  0x000001d07d7a5800 JavaThread "Cancel handler" [_thread_blocked, id=121656, stack(0x0000002876a00000,0x0000002876b00000)]
  0x000001d07eb80000 JavaThread "Daemon worker" [_thread_blocked, id=181056, stack(0x0000002876b00000,0x0000002876c00000)]
  0x000001d07f181800 JavaThread "Asynchronous log dispatcher for DefaultDaemonConnection: socket connection from /127.0.0.1:6205 to /127.0.0.1:6206" [_thread_blocked, id=155284, stack(0x0000002876c00000,0x0000002876d00000)]
  0x000001d07eccf800 JavaThread "Stdin handler" [_thread_blocked, id=181416, stack(0x0000002876d00000,0x0000002876e00000)]
  0x000001d07e2fd800 JavaThread "Daemon client event forwarder" [_thread_blocked, id=181584, stack(0x0000002876e00000,0x0000002876f00000)]
  0x000001d07e2fd000 JavaThread "Cache worker for journal cache (C:\Users\jjs815\.gradle\caches\journal-1)" [_thread_blocked, id=174620, stack(0x0000002877000000,0x0000002877100000)]
  0x000001d07e2ff800 JavaThread "File lock request listener" [_thread_in_native, id=172060, stack(0x0000002877100000,0x0000002877200000)]
  0x000001d07e2fe800 JavaThread "Cache worker for file hash cache (C:\Users\jjs815\.gradle\caches\7.4\fileHashes)" [_thread_blocked, id=183212, stack(0x0000002877200000,0x0000002877300000)]
  0x000001d00017b800 JavaThread "File watcher server" daemon [_thread_in_native, id=177088, stack(0x0000002877600000,0x0000002877700000)]
  0x000001d00017c800 JavaThread "File watcher consumer" daemon [_thread_blocked, id=181188, stack(0x0000002877700000,0x0000002877800000)]
  0x000001d000179800 JavaThread "Cache worker for checksums cache (C:\Users\jjs815\flurtter_project\chang_2nd_main_project\android\.gradle\7.4\checksums)" [_thread_blocked, id=165604, stack(0x0000002877800000,0x0000002877900000)]
  0x000001d00017a000 JavaThread "Cache worker for cache directory md-rule (C:\Users\jjs815\.gradle\caches\7.4\md-rule)" [_thread_blocked, id=181784, stack(0x0000002877900000,0x0000002877a00000)]
  0x000001d00017d800 JavaThread "Cache worker for file hash cache (C:\Users\jjs815\flurtter_project\chang_2nd_main_project\android\.gradle\7.4\fileHashes)" [_thread_blocked, id=180596, stack(0x0000002877a00000,0x0000002877b00000)]
  0x000001d00017f000 JavaThread "Cache worker for cache directory md-supplier (C:\Users\jjs815\.gradle\caches\7.4\md-supplier)" [_thread_blocked, id=182696, stack(0x0000002877b00000,0x0000002877c00000)]
  0x000001d000180000 JavaThread "Cache worker for execution history cache (C:\Users\jjs815\.gradle\caches\7.4\executionHistory)" [_thread_blocked, id=181252, stack(0x0000002877c00000,0x0000002877d00000)]
  0x000001d000180800 JavaThread "jar transforms" [_thread_blocked, id=179960, stack(0x0000002877e00000,0x0000002877f00000)]
  0x000001d00017b000 JavaThread "jar transforms Thread 2" [_thread_blocked, id=177072, stack(0x0000002877f00000,0x0000002878000000)]
  0x000001d000183000 JavaThread "Cache worker for file content cache (C:\Users\jjs815\.gradle\caches\7.4\fileContent)" [_thread_blocked, id=129584, stack(0x0000002878000000,0x0000002878100000)]
  0x000001d000182800 JavaThread "jar transforms Thread 3" [_thread_blocked, id=183100, stack(0x0000002878100000,0x0000002878200000)]
  0x000001d000184000 JavaThread "jar transforms Thread 4" [_thread_blocked, id=175672, stack(0x0000002878200000,0x0000002878300000)]
  0x000001d000185800 JavaThread "Cache worker for dependencies-accessors (C:\Users\jjs815\flurtter_project\chang_2nd_main_project\android\.gradle\7.4\dependencies-accessors)" [_thread_blocked, id=176424, stack(0x0000002878300000,0x0000002878400000)]
  0x000001d000186800 JavaThread "jar transforms Thread 5" [_thread_blocked, id=179068, stack(0x0000002878400000,0x0000002878500000)]
  0x000001d000187000 JavaThread "Cache worker for Build Output Cleanup Cache (C:\Users\jjs815\flurtter_project\chang_2nd_main_project\android\.gradle\buildOutputCleanup)" [_thread_blocked, id=183292, stack(0x0000002878500000,0x0000002878600000)]
  0x000001d000181800 JavaThread "Unconstrained build operations" [_thread_blocked, id=176556, stack(0x0000002878600000,0x0000002878700000)]
  0x000001d000188000 JavaThread "Unconstrained build operations Thread 2" [_thread_blocked, id=181692, stack(0x0000002878700000,0x0000002878800000)]
  0x000001d00210d000 JavaThread "Unconstrained build operations Thread 3" [_thread_blocked, id=176604, stack(0x0000002878800000,0x0000002878900000)]
  0x000001d00210e000 JavaThread "Unconstrained build operations Thread 4" [_thread_blocked, id=180520, stack(0x0000002878900000,0x0000002878a00000)]
  0x000001d00210c800 JavaThread "Unconstrained build operations Thread 5" [_thread_blocked, id=177224, stack(0x0000002878a00000,0x0000002878b00000)]
  0x000001d002112000 JavaThread "Unconstrained build operations Thread 6" [_thread_blocked, id=181268, stack(0x0000002878b00000,0x0000002878c00000)]
  0x000001d002113000 JavaThread "Unconstrained build operations Thread 7" [_thread_blocked, id=180980, stack(0x0000002878c00000,0x0000002878d00000)]
  0x000001d00210f000 JavaThread "Unconstrained build operations Thread 8" [_thread_blocked, id=178452, stack(0x0000002878d00000,0x0000002878e00000)]
  0x000001d00210f800 JavaThread "Unconstrained build operations Thread 9" [_thread_blocked, id=180744, stack(0x0000002878e00000,0x0000002878f00000)]
  0x000001d002111000 JavaThread "Unconstrained build operations Thread 10" [_thread_blocked, id=179664, stack(0x0000002878f00000,0x0000002879000000)]
  0x000001d002110800 JavaThread "Unconstrained build operations Thread 11" [_thread_blocked, id=180804, stack(0x0000002879000000,0x0000002879100000)]
  0x000001d0004dc000 JavaThread "Unconstrained build operations Thread 12" [_thread_blocked, id=178996, stack(0x0000002879100000,0x0000002879200000)]
  0x000001d0004dd800 JavaThread "Unconstrained build operations Thread 13" [_thread_blocked, id=181964, stack(0x0000002879200000,0x0000002879300000)]
  0x000001d0004df000 JavaThread "Unconstrained build operations Thread 14" [_thread_blocked, id=181288, stack(0x0000002879300000,0x0000002879400000)]
  0x000001d0004de800 JavaThread "Unconstrained build operations Thread 15" [_thread_blocked, id=176716, stack(0x0000002879400000,0x0000002879500000)]
  0x000001d0004dc800 JavaThread "Unconstrained build operations Thread 16" [_thread_blocked, id=181672, stack(0x0000002879500000,0x0000002879600000)]
  0x000001d0004e0000 JavaThread "Unconstrained build operations Thread 17" [_thread_blocked, id=182552, stack(0x0000002879600000,0x0000002879700000)]
  0x000001d0004da800 JavaThread "Unconstrained build operations Thread 18" [_thread_blocked, id=181144, stack(0x0000002879700000,0x0000002879800000)]
  0x000001d0004db000 JavaThread "Unconstrained build operations Thread 19" [_thread_blocked, id=179696, stack(0x0000002879800000,0x0000002879900000)]
  0x000001d0004e1000 JavaThread "Unconstrained build operations Thread 20" [_thread_blocked, id=179940, stack(0x0000002879900000,0x0000002879a00000)]
  0x000001d0004e3800 JavaThread "Unconstrained build operations Thread 21" [_thread_blocked, id=129920, stack(0x0000002879a00000,0x0000002879b00000)]
  0x000001d0004e4000 JavaThread "Unconstrained build operations Thread 22" [_thread_blocked, id=180872, stack(0x0000002879b00000,0x0000002879c00000)]
  0x000001d0004e7800 JavaThread "Unconstrained build operations Thread 23" [_thread_blocked, id=180668, stack(0x0000002879c00000,0x0000002879d00000)]
  0x000001d0004e5000 JavaThread "Unconstrained build operations Thread 24" [_thread_blocked, id=179344, stack(0x0000002879d00000,0x0000002879e00000)]
  0x000001d0004e1800 JavaThread "Unconstrained build operations Thread 25" [_thread_blocked, id=178976, stack(0x0000002879e00000,0x0000002879f00000)]
  0x000001d0004e8000 JavaThread "Unconstrained build operations Thread 26" [_thread_blocked, id=178732, stack(0x0000002879f00000,0x000000287a000000)]
  0x000001d0004e5800 JavaThread "Unconstrained build operations Thread 27" [_thread_blocked, id=180512, stack(0x000000287a000000,0x000000287a100000)]
  0x000001d0004e6800 JavaThread "Unconstrained build operations Thread 28" [_thread_blocked, id=180504, stack(0x000000287a100000,0x000000287a200000)]
  0x000001d0004e2800 JavaThread "Unconstrained build operations Thread 29" [_thread_blocked, id=180600, stack(0x000000287a200000,0x000000287a300000)]
  0x000001d0004e9000 JavaThread "Unconstrained build operations Thread 30" [_thread_blocked, id=178312, stack(0x000000287a300000,0x000000287a400000)]
  0x000001d001ef5000 JavaThread "Unconstrained build operations Thread 31" [_thread_blocked, id=180740, stack(0x000000287a400000,0x000000287a500000)]
  0x000001d001ef6800 JavaThread "Unconstrained build operations Thread 32" [_thread_blocked, id=180468, stack(0x000000287a500000,0x000000287a600000)]
  0x000001d001ef9000 JavaThread "Unconstrained build operations Thread 33" [_thread_blocked, id=180176, stack(0x000000287a600000,0x000000287a700000)]
  0x000001d001efa000 JavaThread "Unconstrained build operations Thread 34" [_thread_blocked, id=143472, stack(0x000000287a700000,0x000000287a800000)]
  0x000001d001ef8000 JavaThread "Unconstrained build operations Thread 35" [_thread_blocked, id=180328, stack(0x000000287a800000,0x000000287a900000)]
  0x000001d001ef4000 JavaThread "Unconstrained build operations Thread 36" [_thread_blocked, id=180620, stack(0x000000287a900000,0x000000287aa00000)]
  0x000001d001efa800 JavaThread "Unconstrained build operations Thread 37" [_thread_blocked, id=181012, stack(0x000000287aa00000,0x000000287ab00000)]
  0x000001d001ef7800 JavaThread "Unconstrained build operations Thread 38" [_thread_blocked, id=181852, stack(0x000000287ab00000,0x000000287ac00000)]
  0x000001d001efb800 JavaThread "Unconstrained build operations Thread 39" [_thread_blocked, id=176048, stack(0x000000287ac00000,0x000000287ad00000)]
  0x000001d001ef5800 JavaThread "Unconstrained build operations Thread 40" [_thread_blocked, id=181020, stack(0x000000287ad00000,0x000000287ae00000)]
  0x000001d001eff800 JavaThread "Unconstrained build operations Thread 41" [_thread_blocked, id=174548, stack(0x000000287ae00000,0x000000287af00000)]
  0x000001d001f00800 JavaThread "Unconstrained build operations Thread 42" [_thread_blocked, id=178228, stack(0x000000287af00000,0x000000287b000000)]
  0x000001d001efe000 JavaThread "Unconstrained build operations Thread 43" [_thread_blocked, id=175092, stack(0x000000287b000000,0x000000287b100000)]
  0x000001d001efc800 JavaThread "Unconstrained build operations Thread 44" [_thread_blocked, id=174220, stack(0x000000287b100000,0x000000287b200000)]
  0x000001d001efe800 JavaThread "Unconstrained build operations Thread 45" [_thread_blocked, id=173548, stack(0x000000287b200000,0x000000287b300000)]
  0x000001d001f01000 JavaThread "Unconstrained build operations Thread 46" [_thread_blocked, id=175828, stack(0x000000287b300000,0x000000287b400000)]
  0x000001d001f02000 JavaThread "Unconstrained build operations Thread 47" [_thread_blocked, id=151432, stack(0x000000287b400000,0x000000287b500000)]
  0x000001d001f03000 JavaThread "Unconstrained build operations Thread 48" [_thread_blocked, id=175072, stack(0x000000287b500000,0x000000287b600000)]
  0x000001d001efd000 JavaThread "Unconstrained build operations Thread 49" [_thread_blocked, id=175784, stack(0x000000287b600000,0x000000287b700000)]
  0x000001d001c12000 JavaThread "Unconstrained build operations Thread 50" [_thread_blocked, id=141060, stack(0x000000287b700000,0x000000287b800000)]
  0x000001d001c12800 JavaThread "Unconstrained build operations Thread 51" [_thread_blocked, id=177452, stack(0x000000287b800000,0x000000287b900000)]
  0x000001d001c0d800 JavaThread "Unconstrained build operations Thread 52" [_thread_blocked, id=182908, stack(0x000000287b900000,0x000000287ba00000)]
  0x000001d001c14000 JavaThread "Unconstrained build operations Thread 53" [_thread_blocked, id=183104, stack(0x000000287ba00000,0x000000287bb00000)]
  0x000001d001c0e800 JavaThread "Unconstrained build operations Thread 54" [_thread_blocked, id=162960, stack(0x000000287bb00000,0x000000287bc00000)]
  0x000001d001c15000 JavaThread "Unconstrained build operations Thread 55" [_thread_blocked, id=180628, stack(0x000000287bc00000,0x000000287bd00000)]
  0x000001d001c0f800 JavaThread "Unconstrained build operations Thread 56" [_thread_blocked, id=121024, stack(0x000000287bd00000,0x000000287be00000)]
  0x000001d001c16000 JavaThread "Unconstrained build operations Thread 57" [_thread_blocked, id=181748, stack(0x000000287be00000,0x000000287bf00000)]
  0x000001d001c13800 JavaThread "Unconstrained build operations Thread 58" [_thread_blocked, id=182648, stack(0x000000287bf00000,0x000000287c000000)]
  0x000001d001c10000 JavaThread "Unconstrained build operations Thread 59" [_thread_blocked, id=130016, stack(0x000000287c000000,0x000000287c100000)]
  0x000001d001c16800 JavaThread "Unconstrained build operations Thread 60" [_thread_blocked, id=180764, stack(0x000000287c100000,0x000000287c200000)]
  0x000001d001c11000 JavaThread "Unconstrained build operations Thread 61" [_thread_blocked, id=174100, stack(0x000000287c200000,0x000000287c300000)]
  0x000001d001c1b000 JavaThread "Unconstrained build operations Thread 62" [_thread_blocked, id=172840, stack(0x000000287c300000,0x000000287c400000)]
  0x000001d001c19000 JavaThread "Unconstrained build operations Thread 63" [_thread_blocked, id=172372, stack(0x000000287c400000,0x000000287c500000)]
  0x000001d001c1a000 JavaThread "Unconstrained build operations Thread 64" [_thread_blocked, id=174184, stack(0x000000287c500000,0x000000287c600000)]
  0x000001d001c1c800 JavaThread "Unconstrained build operations Thread 65" [_thread_blocked, id=175084, stack(0x000000287c600000,0x000000287c700000)]
  0x000001d001c1b800 JavaThread "Unconstrained build operations Thread 66" [_thread_blocked, id=172424, stack(0x000000287c700000,0x000000287c800000)]
  0x000001d001c17800 JavaThread "Unconstrained build operations Thread 67" [_thread_blocked, id=179712, stack(0x000000287c800000,0x000000287c900000)]
  0x000001d001c18800 JavaThread "Unconstrained build operations Thread 68" [_thread_blocked, id=180896, stack(0x000000287c900000,0x000000287ca00000)]
  0x000001d002a55000 JavaThread "Unconstrained build operations Thread 69" [_thread_blocked, id=175076, stack(0x000000287ca00000,0x000000287cb00000)]
  0x000001d002a5a000 JavaThread "Unconstrained build operations Thread 70" [_thread_blocked, id=152384, stack(0x000000287cb00000,0x000000287cc00000)]
  0x000001d002a58000 JavaThread "Unconstrained build operations Thread 71" [_thread_blocked, id=173228, stack(0x000000287cc00000,0x000000287cd00000)]
  0x000001d002a59000 JavaThread "Unconstrained build operations Thread 72" [_thread_blocked, id=174364, stack(0x000000287cd00000,0x000000287ce00000)]
  0x000001d002a54000 JavaThread "Unconstrained build operations Thread 73" [_thread_blocked, id=180032, stack(0x000000287ce00000,0x000000287cf00000)]
  0x000001d002a57800 JavaThread "Unconstrained build operations Thread 74" [_thread_blocked, id=132584, stack(0x000000287cf00000,0x000000287d000000)]
  0x000001d002a5a800 JavaThread "Unconstrained build operations Thread 75" [_thread_blocked, id=91072, stack(0x000000287d000000,0x000000287d100000)]
  0x000001d002a56800 JavaThread "Unconstrained build operations Thread 76" [_thread_blocked, id=172176, stack(0x000000287d100000,0x000000287d200000)]
  0x000001d002a5b800 JavaThread "Unconstrained build operations Thread 77" [_thread_blocked, id=133800, stack(0x000000287d200000,0x000000287d300000)]
  0x000001d002a56000 JavaThread "Unconstrained build operations Thread 78" [_thread_blocked, id=179804, stack(0x000000287d300000,0x000000287d400000)]
  0x000001d002a60800 JavaThread "Unconstrained build operations Thread 79" [_thread_blocked, id=173632, stack(0x000000287d400000,0x000000287d500000)]
  0x000001d002a5f000 JavaThread "Unconstrained build operations Thread 80" [_thread_blocked, id=183092, stack(0x000000287d500000,0x000000287d600000)]
  0x000001d002a62000 JavaThread "jar transforms Thread 6" [_thread_blocked, id=174120, stack(0x000000287d600000,0x000000287d700000)]
  0x000001d002a5c800 JavaThread "jar transforms Thread 7" [_thread_blocked, id=181464, stack(0x000000287d700000,0x000000287d800000)]
  0x000001d002a5e000 JavaThread "jar transforms Thread 8" [_thread_blocked, id=181128, stack(0x000000287d800000,0x000000287d900000)]
  0x000001d002a63000 JavaThread "Memory manager" [_thread_blocked, id=183412, stack(0x000000287d900000,0x000000287da00000)]
  0x000001d002a5f800 JavaThread "build event listener" [_thread_blocked, id=183420, stack(0x000000287da00000,0x000000287db00000)]
  0x000001d009fc4800 JavaThread "pool-3-thread-1" [_thread_blocked, id=183524, stack(0x000000287dd00000,0x000000287de00000)]
  0x000001d009fc8000 JavaThread "build event listener" [_thread_blocked, id=183520, stack(0x000000287de00000,0x000000287df00000)]
  0x000001d009fc5800 JavaThread "included builds" [_thread_blocked, id=183584, stack(0x000000287df00000,0x000000287e000000)]
  0x000001d009fc7000 JavaThread "Execution worker for ':'" [_thread_blocked, id=183580, stack(0x000000287e000000,0x000000287e100000)]
  0x000001d009fc4000 JavaThread "Execution worker for ':' Thread 2" [_thread_blocked, id=183576, stack(0x000000287e100000,0x000000287e200000)]
  0x000001d009fc2000 JavaThread "Execution worker for ':' Thread 3" [_thread_blocked, id=183528, stack(0x000000287e200000,0x000000287e300000)]
  0x000001d009fc8800 JavaThread "Execution worker for ':' Thread 4" [_thread_blocked, id=183512, stack(0x000000287e300000,0x000000287e400000)]
  0x000001d009fc3000 JavaThread "Execution worker for ':' Thread 5" [_thread_blocked, id=183508, stack(0x000000287e400000,0x000000287e500000)]
  0x000001d009fc6000 JavaThread "Execution worker for ':' Thread 6" [_thread_blocked, id=183472, stack(0x000000287e500000,0x000000287e600000)]
  0x000001d00aae6000 JavaThread "Execution worker for ':' Thread 7" [_thread_blocked, id=183492, stack(0x000000287e600000,0x000000287e700000)]
  0x000001d00aae8800 JavaThread "Cache worker for execution history cache (C:\Users\jjs815\flurtter_project\chang_2nd_main_project\android\.gradle\7.4\executionHistory)" [_thread_blocked, id=183480, stack(0x000000287e700000,0x000000287e800000)]
  0x000001d00aaea000 JavaThread "Exec process" [_thread_in_native, id=183592, stack(0x000000287e800000,0x000000287e900000)]
  0x000001d00aaeb000 JavaThread "Exec process Thread 2" [_thread_in_native, id=183504, stack(0x000000287e900000,0x000000287ea00000)]
  0x000001d00aaec000 JavaThread "Exec process Thread 3" [_thread_in_native, id=183548, stack(0x000000287ea00000,0x000000287eb00000)]

Other Threads:
  0x000001d07beb7800 VMThread "VM Thread" [stack: 0x0000002875500000,0x0000002875600000] [id=180516]
  0x000001d07c916800 WatcherThread [stack: 0x0000002875f00000,0x0000002876000000] [id=173496]
  0x000001d062d0a800 GCTaskThread "GC Thread#0" [stack: 0x0000002875000000,0x0000002875100000] [id=164564]
  0x000001d07d7fc800 GCTaskThread "GC Thread#1" [stack: 0x0000002876100000,0x0000002876200000] [id=180808]
  0x000001d07da2b800 GCTaskThread "GC Thread#2" [stack: 0x0000002876200000,0x0000002876300000] [id=183204]
  0x000001d07d7e4000 GCTaskThread "GC Thread#3" [stack: 0x0000002876300000,0x0000002876400000] [id=178328]
  0x000001d07d560800 GCTaskThread "GC Thread#4" [stack: 0x0000002876400000,0x0000002876500000] [id=181920]
  0x000001d07d569800 GCTaskThread "GC Thread#5" [stack: 0x0000002876500000,0x0000002876600000] [id=181148]
  0x000001d07e1d1000 GCTaskThread "GC Thread#6" [stack: 0x0000002877300000,0x0000002877400000] [id=182916]
  0x000001d07ed2b800 GCTaskThread "GC Thread#7" [stack: 0x0000002877400000,0x0000002877500000] [id=180856]
  0x000001d062d33800 ConcurrentGCThread "G1 Main Marker" [stack: 0x0000002875100000,0x0000002875200000] [id=176608]
  0x000001d062d34800 ConcurrentGCThread "G1 Conc#0" [stack: 0x0000002875200000,0x0000002875300000] [id=125488]
  0x000001d07eaee000 ConcurrentGCThread "G1 Conc#1" [stack: 0x0000002877500000,0x0000002877600000] [id=182824]
  0x000001d07bd32800 ConcurrentGCThread "G1 Refine#0" [stack: 0x0000002875300000,0x0000002875400000] [id=129344]
  0x000001d007038000 ConcurrentGCThread "G1 Refine#1" [stack: 0x000000287db00000,0x000000287dc00000] [id=184072]
  0x000001d00aacd800 ConcurrentGCThread "G1 Refine#2" [stack: 0x000000287dc00000,0x000000287dd00000] [id=183344]
  0x000001d07bd33000 ConcurrentGCThread "G1 Young RemSet Sampling" [stack: 0x0000002875400000,0x0000002875500000] [id=178620]

Threads with active compile tasks:
C2 CompilerThread0  21810 13850       4       java.util.concurrent.locks.AbstractQueuedSynchronizer$ConditionObject::signal (33 bytes)

VM state:not at safepoint (normal execution)

VM Mutex/Monitor currently owned by a thread: None

Heap address: 0x00000000a0000000, size: 1536 MB, Compressed Oops mode: 32-bit
Narrow klass base: 0x0000000000000000, Narrow klass shift: 3
Compressed class space size: 1073741824 Address: 0x0000000100000000

Heap:
 garbage-first heap   total 262144K, used 199175K [0x00000000a0000000, 0x0000000100000000)
  region size 1024K, 19 young (19456K), 4 survivors (4096K)
 Metaspace       used 96423K, capacity 101230K, committed 101536K, reserved 1136640K
  class space    used 12565K, capacity 13974K, committed 14080K, reserved 1048576K
Heap Regions: E=young(eden), S=young(survivor), O=old, HS=humongous(starts), HC=humongous(continues), CS=collection set, F=free, A=archive, TAMS=top-at-mark-start (previous, next)
|   0|0x00000000a0000000, 0x00000000a0100000, 0x00000000a0100000|100%| O|  |TAMS 0x00000000a0100000, 0x00000000a0000000| Untracked 
|   1|0x00000000a0100000, 0x00000000a0200000, 0x00000000a0200000|100%| O|  |TAMS 0x00000000a0200000, 0x00000000a0100000| Untracked 
|   2|0x00000000a0200000, 0x00000000a0300000, 0x00000000a0300000|100%| O|  |TAMS 0x00000000a0300000, 0x00000000a0200000| Untracked 
|   3|0x00000000a0300000, 0x00000000a0400000, 0x00000000a0400000|100%|HS|  |TAMS 0x00000000a0400000, 0x00000000a0300000| Complete 
|   4|0x00000000a0400000, 0x00000000a0500000, 0x00000000a0500000|100%|HC|  |TAMS 0x00000000a0500000, 0x00000000a0400000| Complete 
|   5|0x00000000a0500000, 0x00000000a0600000, 0x00000000a0600000|100%|HC|  |TAMS 0x00000000a0600000, 0x00000000a0500000| Complete 
|   6|0x00000000a0600000, 0x00000000a0700000, 0x00000000a0700000|100%| O|  |TAMS 0x00000000a0700000, 0x00000000a0600000| Untracked 
|   7|0x00000000a0700000, 0x00000000a0800000, 0x00000000a0800000|100%| O|  |TAMS 0x00000000a0800000, 0x00000000a0700000| Untracked 
|   8|0x00000000a0800000, 0x00000000a0900000, 0x00000000a0900000|100%| O|  |TAMS 0x00000000a0900000, 0x00000000a0800000| Untracked 
|   9|0x00000000a0900000, 0x00000000a0a00000, 0x00000000a0a00000|100%| O|  |TAMS 0x00000000a0a00000, 0x00000000a0900000| Untracked 
|  10|0x00000000a0a00000, 0x00000000a0b00000, 0x00000000a0b00000|100%| O|  |TAMS 0x00000000a0b00000, 0x00000000a0a00000| Untracked 
|  11|0x00000000a0b00000, 0x00000000a0c00000, 0x00000000a0c00000|100%| O|  |TAMS 0x00000000a0c00000, 0x00000000a0b00000| Untracked 
|  12|0x00000000a0c00000, 0x00000000a0d00000, 0x00000000a0d00000|100%| O|  |TAMS 0x00000000a0d00000, 0x00000000a0c00000| Untracked 
|  13|0x00000000a0d00000, 0x00000000a0e00000, 0x00000000a0e00000|100%| O|  |TAMS 0x00000000a0e00000, 0x00000000a0d00000| Untracked 
|  14|0x00000000a0e00000, 0x00000000a0f00000, 0x00000000a0f00000|100%| O|  |TAMS 0x00000000a0f00000, 0x00000000a0e00000| Untracked 
|  15|0x00000000a0f00000, 0x00000000a1000000, 0x00000000a1000000|100%| O|  |TAMS 0x00000000a1000000, 0x00000000a0f00000| Untracked 
|  16|0x00000000a1000000, 0x00000000a1100000, 0x00000000a1100000|100%| O|  |TAMS 0x00000000a1100000, 0x00000000a1000000| Untracked 
|  17|0x00000000a1100000, 0x00000000a1200000, 0x00000000a1200000|100%|HS|  |TAMS 0x00000000a1200000, 0x00000000a1100000| Complete 
|  18|0x00000000a1200000, 0x00000000a1300000, 0x00000000a1300000|100%|HS|  |TAMS 0x00000000a1300000, 0x00000000a1200000| Complete 
|  19|0x00000000a1300000, 0x00000000a1400000, 0x00000000a1400000|100%|HS|  |TAMS 0x00000000a1400000, 0x00000000a1300000| Complete 
|  20|0x00000000a1400000, 0x00000000a1500000, 0x00000000a1500000|100%|HS|  |TAMS 0x00000000a1500000, 0x00000000a1400000| Complete 
|  21|0x00000000a1500000, 0x00000000a1600000, 0x00000000a1600000|100%|HS|  |TAMS 0x00000000a1600000, 0x00000000a1500000| Complete 
|  22|0x00000000a1600000, 0x00000000a1700000, 0x00000000a1700000|100%|HC|  |TAMS 0x00000000a1700000, 0x00000000a1600000| Complete 
|  23|0x00000000a1700000, 0x00000000a1800000, 0x00000000a1800000|100%|HC|  |TAMS 0x00000000a1800000, 0x00000000a1700000| Complete 
|  24|0x00000000a1800000, 0x00000000a1900000, 0x00000000a1900000|100%|HS|  |TAMS 0x00000000a1900000, 0x00000000a1800000| Complete 
|  25|0x00000000a1900000, 0x00000000a1a00000, 0x00000000a1a00000|100%|HC|  |TAMS 0x00000000a1a00000, 0x00000000a1900000| Complete 
|  26|0x00000000a1a00000, 0x00000000a1b00000, 0x00000000a1b00000|100%| O|  |TAMS 0x00000000a1b00000, 0x00000000a1a00000| Untracked 
|  27|0x00000000a1b00000, 0x00000000a1c00000, 0x00000000a1c00000|100%| O|  |TAMS 0x00000000a1c00000, 0x00000000a1b00000| Untracked 
|  28|0x00000000a1c00000, 0x00000000a1d00000, 0x00000000a1d00000|100%| O|  |TAMS 0x00000000a1d00000, 0x00000000a1c00000| Untracked 
|  29|0x00000000a1d00000, 0x00000000a1e00000, 0x00000000a1e00000|100%| O|  |TAMS 0x00000000a1e00000, 0x00000000a1d00000| Untracked 
|  30|0x00000000a1e00000, 0x00000000a1f00000, 0x00000000a1f00000|100%| O|  |TAMS 0x00000000a1f00000, 0x00000000a1e00000| Untracked 
|  31|0x00000000a1f00000, 0x00000000a2000000, 0x00000000a2000000|100%| O|  |TAMS 0x00000000a2000000, 0x00000000a1f00000| Untracked 
|  32|0x00000000a2000000, 0x00000000a2100000, 0x00000000a2100000|100%| O|  |TAMS 0x00000000a2100000, 0x00000000a2000000| Untracked 
|  33|0x00000000a2100000, 0x00000000a2200000, 0x00000000a2200000|100%| O|  |TAMS 0x00000000a2200000, 0x00000000a2100000| Untracked 
|  34|0x00000000a2200000, 0x00000000a2300000, 0x00000000a2300000|100%| O|  |TAMS 0x00000000a2300000, 0x00000000a2200000| Untracked 
|  35|0x00000000a2300000, 0x00000000a2400000, 0x00000000a2400000|100%| O|  |TAMS 0x00000000a2400000, 0x00000000a2300000| Untracked 
|  36|0x00000000a2400000, 0x00000000a2500000, 0x00000000a2500000|100%| O|  |TAMS 0x00000000a2500000, 0x00000000a2400000| Untracked 
|  37|0x00000000a2500000, 0x00000000a2600000, 0x00000000a2600000|100%| O|  |TAMS 0x00000000a2600000, 0x00000000a2500000| Untracked 
|  38|0x00000000a2600000, 0x00000000a2700000, 0x00000000a2700000|100%| O|  |TAMS 0x00000000a2700000, 0x00000000a2600000| Untracked 
|  39|0x00000000a2700000, 0x00000000a2800000, 0x00000000a2800000|100%| O|  |TAMS 0x00000000a2800000, 0x00000000a2700000| Untracked 
|  40|0x00000000a2800000, 0x00000000a2900000, 0x00000000a2900000|100%| O|  |TAMS 0x00000000a2900000, 0x00000000a2800000| Untracked 
|  41|0x00000000a2900000, 0x00000000a2a00000, 0x00000000a2a00000|100%| O|  |TAMS 0x00000000a2a00000, 0x00000000a2900000| Untracked 
|  42|0x00000000a2a00000, 0x00000000a2b00000, 0x00000000a2b00000|100%| O|  |TAMS 0x00000000a2b00000, 0x00000000a2a00000| Untracked 
|  43|0x00000000a2b00000, 0x00000000a2c00000, 0x00000000a2c00000|100%| O|  |TAMS 0x00000000a2c00000, 0x00000000a2b00000| Untracked 
|  44|0x00000000a2c00000, 0x00000000a2d00000, 0x00000000a2d00000|100%| O|  |TAMS 0x00000000a2d00000, 0x00000000a2c00000| Untracked 
|  45|0x00000000a2d00000, 0x00000000a2e00000, 0x00000000a2e00000|100%| O|  |TAMS 0x00000000a2e00000, 0x00000000a2d00000| Untracked 
|  46|0x00000000a2e00000, 0x00000000a2f00000, 0x00000000a2f00000|100%| O|  |TAMS 0x00000000a2f00000, 0x00000000a2e00000| Untracked 
|  47|0x00000000a2f00000, 0x00000000a3000000, 0x00000000a3000000|100%| O|  |TAMS 0x00000000a3000000, 0x00000000a2f00000| Untracked 
|  48|0x00000000a3000000, 0x00000000a3100000, 0x00000000a3100000|100%| O|  |TAMS 0x00000000a3100000, 0x00000000a3000000| Untracked 
|  49|0x00000000a3100000, 0x00000000a3200000, 0x00000000a3200000|100%| O|  |TAMS 0x00000000a3200000, 0x00000000a3100000| Untracked 
|  50|0x00000000a3200000, 0x00000000a3300000, 0x00000000a3300000|100%|HS|  |TAMS 0x00000000a3300000, 0x00000000a3200000| Complete 
|  51|0x00000000a3300000, 0x00000000a3400000, 0x00000000a3400000|100%|HS|  |TAMS 0x00000000a3400000, 0x00000000a3300000| Complete 
|  52|0x00000000a3400000, 0x00000000a3500000, 0x00000000a3500000|100%| O|  |TAMS 0x00000000a3500000, 0x00000000a3400000| Untracked 
|  53|0x00000000a3500000, 0x00000000a3600000, 0x00000000a3600000|100%| O|  |TAMS 0x00000000a3600000, 0x00000000a3500000| Untracked 
|  54|0x00000000a3600000, 0x00000000a3700000, 0x00000000a3700000|100%| O|  |TAMS 0x00000000a3700000, 0x00000000a3600000| Untracked 
|  55|0x00000000a3700000, 0x00000000a3800000, 0x00000000a3800000|100%| O|  |TAMS 0x00000000a3800000, 0x00000000a3700000| Untracked 
|  56|0x00000000a3800000, 0x00000000a3900000, 0x00000000a3900000|100%| O|  |TAMS 0x00000000a3900000, 0x00000000a3800000| Untracked 
|  57|0x00000000a3900000, 0x00000000a3a00000, 0x00000000a3a00000|100%| O|  |TAMS 0x00000000a3a00000, 0x00000000a3900000| Untracked 
|  58|0x00000000a3a00000, 0x00000000a3b00000, 0x00000000a3b00000|100%| O|  |TAMS 0x00000000a3b00000, 0x00000000a3a00000| Untracked 
|  59|0x00000000a3b00000, 0x00000000a3c00000, 0x00000000a3c00000|100%| O|  |TAMS 0x00000000a3c00000, 0x00000000a3b00000| Untracked 
|  60|0x00000000a3c00000, 0x00000000a3d00000, 0x00000000a3d00000|100%| O|  |TAMS 0x00000000a3d00000, 0x00000000a3c00000| Untracked 
|  61|0x00000000a3d00000, 0x00000000a3e00000, 0x00000000a3e00000|100%| O|  |TAMS 0x00000000a3e00000, 0x00000000a3d00000| Untracked 
|  62|0x00000000a3e00000, 0x00000000a3f00000, 0x00000000a3f00000|100%| O|  |TAMS 0x00000000a3f00000, 0x00000000a3e00000| Untracked 
|  63|0x00000000a3f00000, 0x00000000a4000000, 0x00000000a4000000|100%| O|  |TAMS 0x00000000a4000000, 0x00000000a3f00000| Untracked 
|  64|0x00000000a4000000, 0x00000000a4100000, 0x00000000a4100000|100%| O|  |TAMS 0x00000000a4100000, 0x00000000a4000000| Untracked 
|  65|0x00000000a4100000, 0x00000000a4200000, 0x00000000a4200000|100%| O|  |TAMS 0x00000000a4200000, 0x00000000a4100000| Untracked 
|  66|0x00000000a4200000, 0x00000000a4300000, 0x00000000a4300000|100%| O|  |TAMS 0x00000000a4300000, 0x00000000a4200000| Untracked 
|  67|0x00000000a4300000, 0x00000000a4400000, 0x00000000a4400000|100%| O|  |TAMS 0x00000000a4400000, 0x00000000a4300000| Untracked 
|  68|0x00000000a4400000, 0x00000000a4500000, 0x00000000a4500000|100%| O|  |TAMS 0x00000000a4500000, 0x00000000a4400000| Untracked 
|  69|0x00000000a4500000, 0x00000000a4600000, 0x00000000a4600000|100%| O|  |TAMS 0x00000000a4600000, 0x00000000a4500000| Untracked 
|  70|0x00000000a4600000, 0x00000000a4700000, 0x00000000a4700000|100%| O|  |TAMS 0x00000000a4700000, 0x00000000a4600000| Untracked 
|  71|0x00000000a4700000, 0x00000000a4800000, 0x00000000a4800000|100%|HS|  |TAMS 0x00000000a4800000, 0x00000000a4700000| Complete 
|  72|0x00000000a4800000, 0x00000000a4900000, 0x00000000a4900000|100%|HS|  |TAMS 0x00000000a4900000, 0x00000000a4800000| Complete 
|  73|0x00000000a4900000, 0x00000000a4a00000, 0x00000000a4a00000|100%|HS|  |TAMS 0x00000000a4a00000, 0x00000000a4900000| Complete 
|  74|0x00000000a4a00000, 0x00000000a4b00000, 0x00000000a4b00000|100%|HC|  |TAMS 0x00000000a4b00000, 0x00000000a4a00000| Complete 
|  75|0x00000000a4b00000, 0x00000000a4c00000, 0x00000000a4c00000|100%| O|  |TAMS 0x00000000a4c00000, 0x00000000a4b00000| Untracked 
|  76|0x00000000a4c00000, 0x00000000a4d00000, 0x00000000a4d00000|100%| O|  |TAMS 0x00000000a4d00000, 0x00000000a4c00000| Untracked 
|  77|0x00000000a4d00000, 0x00000000a4e00000, 0x00000000a4e00000|100%| O|  |TAMS 0x00000000a4e00000, 0x00000000a4d00000| Untracked 
|  78|0x00000000a4e00000, 0x00000000a4f00000, 0x00000000a4f00000|100%| O|  |TAMS 0x00000000a4f00000, 0x00000000a4e00000| Untracked 
|  79|0x00000000a4f00000, 0x00000000a5000000, 0x00000000a5000000|100%| O|  |TAMS 0x00000000a5000000, 0x00000000a4f00000| Untracked 
|  80|0x00000000a5000000, 0x00000000a5100000, 0x00000000a5100000|100%| O|  |TAMS 0x00000000a5100000, 0x00000000a5000000| Untracked 
|  81|0x00000000a5100000, 0x00000000a5200000, 0x00000000a5200000|100%| O|  |TAMS 0x00000000a5200000, 0x00000000a5100000| Untracked 
|  82|0x00000000a5200000, 0x00000000a5300000, 0x00000000a5300000|100%| O|  |TAMS 0x00000000a5300000, 0x00000000a5200000| Untracked 
|  83|0x00000000a5300000, 0x00000000a5400000, 0x00000000a5400000|100%| O|  |TAMS 0x00000000a5400000, 0x00000000a5300000| Untracked 
|  84|0x00000000a5400000, 0x00000000a5500000, 0x00000000a5500000|100%| O|  |TAMS 0x00000000a5500000, 0x00000000a5400000| Untracked 
|  85|0x00000000a5500000, 0x00000000a5600000, 0x00000000a5600000|100%| O|  |TAMS 0x00000000a5600000, 0x00000000a5500000| Untracked 
|  86|0x00000000a5600000, 0x00000000a5700000, 0x00000000a5700000|100%| O|  |TAMS 0x00000000a5700000, 0x00000000a5600000| Untracked 
|  87|0x00000000a5700000, 0x00000000a5800000, 0x00000000a5800000|100%|HS|  |TAMS 0x00000000a5800000, 0x00000000a5700000| Complete 
|  88|0x00000000a5800000, 0x00000000a5900000, 0x00000000a5900000|100%|HS|  |TAMS 0x00000000a5900000, 0x00000000a5800000| Complete 
|  89|0x00000000a5900000, 0x00000000a5a00000, 0x00000000a5a00000|100%|HS|  |TAMS 0x00000000a5a00000, 0x00000000a5900000| Complete 
|  90|0x00000000a5a00000, 0x00000000a5b00000, 0x00000000a5b00000|100%|HS|  |TAMS 0x00000000a5b00000, 0x00000000a5a00000| Complete 
|  91|0x00000000a5b00000, 0x00000000a5c00000, 0x00000000a5c00000|100%| O|  |TAMS 0x00000000a5c00000, 0x00000000a5b00000| Untracked 
|  92|0x00000000a5c00000, 0x00000000a5d00000, 0x00000000a5d00000|100%| O|  |TAMS 0x00000000a5d00000, 0x00000000a5c00000| Untracked 
|  93|0x00000000a5d00000, 0x00000000a5e00000, 0x00000000a5e00000|100%| O|  |TAMS 0x00000000a5e00000, 0x00000000a5d00000| Untracked 
|  94|0x00000000a5e00000, 0x00000000a5f00000, 0x00000000a5f00000|100%| O|  |TAMS 0x00000000a5f00000, 0x00000000a5e00000| Untracked 
|  95|0x00000000a5f00000, 0x00000000a6000000, 0x00000000a6000000|100%| O|  |TAMS 0x00000000a6000000, 0x00000000a5f00000| Untracked 
|  96|0x00000000a6000000, 0x00000000a6100000, 0x00000000a6100000|100%| O|  |TAMS 0x00000000a6100000, 0x00000000a6000000| Untracked 
|  97|0x00000000a6100000, 0x00000000a6200000, 0x00000000a6200000|100%| O|  |TAMS 0x00000000a6200000, 0x00000000a6100000| Untracked 
|  98|0x00000000a6200000, 0x00000000a6300000, 0x00000000a6300000|100%| O|  |TAMS 0x00000000a6300000, 0x00000000a6200000| Untracked 
|  99|0x00000000a6300000, 0x00000000a6400000, 0x00000000a6400000|100%| O|  |TAMS 0x00000000a6400000, 0x00000000a6300000| Untracked 
| 100|0x00000000a6400000, 0x00000000a6500000, 0x00000000a6500000|100%| O|  |TAMS 0x00000000a6500000, 0x00000000a6400000| Untracked 
| 101|0x00000000a6500000, 0x00000000a6600000, 0x00000000a6600000|100%| O|  |TAMS 0x00000000a6600000, 0x00000000a6500000| Untracked 
| 102|0x00000000a6600000, 0x00000000a6700000, 0x00000000a6700000|100%| O|  |TAMS 0x00000000a6700000, 0x00000000a6600000| Untracked 
| 103|0x00000000a6700000, 0x00000000a6800000, 0x00000000a6800000|100%| O|  |TAMS 0x00000000a6800000, 0x00000000a6700000| Untracked 
| 104|0x00000000a6800000, 0x00000000a6900000, 0x00000000a6900000|100%| O|  |TAMS 0x00000000a6900000, 0x00000000a6800000| Untracked 
| 105|0x00000000a6900000, 0x00000000a6a00000, 0x00000000a6a00000|100%| O|  |TAMS 0x00000000a6a00000, 0x00000000a6900000| Untracked 
| 106|0x00000000a6a00000, 0x00000000a6b00000, 0x00000000a6b00000|100%| O|  |TAMS 0x00000000a6b00000, 0x00000000a6a00000| Untracked 
| 107|0x00000000a6b00000, 0x00000000a6c00000, 0x00000000a6c00000|100%|HS|  |TAMS 0x00000000a6c00000, 0x00000000a6b00000| Complete 
| 108|0x00000000a6c00000, 0x00000000a6d00000, 0x00000000a6d00000|100%|HS|  |TAMS 0x00000000a6d00000, 0x00000000a6c00000| Complete 
| 109|0x00000000a6d00000, 0x00000000a6e00000, 0x00000000a6e00000|100%|HC|  |TAMS 0x00000000a6e00000, 0x00000000a6d00000| Complete 
| 110|0x00000000a6e00000, 0x00000000a6f00000, 0x00000000a6f00000|100%|HC|  |TAMS 0x00000000a6f00000, 0x00000000a6e00000| Complete 
| 111|0x00000000a6f00000, 0x00000000a7000000, 0x00000000a7000000|100%| O|  |TAMS 0x00000000a7000000, 0x00000000a6f00000| Untracked 
| 112|0x00000000a7000000, 0x00000000a7100000, 0x00000000a7100000|100%| O|  |TAMS 0x00000000a7100000, 0x00000000a7000000| Untracked 
| 113|0x00000000a7100000, 0x00000000a7200000, 0x00000000a7200000|100%| O|  |TAMS 0x00000000a7200000, 0x00000000a7100000| Untracked 
| 114|0x00000000a7200000, 0x00000000a7300000, 0x00000000a7300000|100%| O|  |TAMS 0x00000000a7300000, 0x00000000a7200000| Untracked 
| 115|0x00000000a7300000, 0x00000000a7400000, 0x00000000a7400000|100%| O|  |TAMS 0x00000000a7400000, 0x00000000a7300000| Untracked 
| 116|0x00000000a7400000, 0x00000000a7500000, 0x00000000a7500000|100%| O|  |TAMS 0x00000000a7500000, 0x00000000a7400000| Untracked 
| 117|0x00000000a7500000, 0x00000000a7600000, 0x00000000a7600000|100%| O|  |TAMS 0x00000000a7600000, 0x00000000a7500000| Untracked 
| 118|0x00000000a7600000, 0x00000000a7700000, 0x00000000a7700000|100%| O|  |TAMS 0x00000000a7700000, 0x00000000a7600000| Untracked 
| 119|0x00000000a7700000, 0x00000000a7800000, 0x00000000a7800000|100%| O|  |TAMS 0x00000000a7800000, 0x00000000a7700000| Untracked 
| 120|0x00000000a7800000, 0x00000000a7900000, 0x00000000a7900000|100%| O|  |TAMS 0x00000000a7900000, 0x00000000a7800000| Untracked 
| 121|0x00000000a7900000, 0x00000000a7a00000, 0x00000000a7a00000|100%| O|  |TAMS 0x00000000a7a00000, 0x00000000a7900000| Untracked 
| 122|0x00000000a7a00000, 0x00000000a7b00000, 0x00000000a7b00000|100%| O|  |TAMS 0x00000000a7b00000, 0x00000000a7a00000| Untracked 
| 123|0x00000000a7b00000, 0x00000000a7c00000, 0x00000000a7c00000|100%| O|  |TAMS 0x00000000a7c00000, 0x00000000a7b00000| Untracked 
| 124|0x00000000a7c00000, 0x00000000a7d00000, 0x00000000a7d00000|100%| O|  |TAMS 0x00000000a7d00000, 0x00000000a7c00000| Untracked 
| 125|0x00000000a7d00000, 0x00000000a7e00000, 0x00000000a7e00000|100%| O|  |TAMS 0x00000000a7e00000, 0x00000000a7d00000| Untracked 
| 126|0x00000000a7e00000, 0x00000000a7f00000, 0x00000000a7f00000|100%| O|  |TAMS 0x00000000a7f00000, 0x00000000a7e00000| Untracked 
| 127|0x00000000a7f00000, 0x00000000a8000000, 0x00000000a8000000|100%| O|  |TAMS 0x00000000a8000000, 0x00000000a7f00000| Untracked 
| 128|0x00000000a8000000, 0x00000000a8100000, 0x00000000a8100000|100%| O|  |TAMS 0x00000000a8100000, 0x00000000a8000000| Untracked 
| 129|0x00000000a8100000, 0x00000000a8200000, 0x00000000a8200000|100%| O|  |TAMS 0x00000000a8200000, 0x00000000a8100000| Untracked 
| 130|0x00000000a8200000, 0x00000000a8300000, 0x00000000a8300000|100%| O|  |TAMS 0x00000000a8300000, 0x00000000a8200000| Untracked 
| 131|0x00000000a8300000, 0x00000000a8400000, 0x00000000a8400000|100%| O|  |TAMS 0x00000000a8400000, 0x00000000a8300000| Untracked 
| 132|0x00000000a8400000, 0x00000000a8500000, 0x00000000a8500000|100%| O|  |TAMS 0x00000000a8500000, 0x00000000a8400000| Untracked 
| 133|0x00000000a8500000, 0x00000000a8600000, 0x00000000a8600000|100%| O|  |TAMS 0x00000000a8600000, 0x00000000a8500000| Untracked 
| 134|0x00000000a8600000, 0x00000000a8700000, 0x00000000a8700000|100%| O|  |TAMS 0x00000000a8700000, 0x00000000a8600000| Untracked 
| 135|0x00000000a8700000, 0x00000000a8800000, 0x00000000a8800000|100%| O|  |TAMS 0x00000000a8800000, 0x00000000a8700000| Untracked 
| 136|0x00000000a8800000, 0x00000000a8900000, 0x00000000a8900000|100%| O|  |TAMS 0x00000000a8900000, 0x00000000a8800000| Untracked 
| 137|0x00000000a8900000, 0x00000000a8a00000, 0x00000000a8a00000|100%| O|  |TAMS 0x00000000a8a00000, 0x00000000a8900000| Untracked 
| 138|0x00000000a8a00000, 0x00000000a8b00000, 0x00000000a8b00000|100%| O|  |TAMS 0x00000000a8b00000, 0x00000000a8a00000| Untracked 
| 139|0x00000000a8b00000, 0x00000000a8c00000, 0x00000000a8c00000|100%| O|  |TAMS 0x00000000a8c00000, 0x00000000a8b00000| Untracked 
| 140|0x00000000a8c00000, 0x00000000a8d00000, 0x00000000a8d00000|100%| O|  |TAMS 0x00000000a8d00000, 0x00000000a8c00000| Untracked 
| 141|0x00000000a8d00000, 0x00000000a8e00000, 0x00000000a8e00000|100%| O|  |TAMS 0x00000000a8e00000, 0x00000000a8d00000| Untracked 
| 142|0x00000000a8e00000, 0x00000000a8f00000, 0x00000000a8f00000|100%| O|  |TAMS 0x00000000a8f00000, 0x00000000a8e00000| Untracked 
| 143|0x00000000a8f00000, 0x00000000a9000000, 0x00000000a9000000|100%| O|  |TAMS 0x00000000a9000000, 0x00000000a8f00000| Untracked 
| 144|0x00000000a9000000, 0x00000000a9100000, 0x00000000a9100000|100%| O|  |TAMS 0x00000000a9100000, 0x00000000a9000000| Untracked 
| 145|0x00000000a9100000, 0x00000000a9200000, 0x00000000a9200000|100%| O|  |TAMS 0x00000000a9200000, 0x00000000a9100000| Untracked 
| 146|0x00000000a9200000, 0x00000000a9300000, 0x00000000a9300000|100%| O|  |TAMS 0x00000000a9300000, 0x00000000a9200000| Untracked 
| 147|0x00000000a9300000, 0x00000000a9400000, 0x00000000a9400000|100%| O|  |TAMS 0x00000000a9400000, 0x00000000a9300000| Untracked 
| 148|0x00000000a9400000, 0x00000000a9500000, 0x00000000a9500000|100%| O|  |TAMS 0x00000000a9500000, 0x00000000a9400000| Untracked 
| 149|0x00000000a9500000, 0x00000000a9600000, 0x00000000a9600000|100%| O|  |TAMS 0x00000000a9600000, 0x00000000a9500000| Untracked 
| 150|0x00000000a9600000, 0x00000000a9700000, 0x00000000a9700000|100%| O|  |TAMS 0x00000000a9700000, 0x00000000a9600000| Untracked 
| 151|0x00000000a9700000, 0x00000000a9800000, 0x00000000a9800000|100%| O|  |TAMS 0x00000000a9800000, 0x00000000a9700000| Untracked 
| 152|0x00000000a9800000, 0x00000000a9900000, 0x00000000a9900000|100%| O|  |TAMS 0x00000000a9900000, 0x00000000a9800000| Untracked 
| 153|0x00000000a9900000, 0x00000000a9a00000, 0x00000000a9a00000|100%| O|  |TAMS 0x00000000a9a00000, 0x00000000a9900000| Untracked 
| 154|0x00000000a9a00000, 0x00000000a9b00000, 0x00000000a9b00000|100%| O|  |TAMS 0x00000000a9b00000, 0x00000000a9a00000| Untracked 
| 155|0x00000000a9b00000, 0x00000000a9c00000, 0x00000000a9c00000|100%| O|  |TAMS 0x00000000a9c00000, 0x00000000a9b00000| Untracked 
| 156|0x00000000a9c00000, 0x00000000a9d00000, 0x00000000a9d00000|100%| O|  |TAMS 0x00000000a9d00000, 0x00000000a9c00000| Untracked 
| 157|0x00000000a9d00000, 0x00000000a9e00000, 0x00000000a9e00000|100%| O|  |TAMS 0x00000000a9e00000, 0x00000000a9d00000| Untracked 
| 158|0x00000000a9e00000, 0x00000000a9f00000, 0x00000000a9f00000|100%| O|  |TAMS 0x00000000a9f00000, 0x00000000a9e00000| Untracked 
| 159|0x00000000a9f00000, 0x00000000aa000000, 0x00000000aa000000|100%| O|  |TAMS 0x00000000aa000000, 0x00000000a9f00000| Untracked 
| 160|0x00000000aa000000, 0x00000000aa100000, 0x00000000aa100000|100%| O|  |TAMS 0x00000000aa100000, 0x00000000aa000000| Untracked 
| 161|0x00000000aa100000, 0x00000000aa200000, 0x00000000aa200000|100%| O|  |TAMS 0x00000000aa200000, 0x00000000aa100000| Untracked 
| 162|0x00000000aa200000, 0x00000000aa300000, 0x00000000aa300000|100%| O|  |TAMS 0x00000000aa300000, 0x00000000aa200000| Untracked 
| 163|0x00000000aa300000, 0x00000000aa400000, 0x00000000aa400000|100%| O|  |TAMS 0x00000000aa400000, 0x00000000aa300000| Untracked 
| 164|0x00000000aa400000, 0x00000000aa500000, 0x00000000aa500000|100%| O|  |TAMS 0x00000000aa500000, 0x00000000aa400000| Untracked 
| 165|0x00000000aa500000, 0x00000000aa600000, 0x00000000aa600000|100%| O|  |TAMS 0x00000000aa600000, 0x00000000aa500000| Untracked 
| 166|0x00000000aa600000, 0x00000000aa700000, 0x00000000aa700000|100%| O|  |TAMS 0x00000000aa700000, 0x00000000aa600000| Untracked 
| 167|0x00000000aa700000, 0x00000000aa800000, 0x00000000aa800000|100%| O|  |TAMS 0x00000000aa800000, 0x00000000aa700000| Untracked 
| 168|0x00000000aa800000, 0x00000000aa900000, 0x00000000aa900000|100%| O|  |TAMS 0x00000000aa900000, 0x00000000aa800000| Untracked 
| 169|0x00000000aa900000, 0x00000000aaa00000, 0x00000000aaa00000|100%| O|  |TAMS 0x00000000aaa00000, 0x00000000aa900000| Untracked 
| 170|0x00000000aaa00000, 0x00000000aab00000, 0x00000000aab00000|100%| O|  |TAMS 0x00000000aab00000, 0x00000000aaa00000| Untracked 
| 171|0x00000000aab00000, 0x00000000aac00000, 0x00000000aac00000|100%| O|  |TAMS 0x00000000aabb6e00, 0x00000000aab00000| Untracked 
| 172|0x00000000aac00000, 0x00000000aac00000, 0x00000000aad00000|  0%| F|  |TAMS 0x00000000aac00000, 0x00000000aac00000| Untracked 
| 173|0x00000000aad00000, 0x00000000aae00000, 0x00000000aae00000|100%| O|  |TAMS 0x00000000aad00000, 0x00000000aad00000| Untracked 
| 174|0x00000000aae00000, 0x00000000aaf00000, 0x00000000aaf00000|100%| O|  |TAMS 0x00000000aae00000, 0x00000000aae00000| Untracked 
| 175|0x00000000aaf00000, 0x00000000ab000000, 0x00000000ab000000|100%| O|  |TAMS 0x00000000aaf00000, 0x00000000aaf00000| Untracked 
| 176|0x00000000ab000000, 0x00000000ab100000, 0x00000000ab100000|100%| O|  |TAMS 0x00000000ab000000, 0x00000000ab000000| Untracked 
| 177|0x00000000ab100000, 0x00000000ab200000, 0x00000000ab200000|100%| O|  |TAMS 0x00000000ab100000, 0x00000000ab100000| Untracked 
| 178|0x00000000ab200000, 0x00000000ab25d200, 0x00000000ab300000| 36%| O|  |TAMS 0x00000000ab200000, 0x00000000ab200000| Untracked 
| 179|0x00000000ab300000, 0x00000000ab300000, 0x00000000ab400000|  0%| F|  |TAMS 0x00000000ab300000, 0x00000000ab300000| Untracked 
| 180|0x00000000ab400000, 0x00000000ab400000, 0x00000000ab500000|  0%| F|  |TAMS 0x00000000ab400000, 0x00000000ab400000| Untracked 
| 181|0x00000000ab500000, 0x00000000ab500000, 0x00000000ab600000|  0%| F|  |TAMS 0x00000000ab500000, 0x00000000ab500000| Untracked 
| 182|0x00000000ab600000, 0x00000000ab600000, 0x00000000ab700000|  0%| F|  |TAMS 0x00000000ab600000, 0x00000000ab600000| Untracked 
| 183|0x00000000ab700000, 0x00000000ab700000, 0x00000000ab800000|  0%| F|  |TAMS 0x00000000ab700000, 0x00000000ab700000| Untracked 
| 184|0x00000000ab800000, 0x00000000ab800000, 0x00000000ab900000|  0%| F|  |TAMS 0x00000000ab800000, 0x00000000ab800000| Untracked 
| 185|0x00000000ab900000, 0x00000000ab900000, 0x00000000aba00000|  0%| F|  |TAMS 0x00000000ab900000, 0x00000000ab900000| Untracked 
| 186|0x00000000aba00000, 0x00000000aba00000, 0x00000000abb00000|  0%| F|  |TAMS 0x00000000aba00000, 0x00000000aba00000| Untracked 
| 187|0x00000000abb00000, 0x00000000abb00000, 0x00000000abc00000|  0%| F|  |TAMS 0x00000000abb00000, 0x00000000abb00000| Untracked 
| 188|0x00000000abc00000, 0x00000000abc00000, 0x00000000abd00000|  0%| F|  |TAMS 0x00000000abc00000, 0x00000000abc00000| Untracked 
| 189|0x00000000abd00000, 0x00000000abd00000, 0x00000000abe00000|  0%| F|  |TAMS 0x00000000abd00000, 0x00000000abd00000| Untracked 
| 190|0x00000000abe00000, 0x00000000abe00000, 0x00000000abf00000|  0%| F|  |TAMS 0x00000000abe00000, 0x00000000abe00000| Untracked 
| 191|0x00000000abf00000, 0x00000000abf00000, 0x00000000ac000000|  0%| F|  |TAMS 0x00000000abf00000, 0x00000000abf00000| Untracked 
| 192|0x00000000ac000000, 0x00000000ac000000, 0x00000000ac100000|  0%| F|  |TAMS 0x00000000ac000000, 0x00000000ac000000| Untracked 
| 193|0x00000000ac100000, 0x00000000ac100000, 0x00000000ac200000|  0%| F|  |TAMS 0x00000000ac100000, 0x00000000ac100000| Untracked 
| 194|0x00000000ac200000, 0x00000000ac200000, 0x00000000ac300000|  0%| F|  |TAMS 0x00000000ac200000, 0x00000000ac200000| Untracked 
| 195|0x00000000ac300000, 0x00000000ac300000, 0x00000000ac400000|  0%| F|  |TAMS 0x00000000ac300000, 0x00000000ac300000| Untracked 
| 196|0x00000000ac400000, 0x00000000ac400000, 0x00000000ac500000|  0%| F|  |TAMS 0x00000000ac400000, 0x00000000ac400000| Untracked 
| 197|0x00000000ac500000, 0x00000000ac500000, 0x00000000ac600000|  0%| F|  |TAMS 0x00000000ac500000, 0x00000000ac500000| Untracked 
| 198|0x00000000ac600000, 0x00000000ac600000, 0x00000000ac700000|  0%| F|  |TAMS 0x00000000ac600000, 0x00000000ac600000| Untracked 
| 199|0x00000000ac700000, 0x00000000ac700000, 0x00000000ac800000|  0%| F|  |TAMS 0x00000000ac700000, 0x00000000ac700000| Untracked 
| 200|0x00000000ac800000, 0x00000000ac800000, 0x00000000ac900000|  0%| F|  |TAMS 0x00000000ac800000, 0x00000000ac800000| Untracked 
| 201|0x00000000ac900000, 0x00000000ac900000, 0x00000000aca00000|  0%| F|  |TAMS 0x00000000ac900000, 0x00000000ac900000| Untracked 
| 202|0x00000000aca00000, 0x00000000aca00000, 0x00000000acb00000|  0%| F|  |TAMS 0x00000000aca00000, 0x00000000aca00000| Untracked 
| 203|0x00000000acb00000, 0x00000000acb00000, 0x00000000acc00000|  0%| F|  |TAMS 0x00000000acb00000, 0x00000000acb00000| Untracked 
| 204|0x00000000acc00000, 0x00000000acc00000, 0x00000000acd00000|  0%| F|  |TAMS 0x00000000acc00000, 0x00000000acc00000| Untracked 
| 205|0x00000000acd00000, 0x00000000acd00000, 0x00000000ace00000|  0%| F|  |TAMS 0x00000000acd00000, 0x00000000acd00000| Untracked 
| 206|0x00000000ace00000, 0x00000000ace00000, 0x00000000acf00000|  0%| F|  |TAMS 0x00000000ace00000, 0x00000000ace00000| Untracked 
| 207|0x00000000acf00000, 0x00000000acf00000, 0x00000000ad000000|  0%| F|  |TAMS 0x00000000acf00000, 0x00000000acf00000| Untracked 
| 208|0x00000000ad000000, 0x00000000ad000000, 0x00000000ad100000|  0%| F|  |TAMS 0x00000000ad000000, 0x00000000ad000000| Untracked 
| 209|0x00000000ad100000, 0x00000000ad100000, 0x00000000ad200000|  0%| F|  |TAMS 0x00000000ad100000, 0x00000000ad100000| Untracked 
| 210|0x00000000ad200000, 0x00000000ad200000, 0x00000000ad300000|  0%| F|  |TAMS 0x00000000ad200000, 0x00000000ad200000| Untracked 
| 211|0x00000000ad300000, 0x00000000ad300000, 0x00000000ad400000|  0%| F|  |TAMS 0x00000000ad300000, 0x00000000ad300000| Untracked 
| 212|0x00000000ad400000, 0x00000000ad424b40, 0x00000000ad500000| 14%| S|CS|TAMS 0x00000000ad400000, 0x00000000ad400000| Complete 
| 213|0x00000000ad500000, 0x00000000ad500000, 0x00000000ad600000|  0%| F|  |TAMS 0x00000000ad500000, 0x00000000ad500000| Untracked 
| 214|0x00000000ad600000, 0x00000000ad600000, 0x00000000ad700000|  0%| F|  |TAMS 0x00000000ad600000, 0x00000000ad600000| Untracked 
| 215|0x00000000ad700000, 0x00000000ad700000, 0x00000000ad800000|  0%| F|  |TAMS 0x00000000ad700000, 0x00000000ad700000| Untracked 
| 216|0x00000000ad800000, 0x00000000ad800000, 0x00000000ad900000|  0%| F|  |TAMS 0x00000000ad800000, 0x00000000ad800000| Untracked 
| 217|0x00000000ad900000, 0x00000000ad900000, 0x00000000ada00000|  0%| F|  |TAMS 0x00000000ad900000, 0x00000000ad900000| Untracked 
| 218|0x00000000ada00000, 0x00000000adb00000, 0x00000000adb00000|100%| S|CS|TAMS 0x00000000ada00000, 0x00000000ada00000| Complete 
| 219|0x00000000adb00000, 0x00000000adc00000, 0x00000000adc00000|100%| S|CS|TAMS 0x00000000adb00000, 0x00000000adb00000| Complete 
| 220|0x00000000adc00000, 0x00000000add00000, 0x00000000add00000|100%| S|CS|TAMS 0x00000000adc00000, 0x00000000adc00000| Complete 
| 221|0x00000000add00000, 0x00000000add00000, 0x00000000ade00000|  0%| F|  |TAMS 0x00000000add00000, 0x00000000add00000| Untracked 
| 222|0x00000000ade00000, 0x00000000ade00000, 0x00000000adf00000|  0%| F|  |TAMS 0x00000000ade00000, 0x00000000ade00000| Untracked 
| 223|0x00000000adf00000, 0x00000000adf00000, 0x00000000ae000000|  0%| F|  |TAMS 0x00000000adf00000, 0x00000000adf00000| Untracked 
| 224|0x00000000ae000000, 0x00000000ae000000, 0x00000000ae100000|  0%| F|  |TAMS 0x00000000ae000000, 0x00000000ae000000| Untracked 
| 225|0x00000000ae100000, 0x00000000ae100000, 0x00000000ae200000|  0%| F|  |TAMS 0x00000000ae100000, 0x00000000ae100000| Untracked 
| 226|0x00000000ae200000, 0x00000000ae200000, 0x00000000ae300000|  0%| F|  |TAMS 0x00000000ae200000, 0x00000000ae200000| Untracked 
| 227|0x00000000ae300000, 0x00000000ae300000, 0x00000000ae400000|  0%| F|  |TAMS 0x00000000ae300000, 0x00000000ae300000| Untracked 
| 228|0x00000000ae400000, 0x00000000ae400000, 0x00000000ae500000|  0%| F|  |TAMS 0x00000000ae400000, 0x00000000ae400000| Untracked 
| 229|0x00000000ae500000, 0x00000000ae500000, 0x00000000ae600000|  0%| F|  |TAMS 0x00000000ae500000, 0x00000000ae500000| Untracked 
| 230|0x00000000ae600000, 0x00000000ae600000, 0x00000000ae700000|  0%| F|  |TAMS 0x00000000ae600000, 0x00000000ae600000| Untracked 
| 231|0x00000000ae700000, 0x00000000ae700000, 0x00000000ae800000|  0%| F|  |TAMS 0x00000000ae700000, 0x00000000ae700000| Untracked 
| 232|0x00000000ae800000, 0x00000000ae800000, 0x00000000ae900000|  0%| F|  |TAMS 0x00000000ae800000, 0x00000000ae800000| Untracked 
| 233|0x00000000ae900000, 0x00000000ae900000, 0x00000000aea00000|  0%| F|  |TAMS 0x00000000ae900000, 0x00000000ae900000| Untracked 
| 234|0x00000000aea00000, 0x00000000aea00000, 0x00000000aeb00000|  0%| F|  |TAMS 0x00000000aea00000, 0x00000000aea00000| Untracked 
| 235|0x00000000aeb00000, 0x00000000aeb00000, 0x00000000aec00000|  0%| F|  |TAMS 0x00000000aeb00000, 0x00000000aeb00000| Untracked 
| 236|0x00000000aec00000, 0x00000000aec00000, 0x00000000aed00000|  0%| F|  |TAMS 0x00000000aec00000, 0x00000000aec00000| Untracked 
| 237|0x00000000aed00000, 0x00000000aed00000, 0x00000000aee00000|  0%| F|  |TAMS 0x00000000aed00000, 0x00000000aed00000| Untracked 
| 238|0x00000000aee00000, 0x00000000aee00000, 0x00000000aef00000|  0%| F|  |TAMS 0x00000000aee00000, 0x00000000aee00000| Untracked 
| 239|0x00000000aef00000, 0x00000000aef00000, 0x00000000af000000|  0%| F|  |TAMS 0x00000000aef00000, 0x00000000aef00000| Untracked 
| 240|0x00000000af000000, 0x00000000af000000, 0x00000000af100000|  0%| F|  |TAMS 0x00000000af000000, 0x00000000af000000| Untracked 
| 241|0x00000000af100000, 0x00000000af1294e0, 0x00000000af200000| 16%| E|  |TAMS 0x00000000af100000, 0x00000000af100000| Complete 
| 242|0x00000000af200000, 0x00000000af300000, 0x00000000af300000|100%| E|CS|TAMS 0x00000000af200000, 0x00000000af200000| Complete 
| 243|0x00000000af300000, 0x00000000af400000, 0x00000000af400000|100%| E|CS|TAMS 0x00000000af300000, 0x00000000af300000| Complete 
| 244|0x00000000af400000, 0x00000000af500000, 0x00000000af500000|100%| E|CS|TAMS 0x00000000af400000, 0x00000000af400000| Complete 
| 245|0x00000000af500000, 0x00000000af600000, 0x00000000af600000|100%| E|CS|TAMS 0x00000000af500000, 0x00000000af500000| Complete 
| 246|0x00000000af600000, 0x00000000af700000, 0x00000000af700000|100%| E|CS|TAMS 0x00000000af600000, 0x00000000af600000| Complete 
| 247|0x00000000af700000, 0x00000000af800000, 0x00000000af800000|100%| E|CS|TAMS 0x00000000af700000, 0x00000000af700000| Complete 
| 248|0x00000000af800000, 0x00000000af900000, 0x00000000af900000|100%| E|CS|TAMS 0x00000000af800000, 0x00000000af800000| Complete 
| 249|0x00000000af900000, 0x00000000afa00000, 0x00000000afa00000|100%| E|CS|TAMS 0x00000000af900000, 0x00000000af900000| Complete 
| 250|0x00000000afa00000, 0x00000000afb00000, 0x00000000afb00000|100%| E|CS|TAMS 0x00000000afa00000, 0x00000000afa00000| Complete 
| 251|0x00000000afb00000, 0x00000000afc00000, 0x00000000afc00000|100%| E|CS|TAMS 0x00000000afb00000, 0x00000000afb00000| Complete 
| 252|0x00000000afc00000, 0x00000000afd00000, 0x00000000afd00000|100%| E|CS|TAMS 0x00000000afc00000, 0x00000000afc00000| Complete 
| 253|0x00000000afd00000, 0x00000000afe00000, 0x00000000afe00000|100%| E|CS|TAMS 0x00000000afd00000, 0x00000000afd00000| Complete 
| 254|0x00000000afe00000, 0x00000000aff00000, 0x00000000aff00000|100%| E|CS|TAMS 0x00000000afe00000, 0x00000000afe00000| Complete 
| 255|0x00000000aff00000, 0x00000000b0000000, 0x00000000b0000000|100%| E|CS|TAMS 0x00000000aff00000, 0x00000000aff00000| Complete 

Card table byte_map: [0x000001d075e30000,0x000001d076130000] _byte_map_base: 0x000001d075930000

Marking Bits (Prev, Next): (CMBitMap*) 0x000001d062d2cb90, (CMBitMap*) 0x000001d062d2cb58
 Prev Bits: [0x000001d077c30000, 0x000001d079430000)
 Next Bits: [0x000001d076430000, 0x000001d077c30000)

Polling page: 0x000001d0624d0000

Metaspace:

Usage:
  Non-class:     85.21 MB capacity,    81.89 MB ( 96%) used,     3.02 MB (  4%) free+waste,   303.63 KB ( <1%) overhead. 
      Class:     13.65 MB capacity,    12.27 MB ( 90%) used,     1.24 MB (  9%) free+waste,   142.81 KB (  1%) overhead. 
       Both:     98.86 MB capacity,    94.16 MB ( 95%) used,     4.26 MB (  4%) free+waste,   446.44 KB ( <1%) overhead. 

Virtual space:
  Non-class space:       86.00 MB reserved,      85.41 MB (>99%) committed 
      Class space:        1.00 GB reserved,      13.75 MB (  1%) committed 
             Both:        1.08 GB reserved,      99.16 MB (  9%) committed 

Chunk freelists:
   Non-Class:  8.00 KB
       Class:  10.00 KB
        Both:  18.00 KB

MaxMetaspaceSize: 17179869184.00 GB
CompressedClassSpaceSize: 1.00 GB
Initial GC threshold: 20.80 MB
Current GC threshold: 163.80 MB
CDS: off

CodeHeap 'non-profiled nmethods': size=120000Kb used=9733Kb max_used=9733Kb free=110266Kb
 bounds [0x000001d06e2d0000, 0x000001d06ec60000, 0x000001d075800000]
CodeHeap 'profiled nmethods': size=120000Kb used=30487Kb max_used=30487Kb free=89512Kb
 bounds [0x000001d066da0000, 0x000001d068b70000, 0x000001d06e2d0000]
CodeHeap 'non-nmethods': size=5760Kb used=2385Kb max_used=2439Kb free=3375Kb
 bounds [0x000001d066800000, 0x000001d066a70000, 0x000001d066da0000]
 total_blobs=14687 nmethods=13794 adapters=804
 compilation: enabled
              stopped_count=0, restarted_count=0
 full_count=0

Compilation events (20 events):
Event: 17.172 Thread 0x000001d07c77b800 nmethod 13840 0x000001d068b61790 code [0x000001d068b61940, 0x000001d068b61a98]
Event: 17.172 Thread 0x000001d07c77b800 13841       3       java.util.Spliterators$EmptySpliterator$OfRef::forEachRemaining (6 bytes)
Event: 17.172 Thread 0x000001d07c77b800 nmethod 13841 0x000001d068b61b90 code [0x000001d068b61d60, 0x000001d068b62008]
Event: 17.172 Thread 0x000001d07c77b800 13842       3       sun.management.MemoryPoolImpl::getType (15 bytes)
Event: 17.172 Thread 0x000001d07c77b800 nmethod 13842 0x000001d068b62110 code [0x000001d068b622c0, 0x000001d068b62418]
Event: 21.135 Thread 0x000001d07c77b800 13843       3       javax.management.ObjectName::getDomainLength (8 bytes)
Event: 21.135 Thread 0x000001d07c77b800 nmethod 13843 0x000001d068b62490 code [0x000001d068b62640, 0x000001d068b62738]
Event: 21.768 Thread 0x000001d07c77b800 13844       3       org.gradle.internal.serialize.AbstractDecoder::readSmallInt (5 bytes)
Event: 21.768 Thread 0x000001d07c77b800 nmethod 13844 0x000001d068b62810 code [0x000001d068b629c0, 0x000001d068b62b68]
Event: 21.768 Thread 0x000001d07c77b800 13846       3       java.util.Formatter$Flags::parse (70 bytes)
Event: 21.769 Thread 0x000001d07c77b800 nmethod 13846 0x000001d068b62c10 code [0x000001d068b62ea0, 0x000001d068b63928]
Event: 21.769 Thread 0x000001d07c77b800 13845       3       java.util.Formatter$Conversion::isValid (47 bytes)
Event: 21.769 Thread 0x000001d07c77b800 nmethod 13845 0x000001d068b63e90 code [0x000001d068b64080, 0x000001d068b64508]
Event: 21.769 Thread 0x000001d07c77b800 13847   !   3       java.util.Formatter$FormatSpecifier::width (64 bytes)
Event: 21.769 Thread 0x000001d07c77b800 nmethod 13847 0x000001d068b64610 code [0x000001d068b647e0, 0x000001d068b64a78]
Event: 21.769 Thread 0x000001d07c77b800 13848       3       java.util.Formatter$FormatSpecifier::conversion (90 bytes)
Event: 21.769 Thread 0x000001d07c778800 13850       4       java.util.concurrent.locks.AbstractQueuedSynchronizer$ConditionObject::signal (33 bytes)
Event: 21.769 Thread 0x000001d07c77b800 nmethod 13848 0x000001d068b64c10 code [0x000001d068b64ea0, 0x000001d068b657b8]
Event: 21.769 Thread 0x000001d07c77b800 13849       3       java.util.Formatter$Conversion::isText (32 bytes)
Event: 21.770 Thread 0x000001d07c77b800 nmethod 13849 0x000001d068b65a90 code [0x000001d068b65c40, 0x000001d068b65d98]

GC Heap History (20 events):
Event: 8.331 GC heap before
{Heap before GC invocations=12 (full 0):
 garbage-first heap   total 262144K, used 179583K [0x00000000a0000000, 0x0000000100000000)
  region size 1024K, 124 young (126976K), 9 survivors (9216K)
 Metaspace       used 70120K, capacity 72097K, committed 72224K, reserved 1112064K
  class space    used 8852K, capacity 9546K, committed 9600K, reserved 1048576K
}
Event: 8.340 GC heap after
{Heap after GC invocations=13 (full 0):
 garbage-first heap   total 262144K, used 71680K [0x00000000a0000000, 0x0000000100000000)
  region size 1024K, 16 young (16384K), 16 survivors (16384K)
 Metaspace       used 70120K, capacity 72097K, committed 72224K, reserved 1112064K
  class space    used 8852K, capacity 9546K, committed 9600K, reserved 1048576K
}
Event: 9.585 GC heap before
{Heap before GC invocations=13 (full 0):
 garbage-first heap   total 262144K, used 186368K [0x00000000a0000000, 0x0000000100000000)
  region size 1024K, 128 young (131072K), 16 survivors (16384K)
 Metaspace       used 77729K, capacity 79868K, committed 79904K, reserved 1118208K
  class space    used 10069K, capacity 10859K, committed 10880K, reserved 1048576K
}
Event: 9.598 GC heap after
{Heap after GC invocations=14 (full 0):
 garbage-first heap   total 262144K, used 81397K [0x00000000a0000000, 0x0000000100000000)
  region size 1024K, 10 young (10240K), 10 survivors (10240K)
 Metaspace       used 77729K, capacity 79868K, committed 79904K, reserved 1118208K
  class space    used 10069K, capacity 10859K, committed 10880K, reserved 1048576K
}
Event: 11.088 GC heap before
{Heap before GC invocations=14 (full 0):
 garbage-first heap   total 262144K, used 196085K [0x00000000a0000000, 0x0000000100000000)
  region size 1024K, 119 young (121856K), 10 survivors (10240K)
 Metaspace       used 81298K, capacity 84599K, committed 84768K, reserved 1122304K
  class space    used 10565K, capacity 11571K, committed 11648K, reserved 1048576K
}
Event: 11.105 GC heap after
{Heap after GC invocations=15 (full 0):
 garbage-first heap   total 262144K, used 104226K [0x00000000a0000000, 0x0000000100000000)
  region size 1024K, 15 young (15360K), 15 survivors (15360K)
 Metaspace       used 81298K, capacity 84599K, committed 84768K, reserved 1122304K
  class space    used 10565K, capacity 11571K, committed 11648K, reserved 1048576K
}
Event: 12.121 GC heap before
{Heap before GC invocations=15 (full 0):
 garbage-first heap   total 262144K, used 200482K [0x00000000a0000000, 0x0000000100000000)
  region size 1024K, 106 young (108544K), 15 survivors (15360K)
 Metaspace       used 82601K, capacity 86487K, committed 86560K, reserved 1124352K
  class space    used 10764K, capacity 11882K, committed 11904K, reserved 1048576K
}
Event: 12.136 GC heap after
{Heap after GC invocations=16 (full 0):
 garbage-first heap   total 262144K, used 123904K [0x00000000a0000000, 0x0000000100000000)
  region size 1024K, 14 young (14336K), 14 survivors (14336K)
 Metaspace       used 82601K, capacity 86487K, committed 86560K, reserved 1124352K
  class space    used 10764K, capacity 11882K, committed 11904K, reserved 1048576K
}
Event: 12.876 GC heap before
{Heap before GC invocations=16 (full 0):
 garbage-first heap   total 262144K, used 205824K [0x00000000a0000000, 0x0000000100000000)
  region size 1024K, 90 young (92160K), 14 survivors (14336K)
 Metaspace       used 84282K, capacity 88580K, committed 88736K, reserved 1126400K
  class space    used 10999K, capacity 12261K, committed 12288K, reserved 1048576K
}
Event: 12.890 GC heap after
{Heap after GC invocations=17 (full 0):
 garbage-first heap   total 262144K, used 144311K [0x00000000a0000000, 0x0000000100000000)
  region size 1024K, 12 young (12288K), 12 survivors (12288K)
 Metaspace       used 84282K, capacity 88580K, committed 88736K, reserved 1126400K
  class space    used 10999K, capacity 12261K, committed 12288K, reserved 1048576K
}
Event: 13.607 GC heap before
{Heap before GC invocations=17 (full 0):
 garbage-first heap   total 262144K, used 206775K [0x00000000a0000000, 0x0000000100000000)
  region size 1024K, 73 young (74752K), 12 survivors (12288K)
 Metaspace       used 90458K, capacity 94900K, committed 95008K, reserved 1130496K
  class space    used 11829K, capacity 13084K, committed 13184K, reserved 1048576K
}
Event: 13.622 GC heap after
{Heap after GC invocations=18 (full 0):
 garbage-first heap   total 262144K, used 151061K [0x00000000a0000000, 0x0000000100000000)
  region size 1024K, 6 young (6144K), 6 survivors (6144K)
 Metaspace       used 90458K, capacity 94900K, committed 95008K, reserved 1130496K
  class space    used 11829K, capacity 13084K, committed 13184K, reserved 1048576K
}
Event: 14.361 GC heap before
{Heap before GC invocations=19 (full 0):
 garbage-first heap   total 262144K, used 210453K [0x00000000a0000000, 0x0000000100000000)
  region size 1024K, 65 young (66560K), 6 survivors (6144K)
 Metaspace       used 91574K, capacity 96111K, committed 96416K, reserved 1132544K
  class space    used 11942K, capacity 13244K, committed 13312K, reserved 1048576K
}
Event: 14.377 GC heap after
{Heap after GC invocations=20 (full 0):
 garbage-first heap   total 262144K, used 166912K [0x00000000a0000000, 0x0000000100000000)
  region size 1024K, 9 young (9216K), 9 survivors (9216K)
 Metaspace       used 91574K, capacity 96111K, committed 96416K, reserved 1132544K
  class space    used 11942K, capacity 13244K, committed 13312K, reserved 1048576K
}
Event: 14.865 GC heap before
{Heap before GC invocations=20 (full 0):
 garbage-first heap   total 262144K, used 210944K [0x00000000a0000000, 0x0000000100000000)
  region size 1024K, 52 young (53248K), 9 survivors (9216K)
 Metaspace       used 92481K, capacity 97103K, committed 97312K, reserved 1132544K
  class space    used 12064K, capacity 13391K, committed 13440K, reserved 1048576K
}
Event: 14.879 GC heap after
{Heap after GC invocations=21 (full 0):
 garbage-first heap   total 262144K, used 175388K [0x00000000a0000000, 0x0000000100000000)
  region size 1024K, 7 young (7168K), 7 survivors (7168K)
 Metaspace       used 92481K, capacity 97103K, committed 97312K, reserved 1132544K
  class space    used 12064K, capacity 13391K, committed 13440K, reserved 1048576K
}
Event: 15.381 GC heap before
{Heap before GC invocations=22 (full 0):
 garbage-first heap   total 262144K, used 212252K [0x00000000a0000000, 0x0000000100000000)
  region size 1024K, 45 young (46080K), 7 survivors (7168K)
 Metaspace       used 95509K, capacity 100280K, committed 100512K, reserved 1136640K
  class space    used 12396K, capacity 13782K, committed 13824K, reserved 1048576K
}
Event: 15.397 GC heap after
{Heap after GC invocations=23 (full 0):
 garbage-first heap   total 262144K, used 181979K [0x00000000a0000000, 0x0000000100000000)
  region size 1024K, 6 young (6144K), 6 survivors (6144K)
 Metaspace       used 95509K, capacity 100280K, committed 100512K, reserved 1136640K
  class space    used 12396K, capacity 13782K, committed 13824K, reserved 1048576K
}
Event: 16.009 GC heap before
{Heap before GC invocations=24 (full 0):
 garbage-first heap   total 262144K, used 217819K [0x00000000a0000000, 0x0000000100000000)
  region size 1024K, 41 young (41984K), 6 survivors (6144K)
 Metaspace       used 95753K, capacity 100507K, committed 100640K, reserved 1136640K
  class space    used 12439K, capacity 13835K, committed 13952K, reserved 1048576K
}
Event: 16.017 GC heap after
{Heap after GC invocations=25 (full 0):
 garbage-first heap   total 262144K, used 184839K [0x00000000a0000000, 0x0000000100000000)
  region size 1024K, 4 young (4096K), 4 survivors (4096K)
 Metaspace       used 95753K, capacity 100507K, committed 100640K, reserved 1136640K
  class space    used 12439K, capacity 13835K, committed 13952K, reserved 1048576K
}

Deoptimization events (20 events):
Event: 16.022 Thread 0x000001d009fc3000 Uncommon trap: trap_request=0xffffffc6 fr.pc=0x000001d06ebec49c relative=0x0000000000000a7c
Event: 16.022 Thread 0x000001d009fc3000 Uncommon trap: reason=bimorphic_or_optimized_type_check action=maybe_recompile pc=0x000001d06ebec49c method=org.gradle.internal.snapshot.ChildMap$Entry$$Lambda$358/0x00000001004e9c40.get()Ljava/lang/Object; @ 4 c2
Event: 16.022 Thread 0x000001d009fc3000 DEOPT PACKING pc=0x000001d06ebec49c sp=0x000000287e4fcd70
Event: 16.022 Thread 0x000001d009fc3000 DEOPT UNPACKING pc=0x000001d06684a1af sp=0x000000287e4fcc50 mode 2
Event: 16.033 Thread 0x000001d009fc3000 Uncommon trap: trap_request=0xffffffc6 fr.pc=0x000001d06e83d808 relative=0x0000000000000128
Event: 16.033 Thread 0x000001d009fc3000 Uncommon trap: reason=bimorphic_or_optimized_type_check action=maybe_recompile pc=0x000001d06e83d808 method=com.google.common.collect.ImmutableList$1.get(I)Ljava/lang/Object; @ 5 c2
Event: 16.033 Thread 0x000001d009fc3000 DEOPT PACKING pc=0x000001d06e83d808 sp=0x000000287e4fc730
Event: 16.033 Thread 0x000001d009fc3000 DEOPT UNPACKING pc=0x000001d06684a1af sp=0x000000287e4fc6b8 mode 2
Event: 16.034 Thread 0x000001d009fc3000 Uncommon trap: trap_request=0xffffffc6 fr.pc=0x000001d06e83d808 relative=0x0000000000000128
Event: 16.034 Thread 0x000001d009fc3000 Uncommon trap: reason=bimorphic_or_optimized_type_check action=maybe_recompile pc=0x000001d06e83d808 method=com.google.common.collect.ImmutableList$1.get(I)Ljava/lang/Object; @ 5 c2
Event: 16.034 Thread 0x000001d009fc3000 DEOPT PACKING pc=0x000001d06e83d808 sp=0x000000287e4fc730
Event: 16.034 Thread 0x000001d009fc3000 DEOPT UNPACKING pc=0x000001d06684a1af sp=0x000000287e4fc6b8 mode 2
Event: 16.061 Thread 0x000001d009fc3000 Uncommon trap: trap_request=0xffffffde fr.pc=0x000001d06ebd5160 relative=0x0000000000001060
Event: 16.061 Thread 0x000001d009fc3000 Uncommon trap: reason=class_check action=maybe_recompile pc=0x000001d06ebd5160 method=org.gradle.internal.snapshot.ChildMap$Entry.handleAncestorDescendantOrExactMatch(Lorg/gradle/internal/snapshot/VfsRelativePath;Lorg/gradle/internal/snapshot/CaseSensitiv
Event: 16.061 Thread 0x000001d009fc3000 DEOPT PACKING pc=0x000001d06ebd5160 sp=0x000000287e4fa4a0
Event: 16.061 Thread 0x000001d009fc3000 DEOPT UNPACKING pc=0x000001d06684a1af sp=0x000000287e4fa410 mode 2
Event: 16.071 Thread 0x000001d009fc3000 Uncommon trap: trap_request=0xffffff4d fr.pc=0x000001d06eb78e04 relative=0x0000000000000064
Event: 16.071 Thread 0x000001d009fc3000 Uncommon trap: reason=unstable_if action=reinterpret pc=0x000001d06eb78e04 method=org.gradle.api.internal.AbstractTask.notifyProjectAccess()V @ 7 c2
Event: 16.071 Thread 0x000001d009fc3000 DEOPT PACKING pc=0x000001d06eb78e04 sp=0x000000287e4fa250
Event: 16.071 Thread 0x000001d009fc3000 DEOPT UNPACKING pc=0x000001d06684a1af sp=0x000000287e4fa130 mode 2

Classes redefined (0 events):
No events

Internal exceptions (20 events):
Event: 16.088 Thread 0x000001d009fc3000 Exception <a 'java/lang/ClassNotFoundException'{0x00000000af656680}: org/gradle/process/internal/DefaultExecActionBeanInfo> (0x00000000af656680) thrown at [./src/hotspot/share/classfile/systemDictionary.cpp, line 231]
Event: 16.089 Thread 0x000001d009fc3000 Exception <a 'java/lang/ClassNotFoundException'{0x00000000af68bec0}: org/gradle/process/internal/DefaultExecHandleBuilderBeanInfo> (0x00000000af68bec0) thrown at [./src/hotspot/share/classfile/systemDictionary.cpp, line 231]
Event: 16.091 Thread 0x000001d009fc3000 Exception <a 'java/lang/ClassNotFoundException'{0x00000000af6c1de0}: org/gradle/process/internal/AbstractExecHandleBuilderBeanInfo> (0x00000000af6c1de0) thrown at [./src/hotspot/share/classfile/systemDictionary.cpp, line 231]
Event: 16.092 Thread 0x000001d009fc3000 Exception <a 'java/lang/ClassNotFoundException'{0x00000000af6f8760}: org/gradle/process/internal/DefaultProcessForkOptionsBeanInfo> (0x00000000af6f8760) thrown at [./src/hotspot/share/classfile/systemDictionary.cpp, line 231]
Event: 16.093 Thread 0x000001d009fc3000 Exception <a 'java/lang/ClassNotFoundException'{0x00000000af52f7d8}: org/gradle/process/internal/DefaultProcessForkOptionsCustomizer> (0x00000000af52f7d8) thrown at [./src/hotspot/share/classfile/systemDictionary.cpp, line 231]
Event: 16.095 Thread 0x000001d009fc3000 Exception <a 'java/lang/ClassNotFoundException'{0x00000000af572d48}: org/gradle/process/internal/AbstractExecHandleBuilderCustomizer> (0x00000000af572d48) thrown at [./src/hotspot/share/classfile/systemDictionary.cpp, line 231]
Event: 16.096 Thread 0x000001d009fc3000 Exception <a 'java/lang/ClassNotFoundException'{0x00000000af5ba8b8}: org/gradle/process/internal/DefaultExecHandleBuilderCustomizer> (0x00000000af5ba8b8) thrown at [./src/hotspot/share/classfile/systemDictionary.cpp, line 231]
Event: 16.097 Thread 0x000001d009fc3000 Exception <a 'java/lang/ClassNotFoundException'{0x00000000af419bb8}: org/gradle/process/internal/DefaultExecActionCustomizer> (0x00000000af419bb8) thrown at [./src/hotspot/share/classfile/systemDictionary.cpp, line 231]
Event: 16.098 Thread 0x000001d009fc3000 Exception <a 'java/lang/ClassNotFoundException'{0x00000000af458cc0}: org/gradle/process/internal/DefaultExecAction_DecoratedCustomizer> (0x00000000af458cc0) thrown at [./src/hotspot/share/classfile/systemDictionary.cpp, line 231]
Event: 16.100 Thread 0x000001d009fc3000 Exception <a 'java/lang/ClassNotFoundException'{0x00000000af4b42c8}: org/gradle/api/logging/LogLevelBeanInfo> (0x00000000af4b42c8) thrown at [./src/hotspot/share/classfile/systemDictionary.cpp, line 231]
Event: 16.101 Thread 0x000001d009fc3000 Exception <a 'java/lang/ClassNotFoundException'{0x00000000af4e0a68}: org/gradle/api/logging/LogLevelCustomizer> (0x00000000af4e0a68) thrown at [./src/hotspot/share/classfile/systemDictionary.cpp, line 231]
Event: 16.105 Thread 0x000001d009fc3000 Exception <a 'java/lang/ClassNotFoundException'{0x00000000af354540}: org/gradle/internal/logging/services/DefaultLoggingManagerBeanInfo> (0x00000000af354540) thrown at [./src/hotspot/share/classfile/systemDictionary.cpp, line 231]
Event: 16.105 Thread 0x000001d009fc3000 Exception <a 'java/lang/ClassNotFoundException'{0x00000000af38b990}: org/gradle/internal/logging/services/DefaultLoggingManagerCustomizer> (0x00000000af38b990) thrown at [./src/hotspot/share/classfile/systemDictionary.cpp, line 231]
Event: 16.108 Thread 0x000001d009fc3000 Exception <a 'java/lang/ClassNotFoundException'{0x00000000af3c83e8}: java/lang/BooleanBeanInfo> (0x00000000af3c83e8) thrown at [./src/hotspot/share/classfile/systemDictionary.cpp, line 231]
Event: 16.108 Thread 0x000001d009fc3000 Exception <a 'java/lang/ClassNotFoundException'{0x00000000af3d4da0}: java/lang/BooleanCustomizer> (0x00000000af3d4da0) thrown at [./src/hotspot/share/classfile/systemDictionary.cpp, line 231]
Event: 16.144 Thread 0x000001d00aaea000 Exception <a 'java/lang/NoSuchMethodError'{0x00000000af260508}: 'void java.lang.invoke.DirectMethodHandle$Holder.invokeStatic(java.lang.Object, long)'> (0x00000000af260508) thrown at [./src/hotspot/share/interpreter/linkResolver.cpp, line 773]
Event: 16.145 Thread 0x000001d00aaea000 Exception <a 'java/lang/NoSuchMethodError'{0x00000000af265478}: 'java.lang.Object java.lang.invoke.DirectMethodHandle$Holder.invokeStatic(java.lang.Object, long)'> (0x00000000af265478) thrown at [./src/hotspot/share/interpreter/linkResolver.cpp, line 773]
Event: 16.146 Thread 0x000001d00aaea000 Exception <a 'java/lang/NoSuchMethodError'{0x00000000af273740}: 'java.lang.Object java.lang.invoke.DirectMethodHandle$Holder.invokeStaticInit(java.lang.Object, java.lang.Object, long, java.lang.Object)'> (0x00000000af273740) thrown at [./src/hotspot/share/interpreter/linkResolver.cpp, line 773]
Event: 16.147 Thread 0x000001d00aaea000 Exception <a 'java/lang/NoSuchMethodError'{0x00000000af2798f8}: 'java.lang.Object java.lang.invoke.DirectMethodHandle$Holder.invokeStatic(java.lang.Object, java.lang.Object, long)'> (0x00000000af2798f8) thrown at [./src/hotspot/share/interpreter/linkResolver.cpp, line 773]
Event: 16.147 Thread 0x000001d00aaea000 Exception <a 'java/lang/NoSuchMethodError'{0x00000000af27fbc8}: 'java.lang.Object java.lang.invoke.Invokers$Holder.linkToTargetMethod(java.lang.Object, long, java.lang.Object)'> (0x00000000af27fbc8) thrown at [./src/hotspot/share/interpreter/linkResolver.cpp, line 773]

Events (20 events):
Event: 16.115 loading class java/lang/ProcessBuilder
Event: 16.115 loading class java/lang/ProcessBuilder done
Event: 16.115 loading class net/rubygrapefruit/platform/internal/jni/WindowsHandleFunctions
Event: 16.115 loading class net/rubygrapefruit/platform/internal/jni/WindowsHandleFunctions done
Event: 16.115 loading class java/lang/ProcessImpl
Event: 16.116 loading class java/lang/ProcessImpl done
Event: 16.145 loading class java/lang/ProcessHandleImpl
Event: 16.146 loading class java/lang/ProcessHandleImpl done
Event: 16.147 loading class java/lang/ProcessImpl$2
Event: 16.148 loading class java/lang/ProcessImpl$2 done
Event: 16.148 loading class java/lang/Process$PipeInputStream
Event: 16.148 loading class java/lang/Process$PipeInputStream done
Event: 16.148 Executing VM operation: Deoptimize
Event: 16.149 Executing VM operation: Deoptimize done
Event: 16.149 loading class org/gradle/process/internal/streams/ExecOutputHandleRunner
Event: 16.149 loading class org/gradle/process/internal/streams/ExecOutputHandleRunner done
Event: 16.151 Thread 0x000001d00aaeb000 Thread added: 0x000001d00aaeb000
Event: 16.151 Thread 0x000001d00aaec000 Thread added: 0x000001d00aaec000
Event: 17.172 Thread 0x000001d0029b1800 Thread exited: 0x000001d0029b1800
Event: 17.172 Thread 0x000001d07df37800 Thread exited: 0x000001d07df37800


Dynamic libraries:
0x00007ff7e2f20000 - 0x00007ff7e2f2a000 	C:\Program Files\Android\Android Studio\jre\bin\java.exe
0x00007ff8c7490000 - 0x00007ff8c7688000 	C:\WINDOWS\SYSTEM32\ntdll.dll
0x00007ff8c6c40000 - 0x00007ff8c6cfd000 	C:\WINDOWS\System32\KERNEL32.DLL
0x00007ff8c5220000 - 0x00007ff8c54ee000 	C:\WINDOWS\System32\KERNELBASE.dll
0x00007ff8c5070000 - 0x00007ff8c5170000 	C:\WINDOWS\System32\ucrtbase.dll
0x00007ff8bd430000 - 0x00007ff8bd449000 	C:\Program Files\Android\Android Studio\jre\bin\jli.dll
0x00007ff8bc810000 - 0x00007ff8bc827000 	C:\Program Files\Android\Android Studio\jre\bin\VCRUNTIME140.dll
0x00007ff8c6020000 - 0x00007ff8c61c0000 	C:\WINDOWS\System32\USER32.dll
0x00007ff8c4c20000 - 0x00007ff8c4c42000 	C:\WINDOWS\System32\win32u.dll
0x00007ff8c61c0000 - 0x00007ff8c61ea000 	C:\WINDOWS\System32\GDI32.dll
0x00007ff8acc20000 - 0x00007ff8aceba000 	C:\WINDOWS\WinSxS\amd64_microsoft.windows.common-controls_6595b64144ccf1df_6.0.19041.1110_none_60b5254171f9507e\COMCTL32.dll
0x00007ff8c4ca0000 - 0x00007ff8c4dab000 	C:\WINDOWS\System32\gdi32full.dll
0x00007ff8c61f0000 - 0x00007ff8c628e000 	C:\WINDOWS\System32\msvcrt.dll
0x00007ff8c4de0000 - 0x00007ff8c4e7d000 	C:\WINDOWS\System32\msvcp_win.dll
0x00007ff8c5f20000 - 0x00007ff8c5f50000 	C:\WINDOWS\System32\IMM32.DLL
0x00007ff896960000 - 0x00007ff8969fd000 	C:\Program Files\Android\Android Studio\jre\bin\msvcp140.dll
0x00007ff867750000 - 0x00007ff868235000 	C:\Program Files\Android\Android Studio\jre\bin\server\jvm.dll
0x00007ff8c69e0000 - 0x00007ff8c6a8e000 	C:\WINDOWS\System32\ADVAPI32.dll
0x00007ff8c5e70000 - 0x00007ff8c5f0c000 	C:\WINDOWS\System32\sechost.dll
0x00007ff8c67d0000 - 0x00007ff8c68f5000 	C:\WINDOWS\System32\RPCRT4.dll
0x00007ff8c5630000 - 0x00007ff8c5638000 	C:\WINDOWS\System32\PSAPI.DLL
0x00007ff8bfda0000 - 0x00007ff8bfda9000 	C:\WINDOWS\SYSTEM32\WSOCK32.dll
0x00007ff8b9190000 - 0x00007ff8b91b7000 	C:\WINDOWS\SYSTEM32\WINMM.dll
0x00007ff8c6290000 - 0x00007ff8c62fb000 	C:\WINDOWS\System32\WS2_32.dll
0x00007ff8c3340000 - 0x00007ff8c334a000 	C:\WINDOWS\SYSTEM32\VERSION.dll
0x00007ff8c3480000 - 0x00007ff8c3492000 	C:\WINDOWS\SYSTEM32\kernel.appcore.dll
0x00007ff8b66a0000 - 0x00007ff8b66b1000 	C:\Program Files\Android\Android Studio\jre\bin\verify.dll
0x00007ff8be440000 - 0x00007ff8be624000 	C:\WINDOWS\SYSTEM32\DBGHELP.DLL
0x00007ff8be170000 - 0x00007ff8be19c000 	C:\WINDOWS\SYSTEM32\dbgcore.DLL
0x00007ff8c4e80000 - 0x00007ff8c4f02000 	C:\WINDOWS\System32\bcryptPrimitives.dll
0x00007ff8b6600000 - 0x00007ff8b6629000 	C:\Program Files\Android\Android Studio\jre\bin\java.dll
0x00007ff8bd420000 - 0x00007ff8bd42b000 	C:\Program Files\Android\Android Studio\jre\bin\jimage.dll
0x00007ff8b6500000 - 0x00007ff8b6518000 	C:\Program Files\Android\Android Studio\jre\bin\zip.dll
0x00007ff8c6d00000 - 0x00007ff8c7443000 	C:\WINDOWS\System32\SHELL32.dll
0x00007ff8c2ba0000 - 0x00007ff8c3335000 	C:\WINDOWS\SYSTEM32\windows.storage.dll
0x00007ff8c56f0000 - 0x00007ff8c5a44000 	C:\WINDOWS\System32\combase.dll
0x00007ff8c4540000 - 0x00007ff8c4570000 	C:\WINDOWS\SYSTEM32\Wldp.dll
0x00007ff8c5640000 - 0x00007ff8c56ed000 	C:\WINDOWS\System32\SHCORE.dll
0x00007ff8c55d0000 - 0x00007ff8c5625000 	C:\WINDOWS\System32\shlwapi.dll
0x00007ff8c4af0000 - 0x00007ff8c4b0f000 	C:\WINDOWS\SYSTEM32\profapi.dll
0x00007ff8b5c50000 - 0x00007ff8b5c6a000 	C:\Program Files\Android\Android Studio\jre\bin\net.dll
0x00007ff8be330000 - 0x00007ff8be43a000 	C:\WINDOWS\SYSTEM32\WINHTTP.dll
0x00007ff8c42a0000 - 0x00007ff8c430a000 	C:\WINDOWS\system32\mswsock.dll
0x00007ff8b57a0000 - 0x00007ff8b57b4000 	C:\Program Files\Android\Android Studio\jre\bin\nio.dll
0x00007ff8b6650000 - 0x00007ff8b6677000 	C:\Users\jjs815\.gradle\native\e1d6ef7f7dcc3fd88c89a11ec53ec762bb8ba0a96d01ffa2cd45eb1d1d8dd5c5\windows-amd64\native-platform.dll
0x00007ff877b10000 - 0x00007ff877c54000 	C:\Users\jjs815\.gradle\native\0d407fdbe67a94daf76414ababcb853783967236a71b16ec16e742cd7a986fd3\windows-amd64\native-platform-file-events.dll
0x00007ff8bce80000 - 0x00007ff8bce8a000 	C:\Program Files\Android\Android Studio\jre\bin\management.dll
0x00007ff8b7d00000 - 0x00007ff8b7d0d000 	C:\Program Files\Android\Android Studio\jre\bin\management_ext.dll
0x00007ff8c4490000 - 0x00007ff8c44a8000 	C:\WINDOWS\SYSTEM32\CRYPTSP.dll
0x00007ff8c3c20000 - 0x00007ff8c3c54000 	C:\WINDOWS\system32\rsaenh.dll
0x00007ff8c4db0000 - 0x00007ff8c4dd7000 	C:\WINDOWS\System32\bcrypt.dll
0x00007ff8c4a70000 - 0x00007ff8c4a9e000 	C:\WINDOWS\SYSTEM32\USERENV.dll
0x00007ff8c44b0000 - 0x00007ff8c44bc000 	C:\WINDOWS\SYSTEM32\CRYPTBASE.dll
0x00007ff8c3f90000 - 0x00007ff8c3fcb000 	C:\WINDOWS\SYSTEM32\IPHLPAPI.DLL
0x00007ff8c69d0000 - 0x00007ff8c69d8000 	C:\WINDOWS\System32\NSI.dll
0x00007ff8bf970000 - 0x00007ff8bf987000 	C:\WINDOWS\SYSTEM32\dhcpcsvc6.DLL
0x00007ff8bf950000 - 0x00007ff8bf96d000 	C:\WINDOWS\SYSTEM32\dhcpcsvc.DLL
0x00007ff8c3fd0000 - 0x00007ff8c409a000 	C:\WINDOWS\SYSTEM32\DNSAPI.dll

dbghelp: loaded successfully - version: 4.0.5 - missing functions: none
symbol engine: initialized successfully - sym options: 0x614 - pdb path: .;C:\Program Files\Android\Android Studio\jre\bin;C:\WINDOWS\SYSTEM32;C:\WINDOWS\WinSxS\amd64_microsoft.windows.common-controls_6595b64144ccf1df_6.0.19041.1110_none_60b5254171f9507e;C:\Program Files\Android\Android Studio\jre\bin\server;C:\Users\jjs815\.gradle\native\e1d6ef7f7dcc3fd88c89a11ec53ec762bb8ba0a96d01ffa2cd45eb1d1d8dd5c5\windows-amd64;C:\Users\jjs815\.gradle\native\0d407fdbe67a94daf76414ababcb853783967236a71b16ec16e742cd7a986fd3\windows-amd64

VM Arguments:
jvm_args: --add-opens=java.base/java.util=ALL-UNNAMED --add-opens=java.base/java.lang=ALL-UNNAMED --add-opens=java.base/java.lang.invoke=ALL-UNNAMED --add-opens=java.base/java.util=ALL-UNNAMED --add-opens=java.prefs/java.util.prefs=ALL-UNNAMED --add-opens=java.prefs/java.util.prefs=ALL-UNNAMED --add-opens=java.base/java.nio.charset=ALL-UNNAMED --add-opens=java.base/java.net=ALL-UNNAMED --add-opens=java.base/java.util.concurrent.atomic=ALL-UNNAMED -Xmx1536M -Dfile.encoding=x-windows-949 -Duser.country=KR -Duser.language=ko -Duser.variant 
java_command: org.gradle.launcher.daemon.bootstrap.GradleDaemon 7.4
java_class_path (initial): C:\Users\jjs815\.gradle\wrapper\dists\gradle-7.4-all\aadb4xli5jkdsnukm30eibyiu\gradle-7.4\lib\gradle-launcher-7.4.jar
Launcher Type: SUN_STANDARD

[Global flags]
     intx CICompilerCount                          = 4                                         {product} {ergonomic}
     uint ConcGCThreads                            = 2                                         {product} {ergonomic}
     uint G1ConcRefinementThreads                  = 8                                         {product} {ergonomic}
   size_t G1HeapRegionSize                         = 1048576                                   {product} {ergonomic}
    uintx GCDrainStackTargetSize                   = 64                                        {product} {ergonomic}
   size_t InitialHeapSize                          = 268435456                                 {product} {ergonomic}
   size_t MarkStackSize                            = 4194304                                   {product} {ergonomic}
   size_t MaxHeapSize                              = 1610612736                                {product} {command line}
   size_t MaxNewSize                               = 965738496                                 {product} {ergonomic}
   size_t MinHeapDeltaBytes                        = 1048576                                   {product} {ergonomic}
    uintx NonNMethodCodeHeapSize                   = 5836300                                {pd product} {ergonomic}
    uintx NonProfiledCodeHeapSize                  = 122910970                              {pd product} {ergonomic}
    uintx ProfiledCodeHeapSize                     = 122910970                              {pd product} {ergonomic}
    uintx ReservedCodeCacheSize                    = 251658240                              {pd product} {ergonomic}
     bool SegmentedCodeCache                       = true                                      {product} {ergonomic}
     bool UseCompressedClassPointers               = true                                 {lp64_product} {ergonomic}
     bool UseCompressedOops                        = true                                 {lp64_product} {ergonomic}
     bool UseG1GC                                  = true                                      {product} {ergonomic}
     bool UseLargePagesIndividualAllocation        = false                                  {pd product} {ergonomic}

Logging:
Log output configuration:
 #0: stdout all=warning uptime,level,tags
 #1: stderr all=off uptime,level,tags

Environment Variables:
JAVA_HOME=C:\Program Files\Android\Android Studio\jre
CLASSPATH=C:\Users\jjs815\flurtter_project\chang_2nd_main_project\android\\gradle\wrapper\gradle-wrapper.jar
PATH=C:\Program Files\Common Files\Oracle\Java\javapath;C:\Program Files\Zulu\zulu-11\bin\;C:\Program Files\NVIDIA GPU Computing Toolkit\CUDA\v11.3\bin;C:\Program Files\NVIDIA GPU Computing Toolkit\CUDA\v11.3\libnvvp;C:\Python39\Scripts\;C:\Python39\;C:\Program Files (x86)\NAT Service;C:\ProgramData\Oracle\Java\javapath;C:\WINDOWS\system32;C:\WINDOWS;C:\WINDOWS\System32\Wbem;C:\WINDOWS\System32\WindowsPowerShell\v1.0\;C:\WINDOWS\System32\OpenSSH\;C:\Program Files (x86)\ePapyrus\Papyrus-PlugIn-xfa;C:\Program Files (x86)\ePapyrus\Papyrus-PlugIn-xfa\Addins;C:\Program Files\PuTTY\;C:\python;C:\ProgramData\chocolatey\bin;C:\Program Files (x86)\Yarn;C:\Users\jjs815\AppData\Local\Android\Sdk\platform-tools;C:\Program Files\OpenJDK\openjdk-8u282-b08\bin;C:\Program Files\Java\jdk1.8.0_211\bin;C:\Program Files\Git\cmd;C:\Program Files\nodejs\;C:\Program Files\NVIDIA Corporation\NVIDIA NvDLISR;C:\Program Files\NVIDIA Corporation\Nsight Compute 2021.1.1\;C:\Program Files (x86)\NVIDIA Corporation\PhysX\Common;C:\Program Files\OpenSSL-Win64\bin;C:\Program Files\Java\jdk-11.0.15;C:\Users\jjs815\AppData\Local\Programs\Python\Python38\Scripts\;C:\Users\jjs815\AppData\Local\Programs\Python\Python38\;C:\python\Scripts\;C:\python\;"C:\Users\jjs815\AppData\Local\Microsoft\WindowsApps;%C:\Python27";%USERPROFILE%\AppData\Local\Microsoft\WindowsApps;C:\Users\jjs815\AppData\Local\Programs\Microsoft VS Code\bin;C:\Users\jjs815\AppData\Roaming\npm;%IntelliJ IDEA Community Edition%;C:\Users\jjs815\flutter\bin;C:\Users\jjs815\ffmpeg-5.1-full_build\bin;;C:\Users\jjs815\flutter\bin\mingit\cmd;C:\Users\jjs815\flutter\bin\mingit\cmd
USERNAME=jjs815
OS=Windows_NT
PROCESSOR_IDENTIFIER=Intel64 Family 6 Model 158 Stepping 9, GenuineIntel



---------------  S Y S T E M  ---------------

OS: Windows 10 , 64 bit Build 19041 (10.0.19041.1889)
OS uptime: 6 days 2:18 hours

CPU:total 8 (initial active 8) (4 cores per cpu, 2 threads per core) family 6 model 158 stepping 9 microcode 0xb4, cmov, cx8, fxsr, mmx, sse, sse2, sse3, ssse3, sse4.1, sse4.2, popcnt, avx, avx2, aes, clmul, erms, rtm, 3dnowpref, lzcnt, ht, tsc, tscinvbit, bmi1, bmi2, adx, fma

Memory: 4k page, system-wide physical 16296M (1051M free)
TotalPageFile size 26296M (AvailPageFile size 3M)
current process WorkingSet (physical memory assigned to process): 536M, peak: 586M
current process commit charge ("private bytes"): 589M, peak: 634M

vm_info: OpenJDK 64-Bit Server VM (11.0.12+7-b1504.28-7817840) for windows-amd64 JRE (11.0.12+7-b1504.28-7817840), built on Oct 13 2021 22:12:33 by "builder" with MS VC++ 14.0 (VS2015)

END.
