#
# There is insufficient memory for the Java Runtime Environment to continue.
# Native memory allocation (malloc) failed to allocate 1114736 bytes for Chunk::new
# Possible reasons:
#   The system is out of physical RAM or swap space
#   The process is running with CompressedOops enabled, and the Java Heap may be blocking the growth of the native heap
# Possible solutions:
#   Reduce memory load on the system
#   Increase physical memory or swap space
#   Check if swap backing store is full
#   Decrease Java heap size (-Xmx/-Xms)
#   Decrease number of Java threads
#   Decrease Java thread stack sizes (-Xss)
#   Set larger code cache with -XX:ReservedCodeCacheSize=
#   JVM is running with Unscaled Compressed Oops mode in which the Java heap is
#     placed in the first 4GB address space. The Java Heap base address is the
#     maximum limit for the native heap growth. Please use -XX:HeapBaseMinAddress
#     to set the Java Heap base and to place the Java Heap above 4GB virtual address.
# This output file may be truncated or incomplete.
#
#  Out of Memory Error (./open/src/hotspot/share/memory/arena.cpp:197), pid=175860, tid=177380
#
# JRE version: Java(TM) SE Runtime Environment 18.9 (11.0.15+8) (build 11.0.15+8-LTS-149)
# Java VM: Java HotSpot(TM) 64-Bit Server VM 18.9 (11.0.15+8-LTS-149, mixed mode, tiered, compressed oops, g1 gc, windows-amd64)
# No core dump will be written. Minidumps are not enabled by default on client versions of Windows
#

---------------  S U M M A R Y ------------

Command Line: --add-opens=java.base/java.util=ALL-UNNAMED --add-opens=java.base/java.lang=ALL-UNNAMED --add-opens=java.base/java.lang.invoke=ALL-UNNAMED --add-opens=java.base/java.util=ALL-UNNAMED --add-opens=java.prefs/java.util.prefs=ALL-UNNAMED --add-opens=java.prefs/java.util.prefs=ALL-UNNAMED --add-opens=java.base/java.nio.charset=ALL-UNNAMED --add-opens=java.base/java.net=ALL-UNNAMED --add-opens=java.base/java.util.concurrent.atomic=ALL-UNNAMED -Xmx1536M -Dfile.encoding=x-windows-949 -Duser.country=KR -Duser.language=ko -Duser.variant org.gradle.launcher.daemon.bootstrap.GradleDaemon 7.4

Host: Intel(R) Core(TM) i7-7700 CPU @ 3.60GHz, 8 cores, 15G,  Windows 10 , 64 bit Build 19041 (10.0.19041.1889)
Time: Tue Oct  4 23:11:46 2022 대한민국 표준시 elapsed time: 32.901561 seconds (0d 0h 0m 32s)

---------------  T H R E A D  ---------------

Current thread (0x00000276b6100800):  JavaThread "C2 CompilerThread2" daemon [_thread_in_native, id=177380, stack(0x000000c883200000,0x000000c883300000)]


Current CompileTask:
C2:  32901 14947       4       org.gradle.internal.component.model.ComponentAttributeMatcher::match (259 bytes)

Stack: [0x000000c883200000,0x000000c883300000]
Native frames: (J=compiled Java code, j=interpreted, Vv=VM code, C=native code)
V  [jvm.dll+0x629d8a]
V  [jvm.dll+0x7638ff]
V  [jvm.dll+0x764fa9]
V  [jvm.dll+0x765633]
V  [jvm.dll+0x23d9c8]
V  [jvm.dll+0xb2a1c]
V  [jvm.dll+0xb2fdc]
V  [jvm.dll+0x341002]
V  [jvm.dll+0x18cb19]
V  [jvm.dll+0x1f8672]
V  [jvm.dll+0x1f774d]
V  [jvm.dll+0x177c51]
V  [jvm.dll+0x207026]
V  [jvm.dll+0x2051bb]
V  [jvm.dll+0x729820]
V  [jvm.dll+0x7223f4]
V  [jvm.dll+0x628c26]
C  [ucrtbase.dll+0x21bb2]
C  [KERNEL32.DLL+0x17034]
C  [ntdll.dll+0x526a1]


---------------  P R O C E S S  ---------------

Threads class SMR info:
_java_thread_list=0x00000276a87a89e0, length=136, elements={
0x000002768816b800, 0x00000276a7681800, 0x00000276a7685000, 0x00000276a7719000,
0x00000276a771b000, 0x00000276a771c800, 0x00000276a771f800, 0x00000276a772c000,
0x00000276a773a000, 0x00000276a789e800, 0x00000276aa067000, 0x00000276a88b2800,
0x00000276a912b000, 0x00000276aa162000, 0x00000276a9b47800, 0x00000276a9f8c000,
0x00000276a9f8c800, 0x00000276aa4ad800, 0x00000276aa4ae000, 0x00000276a9702800,
0x00000276a9704000, 0x00000276a9701800, 0x00000276a9700800, 0x00000276a9700000,
0x00000276a96fe800, 0x00000276a96ff000, 0x00000276a9703000, 0x00000276a9705000,
0x00000276a9eae000, 0x00000276a9ead000, 0x00000276a9ea9000, 0x00000276a9eaa000,
0x00000276a9eaa800, 0x00000276a9eaf000, 0x00000276ae1dc800, 0x00000276ae1d9000,
0x00000276ae1da000, 0x00000276ae1dd000, 0x00000276ae1da800, 0x00000276ae1de000,
0x00000276ae1db800, 0x00000276ae1d8800, 0x00000276ae1e4800, 0x00000276ae1e3000,
0x00000276ae1e0800, 0x00000276ae1e3800, 0x00000276ae1e1800, 0x00000276ae1e2000,
0x00000276ae1df000, 0x00000276ae1e5800, 0x00000276ae1df800, 0x00000276ae1e7000,
0x00000276ae1e6000, 0x00000276af42a800, 0x00000276af429800, 0x00000276af42d000,
0x00000276af42b000, 0x00000276af427000, 0x00000276af42c000, 0x00000276af42d800,
0x00000276af428000, 0x00000276af428800, 0x00000276aa7ac800, 0x00000276aa7af000,
0x00000276aa7ab000, 0x00000276aa7ad800, 0x00000276aa7aa800, 0x00000276aa7a9800,
0x00000276aa7ac000, 0x00000276aa7b3000, 0x00000276aa7b1800, 0x00000276aa7b1000,
0x00000276aa7ae800, 0x00000276aa7b2800, 0x00000276aa7b4000, 0x00000276aa7b5000,
0x00000276aa7b5800, 0x00000276aa7b0000, 0x00000276aa7b6800, 0x00000276aa7b7800,
0x00000276aa7b8000, 0x00000276af271800, 0x00000276af270000, 0x00000276af272800,
0x00000276af274000, 0x00000276af270800, 0x00000276af273000, 0x00000276af26e800,
0x00000276af275000, 0x00000276af26f000, 0x00000276af276800, 0x00000276af279000,
0x00000276af279800, 0x00000276af27a800, 0x00000276af275800, 0x00000276af278000,
0x00000276af27c000, 0x00000276af27b800, 0x00000276af27d000, 0x00000276af277000,
0x00000276ad136000, 0x00000276ad130800, 0x00000276ad133800, 0x00000276ad134800,
0x00000276ad135800, 0x00000276ad137000, 0x00000276ad131800, 0x00000276ad138000,
0x00000276ad132000, 0x00000276ad138800, 0x00000276ad133000, 0x00000276ad13e800,
0x00000276ad13f000, 0x00000276ad13c000, 0x00000276ad13a800, 0x00000276ad139800,
0x00000276ad13b000, 0x00000276ad13c800, 0x00000276ad13d800, 0x00000276ad141800,
0x00000276ad142000, 0x00000276ad144800, 0x00000276ad143000, 0x00000276ad146000,
0x00000276ad140800, 0x00000276ad14c800, 0x00000276ad14c000, 0x00000276ad148800,
0x00000276ad14b000, 0x00000276ad147000, 0x00000276ad14d800, 0x00000276ad148000,
0x00000276ad14e800, 0x00000276ad14f000, 0x00000276aa469000, 0x00000276b6100800
}

Java Threads: ( => current thread )
  0x000002768816b800 JavaThread "main" [_thread_blocked, id=174500, stack(0x000000c8f9400000,0x000000c8f9500000)]
  0x00000276a7681800 JavaThread "Reference Handler" daemon [_thread_blocked, id=174396, stack(0x000000c8f9b00000,0x000000c8f9c00000)]
  0x00000276a7685000 JavaThread "Finalizer" daemon [_thread_blocked, id=174732, stack(0x000000c8f9c00000,0x000000c8f9d00000)]
  0x00000276a7719000 JavaThread "Signal Dispatcher" daemon [_thread_blocked, id=172624, stack(0x000000c8f9d00000,0x000000c8f9e00000)]
  0x00000276a771b000 JavaThread "Attach Listener" daemon [_thread_blocked, id=175080, stack(0x000000c8f9e00000,0x000000c8f9f00000)]
  0x00000276a771c800 JavaThread "Service Thread" daemon [_thread_blocked, id=174668, stack(0x000000c8f9f00000,0x000000c8fa000000)]
  0x00000276a771f800 JavaThread "C2 CompilerThread0" daemon [_thread_in_native, id=173864, stack(0x000000c8fa000000,0x000000c8fa100000)]
  0x00000276a772c000 JavaThread "C1 CompilerThread0" daemon [_thread_blocked, id=174552, stack(0x000000c8fa100000,0x000000c8fa200000)]
  0x00000276a773a000 JavaThread "Sweeper thread" daemon [_thread_blocked, id=174448, stack(0x000000c8fa200000,0x000000c8fa300000)]
  0x00000276a789e800 JavaThread "Common-Cleaner" daemon [_thread_blocked, id=174600, stack(0x000000c8fa300000,0x000000c8fa400000)]
  0x00000276aa067000 JavaThread "Daemon health stats" [_thread_blocked, id=172196, stack(0x000000c8fac00000,0x000000c8fad00000)]
  0x00000276a88b2800 JavaThread "Incoming local TCP Connector on port 5607" [_thread_in_native, id=175936, stack(0x000000c8fa500000,0x000000c8fa600000)]
  0x00000276a912b000 JavaThread "Daemon periodic checks" [_thread_blocked, id=173892, stack(0x000000c8fab00000,0x000000c8fac00000)]
  0x00000276aa162000 JavaThread "Daemon" [_thread_blocked, id=176016, stack(0x000000c8fad00000,0x000000c8fae00000)]
  0x00000276a9b47800 JavaThread "Handler for socket connection from /127.0.0.1:5607 to /127.0.0.1:5608" [_thread_in_native, id=173152, stack(0x000000c8fae00000,0x000000c8faf00000)]
  0x00000276a9f8c000 JavaThread "Cancel handler" [_thread_blocked, id=167588, stack(0x000000c8faf00000,0x000000c8fb000000)]
  0x00000276a9f8c800 JavaThread "Daemon worker" [_thread_blocked, id=123944, stack(0x000000c8fb000000,0x000000c8fb100000)]
  0x00000276aa4ad800 JavaThread "Asynchronous log dispatcher for DefaultDaemonConnection: socket connection from /127.0.0.1:5607 to /127.0.0.1:5608" [_thread_blocked, id=175276, stack(0x000000c8fb100000,0x000000c8fb200000)]
  0x00000276aa4ae000 JavaThread "Stdin handler" [_thread_blocked, id=174208, stack(0x000000c8fb200000,0x000000c8fb300000)]
  0x00000276a9702800 JavaThread "Daemon client event forwarder" [_thread_blocked, id=174232, stack(0x000000c8fb300000,0x000000c8fb400000)]
  0x00000276a9704000 JavaThread "Cache worker for journal cache (C:\Users\jjs815\.gradle\caches\journal-1)" [_thread_blocked, id=166708, stack(0x000000c8fb500000,0x000000c8fb600000)]
  0x00000276a9701800 JavaThread "File lock request listener" [_thread_in_native, id=175184, stack(0x000000c8fb600000,0x000000c8fb700000)]
  0x00000276a9700800 JavaThread "Cache worker for file hash cache (C:\Users\jjs815\.gradle\caches\7.4\fileHashes)" [_thread_blocked, id=173748, stack(0x000000c8fb700000,0x000000c8fb800000)]
  0x00000276a9700000 JavaThread "File watcher server" daemon [_thread_in_native, id=173692, stack(0x000000c8fbc00000,0x000000c8fbd00000)]
  0x00000276a96fe800 JavaThread "File watcher consumer" daemon [_thread_blocked, id=173684, stack(0x000000c8fbd00000,0x000000c8fbe00000)]
  0x00000276a96ff000 JavaThread "Cache worker for checksums cache (C:\Users\jjs815\flurtter_project\chang_2nd_main_project\android\.gradle\7.4\checksums)" [_thread_blocked, id=175916, stack(0x000000c8fbe00000,0x000000c8fbf00000)]
  0x00000276a9703000 JavaThread "Cache worker for cache directory md-rule (C:\Users\jjs815\.gradle\caches\7.4\md-rule)" [_thread_blocked, id=174904, stack(0x000000c8fbf00000,0x000000c8fc000000)]
  0x00000276a9705000 JavaThread "Cache worker for file hash cache (C:\Users\jjs815\flurtter_project\chang_2nd_main_project\android\.gradle\7.4\fileHashes)" [_thread_blocked, id=174988, stack(0x000000c8fc000000,0x000000c8fc100000)]
  0x00000276a9eae000 JavaThread "Cache worker for cache directory md-supplier (C:\Users\jjs815\.gradle\caches\7.4\md-supplier)" [_thread_blocked, id=175240, stack(0x000000c8fc100000,0x000000c8fc200000)]
  0x00000276a9ead000 JavaThread "Cache worker for execution history cache (C:\Users\jjs815\.gradle\caches\7.4\executionHistory)" [_thread_blocked, id=175944, stack(0x000000c8fc200000,0x000000c8fc300000)]
  0x00000276a9ea9000 JavaThread "jar transforms" [_thread_blocked, id=175948, stack(0x000000c8fc300000,0x000000c8fc400000)]
  0x00000276a9eaa000 JavaThread "jar transforms Thread 2" [_thread_blocked, id=168340, stack(0x000000c8fc400000,0x000000c8fc500000)]
  0x00000276a9eaa800 JavaThread "Cache worker for file content cache (C:\Users\jjs815\.gradle\caches\7.4\fileContent)" [_thread_blocked, id=176132, stack(0x000000c8fc500000,0x000000c8fc600000)]
  0x00000276a9eaf000 JavaThread "jar transforms Thread 3" [_thread_blocked, id=176136, stack(0x000000c8fc600000,0x000000c8fc700000)]
  0x00000276ae1dc800 JavaThread "jar transforms Thread 4" [_thread_blocked, id=176140, stack(0x000000c8fc700000,0x000000c8fc800000)]
  0x00000276ae1d9000 JavaThread "Cache worker for dependencies-accessors (C:\Users\jjs815\flurtter_project\chang_2nd_main_project\android\.gradle\7.4\dependencies-accessors)" [_thread_blocked, id=176144, stack(0x000000c8fc800000,0x000000c8fc900000)]
  0x00000276ae1da000 JavaThread "jar transforms Thread 5" [_thread_blocked, id=176168, stack(0x000000c8fc900000,0x000000c8fca00000)]
  0x00000276ae1dd000 JavaThread "Cache worker for Build Output Cleanup Cache (C:\Users\jjs815\flurtter_project\chang_2nd_main_project\android\.gradle\buildOutputCleanup)" [_thread_blocked, id=176180, stack(0x000000c8fca00000,0x000000c8fcb00000)]
  0x00000276ae1da800 JavaThread "Unconstrained build operations" [_thread_blocked, id=176184, stack(0x000000c8fcb00000,0x000000c8fcc00000)]
  0x00000276ae1de000 JavaThread "Unconstrained build operations Thread 2" [_thread_blocked, id=176188, stack(0x000000c8fcc00000,0x000000c8fcd00000)]
  0x00000276ae1db800 JavaThread "Unconstrained build operations Thread 3" [_thread_blocked, id=176192, stack(0x000000c8fcd00000,0x000000c8fce00000)]
  0x00000276ae1d8800 JavaThread "Unconstrained build operations Thread 4" [_thread_blocked, id=176196, stack(0x000000c8fce00000,0x000000c8fcf00000)]
  0x00000276ae1e4800 JavaThread "Unconstrained build operations Thread 5" [_thread_blocked, id=176200, stack(0x000000c8fcf00000,0x000000c8fd000000)]
  0x00000276ae1e3000 JavaThread "Unconstrained build operations Thread 6" [_thread_blocked, id=176204, stack(0x000000c8fd000000,0x000000c8fd100000)]
  0x00000276ae1e0800 JavaThread "Unconstrained build operations Thread 7" [_thread_blocked, id=176208, stack(0x000000c8fd100000,0x000000c8fd200000)]
  0x00000276ae1e3800 JavaThread "Unconstrained build operations Thread 8" [_thread_blocked, id=176212, stack(0x000000c8fd200000,0x000000c8fd300000)]
  0x00000276ae1e1800 JavaThread "Unconstrained build operations Thread 9" [_thread_blocked, id=176216, stack(0x000000c8fd300000,0x000000c8fd400000)]
  0x00000276ae1e2000 JavaThread "Unconstrained build operations Thread 10" [_thread_blocked, id=176220, stack(0x000000c8fd400000,0x000000c8fd500000)]
  0x00000276ae1df000 JavaThread "Unconstrained build operations Thread 11" [_thread_blocked, id=176224, stack(0x000000c8fd500000,0x000000c8fd600000)]
  0x00000276ae1e5800 JavaThread "Unconstrained build operations Thread 12" [_thread_blocked, id=176228, stack(0x000000c8fd600000,0x000000c8fd700000)]
  0x00000276ae1df800 JavaThread "Unconstrained build operations Thread 13" [_thread_blocked, id=176232, stack(0x000000c8fd700000,0x000000c8fd800000)]
  0x00000276ae1e7000 JavaThread "Unconstrained build operations Thread 14" [_thread_blocked, id=176236, stack(0x000000c8fd800000,0x000000c8fd900000)]
  0x00000276ae1e6000 JavaThread "Unconstrained build operations Thread 15" [_thread_blocked, id=176240, stack(0x000000c8fd900000,0x000000c8fda00000)]
  0x00000276af42a800 JavaThread "Unconstrained build operations Thread 16" [_thread_blocked, id=176244, stack(0x000000c8fda00000,0x000000c8fdb00000)]
  0x00000276af429800 JavaThread "Unconstrained build operations Thread 17" [_thread_blocked, id=176248, stack(0x000000c8fdb00000,0x000000c8fdc00000)]
  0x00000276af42d000 JavaThread "Unconstrained build operations Thread 18" [_thread_blocked, id=176252, stack(0x000000c8fdc00000,0x000000c8fdd00000)]
  0x00000276af42b000 JavaThread "Unconstrained build operations Thread 19" [_thread_blocked, id=176256, stack(0x000000c8fdd00000,0x000000c8fde00000)]
  0x00000276af427000 JavaThread "Unconstrained build operations Thread 20" [_thread_blocked, id=176260, stack(0x000000c8fde00000,0x000000c8fdf00000)]
  0x00000276af42c000 JavaThread "Unconstrained build operations Thread 21" [_thread_in_native, id=176264, stack(0x000000c8fdf00000,0x000000c8fe000000)]
  0x00000276af42d800 JavaThread "Unconstrained build operations Thread 22" [_thread_blocked, id=176268, stack(0x000000c8fe000000,0x000000c8fe100000)]
  0x00000276af428000 JavaThread "Unconstrained build operations Thread 23" [_thread_blocked, id=176272, stack(0x000000c8fe100000,0x000000c8fe200000)]
  0x00000276af428800 JavaThread "Unconstrained build operations Thread 24" [_thread_blocked, id=176276, stack(0x000000c8fe200000,0x000000c8fe300000)]
  0x00000276aa7ac800 JavaThread "Unconstrained build operations Thread 25" [_thread_blocked, id=176280, stack(0x000000c8fe300000,0x000000c8fe400000)]
  0x00000276aa7af000 JavaThread "Unconstrained build operations Thread 26" [_thread_blocked, id=176284, stack(0x000000c8fe400000,0x000000c8fe500000)]
  0x00000276aa7ab000 JavaThread "Unconstrained build operations Thread 27" [_thread_blocked, id=176288, stack(0x000000c8fe500000,0x000000c8fe600000)]
  0x00000276aa7ad800 JavaThread "Unconstrained build operations Thread 28" [_thread_blocked, id=176292, stack(0x000000c8fe600000,0x000000c8fe700000)]
  0x00000276aa7aa800 JavaThread "Unconstrained build operations Thread 29" [_thread_blocked, id=176296, stack(0x000000c8fe700000,0x000000c8fe800000)]
  0x00000276aa7a9800 JavaThread "Unconstrained build operations Thread 30" [_thread_blocked, id=176300, stack(0x000000c8fe800000,0x000000c8fe900000)]
  0x00000276aa7ac000 JavaThread "Unconstrained build operations Thread 31" [_thread_blocked, id=176304, stack(0x000000c8fe900000,0x000000c8fea00000)]
  0x00000276aa7b3000 JavaThread "Unconstrained build operations Thread 32" [_thread_blocked, id=176308, stack(0x000000c8fea00000,0x000000c8feb00000)]
  0x00000276aa7b1800 JavaThread "Unconstrained build operations Thread 33" [_thread_blocked, id=176312, stack(0x000000c8feb00000,0x000000c8fec00000)]
  0x00000276aa7b1000 JavaThread "Unconstrained build operations Thread 34" [_thread_blocked, id=176316, stack(0x000000c8fec00000,0x000000c8fed00000)]
  0x00000276aa7ae800 JavaThread "Unconstrained build operations Thread 35" [_thread_blocked, id=176320, stack(0x000000c8fed00000,0x000000c8fee00000)]
  0x00000276aa7b2800 JavaThread "Unconstrained build operations Thread 36" [_thread_blocked, id=176324, stack(0x000000c8fee00000,0x000000c8fef00000)]
  0x00000276aa7b4000 JavaThread "Unconstrained build operations Thread 37" [_thread_blocked, id=176328, stack(0x000000c8fef00000,0x000000c8ff000000)]
  0x00000276aa7b5000 JavaThread "Unconstrained build operations Thread 38" [_thread_blocked, id=176332, stack(0x000000c8ff000000,0x000000c8ff100000)]
  0x00000276aa7b5800 JavaThread "Unconstrained build operations Thread 39" [_thread_blocked, id=176336, stack(0x000000c8ff100000,0x000000c8ff200000)]
  0x00000276aa7b0000 JavaThread "Unconstrained build operations Thread 40" [_thread_blocked, id=176340, stack(0x000000c8ff200000,0x000000c8ff300000)]
  0x00000276aa7b6800 JavaThread "Unconstrained build operations Thread 41" [_thread_blocked, id=176344, stack(0x000000c8ff300000,0x000000c8ff400000)]
  0x00000276aa7b7800 JavaThread "Unconstrained build operations Thread 42" [_thread_blocked, id=176348, stack(0x000000c8ff400000,0x000000c8ff500000)]
  0x00000276aa7b8000 JavaThread "Unconstrained build operations Thread 43" [_thread_in_native, id=176352, stack(0x000000c8ff500000,0x000000c8ff600000)]
  0x00000276af271800 JavaThread "Unconstrained build operations Thread 44" [_thread_blocked, id=176356, stack(0x000000c8ff600000,0x000000c8ff700000)]
  0x00000276af270000 JavaThread "Unconstrained build operations Thread 45" [_thread_blocked, id=176360, stack(0x000000c8ff700000,0x000000c8ff800000)]
  0x00000276af272800 JavaThread "Unconstrained build operations Thread 46" [_thread_blocked, id=176364, stack(0x000000c8ff800000,0x000000c8ff900000)]
  0x00000276af274000 JavaThread "Unconstrained build operations Thread 47" [_thread_blocked, id=176368, stack(0x000000c8ff900000,0x000000c8ffa00000)]
  0x00000276af270800 JavaThread "Unconstrained build operations Thread 48" [_thread_blocked, id=176372, stack(0x000000c8ffa00000,0x000000c8ffb00000)]
  0x00000276af273000 JavaThread "Unconstrained build operations Thread 49" [_thread_blocked, id=176376, stack(0x000000c8ffb00000,0x000000c8ffc00000)]
  0x00000276af26e800 JavaThread "Unconstrained build operations Thread 50" [_thread_blocked, id=176380, stack(0x000000c8ffc00000,0x000000c8ffd00000)]
  0x00000276af275000 JavaThread "Unconstrained build operations Thread 51" [_thread_blocked, id=176384, stack(0x000000c8ffd00000,0x000000c8ffe00000)]
  0x00000276af26f000 JavaThread "Unconstrained build operations Thread 52" [_thread_blocked, id=176388, stack(0x000000c8ffe00000,0x000000c8fff00000)]
  0x00000276af276800 JavaThread "Unconstrained build operations Thread 53" [_thread_blocked, id=176392, stack(0x000000c8fff00000,0x000000c900000000)]
  0x00000276af279000 JavaThread "Unconstrained build operations Thread 54" [_thread_blocked, id=176396, stack(0x000000c880000000,0x000000c880100000)]
  0x00000276af279800 JavaThread "Unconstrained build operations Thread 55" [_thread_blocked, id=176400, stack(0x000000c880100000,0x000000c880200000)]
  0x00000276af27a800 JavaThread "Unconstrained build operations Thread 56" [_thread_blocked, id=176404, stack(0x000000c880200000,0x000000c880300000)]
  0x00000276af275800 JavaThread "Unconstrained build operations Thread 57" [_thread_blocked, id=176408, stack(0x000000c880300000,0x000000c880400000)]
  0x00000276af278000 JavaThread "Unconstrained build operations Thread 58" [_thread_blocked, id=176412, stack(0x000000c880400000,0x000000c880500000)]
  0x00000276af27c000 JavaThread "Unconstrained build operations Thread 59" [_thread_blocked, id=176416, stack(0x000000c880500000,0x000000c880600000)]
  0x00000276af27b800 JavaThread "Unconstrained build operations Thread 60" [_thread_blocked, id=176420, stack(0x000000c880600000,0x000000c880700000)]
  0x00000276af27d000 JavaThread "Unconstrained build operations Thread 61" [_thread_blocked, id=176424, stack(0x000000c880700000,0x000000c880800000)]
  0x00000276af277000 JavaThread "Unconstrained build operations Thread 62" [_thread_blocked, id=176428, stack(0x000000c880800000,0x000000c880900000)]
  0x00000276ad136000 JavaThread "Unconstrained build operations Thread 63" [_thread_blocked, id=176432, stack(0x000000c880900000,0x000000c880a00000)]
  0x00000276ad130800 JavaThread "Unconstrained build operations Thread 64" [_thread_blocked, id=176436, stack(0x000000c880a00000,0x000000c880b00000)]
  0x00000276ad133800 JavaThread "Unconstrained build operations Thread 65" [_thread_blocked, id=176440, stack(0x000000c880b00000,0x000000c880c00000)]
  0x00000276ad134800 JavaThread "Unconstrained build operations Thread 66" [_thread_blocked, id=176444, stack(0x000000c880c00000,0x000000c880d00000)]
  0x00000276ad135800 JavaThread "Unconstrained build operations Thread 67" [_thread_blocked, id=176448, stack(0x000000c880d00000,0x000000c880e00000)]
  0x00000276ad137000 JavaThread "Unconstrained build operations Thread 68" [_thread_blocked, id=176452, stack(0x000000c880e00000,0x000000c880f00000)]
  0x00000276ad131800 JavaThread "Unconstrained build operations Thread 69" [_thread_blocked, id=176456, stack(0x000000c880f00000,0x000000c881000000)]
  0x00000276ad138000 JavaThread "Unconstrained build operations Thread 70" [_thread_blocked, id=176460, stack(0x000000c881000000,0x000000c881100000)]
  0x00000276ad132000 JavaThread "Unconstrained build operations Thread 71" [_thread_blocked, id=176464, stack(0x000000c881100000,0x000000c881200000)]
  0x00000276ad138800 JavaThread "Unconstrained build operations Thread 72" [_thread_blocked, id=176468, stack(0x000000c881200000,0x000000c881300000)]
  0x00000276ad133000 JavaThread "Unconstrained build operations Thread 73" [_thread_blocked, id=176472, stack(0x000000c881300000,0x000000c881400000)]
  0x00000276ad13e800 JavaThread "Unconstrained build operations Thread 74" [_thread_blocked, id=176476, stack(0x000000c881400000,0x000000c881500000)]
  0x00000276ad13f000 JavaThread "Unconstrained build operations Thread 75" [_thread_blocked, id=176480, stack(0x000000c881500000,0x000000c881600000)]
  0x00000276ad13c000 JavaThread "Unconstrained build operations Thread 76" [_thread_blocked, id=176484, stack(0x000000c881600000,0x000000c881700000)]
  0x00000276ad13a800 JavaThread "Unconstrained build operations Thread 77" [_thread_blocked, id=176488, stack(0x000000c881700000,0x000000c881800000)]
  0x00000276ad139800 JavaThread "Unconstrained build operations Thread 78" [_thread_blocked, id=176492, stack(0x000000c881800000,0x000000c881900000)]
  0x00000276ad13b000 JavaThread "Unconstrained build operations Thread 79" [_thread_blocked, id=176496, stack(0x000000c881900000,0x000000c881a00000)]
  0x00000276ad13c800 JavaThread "Unconstrained build operations Thread 80" [_thread_blocked, id=176500, stack(0x000000c881a00000,0x000000c881b00000)]
  0x00000276ad13d800 JavaThread "jar transforms Thread 6" [_thread_blocked, id=176504, stack(0x000000c881b00000,0x000000c881c00000)]
  0x00000276ad141800 JavaThread "jar transforms Thread 7" [_thread_blocked, id=176508, stack(0x000000c881c00000,0x000000c881d00000)]
  0x00000276ad142000 JavaThread "jar transforms Thread 8" [_thread_blocked, id=176512, stack(0x000000c881d00000,0x000000c881e00000)]
  0x00000276ad144800 JavaThread "Memory manager" [_thread_blocked, id=176728, stack(0x000000c881e00000,0x000000c881f00000)]
  0x00000276ad143000 JavaThread "build event listener" [_thread_blocked, id=176996, stack(0x000000c881f00000,0x000000c882000000)]
  0x00000276ad146000 JavaThread "pool-3-thread-1" [_thread_blocked, id=177076, stack(0x000000c882300000,0x000000c882400000)]
  0x00000276ad140800 JavaThread "build event listener" [_thread_blocked, id=177080, stack(0x000000c882400000,0x000000c882500000)]
  0x00000276ad14c800 JavaThread "included builds" [_thread_blocked, id=177084, stack(0x000000c882500000,0x000000c882600000)]
  0x00000276ad14c000 JavaThread "Execution worker for ':'" [_thread_blocked, id=177088, stack(0x000000c882600000,0x000000c882700000)]
  0x00000276ad148800 JavaThread "Execution worker for ':' Thread 2" [_thread_blocked, id=177092, stack(0x000000c882700000,0x000000c882800000)]
  0x00000276ad14b000 JavaThread "Execution worker for ':' Thread 3" [_thread_blocked, id=177096, stack(0x000000c882800000,0x000000c882900000)]
  0x00000276ad147000 JavaThread "Execution worker for ':' Thread 4" [_thread_blocked, id=177100, stack(0x000000c882900000,0x000000c882a00000)]
  0x00000276ad14d800 JavaThread "Execution worker for ':' Thread 5" [_thread_in_native, id=177104, stack(0x000000c882a00000,0x000000c882b00000)]
  0x00000276ad148000 JavaThread "Execution worker for ':' Thread 6" [_thread_blocked, id=177108, stack(0x000000c882b00000,0x000000c882c00000)]
  0x00000276ad14e800 JavaThread "Execution worker for ':' Thread 7" [_thread_blocked, id=177112, stack(0x000000c882c00000,0x000000c882d00000)]
  0x00000276ad14f000 JavaThread "Cache worker for execution history cache (C:\Users\jjs815\flurtter_project\chang_2nd_main_project\android\.gradle\7.4\executionHistory)" [_thread_blocked, id=177116, stack(0x000000c882d00000,0x000000c882e00000)]
  0x00000276aa469000 JavaThread "C2 CompilerThread1" daemon [_thread_in_native, id=177344, stack(0x000000c882e00000,0x000000c882f00000)]
=>0x00000276b6100800 JavaThread "C2 CompilerThread2" daemon [_thread_in_native, id=177380, stack(0x000000c883200000,0x000000c883300000)]

Other Threads:
  0x00000276a6e7d800 VMThread "VM Thread" [stack: 0x000000c8f9a00000,0x000000c8f9b00000] [id=174156]
  0x00000276a78f6800 WatcherThread [stack: 0x000000c8fa400000,0x000000c8fa500000] [id=176060]
  0x0000027688181000 GCTaskThread "GC Thread#0" [stack: 0x000000c8f9500000,0x000000c8f9600000] [id=129628]
  0x00000276a842b000 GCTaskThread "GC Thread#1" [stack: 0x000000c8fa600000,0x000000c8fa700000] [id=135316]
  0x00000276a86ed000 GCTaskThread "GC Thread#2" [stack: 0x000000c8fa700000,0x000000c8fa800000] [id=174424]
  0x00000276a84b3000 GCTaskThread "GC Thread#3" [stack: 0x000000c8fa800000,0x000000c8fa900000] [id=171424]
  0x00000276a84b3800 GCTaskThread "GC Thread#4" [stack: 0x000000c8fa900000,0x000000c8faa00000] [id=175020]
  0x00000276a84b8000 GCTaskThread "GC Thread#5" [stack: 0x000000c8faa00000,0x000000c8fab00000] [id=25940]
  0x00000276a84b4800 GCTaskThread "GC Thread#6" [stack: 0x000000c8fb800000,0x000000c8fb900000] [id=175060]
  0x00000276a84b9000 GCTaskThread "GC Thread#7" [stack: 0x000000c8fb900000,0x000000c8fba00000] [id=174244]
  0x00000276881ad800 ConcurrentGCThread "G1 Main Marker" [stack: 0x000000c8f9600000,0x000000c8f9700000] [id=173244]
  0x00000276881ae800 ConcurrentGCThread "G1 Conc#0" [stack: 0x000000c8f9700000,0x000000c8f9800000] [id=174260]
  0x00000276a84b2800 ConcurrentGCThread "G1 Conc#1" [stack: 0x000000c8fba00000,0x000000c8fbb00000] [id=176116]
  0x00000276a6ce8800 ConcurrentGCThread "G1 Refine#0" [stack: 0x000000c8f9800000,0x000000c8f9900000] [id=174368]
  0x00000276ab28b000 ConcurrentGCThread "G1 Refine#1" [stack: 0x000000c882000000,0x000000c882100000] [id=177008]
  0x00000276aa286000 ConcurrentGCThread "G1 Refine#2" [stack: 0x000000c882100000,0x000000c882200000] [id=177012]
  0x00000276aac03000 ConcurrentGCThread "G1 Refine#3" [stack: 0x000000c882200000,0x000000c882300000] [id=177016]
  0x00000276a6ce9000 ConcurrentGCThread "G1 Young RemSet Sampling" [stack: 0x000000c8f9900000,0x000000c8f9a00000] [id=174432]

Threads with active compile tasks:
C2 CompilerThread0  32964 15086       4       org.gradle.internal.logging.serializer.SpanSerializer::write (10 bytes)
C2 CompilerThread1  32964 15072   !   4       java.io.PrintStream::write (83 bytes)
C2 CompilerThread2  32964 14947       4       org.gradle.internal.component.model.ComponentAttributeMatcher::match (259 bytes)

VM state:not at safepoint (normal execution)

VM Mutex/Monitor currently owned by a thread: None

Heap address: 0x00000000a0000000, size: 1536 MB, Compressed Oops mode: 32-bit
Narrow klass base: 0x0000000000000000, Narrow klass shift: 3
Compressed class space size: 1073741824 Address: 0x0000000100000000

Heap:
 garbage-first heap   total 262144K, used 208212K [0x00000000a0000000, 0x0000000100000000)
  region size 1024K, 37 young (37888K), 7 survivors (7168K)
 Metaspace       used 99902K, capacity 104618K, committed 104908K, reserved 1140736K
  class space    used 12838K, capacity 14237K, committed 14284K, reserved 1048576K
Heap Regions: E=young(eden), S=young(survivor), O=old, HS=humongous(starts), HC=humongous(continues), CS=collection set, F=free, A=archive, TAMS=top-at-mark-start (previous, next)
|   0|0x00000000a0000000, 0x00000000a0100000, 0x00000000a0100000|100%| O|  |TAMS 0x00000000a0100000, 0x00000000a0000000| Untracked 
|   1|0x00000000a0100000, 0x00000000a0200000, 0x00000000a0200000|100%| O|  |TAMS 0x00000000a0200000, 0x00000000a0100000| Untracked 
|   2|0x00000000a0200000, 0x00000000a0300000, 0x00000000a0300000|100%| O|  |TAMS 0x00000000a0300000, 0x00000000a0200000| Untracked 
|   3|0x00000000a0300000, 0x00000000a0400000, 0x00000000a0400000|100%|HS|  |TAMS 0x00000000a0400000, 0x00000000a0300000| Complete 
|   4|0x00000000a0400000, 0x00000000a0500000, 0x00000000a0500000|100%|HC|  |TAMS 0x00000000a0500000, 0x00000000a0400000| Complete 
|   5|0x00000000a0500000, 0x00000000a0600000, 0x00000000a0600000|100%|HC|  |TAMS 0x00000000a0600000, 0x00000000a0500000| Complete 
|   6|0x00000000a0600000, 0x00000000a0700000, 0x00000000a0700000|100%| O|  |TAMS 0x00000000a0700000, 0x00000000a0600000| Untracked 
|   7|0x00000000a0700000, 0x00000000a0800000, 0x00000000a0800000|100%| O|  |TAMS 0x00000000a0800000, 0x00000000a0700000| Untracked 
|   8|0x00000000a0800000, 0x00000000a0900000, 0x00000000a0900000|100%| O|  |TAMS 0x00000000a0900000, 0x00000000a0800000| Untracked 
|   9|0x00000000a0900000, 0x00000000a0a00000, 0x00000000a0a00000|100%| O|  |TAMS 0x00000000a0a00000, 0x00000000a0900000| Untracked 
|  10|0x00000000a0a00000, 0x00000000a0b00000, 0x00000000a0b00000|100%| O|  |TAMS 0x00000000a0b00000, 0x00000000a0a00000| Untracked 
|  11|0x00000000a0b00000, 0x00000000a0c00000, 0x00000000a0c00000|100%| O|  |TAMS 0x00000000a0c00000, 0x00000000a0b00000| Untracked 
|  12|0x00000000a0c00000, 0x00000000a0d00000, 0x00000000a0d00000|100%| O|  |TAMS 0x00000000a0d00000, 0x00000000a0c00000| Untracked 
|  13|0x00000000a0d00000, 0x00000000a0e00000, 0x00000000a0e00000|100%| O|  |TAMS 0x00000000a0e00000, 0x00000000a0d00000| Untracked 
|  14|0x00000000a0e00000, 0x00000000a0f00000, 0x00000000a0f00000|100%| O|  |TAMS 0x00000000a0f00000, 0x00000000a0e00000| Untracked 
|  15|0x00000000a0f00000, 0x00000000a1000000, 0x00000000a1000000|100%| O|  |TAMS 0x00000000a1000000, 0x00000000a0f00000| Untracked 
|  16|0x00000000a1000000, 0x00000000a1100000, 0x00000000a1100000|100%| O|  |TAMS 0x00000000a1100000, 0x00000000a1000000| Untracked 
|  17|0x00000000a1100000, 0x00000000a1200000, 0x00000000a1200000|100%|HS|  |TAMS 0x00000000a1200000, 0x00000000a1100000| Complete 
|  18|0x00000000a1200000, 0x00000000a1300000, 0x00000000a1300000|100%|HS|  |TAMS 0x00000000a1300000, 0x00000000a1200000| Complete 
|  19|0x00000000a1300000, 0x00000000a1400000, 0x00000000a1400000|100%|HS|  |TAMS 0x00000000a1400000, 0x00000000a1300000| Complete 
|  20|0x00000000a1400000, 0x00000000a1500000, 0x00000000a1500000|100%|HS|  |TAMS 0x00000000a1500000, 0x00000000a1400000| Complete 
|  21|0x00000000a1500000, 0x00000000a1600000, 0x00000000a1600000|100%|HS|  |TAMS 0x00000000a1600000, 0x00000000a1500000| Complete 
|  22|0x00000000a1600000, 0x00000000a1700000, 0x00000000a1700000|100%|HC|  |TAMS 0x00000000a1700000, 0x00000000a1600000| Complete 
|  23|0x00000000a1700000, 0x00000000a1800000, 0x00000000a1800000|100%|HC|  |TAMS 0x00000000a1800000, 0x00000000a1700000| Complete 
|  24|0x00000000a1800000, 0x00000000a1900000, 0x00000000a1900000|100%|HS|  |TAMS 0x00000000a1900000, 0x00000000a1800000| Complete 
|  25|0x00000000a1900000, 0x00000000a1a00000, 0x00000000a1a00000|100%|HC|  |TAMS 0x00000000a1a00000, 0x00000000a1900000| Complete 
|  26|0x00000000a1a00000, 0x00000000a1b00000, 0x00000000a1b00000|100%| O|  |TAMS 0x00000000a1b00000, 0x00000000a1a00000| Untracked 
|  27|0x00000000a1b00000, 0x00000000a1c00000, 0x00000000a1c00000|100%| O|  |TAMS 0x00000000a1c00000, 0x00000000a1b00000| Untracked 
|  28|0x00000000a1c00000, 0x00000000a1d00000, 0x00000000a1d00000|100%| O|  |TAMS 0x00000000a1d00000, 0x00000000a1c00000| Untracked 
|  29|0x00000000a1d00000, 0x00000000a1e00000, 0x00000000a1e00000|100%| O|  |TAMS 0x00000000a1e00000, 0x00000000a1d00000| Untracked 
|  30|0x00000000a1e00000, 0x00000000a1f00000, 0x00000000a1f00000|100%| O|  |TAMS 0x00000000a1f00000, 0x00000000a1e00000| Untracked 
|  31|0x00000000a1f00000, 0x00000000a2000000, 0x00000000a2000000|100%| O|  |TAMS 0x00000000a2000000, 0x00000000a1f00000| Untracked 
|  32|0x00000000a2000000, 0x00000000a2100000, 0x00000000a2100000|100%| O|  |TAMS 0x00000000a2100000, 0x00000000a2000000| Untracked 
|  33|0x00000000a2100000, 0x00000000a2200000, 0x00000000a2200000|100%| O|  |TAMS 0x00000000a2200000, 0x00000000a2100000| Untracked 
|  34|0x00000000a2200000, 0x00000000a2300000, 0x00000000a2300000|100%| O|  |TAMS 0x00000000a2300000, 0x00000000a2200000| Untracked 
|  35|0x00000000a2300000, 0x00000000a2400000, 0x00000000a2400000|100%| O|  |TAMS 0x00000000a2400000, 0x00000000a2300000| Untracked 
|  36|0x00000000a2400000, 0x00000000a2500000, 0x00000000a2500000|100%| O|  |TAMS 0x00000000a2500000, 0x00000000a2400000| Untracked 
|  37|0x00000000a2500000, 0x00000000a2600000, 0x00000000a2600000|100%| O|  |TAMS 0x00000000a2600000, 0x00000000a2500000| Untracked 
|  38|0x00000000a2600000, 0x00000000a2700000, 0x00000000a2700000|100%| O|  |TAMS 0x00000000a2700000, 0x00000000a2600000| Untracked 
|  39|0x00000000a2700000, 0x00000000a2800000, 0x00000000a2800000|100%| O|  |TAMS 0x00000000a2800000, 0x00000000a2700000| Untracked 
|  40|0x00000000a2800000, 0x00000000a2900000, 0x00000000a2900000|100%| O|  |TAMS 0x00000000a2900000, 0x00000000a2800000| Untracked 
|  41|0x00000000a2900000, 0x00000000a2a00000, 0x00000000a2a00000|100%| O|  |TAMS 0x00000000a2a00000, 0x00000000a2900000| Untracked 
|  42|0x00000000a2a00000, 0x00000000a2b00000, 0x00000000a2b00000|100%| O|  |TAMS 0x00000000a2b00000, 0x00000000a2a00000| Untracked 
|  43|0x00000000a2b00000, 0x00000000a2c00000, 0x00000000a2c00000|100%| O|  |TAMS 0x00000000a2c00000, 0x00000000a2b00000| Untracked 
|  44|0x00000000a2c00000, 0x00000000a2d00000, 0x00000000a2d00000|100%| O|  |TAMS 0x00000000a2d00000, 0x00000000a2c00000| Untracked 
|  45|0x00000000a2d00000, 0x00000000a2e00000, 0x00000000a2e00000|100%| O|  |TAMS 0x00000000a2e00000, 0x00000000a2d00000| Untracked 
|  46|0x00000000a2e00000, 0x00000000a2f00000, 0x00000000a2f00000|100%| O|  |TAMS 0x00000000a2f00000, 0x00000000a2e00000| Untracked 
|  47|0x00000000a2f00000, 0x00000000a3000000, 0x00000000a3000000|100%| O|  |TAMS 0x00000000a3000000, 0x00000000a2f00000| Untracked 
|  48|0x00000000a3000000, 0x00000000a3100000, 0x00000000a3100000|100%| O|  |TAMS 0x00000000a3100000, 0x00000000a3000000| Untracked 
|  49|0x00000000a3100000, 0x00000000a3200000, 0x00000000a3200000|100%| O|  |TAMS 0x00000000a3200000, 0x00000000a3100000| Untracked 
|  50|0x00000000a3200000, 0x00000000a3300000, 0x00000000a3300000|100%| O|  |TAMS 0x00000000a3300000, 0x00000000a3200000| Untracked 
|  51|0x00000000a3300000, 0x00000000a3400000, 0x00000000a3400000|100%|HS|  |TAMS 0x00000000a3400000, 0x00000000a3300000| Complete 
|  52|0x00000000a3400000, 0x00000000a3500000, 0x00000000a3500000|100%|HS|  |TAMS 0x00000000a3500000, 0x00000000a3400000| Complete 
|  53|0x00000000a3500000, 0x00000000a3600000, 0x00000000a3600000|100%| O|  |TAMS 0x00000000a3600000, 0x00000000a3500000| Untracked 
|  54|0x00000000a3600000, 0x00000000a3700000, 0x00000000a3700000|100%| O|  |TAMS 0x00000000a3700000, 0x00000000a3600000| Untracked 
|  55|0x00000000a3700000, 0x00000000a3800000, 0x00000000a3800000|100%| O|  |TAMS 0x00000000a3800000, 0x00000000a3700000| Untracked 
|  56|0x00000000a3800000, 0x00000000a3900000, 0x00000000a3900000|100%| O|  |TAMS 0x00000000a3900000, 0x00000000a3800000| Untracked 
|  57|0x00000000a3900000, 0x00000000a3a00000, 0x00000000a3a00000|100%| O|  |TAMS 0x00000000a3a00000, 0x00000000a3900000| Untracked 
|  58|0x00000000a3a00000, 0x00000000a3b00000, 0x00000000a3b00000|100%| O|  |TAMS 0x00000000a3b00000, 0x00000000a3a00000| Untracked 
|  59|0x00000000a3b00000, 0x00000000a3c00000, 0x00000000a3c00000|100%| O|  |TAMS 0x00000000a3c00000, 0x00000000a3b00000| Untracked 
|  60|0x00000000a3c00000, 0x00000000a3d00000, 0x00000000a3d00000|100%| O|  |TAMS 0x00000000a3d00000, 0x00000000a3c00000| Untracked 
|  61|0x00000000a3d00000, 0x00000000a3e00000, 0x00000000a3e00000|100%| O|  |TAMS 0x00000000a3e00000, 0x00000000a3d00000| Untracked 
|  62|0x00000000a3e00000, 0x00000000a3f00000, 0x00000000a3f00000|100%| O|  |TAMS 0x00000000a3f00000, 0x00000000a3e00000| Untracked 
|  63|0x00000000a3f00000, 0x00000000a4000000, 0x00000000a4000000|100%| O|  |TAMS 0x00000000a4000000, 0x00000000a3f00000| Untracked 
|  64|0x00000000a4000000, 0x00000000a4100000, 0x00000000a4100000|100%|HS|  |TAMS 0x00000000a4100000, 0x00000000a4000000| Complete 
|  65|0x00000000a4100000, 0x00000000a4200000, 0x00000000a4200000|100%|HS|  |TAMS 0x00000000a4200000, 0x00000000a4100000| Complete 
|  66|0x00000000a4200000, 0x00000000a4300000, 0x00000000a4300000|100%| O|  |TAMS 0x00000000a4300000, 0x00000000a4200000| Untracked 
|  67|0x00000000a4300000, 0x00000000a4400000, 0x00000000a4400000|100%| O|  |TAMS 0x00000000a4400000, 0x00000000a4300000| Untracked 
|  68|0x00000000a4400000, 0x00000000a4500000, 0x00000000a4500000|100%| O|  |TAMS 0x00000000a4500000, 0x00000000a4400000| Untracked 
|  69|0x00000000a4500000, 0x00000000a4600000, 0x00000000a4600000|100%| O|  |TAMS 0x00000000a4600000, 0x00000000a4500000| Untracked 
|  70|0x00000000a4600000, 0x00000000a4700000, 0x00000000a4700000|100%|HS|  |TAMS 0x00000000a4700000, 0x00000000a4600000| Complete 
|  71|0x00000000a4700000, 0x00000000a4800000, 0x00000000a4800000|100%|HC|  |TAMS 0x00000000a4800000, 0x00000000a4700000| Complete 
|  72|0x00000000a4800000, 0x00000000a4900000, 0x00000000a4900000|100%|HS|  |TAMS 0x00000000a4900000, 0x00000000a4800000| Complete 
|  73|0x00000000a4900000, 0x00000000a4a00000, 0x00000000a4a00000|100%|HS|  |TAMS 0x00000000a4a00000, 0x00000000a4900000| Complete 
|  74|0x00000000a4a00000, 0x00000000a4b00000, 0x00000000a4b00000|100%|HS|  |TAMS 0x00000000a4b00000, 0x00000000a4a00000| Complete 
|  75|0x00000000a4b00000, 0x00000000a4c00000, 0x00000000a4c00000|100%| O|  |TAMS 0x00000000a4c00000, 0x00000000a4b00000| Untracked 
|  76|0x00000000a4c00000, 0x00000000a4d00000, 0x00000000a4d00000|100%| O|  |TAMS 0x00000000a4d00000, 0x00000000a4c00000| Untracked 
|  77|0x00000000a4d00000, 0x00000000a4e00000, 0x00000000a4e00000|100%| O|  |TAMS 0x00000000a4e00000, 0x00000000a4d00000| Untracked 
|  78|0x00000000a4e00000, 0x00000000a4f00000, 0x00000000a4f00000|100%| O|  |TAMS 0x00000000a4f00000, 0x00000000a4e00000| Untracked 
|  79|0x00000000a4f00000, 0x00000000a5000000, 0x00000000a5000000|100%| O|  |TAMS 0x00000000a5000000, 0x00000000a4f00000| Untracked 
|  80|0x00000000a5000000, 0x00000000a5100000, 0x00000000a5100000|100%| O|  |TAMS 0x00000000a5100000, 0x00000000a5000000| Untracked 
|  81|0x00000000a5100000, 0x00000000a5200000, 0x00000000a5200000|100%| O|  |TAMS 0x00000000a5200000, 0x00000000a5100000| Untracked 
|  82|0x00000000a5200000, 0x00000000a5300000, 0x00000000a5300000|100%| O|  |TAMS 0x00000000a5300000, 0x00000000a5200000| Untracked 
|  83|0x00000000a5300000, 0x00000000a5400000, 0x00000000a5400000|100%| O|  |TAMS 0x00000000a5400000, 0x00000000a5300000| Untracked 
|  84|0x00000000a5400000, 0x00000000a5500000, 0x00000000a5500000|100%| O|  |TAMS 0x00000000a5500000, 0x00000000a5400000| Untracked 
|  85|0x00000000a5500000, 0x00000000a5600000, 0x00000000a5600000|100%| O|  |TAMS 0x00000000a5600000, 0x00000000a5500000| Untracked 
|  86|0x00000000a5600000, 0x00000000a5700000, 0x00000000a5700000|100%| O|  |TAMS 0x00000000a5700000, 0x00000000a5600000| Untracked 
|  87|0x00000000a5700000, 0x00000000a5800000, 0x00000000a5800000|100%| O|  |TAMS 0x00000000a5800000, 0x00000000a5700000| Untracked 
|  88|0x00000000a5800000, 0x00000000a5900000, 0x00000000a5900000|100%| O|  |TAMS 0x00000000a5900000, 0x00000000a5800000| Untracked 
|  89|0x00000000a5900000, 0x00000000a5a00000, 0x00000000a5a00000|100%| O|  |TAMS 0x00000000a5a00000, 0x00000000a5900000| Untracked 
|  90|0x00000000a5a00000, 0x00000000a5b00000, 0x00000000a5b00000|100%| O|  |TAMS 0x00000000a5b00000, 0x00000000a5a00000| Untracked 
|  91|0x00000000a5b00000, 0x00000000a5c00000, 0x00000000a5c00000|100%| O|  |TAMS 0x00000000a5c00000, 0x00000000a5b00000| Untracked 
|  92|0x00000000a5c00000, 0x00000000a5d00000, 0x00000000a5d00000|100%| O|  |TAMS 0x00000000a5d00000, 0x00000000a5c00000| Untracked 
|  93|0x00000000a5d00000, 0x00000000a5e00000, 0x00000000a5e00000|100%| O|  |TAMS 0x00000000a5e00000, 0x00000000a5d00000| Untracked 
|  94|0x00000000a5e00000, 0x00000000a5f00000, 0x00000000a5f00000|100%| O|  |TAMS 0x00000000a5f00000, 0x00000000a5e00000| Untracked 
|  95|0x00000000a5f00000, 0x00000000a6000000, 0x00000000a6000000|100%| O|  |TAMS 0x00000000a6000000, 0x00000000a5f00000| Untracked 
|  96|0x00000000a6000000, 0x00000000a6100000, 0x00000000a6100000|100%| O|  |TAMS 0x00000000a6100000, 0x00000000a6000000| Untracked 
|  97|0x00000000a6100000, 0x00000000a6200000, 0x00000000a6200000|100%| O|  |TAMS 0x00000000a6200000, 0x00000000a6100000| Untracked 
|  98|0x00000000a6200000, 0x00000000a6300000, 0x00000000a6300000|100%|HS|  |TAMS 0x00000000a6300000, 0x00000000a6200000| Complete 
|  99|0x00000000a6300000, 0x00000000a6400000, 0x00000000a6400000|100%|HS|  |TAMS 0x00000000a6400000, 0x00000000a6300000| Complete 
| 100|0x00000000a6400000, 0x00000000a6500000, 0x00000000a6500000|100%|HS|  |TAMS 0x00000000a6500000, 0x00000000a6400000| Complete 
| 101|0x00000000a6500000, 0x00000000a6600000, 0x00000000a6600000|100%|HC|  |TAMS 0x00000000a6600000, 0x00000000a6500000| Complete 
| 102|0x00000000a6600000, 0x00000000a6700000, 0x00000000a6700000|100%|HC|  |TAMS 0x00000000a6700000, 0x00000000a6600000| Complete 
| 103|0x00000000a6700000, 0x00000000a6800000, 0x00000000a6800000|100%| O|  |TAMS 0x00000000a6800000, 0x00000000a6700000| Untracked 
| 104|0x00000000a6800000, 0x00000000a6900000, 0x00000000a6900000|100%| O|  |TAMS 0x00000000a6900000, 0x00000000a6800000| Untracked 
| 105|0x00000000a6900000, 0x00000000a6a00000, 0x00000000a6a00000|100%| O|  |TAMS 0x00000000a6a00000, 0x00000000a6900000| Untracked 
| 106|0x00000000a6a00000, 0x00000000a6b00000, 0x00000000a6b00000|100%| O|  |TAMS 0x00000000a6b00000, 0x00000000a6a00000| Untracked 
| 107|0x00000000a6b00000, 0x00000000a6c00000, 0x00000000a6c00000|100%| O|  |TAMS 0x00000000a6c00000, 0x00000000a6b00000| Untracked 
| 108|0x00000000a6c00000, 0x00000000a6d00000, 0x00000000a6d00000|100%| O|  |TAMS 0x00000000a6d00000, 0x00000000a6c00000| Untracked 
| 109|0x00000000a6d00000, 0x00000000a6e00000, 0x00000000a6e00000|100%| O|  |TAMS 0x00000000a6e00000, 0x00000000a6d00000| Untracked 
| 110|0x00000000a6e00000, 0x00000000a6f00000, 0x00000000a6f00000|100%| O|  |TAMS 0x00000000a6f00000, 0x00000000a6e00000| Untracked 
| 111|0x00000000a6f00000, 0x00000000a7000000, 0x00000000a7000000|100%| O|  |TAMS 0x00000000a7000000, 0x00000000a6f00000| Untracked 
| 112|0x00000000a7000000, 0x00000000a7100000, 0x00000000a7100000|100%| O|  |TAMS 0x00000000a7100000, 0x00000000a7000000| Untracked 
| 113|0x00000000a7100000, 0x00000000a7200000, 0x00000000a7200000|100%| O|  |TAMS 0x00000000a7200000, 0x00000000a7100000| Untracked 
| 114|0x00000000a7200000, 0x00000000a7300000, 0x00000000a7300000|100%| O|  |TAMS 0x00000000a7300000, 0x00000000a7200000| Untracked 
| 115|0x00000000a7300000, 0x00000000a7400000, 0x00000000a7400000|100%| O|  |TAMS 0x00000000a7400000, 0x00000000a7300000| Untracked 
| 116|0x00000000a7400000, 0x00000000a7500000, 0x00000000a7500000|100%| O|  |TAMS 0x00000000a7500000, 0x00000000a7400000| Untracked 
| 117|0x00000000a7500000, 0x00000000a7600000, 0x00000000a7600000|100%| O|  |TAMS 0x00000000a7600000, 0x00000000a7500000| Untracked 
| 118|0x00000000a7600000, 0x00000000a7700000, 0x00000000a7700000|100%| O|  |TAMS 0x00000000a7700000, 0x00000000a7600000| Untracked 
| 119|0x00000000a7700000, 0x00000000a7800000, 0x00000000a7800000|100%| O|  |TAMS 0x00000000a7800000, 0x00000000a7700000| Untracked 
| 120|0x00000000a7800000, 0x00000000a7900000, 0x00000000a7900000|100%| O|  |TAMS 0x00000000a7900000, 0x00000000a7800000| Untracked 
| 121|0x00000000a7900000, 0x00000000a7a00000, 0x00000000a7a00000|100%| O|  |TAMS 0x00000000a7a00000, 0x00000000a7900000| Untracked 
| 122|0x00000000a7a00000, 0x00000000a7b00000, 0x00000000a7b00000|100%| O|  |TAMS 0x00000000a7b00000, 0x00000000a7a00000| Untracked 
| 123|0x00000000a7b00000, 0x00000000a7c00000, 0x00000000a7c00000|100%| O|  |TAMS 0x00000000a7c00000, 0x00000000a7b00000| Untracked 
| 124|0x00000000a7c00000, 0x00000000a7d00000, 0x00000000a7d00000|100%| O|  |TAMS 0x00000000a7d00000, 0x00000000a7c00000| Untracked 
| 125|0x00000000a7d00000, 0x00000000a7e00000, 0x00000000a7e00000|100%| O|  |TAMS 0x00000000a7e00000, 0x00000000a7d00000| Untracked 
| 126|0x00000000a7e00000, 0x00000000a7f00000, 0x00000000a7f00000|100%| O|  |TAMS 0x00000000a7f00000, 0x00000000a7e00000| Untracked 
| 127|0x00000000a7f00000, 0x00000000a8000000, 0x00000000a8000000|100%| O|  |TAMS 0x00000000a8000000, 0x00000000a7f00000| Untracked 
| 128|0x00000000a8000000, 0x00000000a8100000, 0x00000000a8100000|100%| O|  |TAMS 0x00000000a8100000, 0x00000000a8000000| Untracked 
| 129|0x00000000a8100000, 0x00000000a8200000, 0x00000000a8200000|100%| O|  |TAMS 0x00000000a8200000, 0x00000000a8100000| Untracked 
| 130|0x00000000a8200000, 0x00000000a8300000, 0x00000000a8300000|100%| O|  |TAMS 0x00000000a8300000, 0x00000000a8200000| Untracked 
| 131|0x00000000a8300000, 0x00000000a8400000, 0x00000000a8400000|100%| O|  |TAMS 0x00000000a8400000, 0x00000000a8300000| Untracked 
| 132|0x00000000a8400000, 0x00000000a8500000, 0x00000000a8500000|100%| O|  |TAMS 0x00000000a8500000, 0x00000000a8400000| Untracked 
| 133|0x00000000a8500000, 0x00000000a8600000, 0x00000000a8600000|100%| O|  |TAMS 0x00000000a8600000, 0x00000000a8500000| Untracked 
| 134|0x00000000a8600000, 0x00000000a8700000, 0x00000000a8700000|100%| O|  |TAMS 0x00000000a8700000, 0x00000000a8600000| Untracked 
| 135|0x00000000a8700000, 0x00000000a8800000, 0x00000000a8800000|100%| O|  |TAMS 0x00000000a8800000, 0x00000000a8700000| Untracked 
| 136|0x00000000a8800000, 0x00000000a8900000, 0x00000000a8900000|100%| O|  |TAMS 0x00000000a8900000, 0x00000000a8800000| Untracked 
| 137|0x00000000a8900000, 0x00000000a8a00000, 0x00000000a8a00000|100%| O|  |TAMS 0x00000000a8a00000, 0x00000000a8900000| Untracked 
| 138|0x00000000a8a00000, 0x00000000a8b00000, 0x00000000a8b00000|100%| O|  |TAMS 0x00000000a8b00000, 0x00000000a8a00000| Untracked 
| 139|0x00000000a8b00000, 0x00000000a8c00000, 0x00000000a8c00000|100%| O|  |TAMS 0x00000000a8c00000, 0x00000000a8b00000| Untracked 
| 140|0x00000000a8c00000, 0x00000000a8d00000, 0x00000000a8d00000|100%| O|  |TAMS 0x00000000a8d00000, 0x00000000a8c00000| Untracked 
| 141|0x00000000a8d00000, 0x00000000a8e00000, 0x00000000a8e00000|100%| O|  |TAMS 0x00000000a8e00000, 0x00000000a8d00000| Untracked 
| 142|0x00000000a8e00000, 0x00000000a8f00000, 0x00000000a8f00000|100%| O|  |TAMS 0x00000000a8f00000, 0x00000000a8e00000| Untracked 
| 143|0x00000000a8f00000, 0x00000000a9000000, 0x00000000a9000000|100%| O|  |TAMS 0x00000000a9000000, 0x00000000a8f00000| Untracked 
| 144|0x00000000a9000000, 0x00000000a9100000, 0x00000000a9100000|100%| O|  |TAMS 0x00000000a9100000, 0x00000000a9000000| Untracked 
| 145|0x00000000a9100000, 0x00000000a9200000, 0x00000000a9200000|100%| O|  |TAMS 0x00000000a9200000, 0x00000000a9100000| Untracked 
| 146|0x00000000a9200000, 0x00000000a9300000, 0x00000000a9300000|100%| O|  |TAMS 0x00000000a9300000, 0x00000000a9200000| Untracked 
| 147|0x00000000a9300000, 0x00000000a9400000, 0x00000000a9400000|100%| O|  |TAMS 0x00000000a9400000, 0x00000000a9300000| Untracked 
| 148|0x00000000a9400000, 0x00000000a9500000, 0x00000000a9500000|100%| O|  |TAMS 0x00000000a9500000, 0x00000000a9400000| Untracked 
| 149|0x00000000a9500000, 0x00000000a9600000, 0x00000000a9600000|100%| O|  |TAMS 0x00000000a9600000, 0x00000000a9500000| Untracked 
| 150|0x00000000a9600000, 0x00000000a9700000, 0x00000000a9700000|100%| O|  |TAMS 0x00000000a9700000, 0x00000000a9600000| Untracked 
| 151|0x00000000a9700000, 0x00000000a9800000, 0x00000000a9800000|100%| O|  |TAMS 0x00000000a9800000, 0x00000000a9700000| Untracked 
| 152|0x00000000a9800000, 0x00000000a9900000, 0x00000000a9900000|100%| O|  |TAMS 0x00000000a9900000, 0x00000000a9800000| Untracked 
| 153|0x00000000a9900000, 0x00000000a9a00000, 0x00000000a9a00000|100%| O|  |TAMS 0x00000000a9a00000, 0x00000000a9900000| Untracked 
| 154|0x00000000a9a00000, 0x00000000a9b00000, 0x00000000a9b00000|100%| O|  |TAMS 0x00000000a9b00000, 0x00000000a9a00000| Untracked 
| 155|0x00000000a9b00000, 0x00000000a9c00000, 0x00000000a9c00000|100%| O|  |TAMS 0x00000000a9c00000, 0x00000000a9b00000| Untracked 
| 156|0x00000000a9c00000, 0x00000000a9d00000, 0x00000000a9d00000|100%| O|  |TAMS 0x00000000a9d00000, 0x00000000a9c00000| Untracked 
| 157|0x00000000a9d00000, 0x00000000a9e00000, 0x00000000a9e00000|100%| O|  |TAMS 0x00000000a9e00000, 0x00000000a9d00000| Untracked 
| 158|0x00000000a9e00000, 0x00000000a9f00000, 0x00000000a9f00000|100%| O|  |TAMS 0x00000000a9f00000, 0x00000000a9e00000| Untracked 
| 159|0x00000000a9f00000, 0x00000000aa000000, 0x00000000aa000000|100%| O|  |TAMS 0x00000000aa000000, 0x00000000a9f00000| Untracked 
| 160|0x00000000aa000000, 0x00000000aa100000, 0x00000000aa100000|100%| O|  |TAMS 0x00000000aa100000, 0x00000000aa000000| Untracked 
| 161|0x00000000aa100000, 0x00000000aa200000, 0x00000000aa200000|100%| O|  |TAMS 0x00000000aa200000, 0x00000000aa100000| Untracked 
| 162|0x00000000aa200000, 0x00000000aa300000, 0x00000000aa300000|100%| O|  |TAMS 0x00000000aa300000, 0x00000000aa200000| Untracked 
| 163|0x00000000aa300000, 0x00000000aa400000, 0x00000000aa400000|100%| O|  |TAMS 0x00000000aa400000, 0x00000000aa300000| Untracked 
| 164|0x00000000aa400000, 0x00000000aa500000, 0x00000000aa500000|100%| O|  |TAMS 0x00000000aa500000, 0x00000000aa400000| Untracked 
| 165|0x00000000aa500000, 0x00000000aa600000, 0x00000000aa600000|100%| O|  |TAMS 0x00000000aa533200, 0x00000000aa500000| Untracked 
| 166|0x00000000aa600000, 0x00000000aa700000, 0x00000000aa700000|100%| O|  |TAMS 0x00000000aa600000, 0x00000000aa600000| Untracked 
| 167|0x00000000aa700000, 0x00000000aa800000, 0x00000000aa800000|100%| O|  |TAMS 0x00000000aa700000, 0x00000000aa700000| Untracked 
| 168|0x00000000aa800000, 0x00000000aa834400, 0x00000000aa900000| 20%| O|  |TAMS 0x00000000aa800000, 0x00000000aa800000| Untracked 
| 169|0x00000000aa900000, 0x00000000aa900000, 0x00000000aaa00000|  0%| F|  |TAMS 0x00000000aa900000, 0x00000000aa900000| Untracked 
| 170|0x00000000aaa00000, 0x00000000aaa00000, 0x00000000aab00000|  0%| F|  |TAMS 0x00000000aaa00000, 0x00000000aaa00000| Untracked 
| 171|0x00000000aab00000, 0x00000000aab00000, 0x00000000aac00000|  0%| F|  |TAMS 0x00000000aab00000, 0x00000000aab00000| Untracked 
| 172|0x00000000aac00000, 0x00000000aac00000, 0x00000000aad00000|  0%| F|  |TAMS 0x00000000aac00000, 0x00000000aac00000| Untracked 
| 173|0x00000000aad00000, 0x00000000aad00000, 0x00000000aae00000|  0%| F|  |TAMS 0x00000000aad00000, 0x00000000aad00000| Untracked 
| 174|0x00000000aae00000, 0x00000000aae00000, 0x00000000aaf00000|  0%| F|  |TAMS 0x00000000aae00000, 0x00000000aae00000| Untracked 
| 175|0x00000000aaf00000, 0x00000000aaf00000, 0x00000000ab000000|  0%| F|  |TAMS 0x00000000aaf00000, 0x00000000aaf00000| Untracked 
| 176|0x00000000ab000000, 0x00000000ab000000, 0x00000000ab100000|  0%| F|  |TAMS 0x00000000ab000000, 0x00000000ab000000| Untracked 
| 177|0x00000000ab100000, 0x00000000ab100000, 0x00000000ab200000|  0%| F|  |TAMS 0x00000000ab100000, 0x00000000ab100000| Untracked 
| 178|0x00000000ab200000, 0x00000000ab200000, 0x00000000ab300000|  0%| F|  |TAMS 0x00000000ab200000, 0x00000000ab200000| Untracked 
| 179|0x00000000ab300000, 0x00000000ab300000, 0x00000000ab400000|  0%| F|  |TAMS 0x00000000ab300000, 0x00000000ab300000| Untracked 
| 180|0x00000000ab400000, 0x00000000ab400000, 0x00000000ab500000|  0%| F|  |TAMS 0x00000000ab400000, 0x00000000ab400000| Untracked 
| 181|0x00000000ab500000, 0x00000000ab500000, 0x00000000ab600000|  0%| F|  |TAMS 0x00000000ab500000, 0x00000000ab500000| Untracked 
| 182|0x00000000ab600000, 0x00000000ab600000, 0x00000000ab700000|  0%| F|  |TAMS 0x00000000ab600000, 0x00000000ab600000| Untracked 
| 183|0x00000000ab700000, 0x00000000ab700000, 0x00000000ab800000|  0%| F|  |TAMS 0x00000000ab700000, 0x00000000ab700000| Untracked 
| 184|0x00000000ab800000, 0x00000000ab800000, 0x00000000ab900000|  0%| F|  |TAMS 0x00000000ab800000, 0x00000000ab800000| Untracked 
| 185|0x00000000ab900000, 0x00000000ab900000, 0x00000000aba00000|  0%| F|  |TAMS 0x00000000ab900000, 0x00000000ab900000| Untracked 
| 186|0x00000000aba00000, 0x00000000aba00000, 0x00000000abb00000|  0%| F|  |TAMS 0x00000000aba00000, 0x00000000aba00000| Untracked 
| 187|0x00000000abb00000, 0x00000000abb00000, 0x00000000abc00000|  0%| F|  |TAMS 0x00000000abb00000, 0x00000000abb00000| Untracked 
| 188|0x00000000abc00000, 0x00000000abc00000, 0x00000000abd00000|  0%| F|  |TAMS 0x00000000abc00000, 0x00000000abc00000| Untracked 
| 189|0x00000000abd00000, 0x00000000abd00000, 0x00000000abe00000|  0%| F|  |TAMS 0x00000000abd00000, 0x00000000abd00000| Untracked 
| 190|0x00000000abe00000, 0x00000000abe00000, 0x00000000abf00000|  0%| F|  |TAMS 0x00000000abe00000, 0x00000000abe00000| Untracked 
| 191|0x00000000abf00000, 0x00000000abf00000, 0x00000000ac000000|  0%| F|  |TAMS 0x00000000abf00000, 0x00000000abf00000| Untracked 
| 192|0x00000000ac000000, 0x00000000ac000000, 0x00000000ac100000|  0%| F|  |TAMS 0x00000000ac000000, 0x00000000ac000000| Untracked 
| 193|0x00000000ac100000, 0x00000000ac100000, 0x00000000ac200000|  0%| F|  |TAMS 0x00000000ac100000, 0x00000000ac100000| Untracked 
| 194|0x00000000ac200000, 0x00000000ac200000, 0x00000000ac300000|  0%| F|  |TAMS 0x00000000ac200000, 0x00000000ac200000| Untracked 
| 195|0x00000000ac300000, 0x00000000ac300000, 0x00000000ac400000|  0%| F|  |TAMS 0x00000000ac300000, 0x00000000ac300000| Untracked 
| 196|0x00000000ac400000, 0x00000000ac400000, 0x00000000ac500000|  0%| F|  |TAMS 0x00000000ac400000, 0x00000000ac400000| Untracked 
| 197|0x00000000ac500000, 0x00000000ac500000, 0x00000000ac600000|  0%| F|  |TAMS 0x00000000ac500000, 0x00000000ac500000| Untracked 
| 198|0x00000000ac600000, 0x00000000ac600000, 0x00000000ac700000|  0%| F|  |TAMS 0x00000000ac600000, 0x00000000ac600000| Untracked 
| 199|0x00000000ac700000, 0x00000000ac700000, 0x00000000ac800000|  0%| F|  |TAMS 0x00000000ac700000, 0x00000000ac700000| Untracked 
| 200|0x00000000ac800000, 0x00000000ac820fb0, 0x00000000ac900000| 12%| S|CS|TAMS 0x00000000ac800000, 0x00000000ac800000| Complete 
| 201|0x00000000ac900000, 0x00000000aca00000, 0x00000000aca00000|100%| S|CS|TAMS 0x00000000ac900000, 0x00000000ac900000| Complete 
| 202|0x00000000aca00000, 0x00000000aca00000, 0x00000000acb00000|  0%| F|  |TAMS 0x00000000aca00000, 0x00000000aca00000| Untracked 
| 203|0x00000000acb00000, 0x00000000acb00000, 0x00000000acc00000|  0%| F|  |TAMS 0x00000000acb00000, 0x00000000acb00000| Untracked 
| 204|0x00000000acc00000, 0x00000000acc00000, 0x00000000acd00000|  0%| F|  |TAMS 0x00000000acc00000, 0x00000000acc00000| Untracked 
| 205|0x00000000acd00000, 0x00000000acd00000, 0x00000000ace00000|  0%| F|  |TAMS 0x00000000acd00000, 0x00000000acd00000| Untracked 
| 206|0x00000000ace00000, 0x00000000acf00000, 0x00000000acf00000|100%| S|CS|TAMS 0x00000000ace00000, 0x00000000ace00000| Complete 
| 207|0x00000000acf00000, 0x00000000ad000000, 0x00000000ad000000|100%| S|CS|TAMS 0x00000000acf00000, 0x00000000acf00000| Complete 
| 208|0x00000000ad000000, 0x00000000ad100000, 0x00000000ad100000|100%| S|CS|TAMS 0x00000000ad000000, 0x00000000ad000000| Complete 
| 209|0x00000000ad100000, 0x00000000ad200000, 0x00000000ad200000|100%| S|CS|TAMS 0x00000000ad100000, 0x00000000ad100000| Complete 
| 210|0x00000000ad200000, 0x00000000ad200000, 0x00000000ad300000|  0%| F|  |TAMS 0x00000000ad200000, 0x00000000ad200000| Untracked 
| 211|0x00000000ad300000, 0x00000000ad300000, 0x00000000ad400000|  0%| F|  |TAMS 0x00000000ad300000, 0x00000000ad300000| Untracked 
| 212|0x00000000ad400000, 0x00000000ad500000, 0x00000000ad500000|100%| S|CS|TAMS 0x00000000ad400000, 0x00000000ad400000| Complete 
| 213|0x00000000ad500000, 0x00000000ad500000, 0x00000000ad600000|  0%| F|  |TAMS 0x00000000ad500000, 0x00000000ad500000| Untracked 
| 214|0x00000000ad600000, 0x00000000ad600000, 0x00000000ad700000|  0%| F|  |TAMS 0x00000000ad600000, 0x00000000ad600000| Untracked 
| 215|0x00000000ad700000, 0x00000000ad700000, 0x00000000ad800000|  0%| F|  |TAMS 0x00000000ad700000, 0x00000000ad700000| Untracked 
| 216|0x00000000ad800000, 0x00000000ad800000, 0x00000000ad900000|  0%| F|  |TAMS 0x00000000ad800000, 0x00000000ad800000| Untracked 
| 217|0x00000000ad900000, 0x00000000ad900000, 0x00000000ada00000|  0%| F|  |TAMS 0x00000000ad900000, 0x00000000ad900000| Untracked 
| 218|0x00000000ada00000, 0x00000000ada00000, 0x00000000adb00000|  0%| F|  |TAMS 0x00000000ada00000, 0x00000000ada00000| Untracked 
| 219|0x00000000adb00000, 0x00000000adb00000, 0x00000000adc00000|  0%| F|  |TAMS 0x00000000adb00000, 0x00000000adb00000| Untracked 
| 220|0x00000000adc00000, 0x00000000adc00000, 0x00000000add00000|  0%| F|  |TAMS 0x00000000adc00000, 0x00000000adc00000| Untracked 
| 221|0x00000000add00000, 0x00000000add00000, 0x00000000ade00000|  0%| F|  |TAMS 0x00000000add00000, 0x00000000add00000| Untracked 
| 222|0x00000000ade00000, 0x00000000ade00000, 0x00000000adf00000|  0%| F|  |TAMS 0x00000000ade00000, 0x00000000ade00000| Untracked 
| 223|0x00000000adf00000, 0x00000000adf00000, 0x00000000ae000000|  0%| F|  |TAMS 0x00000000adf00000, 0x00000000adf00000| Untracked 
| 224|0x00000000ae000000, 0x00000000ae000000, 0x00000000ae100000|  0%| F|  |TAMS 0x00000000ae000000, 0x00000000ae000000| Untracked 
| 225|0x00000000ae100000, 0x00000000ae100000, 0x00000000ae200000|  0%| F|  |TAMS 0x00000000ae100000, 0x00000000ae100000| Untracked 
| 226|0x00000000ae200000, 0x00000000ae300000, 0x00000000ae300000|100%| E|  |TAMS 0x00000000ae200000, 0x00000000ae200000| Complete 
| 227|0x00000000ae300000, 0x00000000ae400000, 0x00000000ae400000|100%| E|CS|TAMS 0x00000000ae300000, 0x00000000ae300000| Complete 
| 228|0x00000000ae400000, 0x00000000ae500000, 0x00000000ae500000|100%| E|CS|TAMS 0x00000000ae400000, 0x00000000ae400000| Complete 
| 229|0x00000000ae500000, 0x00000000ae600000, 0x00000000ae600000|100%| E|CS|TAMS 0x00000000ae500000, 0x00000000ae500000| Complete 
| 230|0x00000000ae600000, 0x00000000ae700000, 0x00000000ae700000|100%| E|CS|TAMS 0x00000000ae600000, 0x00000000ae600000| Complete 
| 231|0x00000000ae700000, 0x00000000ae800000, 0x00000000ae800000|100%| E|CS|TAMS 0x00000000ae700000, 0x00000000ae700000| Complete 
| 232|0x00000000ae800000, 0x00000000ae900000, 0x00000000ae900000|100%| E|CS|TAMS 0x00000000ae800000, 0x00000000ae800000| Complete 
| 233|0x00000000ae900000, 0x00000000aea00000, 0x00000000aea00000|100%| E|CS|TAMS 0x00000000ae900000, 0x00000000ae900000| Complete 
| 234|0x00000000aea00000, 0x00000000aeb00000, 0x00000000aeb00000|100%| E|CS|TAMS 0x00000000aea00000, 0x00000000aea00000| Complete 
| 235|0x00000000aeb00000, 0x00000000aec00000, 0x00000000aec00000|100%| E|CS|TAMS 0x00000000aeb00000, 0x00000000aeb00000| Complete 
| 236|0x00000000aec00000, 0x00000000aed00000, 0x00000000aed00000|100%| E|CS|TAMS 0x00000000aec00000, 0x00000000aec00000| Complete 
| 237|0x00000000aed00000, 0x00000000aee00000, 0x00000000aee00000|100%| E|CS|TAMS 0x00000000aed00000, 0x00000000aed00000| Complete 
| 238|0x00000000aee00000, 0x00000000aef00000, 0x00000000aef00000|100%| E|CS|TAMS 0x00000000aee00000, 0x00000000aee00000| Complete 
| 239|0x00000000aef00000, 0x00000000af000000, 0x00000000af000000|100%| E|CS|TAMS 0x00000000aef00000, 0x00000000aef00000| Complete 
| 240|0x00000000af000000, 0x00000000af100000, 0x00000000af100000|100%| E|CS|TAMS 0x00000000af000000, 0x00000000af000000| Complete 
| 241|0x00000000af100000, 0x00000000af200000, 0x00000000af200000|100%| E|CS|TAMS 0x00000000af100000, 0x00000000af100000| Complete 
| 242|0x00000000af200000, 0x00000000af300000, 0x00000000af300000|100%| E|CS|TAMS 0x00000000af200000, 0x00000000af200000| Complete 
| 243|0x00000000af300000, 0x00000000af400000, 0x00000000af400000|100%| E|CS|TAMS 0x00000000af300000, 0x00000000af300000| Complete 
| 244|0x00000000af400000, 0x00000000af500000, 0x00000000af500000|100%| E|CS|TAMS 0x00000000af400000, 0x00000000af400000| Complete 
| 245|0x00000000af500000, 0x00000000af600000, 0x00000000af600000|100%| E|CS|TAMS 0x00000000af500000, 0x00000000af500000| Complete 
| 246|0x00000000af600000, 0x00000000af700000, 0x00000000af700000|100%| E|CS|TAMS 0x00000000af600000, 0x00000000af600000| Complete 
| 247|0x00000000af700000, 0x00000000af800000, 0x00000000af800000|100%| E|CS|TAMS 0x00000000af700000, 0x00000000af700000| Complete 
| 248|0x00000000af800000, 0x00000000af900000, 0x00000000af900000|100%| E|CS|TAMS 0x00000000af800000, 0x00000000af800000| Complete 
| 249|0x00000000af900000, 0x00000000afa00000, 0x00000000afa00000|100%| E|CS|TAMS 0x00000000af900000, 0x00000000af900000| Complete 
| 250|0x00000000afa00000, 0x00000000afb00000, 0x00000000afb00000|100%| E|CS|TAMS 0x00000000afa00000, 0x00000000afa00000| Complete 
| 251|0x00000000afb00000, 0x00000000afc00000, 0x00000000afc00000|100%| E|CS|TAMS 0x00000000afb00000, 0x00000000afb00000| Complete 
| 252|0x00000000afc00000, 0x00000000afd00000, 0x00000000afd00000|100%| E|CS|TAMS 0x00000000afc00000, 0x00000000afc00000| Complete 
| 253|0x00000000afd00000, 0x00000000afe00000, 0x00000000afe00000|100%| E|CS|TAMS 0x00000000afd00000, 0x00000000afd00000| Complete 
| 254|0x00000000afe00000, 0x00000000aff00000, 0x00000000aff00000|100%| E|CS|TAMS 0x00000000afe00000, 0x00000000afe00000| Complete 
| 255|0x00000000aff00000, 0x00000000b0000000, 0x00000000b0000000|100%| E|CS|TAMS 0x00000000aff00000, 0x00000000aff00000| Complete 

Card table byte_map: [0x00000276a0d90000,0x00000276a1090000] _byte_map_base: 0x00000276a0890000

Marking Bits (Prev, Next): (CMBitMap*) 0x00000276881a4c18, (CMBitMap*) 0x00000276881a4c50
 Prev Bits: [0x00000276a1390000, 0x00000276a2b90000)
 Next Bits: [0x00000276a2b90000, 0x00000276a4390000)

Polling page: 0x0000027688250000

Metaspace:

Usage:
  Non-class:     88.26 MB capacity,    85.02 MB ( 96%) used,     2.96 MB (  3%) free+waste,   285.94 KB ( <1%) overhead. 
      Class:     13.90 MB capacity,    12.54 MB ( 90%) used,     1.23 MB (  9%) free+waste,   136.75 KB ( <1%) overhead. 
       Both:    102.17 MB capacity,    97.56 MB ( 95%) used,     4.19 MB (  4%) free+waste,   422.69 KB ( <1%) overhead. 

Virtual space:
  Non-class space:       90.00 MB reserved,      88.50 MB ( 98%) committed 
      Class space:        1.00 GB reserved,      13.95 MB (  1%) committed 
             Both:        1.09 GB reserved,     102.45 MB (  9%) committed 

Chunk freelists:
   Non-Class:  6.38 KB
       Class:  384 bytes
        Both:  6.75 KB

CodeHeap 'non-profiled nmethods': size=120000Kb used=9718Kb max_used=9718Kb free=110281Kb
 bounds [0x0000027698b00000, 0x0000027699480000, 0x00000276a0030000]
CodeHeap 'profiled nmethods': size=120000Kb used=31191Kb max_used=31191Kb free=88808Kb
 bounds [0x00000276915d0000, 0x0000027693460000, 0x0000027698b00000]
CodeHeap 'non-nmethods': size=5760Kb used=2335Kb max_used=2367Kb free=3424Kb
 bounds [0x0000027691030000, 0x00000276912a0000, 0x00000276915d0000]
 total_blobs=15149 nmethods=14222 adapters=836
 compilation: enabled
              stopped_count=0, restarted_count=0
 full_count=0

Compilation events (10 events):
Event: 32.857 Thread 0x00000276aa469000 nmethod 15035 0x0000027699471a10 code [0x0000027699471bc0, 0x0000027699472048]
Event: 32.857 Thread 0x00000276aa469000 15034       4       org.gradle.api.internal.artifacts.ivyservice.resolutionstrategy.DefaultCachePolicy$CachedModuleResolutionControl::<init> (14 bytes)
Event: 32.858 Thread 0x00000276a772c000 15069       3       org.gradle.api.internal.artifacts.result.DefaultResolutionResult::getRoot (13 bytes)
Event: 32.858 Thread 0x00000276a772c000 nmethod 15069 0x0000027693449290 code [0x0000027693449440, 0x0000027693449708]
Event: 32.860 Thread 0x00000276aa469000 nmethod 15034 0x0000027699472490 code [0x0000027699472600, 0x0000027699472918]
Event: 32.860 Thread 0x00000276aa469000 15070       4       org.gradle.api.internal.artifacts.configurations.DefaultConfiguration::notifyChildren (40 bytes)
Event: 32.877 Thread 0x00000276a772c000 15073       3       org.gradle.internal.logging.serializer.ProgressCompleteEventSerializer::write (10 bytes)
Event: 32.877 Thread 0x00000276a772c000 nmethod 15073 0x0000027693449810 code [0x00000276934499c0, 0x0000027693449be8]
Event: 32.877 Thread 0x00000276a772c000 15074       3       org.gradle.internal.logging.serializer.ProgressCompleteEventSerializer::write (44 bytes)
Event: 32.877 Thread 0x00000276a772c000 nmethod 15074 0x0000027693449d10 code [0x0000027693449f00, 0x000002769344a398]

GC Heap History (10 events):
Event: 11.394 GC heap before
{Heap before GC invocations=17 (full 0):
 garbage-first heap   total 262144K, used 211234K [0x00000000a0000000, 0x0000000100000000)
  region size 1024K, 67 young (68608K), 7 survivors (7168K)
 Metaspace       used 90976K, capacity 95649K, committed 95692K, reserved 1132544K
  class space    used 11889K, capacity 13258K, committed 13260K, reserved 1048576K
}
Event: 11.402 GC heap after
{Heap after GC invocations=18 (full 0):
 garbage-first heap   total 262144K, used 157277K [0x00000000a0000000, 0x0000000100000000)
  region size 1024K, 8 young (8192K), 8 survivors (8192K)
 Metaspace       used 90976K, capacity 95649K, committed 95692K, reserved 1132544K
  class space    used 11889K, capacity 13258K, committed 13260K, reserved 1048576K
}
Event: 12.047 GC heap before
{Heap before GC invocations=18 (full 0):
 garbage-first heap   total 262144K, used 212573K [0x00000000a0000000, 0x0000000100000000)
  region size 1024K, 62 young (63488K), 8 survivors (8192K)
 Metaspace       used 94244K, capacity 98901K, committed 99276K, reserved 1134592K
  class space    used 12290K, capacity 13650K, committed 13772K, reserved 1048576K
}
Event: 12.060 GC heap after
{Heap after GC invocations=19 (full 0):
 garbage-first heap   total 262144K, used 167450K [0x00000000a0000000, 0x0000000100000000)
  region size 1024K, 8 young (8192K), 8 survivors (8192K)
 Metaspace       used 94244K, capacity 98901K, committed 99276K, reserved 1134592K
  class space    used 12290K, capacity 13650K, committed 13772K, reserved 1048576K
}
Event: 17.534 GC heap before
{Heap before GC invocations=20 (full 0):
 garbage-first heap   total 262144K, used 214554K [0x00000000a0000000, 0x0000000100000000)
  region size 1024K, 54 young (55296K), 8 survivors (8192K)
 Metaspace       used 98982K, capacity 103748K, committed 103884K, reserved 1138688K
  class space    used 12813K, capacity 14191K, committed 14284K, reserved 1048576K
}
Event: 17.541 GC heap after
{Heap after GC invocations=21 (full 0):
 garbage-first heap   total 262144K, used 171813K [0x00000000a0000000, 0x0000000100000000)
  region size 1024K, 4 young (4096K), 4 survivors (4096K)
 Metaspace       used 98982K, capacity 103748K, committed 103884K, reserved 1138688K
  class space    used 12813K, capacity 14191K, committed 14284K, reserved 1048576K
}
Event: 29.262 GC heap before
{Heap before GC invocations=21 (full 0):
 garbage-first heap   total 262144K, used 216869K [0x00000000a0000000, 0x0000000100000000)
  region size 1024K, 48 young (49152K), 4 survivors (4096K)
 Metaspace       used 99567K, capacity 104279K, committed 104396K, reserved 1138688K
  class space    used 12836K, capacity 14235K, committed 14284K, reserved 1048576K
}
Event: 29.267 GC heap after
{Heap after GC invocations=22 (full 0):
 garbage-first heap   total 262144K, used 175308K [0x00000000a0000000, 0x0000000100000000)
  region size 1024K, 6 young (6144K), 6 survivors (6144K)
 Metaspace       used 99567K, capacity 104279K, committed 104396K, reserved 1138688K
  class space    used 12836K, capacity 14235K, committed 14284K, reserved 1048576K
}
Event: 31.585 GC heap before
{Heap before GC invocations=23 (full 0):
 garbage-first heap   total 262144K, used 219340K [0x00000000a0000000, 0x0000000100000000)
  region size 1024K, 49 young (50176K), 6 survivors (6144K)
 Metaspace       used 99788K, capacity 104488K, committed 104652K, reserved 1140736K
  class space    used 12838K, capacity 14237K, committed 14284K, reserved 1048576K
}
Event: 31.590 GC heap after
{Heap after GC invocations=24 (full 0):
 garbage-first heap   total 262144K, used 178516K [0x00000000a0000000, 0x0000000100000000)
  region size 1024K, 7 young (7168K), 7 survivors (7168K)
 Metaspace       used 99788K, capacity 104488K, committed 104652K, reserved 1140736K
  class space    used 12838K, capacity 14237K, committed 14284K, reserved 1048576K
}

Deoptimization events (10 events):
Event: 29.448 Thread 0x00000276ad14d800 Uncommon trap: reason=unstable_if action=reinterpret pc=0x00000276991e70ac method=com.esotericsoftware.kryo.io.Input.readAscii()Ljava/lang/String; @ 23 c2
Event: 29.564 Thread 0x00000276ad14d800 Uncommon trap: reason=bimorphic_or_optimized_type_check action=maybe_recompile pc=0x0000027698fdd540 method=com.google.common.collect.ImmutableCollection$Builder.addAll(Ljava/lang/Iterable;)Lcom/google/common/collect/ImmutableCollection$Builder; @ 1 c2
Event: 31.097 Thread 0x00000276ad14d800 Uncommon trap: reason=bimorphic_or_optimized_type_check action=maybe_recompile pc=0x0000027698fdd540 method=com.google.common.collect.ImmutableCollection$Builder.addAll(Ljava/lang/Iterable;)Lcom/google/common/collect/ImmutableCollection$Builder; @ 1 c2
Event: 32.663 Thread 0x00000276ad14d800 Uncommon trap: reason=unstable_if action=reinterpret pc=0x000002769932f0a0 method=com.esotericsoftware.kryo.io.Output.writeBoolean(Z)V @ 8 c2
Event: 32.671 Thread 0x00000276ad14d800 Uncommon trap: reason=profile_predicate action=maybe_recompile pc=0x000002769941f1ac method=org.gradle.api.internal.artifacts.configurations.Configurations.getNames(Ljava/util/Collection;)Lcom/google/common/collect/ImmutableSet; @ 67 c2
Event: 32.671 Thread 0x00000276ad14d800 Uncommon trap: reason=profile_predicate action=maybe_recompile pc=0x000002769941f1ac method=org.gradle.api.internal.artifacts.configurations.Configurations.getNames(Ljava/util/Collection;)Lcom/google/common/collect/ImmutableSet; @ 67 c2
Event: 32.671 Thread 0x00000276ad14d800 Uncommon trap: reason=profile_predicate action=maybe_recompile pc=0x000002769941f1ac method=org.gradle.api.internal.artifacts.configurations.Configurations.getNames(Ljava/util/Collection;)Lcom/google/common/collect/ImmutableSet; @ 67 c2
Event: 32.671 Thread 0x00000276ad14d800 Uncommon trap: reason=profile_predicate action=maybe_recompile pc=0x000002769941f1ac method=org.gradle.api.internal.artifacts.configurations.Configurations.getNames(Ljava/util/Collection;)Lcom/google/common/collect/ImmutableSet; @ 67 c2
Event: 32.706 Thread 0x00000276ad14d800 Uncommon trap: reason=class_check action=maybe_recompile pc=0x000002769945725c method=org.gradle.internal.component.model.AttributeConfigurationSelector.filterVariantsByRequestedCapabilities(Lorg/gradle/internal/component/model/ComponentResolveMetadata;Lj
Event: 32.707 Thread 0x00000276ad14d800 Uncommon trap: reason=class_check action=maybe_recompile pc=0x000002769945725c method=org.gradle.internal.component.model.AttributeConfigurationSelector.filterVariantsByRequestedCapabilities(Lorg/gradle/internal/component/model/ComponentResolveMetadata;Lj

Classes redefined (0 events):
No events

Internal exceptions (10 events):
Event: 11.048 Thread 0x00000276ad14d800 Exception <a 'sun/nio/fs/WindowsException'{0x00000000ae8f5238}> (0x00000000ae8f5238) thrown at [./open/src/hotspot/share/prims/jni.cpp, line 611]
Event: 11.048 Thread 0x00000276ad14d800 Exception <a 'sun/nio/fs/WindowsException'{0x00000000ae8f6db8}> (0x00000000ae8f6db8) thrown at [./open/src/hotspot/share/prims/jni.cpp, line 611]
Event: 11.048 Thread 0x00000276ad14d800 Exception <a 'sun/nio/fs/WindowsException'{0x00000000ae8f8988}> (0x00000000ae8f8988) thrown at [./open/src/hotspot/share/prims/jni.cpp, line 611]
Event: 11.048 Thread 0x00000276ad14d800 Exception <a 'sun/nio/fs/WindowsException'{0x00000000ae8fa558}> (0x00000000ae8fa558) thrown at [./open/src/hotspot/share/prims/jni.cpp, line 611]
Event: 11.260 Thread 0x00000276ad14d800 Exception <a 'java/lang/NoSuchMethodError'{0x00000000ad18fd98}: java.lang.invoke.Invokers$Holder.linkToTargetMethod(Ljava/lang/Object;IILjava/lang/Object;)Ljava/lang/Object;> (0x00000000ad18fd98) thrown at [./open/src/hotspot/share/interpreter/linkResolve
Event: 11.402 Thread 0x00000276a7685000 Implicit null exception at 0x00000276991a100d to 0x00000276991a17d4
Event: 11.637 Thread 0x00000276a912b000 Implicit null exception at 0x0000027698b33fd7 to 0x0000027698b344e4
Event: 11.637 Thread 0x00000276a912b000 Implicit null exception at 0x0000027698f45774 to 0x0000027698f45d68
Event: 11.783 Thread 0x00000276ad14d800 Exception <a 'sun/nio/fs/WindowsException'{0x00000000ae0ca100}> (0x00000000ae0ca100) thrown at [./open/src/hotspot/share/prims/jni.cpp, line 611]
Event: 17.274 Thread 0x00000276af428800 Exception <a 'java/net/SocketTimeoutException'{0x00000000ad795708}: Read timed out> (0x00000000ad795708) thrown at [./open/src/hotspot/share/prims/jni.cpp, line 632]

Events (10 events):
Event: 32.682 Thread 0x00000276ad14d800 DEOPT PACKING pc=0x0000027693131c57 sp=0x000000c882af96f0
Event: 32.682 Thread 0x00000276ad14d800 DEOPT UNPACKING pc=0x0000027691056dde sp=0x000000c882af8bf0 mode 0
Event: 32.706 Thread 0x00000276ad14d800 Uncommon trap: trap_request=0xffffffde fr.pc=0x000002769945725c relative=0x0000000000000ebc
Event: 32.706 Thread 0x00000276ad14d800 DEOPT PACKING pc=0x000002769945725c sp=0x000000c882af9810
Event: 32.706 Thread 0x00000276ad14d800 DEOPT UNPACKING pc=0x000002769105662f sp=0x000000c882af97c0 mode 2
Event: 32.707 Thread 0x00000276ad14d800 Uncommon trap: trap_request=0xffffffde fr.pc=0x000002769945725c relative=0x0000000000000ebc
Event: 32.707 Thread 0x00000276ad14d800 DEOPT PACKING pc=0x000002769945725c sp=0x000000c882af9810
Event: 32.707 Thread 0x00000276ad14d800 DEOPT UNPACKING pc=0x000002769105662f sp=0x000000c882af97c0 mode 2
Event: 32.816 loading class org/gradle/api/internal/artifacts/ivyservice/resolutionstrategy/DefaultCachePolicy$1
Event: 32.816 loading class org/gradle/api/internal/artifacts/ivyservice/resolutionstrategy/DefaultCachePolicy$1 done


Dynamic libraries:
0x00007ff67c7f0000 - 0x00007ff67c7ff000 	C:\Program Files\Java\jdk-11.0.15\bin\java.exe
0x00007ff8c7490000 - 0x00007ff8c7688000 	C:\WINDOWS\SYSTEM32\ntdll.dll
0x00007ff8c6c40000 - 0x00007ff8c6cfd000 	C:\WINDOWS\System32\KERNEL32.DLL
0x00007ff8c5220000 - 0x00007ff8c54ee000 	C:\WINDOWS\System32\KERNELBASE.dll
0x00007ff8c5070000 - 0x00007ff8c5170000 	C:\WINDOWS\System32\ucrtbase.dll
0x00007ff8b0fb0000 - 0x00007ff8b0fc5000 	C:\Program Files\Java\jdk-11.0.15\bin\VCRUNTIME140.dll
0x00007ff8b5750000 - 0x00007ff8b5768000 	C:\Program Files\Java\jdk-11.0.15\bin\jli.dll
0x00007ff8c69e0000 - 0x00007ff8c6a8e000 	C:\WINDOWS\System32\ADVAPI32.dll
0x00007ff8c61f0000 - 0x00007ff8c628e000 	C:\WINDOWS\System32\msvcrt.dll
0x00007ff8c5e70000 - 0x00007ff8c5f0c000 	C:\WINDOWS\System32\sechost.dll
0x00007ff8c67d0000 - 0x00007ff8c68f5000 	C:\WINDOWS\System32\RPCRT4.dll
0x00007ff8c6020000 - 0x00007ff8c61c0000 	C:\WINDOWS\System32\USER32.dll
0x00007ff8c4c20000 - 0x00007ff8c4c42000 	C:\WINDOWS\System32\win32u.dll
0x00007ff8acc20000 - 0x00007ff8aceba000 	C:\WINDOWS\WinSxS\amd64_microsoft.windows.common-controls_6595b64144ccf1df_6.0.19041.1110_none_60b5254171f9507e\COMCTL32.dll
0x00007ff8c61c0000 - 0x00007ff8c61ea000 	C:\WINDOWS\System32\GDI32.dll
0x00007ff8c4ca0000 - 0x00007ff8c4dab000 	C:\WINDOWS\System32\gdi32full.dll
0x00007ff8c4de0000 - 0x00007ff8c4e7d000 	C:\WINDOWS\System32\msvcp_win.dll
0x00007ff8c3340000 - 0x00007ff8c334a000 	C:\WINDOWS\SYSTEM32\VERSION.dll
0x00007ff8c5f20000 - 0x00007ff8c5f50000 	C:\WINDOWS\System32\IMM32.DLL
0x00007ff890b30000 - 0x00007ff890bcb000 	C:\Program Files\Java\jdk-11.0.15\bin\msvcp140.dll
0x00007ff863fd0000 - 0x00007ff864ae6000 	C:\Program Files\Java\jdk-11.0.15\bin\server\jvm.dll
0x00007ff8c5630000 - 0x00007ff8c5638000 	C:\WINDOWS\System32\PSAPI.DLL
0x00007ff8bfda0000 - 0x00007ff8bfda9000 	C:\WINDOWS\SYSTEM32\WSOCK32.dll
0x00007ff8b9190000 - 0x00007ff8b91b7000 	C:\WINDOWS\SYSTEM32\WINMM.dll
0x00007ff8c6290000 - 0x00007ff8c62fb000 	C:\WINDOWS\System32\WS2_32.dll
0x00007ff8c3480000 - 0x00007ff8c3492000 	C:\WINDOWS\SYSTEM32\kernel.appcore.dll
0x00007ff8b64c0000 - 0x00007ff8b64d0000 	C:\Program Files\Java\jdk-11.0.15\bin\verify.dll
0x00007ff8be440000 - 0x00007ff8be624000 	C:\WINDOWS\SYSTEM32\DBGHELP.DLL
0x00007ff8be170000 - 0x00007ff8be19c000 	C:\WINDOWS\SYSTEM32\dbgcore.DLL
0x00007ff8c4e80000 - 0x00007ff8c4f02000 	C:\WINDOWS\System32\bcryptPrimitives.dll
0x00007ff8b0f30000 - 0x00007ff8b0f58000 	C:\Program Files\Java\jdk-11.0.15\bin\java.dll
0x00007ff8b5c40000 - 0x00007ff8b5c4a000 	C:\Program Files\Java\jdk-11.0.15\bin\jimage.dll
0x00007ff8b0f10000 - 0x00007ff8b0f26000 	C:\Program Files\Java\jdk-11.0.15\bin\zip.dll
0x00007ff8c6d00000 - 0x00007ff8c7443000 	C:\WINDOWS\System32\SHELL32.dll
0x00007ff8c2ba0000 - 0x00007ff8c3335000 	C:\WINDOWS\SYSTEM32\windows.storage.dll
0x00007ff8c56f0000 - 0x00007ff8c5a44000 	C:\WINDOWS\System32\combase.dll
0x00007ff8c4540000 - 0x00007ff8c4570000 	C:\WINDOWS\SYSTEM32\Wldp.dll
0x00007ff8c5640000 - 0x00007ff8c56ed000 	C:\WINDOWS\System32\SHCORE.dll
0x00007ff8c55d0000 - 0x00007ff8c5625000 	C:\WINDOWS\System32\shlwapi.dll
0x00007ff8c4af0000 - 0x00007ff8c4b0f000 	C:\WINDOWS\SYSTEM32\profapi.dll
0x00007ff8a7c80000 - 0x00007ff8a7c99000 	C:\Program Files\Java\jdk-11.0.15\bin\net.dll
0x00007ff8be330000 - 0x00007ff8be43a000 	C:\WINDOWS\SYSTEM32\WINHTTP.dll
0x00007ff8c42a0000 - 0x00007ff8c430a000 	C:\WINDOWS\system32\mswsock.dll
0x00007ff8a73d0000 - 0x00007ff8a73e2000 	C:\Program Files\Java\jdk-11.0.15\bin\nio.dll
0x00007ff8b5770000 - 0x00007ff8b5797000 	C:\Users\jjs815\.gradle\native\e1d6ef7f7dcc3fd88c89a11ec53ec762bb8ba0a96d01ffa2cd45eb1d1d8dd5c5\windows-amd64\native-platform.dll
0x00007ff877ae0000 - 0x00007ff877c24000 	C:\Users\jjs815\.gradle\native\0d407fdbe67a94daf76414ababcb853783967236a71b16ec16e742cd7a986fd3\windows-amd64\native-platform-file-events.dll
0x00007ff8b5740000 - 0x00007ff8b5749000 	C:\Program Files\Java\jdk-11.0.15\bin\management.dll
0x00007ff8b0ec0000 - 0x00007ff8b0ecb000 	C:\Program Files\Java\jdk-11.0.15\bin\management_ext.dll
0x00007ff8c4490000 - 0x00007ff8c44a8000 	C:\WINDOWS\SYSTEM32\CRYPTSP.dll
0x00007ff8c3c20000 - 0x00007ff8c3c54000 	C:\WINDOWS\system32\rsaenh.dll
0x00007ff8c4db0000 - 0x00007ff8c4dd7000 	C:\WINDOWS\System32\bcrypt.dll
0x00007ff8c4a70000 - 0x00007ff8c4a9e000 	C:\WINDOWS\SYSTEM32\USERENV.dll
0x00007ff8c44b0000 - 0x00007ff8c44bc000 	C:\WINDOWS\SYSTEM32\CRYPTBASE.dll
0x00007ff8c3f90000 - 0x00007ff8c3fcb000 	C:\WINDOWS\SYSTEM32\IPHLPAPI.DLL
0x00007ff8c69d0000 - 0x00007ff8c69d8000 	C:\WINDOWS\System32\NSI.dll
0x00007ff8bf970000 - 0x00007ff8bf987000 	C:\WINDOWS\SYSTEM32\dhcpcsvc6.DLL
0x00007ff8bf950000 - 0x00007ff8bf96d000 	C:\WINDOWS\SYSTEM32\dhcpcsvc.DLL
0x00007ff8c3fd0000 - 0x00007ff8c409a000 	C:\WINDOWS\SYSTEM32\DNSAPI.dll
0x00007ff8b0bc0000 - 0x00007ff8b0be5000 	C:\Program Files\Java\jdk-11.0.15\bin\sunec.dll
0x00007ff8be1b0000 - 0x00007ff8be1ba000 	C:\Windows\System32\rasadhlp.dll
0x00007ff8bcf40000 - 0x00007ff8bcfc0000 	C:\WINDOWS\System32\fwpuclnt.dll
0x00007ff8b0c20000 - 0x00007ff8b0c2d000 	C:\Program Files\Java\jdk-11.0.15\bin\sunmscapi.dll
0x00007ff8c4f10000 - 0x00007ff8c5066000 	C:\WINDOWS\System32\CRYPT32.dll
0x00007ff8c45b0000 - 0x00007ff8c45d7000 	C:\WINDOWS\SYSTEM32\ncrypt.dll
0x00007ff8c4570000 - 0x00007ff8c45ab000 	C:\WINDOWS\SYSTEM32\NTASN1.dll

dbghelp: loaded successfully - version: 4.0.5 - missing functions: none
symbol engine: initialized successfully - sym options: 0x614 - pdb path: .;C:\Program Files\Java\jdk-11.0.15\bin;C:\WINDOWS\SYSTEM32;C:\WINDOWS\WinSxS\amd64_microsoft.windows.common-controls_6595b64144ccf1df_6.0.19041.1110_none_60b5254171f9507e;C:\Program Files\Java\jdk-11.0.15\bin\server;C:\Users\jjs815\.gradle\native\e1d6ef7f7dcc3fd88c89a11ec53ec762bb8ba0a96d01ffa2cd45eb1d1d8dd5c5\windows-amd64;C:\Users\jjs815\.gradle\native\0d407fdbe67a94daf76414ababcb853783967236a71b16ec16e742cd7a986fd3\windows-amd64

VM Arguments:
jvm_args: --add-opens=java.base/java.util=ALL-UNNAMED --add-opens=java.base/java.lang=ALL-UNNAMED --add-opens=java.base/java.lang.invoke=ALL-UNNAMED --add-opens=java.base/java.util=ALL-UNNAMED --add-opens=java.prefs/java.util.prefs=ALL-UNNAMED --add-opens=java.prefs/java.util.prefs=ALL-UNNAMED --add-opens=java.base/java.nio.charset=ALL-UNNAMED --add-opens=java.base/java.net=ALL-UNNAMED --add-opens=java.base/java.util.concurrent.atomic=ALL-UNNAMED -Xmx1536M -Dfile.encoding=x-windows-949 -Duser.country=KR -Duser.language=ko -Duser.variant 
java_command: org.gradle.launcher.daemon.bootstrap.GradleDaemon 7.4
java_class_path (initial): C:\Users\jjs815\.gradle\wrapper\dists\gradle-7.4-all\aadb4xli5jkdsnukm30eibyiu\gradle-7.4\lib\gradle-launcher-7.4.jar
Launcher Type: SUN_STANDARD

[Global flags]
     intx CICompilerCount                          = 4                                         {product} {ergonomic}
     uint ConcGCThreads                            = 2                                         {product} {ergonomic}
     uint G1ConcRefinementThreads                  = 8                                         {product} {ergonomic}
   size_t G1HeapRegionSize                         = 1048576                                   {product} {ergonomic}
    uintx GCDrainStackTargetSize                   = 64                                        {product} {ergonomic}
   size_t InitialHeapSize                          = 268435456                                 {product} {ergonomic}
   size_t MarkStackSize                            = 4194304                                   {product} {ergonomic}
   size_t MaxHeapSize                              = 1610612736                                {product} {command line}
   size_t MaxNewSize                               = 965738496                                 {product} {ergonomic}
   size_t MinHeapDeltaBytes                        = 1048576                                   {product} {ergonomic}
    uintx NonNMethodCodeHeapSize                   = 5836300                                {pd product} {ergonomic}
    uintx NonProfiledCodeHeapSize                  = 122910970                              {pd product} {ergonomic}
    uintx ProfiledCodeHeapSize                     = 122910970                              {pd product} {ergonomic}
    uintx ReservedCodeCacheSize                    = 251658240                              {pd product} {ergonomic}
     bool SegmentedCodeCache                       = true                                      {product} {ergonomic}
     bool UseCompressedClassPointers               = true                                 {lp64_product} {ergonomic}
     bool UseCompressedOops                        = true                                 {lp64_product} {ergonomic}
     bool UseG1GC                                  = true                                      {product} {ergonomic}
     bool UseLargePagesIndividualAllocation        = false                                  {pd product} {ergonomic}

Logging:
Log output configuration:
 #0: stdout all=warning uptime,level,tags
 #1: stderr all=off uptime,level,tags

Environment Variables:
JAVA_HOME=C:\Program Files\Java\jdk-11.0.15
CLASSPATH=C:\Users\jjs815\flurtter_project\chang_2nd_main_project\android\\gradle\wrapper\gradle-wrapper.jar
PATH=C:\Program Files\Common Files\Oracle\Java\javapath;C:\Program Files\Zulu\zulu-11\bin\;C:\Program Files\NVIDIA GPU Computing Toolkit\CUDA\v11.3\bin;C:\Program Files\NVIDIA GPU Computing Toolkit\CUDA\v11.3\libnvvp;C:\Python39\Scripts\;C:\Python39\;C:\Program Files (x86)\NAT Service;C:\ProgramData\Oracle\Java\javapath;C:\WINDOWS\system32;C:\WINDOWS;C:\WINDOWS\System32\Wbem;C:\WINDOWS\System32\WindowsPowerShell\v1.0\;C:\WINDOWS\System32\OpenSSH\;C:\Program Files (x86)\ePapyrus\Papyrus-PlugIn-xfa;C:\Program Files (x86)\ePapyrus\Papyrus-PlugIn-xfa\Addins;C:\Program Files\PuTTY\;C:\python;C:\ProgramData\chocolatey\bin;C:\Program Files (x86)\Yarn;C:\Users\jjs815\AppData\Local\Android\Sdk\platform-tools;C:\Program Files\OpenJDK\openjdk-8u282-b08\bin;C:\Program Files\Java\jdk1.8.0_211\bin;C:\Program Files\Git\cmd;C:\Program Files\nodejs\;C:\Program Files\NVIDIA Corporation\NVIDIA NvDLISR;C:\Program Files\NVIDIA Corporation\Nsight Compute 2021.1.1\;C:\Program Files (x86)\NVIDIA Corporation\PhysX\Common;C:\Program Files\OpenSSL-Win64\bin;C:\Program Files\Java\jdk-11.0.15;C:\Users\jjs815\AppData\Local\Programs\Python\Python38\Scripts\;C:\Users\jjs815\AppData\Local\Programs\Python\Python38\;C:\python\Scripts\;C:\python\;"C:\Users\jjs815\AppData\Local\Microsoft\WindowsApps;%C:\Python27";%USERPROFILE%\AppData\Local\Microsoft\WindowsApps;C:\Users\jjs815\AppData\Local\Programs\Microsoft VS Code\bin;C:\Users\jjs815\AppData\Roaming\npm;%IntelliJ IDEA Community Edition%;C:\Users\jjs815\flutter\bin;C:\Users\jjs815\ffmpeg-5.1-full_build\bin;
USERNAME=jjs815
OS=Windows_NT
PROCESSOR_IDENTIFIER=Intel64 Family 6 Model 158 Stepping 9, GenuineIntel



---------------  S Y S T E M  ---------------

OS: Windows 10 , 64 bit Build 19041 (10.0.19041.1889)

CPU:total 8 (initial active 8) (4 cores per cpu, 2 threads per core) family 6 model 158 stepping 9 microcode 0xb4, cmov, cx8, fxsr, mmx, sse, sse2, sse3, ssse3, sse4.1, sse4.2, popcnt, avx, avx2, aes, clmul, erms, rtm, 3dnowpref, lzcnt, ht, tsc, tscinvbit, bmi1, bmi2, adx, fma

Memory: 4k page, system-wide physical 16296M (855M free)
TotalPageFile size 26296M (AvailPageFile size 3M)
current process WorkingSet (physical memory assigned to process): 576M, peak: 595M
current process commit charge ("private bytes"): 629M, peak: 648M

vm_info: Java HotSpot(TM) 64-Bit Server VM (11.0.15+8-LTS-149) for windows-amd64 JRE (11.0.15+8-LTS-149), built on Mar  9 2022 22:42:32 by "mach5one" with MS VC++ 15.9 (VS2017)

END.
