#
# There is insufficient memory for the Java Runtime Environment to continue.
# Native memory allocation (mmap) failed to map 268435456 bytes for Failed to commit area from 0x0000000701400000 to 0x0000000711400000 of length 268435456.
# Possible reasons:
#   The system is out of physical RAM or swap space
#   The process is running with CompressedOops enabled, and the Java Heap may be blocking the growth of the native heap
# Possible solutions:
#   Reduce memory load on the system
#   Increase physical memory or swap space
#   Check if swap backing store is full
#   Decrease Java heap size (-Xmx/-Xms)
#   Decrease number of Java threads
#   Decrease Java thread stack sizes (-Xss)
#   Set larger code cache with -XX:ReservedCodeCacheSize=
# This output file may be truncated or incomplete.
#
#  Out of Memory Error (./open/src/hotspot/os/windows/os_windows.cpp:3287), pid=232652, tid=227028
#
# JRE version:  (11.0.15+8) (build )
# Java VM: Java HotSpot(TM) 64-Bit Server VM (11.0.15+8-LTS-149, mixed mode, sharing, tiered, compressed oops, g1 gc, windows-amd64)
# No core dump will be written. Minidumps are not enabled by default on client versions of Windows
#

---------------  S U M M A R Y ------------

Command Line: -Dorg.gradle.appname=gradlew org.gradle.wrapper.GradleWrapperMain -q -Ptarget-platform=android-arm64 -Ptarget=C:\Users\jjs815\flurtter_project\chang_2nd_main_project\lib\main.dart -Pbase-application-name=android.app.Application -Pdart-defines=Zmx1dHRlci5pbnNwZWN0b3Iuc3RydWN0dXJlZEVycm9ycz1mYWxzZQ==,RkxVVFRFUl9XRUJfQVVUT19ERVRFQ1Q9dHJ1ZQ== -Pdart-obfuscation=false -Ptrack-widget-creation=true -Ptree-shake-icons=false -Pfilesystem-scheme=org-dartlang-root assembleDebug

Host: Intel(R) Core(TM) i7-7700 CPU @ 3.60GHz, 8 cores, 15G,  Windows 10 , 64 bit Build 19041 (10.0.19041.1889)
Time: Sun Oct 30 20:22:56 2022 대한민국 표준시 elapsed time: 0.025308 seconds (0d 0h 0m 0s)

---------------  T H R E A D  ---------------

Current thread (0x000001e74d1cd800):  JavaThread "Unknown thread" [_thread_in_vm, id=227028, stack(0x0000005088a00000,0x0000005088b00000)]

Stack: [0x0000005088a00000,0x0000005088b00000]
Native frames: (J=compiled Java code, j=interpreted, Vv=VM code, C=native code)
V  [jvm.dll+0x629d8a]
V  [jvm.dll+0x7638ff]
V  [jvm.dll+0x764fa9]
V  [jvm.dll+0x765633]
V  [jvm.dll+0x23d9c8]
V  [jvm.dll+0x6270aa]
V  [jvm.dll+0x61be35]
V  [jvm.dll+0x2f27dc]
V  [jvm.dll+0x2f2662]
V  [jvm.dll+0x2f7386]
V  [jvm.dll+0x339d8f]
V  [jvm.dll+0x3397c0]
V  [jvm.dll+0x2cfdf8]
V  [jvm.dll+0x2d0f66]
V  [jvm.dll+0x73df07]
V  [jvm.dll+0x73f79f]
V  [jvm.dll+0x346ab9]
V  [jvm.dll+0x723810]
V  [jvm.dll+0x3b56cf]
V  [jvm.dll+0x3b77e1]
C  [jli.dll+0x5207]
C  [ucrtbase.dll+0x21bb2]
C  [KERNEL32.DLL+0x17034]
C  [ntdll.dll+0x526a1]


---------------  P R O C E S S  ---------------

Threads class SMR info:
_java_thread_list=0x000001e74aef71d0, length=0, elements={
}

Java Threads: ( => current thread )

Other Threads:
  0x000001e74d1e0800 GCTaskThread "GC Thread#0" [stack: 0x0000005088b00000,0x0000005088c00000] [id=185820]
  0x000001e74d23e800 ConcurrentGCThread "G1 Main Marker" [stack: 0x0000005088c00000,0x0000005088d00000] [id=224236]
  0x000001e74d240000 ConcurrentGCThread "G1 Conc#0" [stack: 0x0000005088d00000,0x0000005088e00000] [id=224832]

[error occurred during error reporting (printing all threads), id 0xc0000005, EXCEPTION_ACCESS_VIOLATION (0xc0000005) at pc=0x00007fff7b56f087]

VM state:not at safepoint (not fully initialized)

VM Mutex/Monitor currently owned by a thread:  ([mutex/lock_event])
[0x000001e74d1cabc0] Heap_lock - owner thread: 0x000001e74d1cd800

Heap address: 0x0000000701400000, size: 4076 MB, Compressed Oops mode: Non-zero based: 0x0000000701400000
Narrow klass base: 0x0000000000000000, Narrow klass shift: 0

GC Heap History (0 events):
No events

Deoptimization events (0 events):
No events

Classes redefined (0 events):
No events

Internal exceptions (0 events):
No events

Events (0 events):
No events


Dynamic libraries:
0x00007ff67c340000 - 0x00007ff67c34f000 	C:\Program Files\Java\jdk-11.0.15\bin\java.exe
0x00007fffc96d0000 - 0x00007fffc98c8000 	C:\WINDOWS\SYSTEM32\ntdll.dll
0x00007fffc7f50000 - 0x00007fffc800d000 	C:\WINDOWS\System32\KERNEL32.DLL
0x00007fffc7190000 - 0x00007fffc7462000 	C:\WINDOWS\System32\KERNELBASE.dll
0x00007fffc7570000 - 0x00007fffc7670000 	C:\WINDOWS\System32\ucrtbase.dll
0x00007fffb5690000 - 0x00007fffb56a5000 	C:\Program Files\Java\jdk-11.0.15\bin\VCRUNTIME140.dll
0x00007fffb4810000 - 0x00007fffb4828000 	C:\Program Files\Java\jdk-11.0.15\bin\jli.dll
0x00007fffc8320000 - 0x00007fffc83ce000 	C:\WINDOWS\System32\ADVAPI32.dll
0x00007fffc7a90000 - 0x00007fffc7b2e000 	C:\WINDOWS\System32\msvcrt.dll
0x00007fffc8210000 - 0x00007fffc82ac000 	C:\WINDOWS\System32\sechost.dll
0x00007fffc9500000 - 0x00007fffc9625000 	C:\WINDOWS\System32\RPCRT4.dll
0x00007fffc8ca0000 - 0x00007fffc8e3d000 	C:\WINDOWS\System32\USER32.dll
0x00007fffc70f0000 - 0x00007fffc7112000 	C:\WINDOWS\System32\win32u.dll
0x00007fffb35b0000 - 0x00007fffb384a000 	C:\WINDOWS\WinSxS\amd64_microsoft.windows.common-controls_6595b64144ccf1df_6.0.19041.1110_none_60b5254171f9507e\COMCTL32.dll
0x00007fffc80c0000 - 0x00007fffc80eb000 	C:\WINDOWS\System32\GDI32.dll
0x00007fffc6de0000 - 0x00007fffc6eef000 	C:\WINDOWS\System32\gdi32full.dll
0x00007fffc6ef0000 - 0x00007fffc6f8d000 	C:\WINDOWS\System32\msvcp_win.dll
0x00007fffc5550000 - 0x00007fffc555a000 	C:\WINDOWS\SYSTEM32\VERSION.dll
0x00007fffc8fe0000 - 0x00007fffc9010000 	C:\WINDOWS\System32\IMM32.DLL
0x00007fff959a0000 - 0x00007fff95a3b000 	C:\Program Files\Java\jdk-11.0.15\bin\msvcp140.dll
0x00007fff7b290000 - 0x00007fff7bda6000 	C:\Program Files\Java\jdk-11.0.15\bin\server\jvm.dll
0x00007fffc7be0000 - 0x00007fffc7be8000 	C:\WINDOWS\System32\PSAPI.DLL
0x00007fffb9680000 - 0x00007fffb96a7000 	C:\WINDOWS\SYSTEM32\WINMM.dll
0x00007fffb86e0000 - 0x00007fffb86e9000 	C:\WINDOWS\SYSTEM32\WSOCK32.dll
0x00007fffc83d0000 - 0x00007fffc843b000 	C:\WINDOWS\System32\WS2_32.dll
0x00007fffc5680000 - 0x00007fffc5692000 	C:\WINDOWS\SYSTEM32\kernel.appcore.dll
0x00007fffb84b0000 - 0x00007fffb84c0000 	C:\Program Files\Java\jdk-11.0.15\bin\verify.dll
0x00007fffb5ae0000 - 0x00007fffb5cc4000 	C:\WINDOWS\SYSTEM32\DBGHELP.DLL
0x00007fffadeb0000 - 0x00007fffadedc000 	C:\WINDOWS\SYSTEM32\dbgcore.DLL
0x00007fffc7670000 - 0x00007fffc76f2000 	C:\WINDOWS\System32\bcryptPrimitives.dll
0x00007fffb47d0000 - 0x00007fffb47f8000 	C:\Program Files\Java\jdk-11.0.15\bin\java.dll
0x00007fffb41c0000 - 0x00007fffb41ca000 	C:\Program Files\Java\jdk-11.0.15\bin\jimage.dll
0x00007fffb41a0000 - 0x00007fffb41b6000 	C:\Program Files\Java\jdk-11.0.15\bin\zip.dll

dbghelp: loaded successfully - version: 4.0.5 - missing functions: none
symbol engine: initialized successfully - sym options: 0x614 - pdb path: .;C:\Program Files\Java\jdk-11.0.15\bin;C:\WINDOWS\SYSTEM32;C:\WINDOWS\WinSxS\amd64_microsoft.windows.common-controls_6595b64144ccf1df_6.0.19041.1110_none_60b5254171f9507e;C:\Program Files\Java\jdk-11.0.15\bin\server

VM Arguments:
jvm_args: -Dorg.gradle.appname=gradlew 
java_command: org.gradle.wrapper.GradleWrapperMain -q -Ptarget-platform=android-arm64 -Ptarget=C:\Users\jjs815\flurtter_project\chang_2nd_main_project\lib\main.dart -Pbase-application-name=android.app.Application -Pdart-defines=Zmx1dHRlci5pbnNwZWN0b3Iuc3RydWN0dXJlZEVycm9ycz1mYWxzZQ==,RkxVVFRFUl9XRUJfQVVUT19ERVRFQ1Q9dHJ1ZQ== -Pdart-obfuscation=false -Ptrack-widget-creation=true -Ptree-shake-icons=false -Pfilesystem-scheme=org-dartlang-root assembleDebug
java_class_path (initial): C:\Users\jjs815\flurtter_project\chang_2nd_main_project\android\\gradle\wrapper\gradle-wrapper.jar
Launcher Type: SUN_STANDARD

[Global flags]
     intx CICompilerCount                          = 4                                         {product} {ergonomic}
     uint ConcGCThreads                            = 2                                         {product} {ergonomic}
     uint G1ConcRefinementThreads                  = 8                                         {product} {ergonomic}
   size_t G1HeapRegionSize                         = 1048576                                   {product} {ergonomic}
    uintx GCDrainStackTargetSize                   = 64                                        {product} {ergonomic}
   size_t InitialHeapSize                          = 268435456                                 {product} {ergonomic}
   size_t MarkStackSize                            = 4194304                                   {product} {ergonomic}
   size_t MaxHeapSize                              = 4273995776                                {product} {ergonomic}
   size_t MinHeapDeltaBytes                        = 1048576                                   {product} {ergonomic}
    uintx NonNMethodCodeHeapSize                   = 5836300                                {pd product} {ergonomic}
    uintx NonProfiledCodeHeapSize                  = 122910970                              {pd product} {ergonomic}
    uintx ProfiledCodeHeapSize                     = 122910970                              {pd product} {ergonomic}
    uintx ReservedCodeCacheSize                    = 251658240                              {pd product} {ergonomic}
     bool SegmentedCodeCache                       = true                                      {product} {ergonomic}
     bool UseCompressedClassPointers               = true                                 {lp64_product} {ergonomic}
     bool UseCompressedOops                        = true                                 {lp64_product} {ergonomic}
     bool UseG1GC                                  = true                                      {product} {ergonomic}
     bool UseLargePagesIndividualAllocation        = false                                  {pd product} {ergonomic}

Logging:
Log output configuration:
 #0: stdout all=warning uptime,level,tags
 #1: stderr all=off uptime,level,tags

Environment Variables:
JAVA_HOME=C:\Program Files\Java\jdk-11.0.15
CLASSPATH=C:\Users\jjs815\flurtter_project\chang_2nd_main_project\android\\gradle\wrapper\gradle-wrapper.jar
PATH=C:\Program Files\Common Files\Oracle\Java\javapath;C:\Program Files\Zulu\zulu-11\bin\;C:\Program Files\NVIDIA GPU Computing Toolkit\CUDA\v11.3\bin;C:\Program Files\NVIDIA GPU Computing Toolkit\CUDA\v11.3\libnvvp;C:\Python39\Scripts\;C:\Python39\;C:\Program Files (x86)\NAT Service;C:\ProgramData\Oracle\Java\javapath;C:\WINDOWS\system32;C:\WINDOWS;C:\WINDOWS\System32\Wbem;C:\WINDOWS\System32\WindowsPowerShell\v1.0\;C:\WINDOWS\System32\OpenSSH\;C:\Program Files (x86)\ePapyrus\Papyrus-PlugIn-xfa;C:\Program Files (x86)\ePapyrus\Papyrus-PlugIn-xfa\Addins;C:\Program Files\PuTTY\;C:\python;C:\ProgramData\chocolatey\bin;C:\Program Files (x86)\Yarn;C:\Users\jjs815\AppData\Local\Android\Sdk\platform-tools;C:\Program Files\OpenJDK\openjdk-8u282-b08\bin;C:\Program Files\Java\jdk1.8.0_211\bin;C:\Program Files\Git\cmd;C:\Program Files\nodejs\;C:\Program Files\NVIDIA Corporation\NVIDIA NvDLISR;C:\Program Files\NVIDIA Corporation\Nsight Compute 2021.1.1\;C:\Program Files (x86)\NVIDIA Corporation\PhysX\Common;C:\Program Files\OpenSSL-Win64\bin;C:\Program Files\Java\jdk-11.0.15;C:\Users\jjs815\AppData\Local\Programs\Python\Python38\Scripts\;C:\Users\jjs815\AppData\Local\Programs\Python\Python38\;C:\python\Scripts\;C:\python\;"C:\Users\jjs815\AppData\Local\Microsoft\WindowsApps;%C:\Python27";%USERPROFILE%\AppData\Local\Microsoft\WindowsApps;C:\Users\jjs815\AppData\Local\Programs\Microsoft VS Code\bin;C:\Users\jjs815\AppData\Roaming\npm;%IntelliJ IDEA Community Edition%;C:\Users\jjs815\flutter\bin;C:\Users\jjs815\ffmpeg-5.1-full_build\bin;;C:\Users\jjs815\flutter\bin\mingit\cmd;C:\Users\jjs815\flutter\bin\mingit\cmd
USERNAME=jjs815
OS=Windows_NT
PROCESSOR_IDENTIFIER=Intel64 Family 6 Model 158 Stepping 9, GenuineIntel



---------------  S Y S T E M  ---------------

OS: Windows 10 , 64 bit Build 19041 (10.0.19041.1889)

CPU:total 8 (initial active 8) (4 cores per cpu, 2 threads per core) family 6 model 158 stepping 9 microcode 0xb4, cmov, cx8, fxsr, mmx, sse, sse2, sse3, ssse3, sse4.1, sse4.2, popcnt, avx, avx2, aes, clmul, erms, rtm, 3dnowpref, lzcnt, ht, tsc, tscinvbit, bmi1, bmi2, adx, fma

Memory: 4k page, system-wide physical 16296M (1010M free)
TotalPageFile size 26296M (AvailPageFile size 224M)
current process WorkingSet (physical memory assigned to process): 10M, peak: 10M
current process commit charge ("private bytes"): 60M, peak: 316M

vm_info: Java HotSpot(TM) 64-Bit Server VM (11.0.15+8-LTS-149) for windows-amd64 JRE (11.0.15+8-LTS-149), built on Mar  9 2022 22:42:32 by "mach5one" with MS VC++ 15.9 (VS2017)

END.
