#
# There is insufficient memory for the Java Runtime Environment to continue.
# Native memory allocation (malloc) failed to allocate 32784 bytes for Chunk::new
# Possible reasons:
#   The system is out of physical RAM or swap space
#   The process is running with CompressedOops enabled, and the Java Heap may be blocking the growth of the native heap
# Possible solutions:
#   Reduce memory load on the system
#   Increase physical memory or swap space
#   Check if swap backing store is full
#   Decrease Java heap size (-Xmx/-Xms)
#   Decrease number of Java threads
#   Decrease Java thread stack sizes (-Xss)
#   Set larger code cache with -XX:ReservedCodeCacheSize=
#   JVM is running with Unscaled Compressed Oops mode in which the Java heap is
#     placed in the first 4GB address space. The Java Heap base address is the
#     maximum limit for the native heap growth. Please use -XX:HeapBaseMinAddress
#     to set the Java Heap base and to place the Java Heap above 4GB virtual address.
# This output file may be truncated or incomplete.
#
#  Out of Memory Error (./src/hotspot/share/memory/arena.cpp:197), pid=28260, tid=22720
#
# JRE version: OpenJDK Runtime Environment (11.0.12+7) (build 11.0.12+7-b1504.28-7817840)
# Java VM: OpenJDK 64-Bit Server VM (11.0.12+7-b1504.28-7817840, mixed mode, tiered, compressed oops, g1 gc, windows-amd64)
# No core dump will be written. Minidumps are not enabled by default on client versions of Windows
#

---------------  S U M M A R Y ------------

Command Line: --add-opens=java.base/java.util=ALL-UNNAMED --add-opens=java.base/java.lang=ALL-UNNAMED --add-opens=java.base/java.lang.invoke=ALL-UNNAMED --add-opens=java.base/java.util=ALL-UNNAMED --add-opens=java.prefs/java.util.prefs=ALL-UNNAMED --add-opens=java.prefs/java.util.prefs=ALL-UNNAMED --add-opens=java.base/java.nio.charset=ALL-UNNAMED --add-opens=java.base/java.net=ALL-UNNAMED --add-opens=java.base/java.util.concurrent.atomic=ALL-UNNAMED -Xmx1536M -Dfile.encoding=x-windows-949 -Duser.country=KR -Duser.language=ko -Duser.variant org.gradle.launcher.daemon.bootstrap.GradleDaemon 7.4

Host: Intel(R) Core(TM) i7-7700 CPU @ 3.60GHz, 8 cores, 15G,  Windows 10 , 64 bit Build 19041 (10.0.19041.1806)
Time: Thu Jul 21 22:05:20 2022 대한민국 표준시 elapsed time: 21.746784 seconds (0d 0h 0m 21s)

---------------  T H R E A D  ---------------

Current thread (0x000002885d170800):  JavaThread "C2 CompilerThread0" daemon [_thread_in_native, id=22720, stack(0x000000ac88600000,0x000000ac88700000)]


Current CompileTask:
C2:  21746 11243       4       org.gradle.internal.logging.text.AbstractLineChoppingStyledTextOutput::doAppend (43 bytes)

Stack: [0x000000ac88600000,0x000000ac88700000]
Native frames: (J=compiled Java code, j=interpreted, Vv=VM code, C=native code)
V  [jvm.dll+0x5fbcea]
V  [jvm.dll+0x731905]
V  [jvm.dll+0x732f1d]
V  [jvm.dll+0x7335d3]
V  [jvm.dll+0x247bf8]
V  [jvm.dll+0xc018c]
V  [jvm.dll+0xc06cc]
V  [jvm.dll+0xc02cc]
V  [jvm.dll+0x6282e0]
V  [jvm.dll+0x5110c1]
V  [jvm.dll+0x2018ec]
V  [jvm.dll+0x1ff71f]
V  [jvm.dll+0x18868c]
V  [jvm.dll+0x20e0d7]
V  [jvm.dll+0x20c901]
V  [jvm.dll+0x6f9b7f]
V  [jvm.dll+0x6f26a5]
V  [jvm.dll+0x5fabf6]
C  [ucrtbase.dll+0x21bb2]
C  [KERNEL32.DLL+0x17034]
C  [ntdll.dll+0x52651]


---------------  P R O C E S S  ---------------

Threads class SMR info:
_java_thread_list=0x000002885e311500, length=137, elements={
0x0000028841745800, 0x000002885d0cf800, 0x000002885d0d5800, 0x000002885d166000,
0x000002885d167000, 0x000002885d16a800, 0x000002885d170800, 0x000002885d179800,
0x000002885d190800, 0x000002885d2e0000, 0x000002885e6d9800, 0x000002885f20a800,
0x0000028860177800, 0x000002885f7cf800, 0x000002885f1d2000, 0x000002885f2dd800,
0x000002885ec6f000, 0x000002885ec70000, 0x000002885fe74800, 0x000002885d17c000,
0x000002885d17a000, 0x000002885d17b000, 0x000002885d177000, 0x000002885d17d800,
0x000002885d177800, 0x000002885f746000, 0x000002885f74a000, 0x000002885f747000,
0x000002885f747800, 0x000002885f748800, 0x000002885f745800, 0x000002885f74c800,
0x000002885f74f000, 0x000002885f751800, 0x000002885f74c000, 0x000002885f750800,
0x000002885f752800, 0x000002885f753000, 0x000002885f754000, 0x000002885f74e800,
0x0000028863ef8000, 0x0000028863efa800, 0x0000028863efe000, 0x0000028863efb800,
0x0000028863efd000, 0x0000028863efe800, 0x0000028863efc800, 0x0000028863ef9000,
0x0000028863eff800, 0x0000028863efa000, 0x0000028863f02000, 0x0000028863f06000,
0x0000028863f03800, 0x0000028863f03000, 0x0000028863f00800, 0x0000028863f07000,
0x0000028863f04800, 0x0000028863f05000, 0x0000028863f01000, 0x0000028860488800,
0x0000028860484800, 0x0000028860487800, 0x000002886048b000, 0x0000028860486000,
0x0000028860485000, 0x000002886048b800, 0x0000028860489000, 0x000002886048a000,
0x000002886048c800, 0x0000028860486800, 0x000002886048f000, 0x000002886048f800,
0x0000028860491800, 0x0000028860490800, 0x0000028860492000, 0x000002886048d800,
0x0000028860493000, 0x000002886048e000, 0x0000028864147800, 0x0000028864149000,
0x000002886414a000, 0x000002886414a800, 0x0000028864145800, 0x0000028864146800,
0x0000028864145000, 0x000002886414e000, 0x0000028864148000, 0x000002886414e800,
0x0000028864150800, 0x0000028864151000, 0x000002886414d000, 0x000002886414f800,
0x000002886414b800, 0x0000028864152000, 0x000002886414c000, 0x0000028864153800,
0x0000028864152800, 0x0000028861092800, 0x0000028861097800, 0x0000028861098000,
0x0000028861096800, 0x0000028861099000, 0x0000028861093000, 0x0000028861095000,
0x0000028861095800, 0x0000028861099800, 0x0000028861094000, 0x00000288610a0800,
0x000002886109e000, 0x000002886109f800, 0x000002886109e800, 0x000002886109a800,
0x00000288610a1000, 0x000002886109b800, 0x000002886109c000, 0x000002886109d000,
0x0000028862d23000, 0x0000028862d26800, 0x0000028862d27000, 0x0000028862d25800,
0x0000028862d28000, 0x0000028862d24000, 0x0000028862d22800, 0x0000028862d2d800,
0x0000028862d2a800, 0x0000028862d31000, 0x0000028862d2c000, 0x0000028862d2d000,
0x0000028862d2e800, 0x0000028862d2f800, 0x0000028862d30000, 0x000002885d178800,
0x0000028860b30000, 0x0000028860b31000, 0x0000028860b32800, 0x0000028860b33800,
0x0000028860b2f800
}

Java Threads: ( => current thread )
  0x0000028841745800 JavaThread "main" [_thread_blocked, id=33640, stack(0x000000ac87a00000,0x000000ac87b00000)]
  0x000002885d0cf800 JavaThread "Reference Handler" daemon [_thread_blocked, id=8996, stack(0x000000ac88100000,0x000000ac88200000)]
  0x000002885d0d5800 JavaThread "Finalizer" daemon [_thread_blocked, id=33240, stack(0x000000ac88200000,0x000000ac88300000)]
  0x000002885d166000 JavaThread "Signal Dispatcher" daemon [_thread_blocked, id=27320, stack(0x000000ac88300000,0x000000ac88400000)]
  0x000002885d167000 JavaThread "Attach Listener" daemon [_thread_blocked, id=33668, stack(0x000000ac88400000,0x000000ac88500000)]
  0x000002885d16a800 JavaThread "Service Thread" daemon [_thread_blocked, id=15392, stack(0x000000ac88500000,0x000000ac88600000)]
=>0x000002885d170800 JavaThread "C2 CompilerThread0" daemon [_thread_in_native, id=22720, stack(0x000000ac88600000,0x000000ac88700000)]
  0x000002885d179800 JavaThread "C1 CompilerThread0" daemon [_thread_blocked, id=23252, stack(0x000000ac88700000,0x000000ac88800000)]
  0x000002885d190800 JavaThread "Sweeper thread" daemon [_thread_blocked, id=18576, stack(0x000000ac88800000,0x000000ac88900000)]
  0x000002885d2e0000 JavaThread "Common-Cleaner" daemon [_thread_blocked, id=20468, stack(0x000000ac88900000,0x000000ac88a00000)]
  0x000002885e6d9800 JavaThread "Daemon health stats" [_thread_blocked, id=18048, stack(0x000000ac89200000,0x000000ac89300000)]
  0x000002885f20a800 JavaThread "Incoming local TCP Connector on port 10298" [_thread_in_native, id=28328, stack(0x000000ac88b00000,0x000000ac88c00000)]
  0x0000028860177800 JavaThread "Daemon periodic checks" [_thread_blocked, id=15336, stack(0x000000ac88c00000,0x000000ac88d00000)]
  0x000002885f7cf800 JavaThread "Daemon" [_thread_blocked, id=25168, stack(0x000000ac89300000,0x000000ac89400000)]
  0x000002885f1d2000 JavaThread "Handler for socket connection from /127.0.0.1:10298 to /127.0.0.1:10299" [_thread_in_native, id=20860, stack(0x000000ac89400000,0x000000ac89500000)]
  0x000002885f2dd800 JavaThread "Cancel handler" [_thread_blocked, id=29068, stack(0x000000ac89500000,0x000000ac89600000)]
  0x000002885ec6f000 JavaThread "Daemon worker" [_thread_blocked, id=32384, stack(0x000000ac89600000,0x000000ac89700000)]
  0x000002885ec70000 JavaThread "Asynchronous log dispatcher for DefaultDaemonConnection: socket connection from /127.0.0.1:10298 to /127.0.0.1:10299" [_thread_blocked, id=22212, stack(0x000000ac89700000,0x000000ac89800000)]
  0x000002885fe74800 JavaThread "Stdin handler" [_thread_blocked, id=31204, stack(0x000000ac89800000,0x000000ac89900000)]
  0x000002885d17c000 JavaThread "Daemon client event forwarder" [_thread_blocked, id=19536, stack(0x000000ac89900000,0x000000ac89a00000)]
  0x000002885d17a000 JavaThread "Cache worker for journal cache (C:\Users\jjs815\.gradle\caches\journal-1)" [_thread_blocked, id=2960, stack(0x000000ac89b00000,0x000000ac89c00000)]
  0x000002885d17b000 JavaThread "File lock request listener" [_thread_in_native, id=29688, stack(0x000000ac89c00000,0x000000ac89d00000)]
  0x000002885d177000 JavaThread "Cache worker for file hash cache (C:\Users\jjs815\.gradle\caches\7.4\fileHashes)" [_thread_blocked, id=20428, stack(0x000000ac89d00000,0x000000ac89e00000)]
  0x000002885d17d800 JavaThread "File watcher server" daemon [_thread_in_native, id=23964, stack(0x000000ac8a200000,0x000000ac8a300000)]
  0x000002885d177800 JavaThread "File watcher consumer" daemon [_thread_blocked, id=14752, stack(0x000000ac8a300000,0x000000ac8a400000)]
  0x000002885f746000 JavaThread "Cache worker for checksums cache (C:\Users\jjs815\flurtter_project\chang_2nd_main_project\android\.gradle\7.4\checksums)" [_thread_blocked, id=15848, stack(0x000000ac8a400000,0x000000ac8a500000)]
  0x000002885f74a000 JavaThread "Cache worker for cache directory md-rule (C:\Users\jjs815\.gradle\caches\7.4\md-rule)" [_thread_blocked, id=22448, stack(0x000000ac8a500000,0x000000ac8a600000)]
  0x000002885f747000 JavaThread "Cache worker for file hash cache (C:\Users\jjs815\flurtter_project\chang_2nd_main_project\android\.gradle\7.4\fileHashes)" [_thread_blocked, id=10560, stack(0x000000ac8a600000,0x000000ac8a700000)]
  0x000002885f747800 JavaThread "Cache worker for cache directory md-supplier (C:\Users\jjs815\.gradle\caches\7.4\md-supplier)" [_thread_blocked, id=27048, stack(0x000000ac8a700000,0x000000ac8a800000)]
  0x000002885f748800 JavaThread "Cache worker for execution history cache (C:\Users\jjs815\.gradle\caches\7.4\executionHistory)" [_thread_blocked, id=9240, stack(0x000000ac8a800000,0x000000ac8a900000)]
  0x000002885f745800 JavaThread "jar transforms" [_thread_blocked, id=16536, stack(0x000000ac8a900000,0x000000ac8aa00000)]
  0x000002885f74c800 JavaThread "jar transforms Thread 2" [_thread_blocked, id=8384, stack(0x000000ac8aa00000,0x000000ac8ab00000)]
  0x000002885f74f000 JavaThread "Cache worker for file content cache (C:\Users\jjs815\.gradle\caches\7.4\fileContent)" [_thread_blocked, id=26652, stack(0x000000ac8ab00000,0x000000ac8ac00000)]
  0x000002885f751800 JavaThread "jar transforms Thread 3" [_thread_blocked, id=13360, stack(0x000000ac8ac00000,0x000000ac8ad00000)]
  0x000002885f74c000 JavaThread "jar transforms Thread 4" [_thread_blocked, id=21168, stack(0x000000ac8ad00000,0x000000ac8ae00000)]
  0x000002885f750800 JavaThread "Cache worker for dependencies-accessors (C:\Users\jjs815\flurtter_project\chang_2nd_main_project\android\.gradle\7.4\dependencies-accessors)" [_thread_blocked, id=11300, stack(0x000000ac8ae00000,0x000000ac8af00000)]
  0x000002885f752800 JavaThread "jar transforms Thread 5" [_thread_blocked, id=29256, stack(0x000000ac8af00000,0x000000ac8b000000)]
  0x000002885f753000 JavaThread "Cache worker for Build Output Cleanup Cache (C:\Users\jjs815\flurtter_project\chang_2nd_main_project\android\.gradle\buildOutputCleanup)" [_thread_blocked, id=3320, stack(0x000000ac8b000000,0x000000ac8b100000)]
  0x000002885f754000 JavaThread "Unconstrained build operations" [_thread_blocked, id=3940, stack(0x000000ac8b100000,0x000000ac8b200000)]
  0x000002885f74e800 JavaThread "Unconstrained build operations Thread 2" [_thread_blocked, id=27644, stack(0x000000ac8b200000,0x000000ac8b300000)]
  0x0000028863ef8000 JavaThread "Unconstrained build operations Thread 3" [_thread_blocked, id=22856, stack(0x000000ac8b300000,0x000000ac8b400000)]
  0x0000028863efa800 JavaThread "Unconstrained build operations Thread 4" [_thread_blocked, id=8772, stack(0x000000ac8b400000,0x000000ac8b500000)]
  0x0000028863efe000 JavaThread "Unconstrained build operations Thread 5" [_thread_blocked, id=20200, stack(0x000000ac8b500000,0x000000ac8b600000)]
  0x0000028863efb800 JavaThread "Unconstrained build operations Thread 6" [_thread_blocked, id=29232, stack(0x000000ac8b600000,0x000000ac8b700000)]
  0x0000028863efd000 JavaThread "Unconstrained build operations Thread 7" [_thread_blocked, id=2964, stack(0x000000ac8b700000,0x000000ac8b800000)]
  0x0000028863efe800 JavaThread "Unconstrained build operations Thread 8" [_thread_blocked, id=1624, stack(0x000000ac8b800000,0x000000ac8b900000)]
  0x0000028863efc800 JavaThread "Unconstrained build operations Thread 9" [_thread_blocked, id=3664, stack(0x000000ac8b900000,0x000000ac8ba00000)]
  0x0000028863ef9000 JavaThread "Unconstrained build operations Thread 10" [_thread_blocked, id=24972, stack(0x000000ac8ba00000,0x000000ac8bb00000)]
  0x0000028863eff800 JavaThread "Unconstrained build operations Thread 11" [_thread_blocked, id=20868, stack(0x000000ac8bb00000,0x000000ac8bc00000)]
  0x0000028863efa000 JavaThread "Unconstrained build operations Thread 12" [_thread_blocked, id=31076, stack(0x000000ac8bc00000,0x000000ac8bd00000)]
  0x0000028863f02000 JavaThread "Unconstrained build operations Thread 13" [_thread_blocked, id=1960, stack(0x000000ac8bd00000,0x000000ac8be00000)]
  0x0000028863f06000 JavaThread "Unconstrained build operations Thread 14" [_thread_blocked, id=24424, stack(0x000000ac8be00000,0x000000ac8bf00000)]
  0x0000028863f03800 JavaThread "Unconstrained build operations Thread 15" [_thread_blocked, id=8728, stack(0x000000ac8bf00000,0x000000ac8c000000)]
  0x0000028863f03000 JavaThread "Unconstrained build operations Thread 16" [_thread_blocked, id=19848, stack(0x000000ac8c000000,0x000000ac8c100000)]
  0x0000028863f00800 JavaThread "Unconstrained build operations Thread 17" [_thread_blocked, id=2120, stack(0x000000ac8c100000,0x000000ac8c200000)]
  0x0000028863f07000 JavaThread "Unconstrained build operations Thread 18" [_thread_blocked, id=9436, stack(0x000000ac8c200000,0x000000ac8c300000)]
  0x0000028863f04800 JavaThread "Unconstrained build operations Thread 19" [_thread_blocked, id=28112, stack(0x000000ac8c300000,0x000000ac8c400000)]
  0x0000028863f05000 JavaThread "Unconstrained build operations Thread 20" [_thread_blocked, id=25624, stack(0x000000ac8c400000,0x000000ac8c500000)]
  0x0000028863f01000 JavaThread "Unconstrained build operations Thread 21" [_thread_blocked, id=8904, stack(0x000000ac8c500000,0x000000ac8c600000)]
  0x0000028860488800 JavaThread "Unconstrained build operations Thread 22" [_thread_blocked, id=27768, stack(0x000000ac8c600000,0x000000ac8c700000)]
  0x0000028860484800 JavaThread "Unconstrained build operations Thread 23" [_thread_blocked, id=1584, stack(0x000000ac8c700000,0x000000ac8c800000)]
  0x0000028860487800 JavaThread "Unconstrained build operations Thread 24" [_thread_blocked, id=18600, stack(0x000000ac8c800000,0x000000ac8c900000)]
  0x000002886048b000 JavaThread "Unconstrained build operations Thread 25" [_thread_blocked, id=17356, stack(0x000000ac8c900000,0x000000ac8ca00000)]
  0x0000028860486000 JavaThread "Unconstrained build operations Thread 26" [_thread_blocked, id=2116, stack(0x000000ac8ca00000,0x000000ac8cb00000)]
  0x0000028860485000 JavaThread "Unconstrained build operations Thread 27" [_thread_blocked, id=15460, stack(0x000000ac8cb00000,0x000000ac8cc00000)]
  0x000002886048b800 JavaThread "Unconstrained build operations Thread 28" [_thread_blocked, id=24936, stack(0x000000ac8cc00000,0x000000ac8cd00000)]
  0x0000028860489000 JavaThread "Unconstrained build operations Thread 29" [_thread_blocked, id=9904, stack(0x000000ac8cd00000,0x000000ac8ce00000)]
  0x000002886048a000 JavaThread "Unconstrained build operations Thread 30" [_thread_blocked, id=23696, stack(0x000000ac8ce00000,0x000000ac8cf00000)]
  0x000002886048c800 JavaThread "Unconstrained build operations Thread 31" [_thread_blocked, id=22644, stack(0x000000ac8cf00000,0x000000ac8d000000)]
  0x0000028860486800 JavaThread "Unconstrained build operations Thread 32" [_thread_blocked, id=22488, stack(0x000000ac8d000000,0x000000ac8d100000)]
  0x000002886048f000 JavaThread "Unconstrained build operations Thread 33" [_thread_blocked, id=29608, stack(0x000000ac8d100000,0x000000ac8d200000)]
  0x000002886048f800 JavaThread "Unconstrained build operations Thread 34" [_thread_blocked, id=31868, stack(0x000000ac8d200000,0x000000ac8d300000)]
  0x0000028860491800 JavaThread "Unconstrained build operations Thread 35" [_thread_blocked, id=26700, stack(0x000000ac8d300000,0x000000ac8d400000)]
  0x0000028860490800 JavaThread "Unconstrained build operations Thread 36" [_thread_blocked, id=32500, stack(0x000000ac8d400000,0x000000ac8d500000)]
  0x0000028860492000 JavaThread "Unconstrained build operations Thread 37" [_thread_blocked, id=24040, stack(0x000000ac8d500000,0x000000ac8d600000)]
  0x000002886048d800 JavaThread "Unconstrained build operations Thread 38" [_thread_blocked, id=13636, stack(0x000000ac8d600000,0x000000ac8d700000)]
  0x0000028860493000 JavaThread "Unconstrained build operations Thread 39" [_thread_blocked, id=22060, stack(0x000000ac8d700000,0x000000ac8d800000)]
  0x000002886048e000 JavaThread "Unconstrained build operations Thread 40" [_thread_blocked, id=30876, stack(0x000000ac8d800000,0x000000ac8d900000)]
  0x0000028864147800 JavaThread "Unconstrained build operations Thread 41" [_thread_blocked, id=11380, stack(0x000000ac8d900000,0x000000ac8da00000)]
  0x0000028864149000 JavaThread "Unconstrained build operations Thread 42" [_thread_blocked, id=33280, stack(0x000000ac8da00000,0x000000ac8db00000)]
  0x000002886414a000 JavaThread "Unconstrained build operations Thread 43" [_thread_blocked, id=24488, stack(0x000000ac8db00000,0x000000ac8dc00000)]
  0x000002886414a800 JavaThread "Unconstrained build operations Thread 44" [_thread_blocked, id=13592, stack(0x000000ac8dc00000,0x000000ac8dd00000)]
  0x0000028864145800 JavaThread "Unconstrained build operations Thread 45" [_thread_blocked, id=14552, stack(0x000000ac8dd00000,0x000000ac8de00000)]
  0x0000028864146800 JavaThread "Unconstrained build operations Thread 46" [_thread_blocked, id=11936, stack(0x000000ac8de00000,0x000000ac8df00000)]
  0x0000028864145000 JavaThread "Unconstrained build operations Thread 47" [_thread_blocked, id=10688, stack(0x000000ac8df00000,0x000000ac8e000000)]
  0x000002886414e000 JavaThread "Unconstrained build operations Thread 48" [_thread_blocked, id=25544, stack(0x000000ac8e000000,0x000000ac8e100000)]
  0x0000028864148000 JavaThread "Unconstrained build operations Thread 49" [_thread_blocked, id=28068, stack(0x000000ac8e100000,0x000000ac8e200000)]
  0x000002886414e800 JavaThread "Unconstrained build operations Thread 50" [_thread_blocked, id=25324, stack(0x000000ac8e200000,0x000000ac8e300000)]
  0x0000028864150800 JavaThread "Unconstrained build operations Thread 51" [_thread_blocked, id=8400, stack(0x000000ac8e300000,0x000000ac8e400000)]
  0x0000028864151000 JavaThread "Unconstrained build operations Thread 52" [_thread_blocked, id=22072, stack(0x000000ac8e400000,0x000000ac8e500000)]
  0x000002886414d000 JavaThread "Unconstrained build operations Thread 53" [_thread_blocked, id=24884, stack(0x000000ac8e500000,0x000000ac8e600000)]
  0x000002886414f800 JavaThread "Unconstrained build operations Thread 54" [_thread_blocked, id=10628, stack(0x000000ac8e600000,0x000000ac8e700000)]
  0x000002886414b800 JavaThread "Unconstrained build operations Thread 55" [_thread_blocked, id=30968, stack(0x000000ac8e700000,0x000000ac8e800000)]
  0x0000028864152000 JavaThread "Unconstrained build operations Thread 56" [_thread_blocked, id=15096, stack(0x000000ac8e800000,0x000000ac8e900000)]
  0x000002886414c000 JavaThread "Unconstrained build operations Thread 57" [_thread_blocked, id=18124, stack(0x000000ac8e900000,0x000000ac8ea00000)]
  0x0000028864153800 JavaThread "Unconstrained build operations Thread 58" [_thread_blocked, id=17248, stack(0x000000ac8ea00000,0x000000ac8eb00000)]
  0x0000028864152800 JavaThread "Unconstrained build operations Thread 59" [_thread_blocked, id=11524, stack(0x000000ac8eb00000,0x000000ac8ec00000)]
  0x0000028861092800 JavaThread "Unconstrained build operations Thread 60" [_thread_blocked, id=28908, stack(0x000000ac8ec00000,0x000000ac8ed00000)]
  0x0000028861097800 JavaThread "Unconstrained build operations Thread 61" [_thread_blocked, id=29248, stack(0x000000ac8ed00000,0x000000ac8ee00000)]
  0x0000028861098000 JavaThread "Unconstrained build operations Thread 62" [_thread_blocked, id=33332, stack(0x000000ac8ee00000,0x000000ac8ef00000)]
  0x0000028861096800 JavaThread "Unconstrained build operations Thread 63" [_thread_blocked, id=13616, stack(0x000000ac8ef00000,0x000000ac8f000000)]
  0x0000028861099000 JavaThread "Unconstrained build operations Thread 64" [_thread_blocked, id=14680, stack(0x000000ac8f000000,0x000000ac8f100000)]
  0x0000028861093000 JavaThread "Unconstrained build operations Thread 65" [_thread_blocked, id=15560, stack(0x000000ac8f100000,0x000000ac8f200000)]
  0x0000028861095000 JavaThread "Unconstrained build operations Thread 66" [_thread_blocked, id=26300, stack(0x000000ac8f200000,0x000000ac8f300000)]
  0x0000028861095800 JavaThread "Unconstrained build operations Thread 67" [_thread_blocked, id=5492, stack(0x000000ac8f300000,0x000000ac8f400000)]
  0x0000028861099800 JavaThread "Unconstrained build operations Thread 68" [_thread_blocked, id=25972, stack(0x000000ac8f400000,0x000000ac8f500000)]
  0x0000028861094000 JavaThread "Unconstrained build operations Thread 69" [_thread_blocked, id=5424, stack(0x000000ac8f500000,0x000000ac8f600000)]
  0x00000288610a0800 JavaThread "Unconstrained build operations Thread 70" [_thread_blocked, id=9920, stack(0x000000ac8f600000,0x000000ac8f700000)]
  0x000002886109e000 JavaThread "Unconstrained build operations Thread 71" [_thread_blocked, id=20716, stack(0x000000ac8f700000,0x000000ac8f800000)]
  0x000002886109f800 JavaThread "Unconstrained build operations Thread 72" [_thread_blocked, id=3596, stack(0x000000ac8f800000,0x000000ac8f900000)]
  0x000002886109e800 JavaThread "Unconstrained build operations Thread 73" [_thread_blocked, id=20436, stack(0x000000ac8f900000,0x000000ac8fa00000)]
  0x000002886109a800 JavaThread "Unconstrained build operations Thread 74" [_thread_blocked, id=31876, stack(0x000000ac8fa00000,0x000000ac8fb00000)]
  0x00000288610a1000 JavaThread "Unconstrained build operations Thread 75" [_thread_blocked, id=27364, stack(0x000000ac8fb00000,0x000000ac8fc00000)]
  0x000002886109b800 JavaThread "Unconstrained build operations Thread 76" [_thread_blocked, id=6932, stack(0x000000ac8fc00000,0x000000ac8fd00000)]
  0x000002886109c000 JavaThread "Unconstrained build operations Thread 77" [_thread_blocked, id=31652, stack(0x000000ac8fd00000,0x000000ac8fe00000)]
  0x000002886109d000 JavaThread "Unconstrained build operations Thread 78" [_thread_blocked, id=15956, stack(0x000000ac8fe00000,0x000000ac8ff00000)]
  0x0000028862d23000 JavaThread "Unconstrained build operations Thread 79" [_thread_blocked, id=27168, stack(0x000000ac8ff00000,0x000000ac90000000)]
  0x0000028862d26800 JavaThread "Unconstrained build operations Thread 80" [_thread_blocked, id=30004, stack(0x000000ac90000000,0x000000ac90100000)]
  0x0000028862d27000 JavaThread "jar transforms Thread 6" [_thread_blocked, id=24992, stack(0x000000ac90100000,0x000000ac90200000)]
  0x0000028862d25800 JavaThread "jar transforms Thread 7" [_thread_blocked, id=9724, stack(0x000000ac90200000,0x000000ac90300000)]
  0x0000028862d28000 JavaThread "jar transforms Thread 8" [_thread_blocked, id=19896, stack(0x000000ac90300000,0x000000ac90400000)]
  0x0000028862d24000 JavaThread "Memory manager" [_thread_blocked, id=20680, stack(0x000000ac90400000,0x000000ac90500000)]
  0x0000028862d22800 JavaThread "build event listener" [_thread_blocked, id=17580, stack(0x000000ac90500000,0x000000ac90600000)]
  0x0000028862d2d800 JavaThread "pool-3-thread-1" [_thread_blocked, id=23856, stack(0x000000ac90600000,0x000000ac90700000)]
  0x0000028862d2a800 JavaThread "build event listener" [_thread_blocked, id=9376, stack(0x000000ac90700000,0x000000ac90800000)]
  0x0000028862d31000 JavaThread "included builds" [_thread_blocked, id=25172, stack(0x000000ac90800000,0x000000ac90900000)]
  0x0000028862d2c000 JavaThread "Execution worker for ':'" [_thread_blocked, id=832, stack(0x000000ac90900000,0x000000ac90a00000)]
  0x0000028862d2d000 JavaThread "Execution worker for ':' Thread 2" [_thread_blocked, id=14844, stack(0x000000ac90a00000,0x000000ac90b00000)]
  0x0000028862d2e800 JavaThread "Execution worker for ':' Thread 3" [_thread_blocked, id=15600, stack(0x000000ac90b00000,0x000000ac90c00000)]
  0x0000028862d2f800 JavaThread "Execution worker for ':' Thread 4" [_thread_blocked, id=11812, stack(0x000000ac90c00000,0x000000ac90d00000)]
  0x0000028862d30000 JavaThread "Execution worker for ':' Thread 5" [_thread_blocked, id=22580, stack(0x000000ac90d00000,0x000000ac90e00000)]
  0x000002885d178800 JavaThread "Execution worker for ':' Thread 6" [_thread_blocked, id=29012, stack(0x000000ac90e00000,0x000000ac90f00000)]
  0x0000028860b30000 JavaThread "Execution worker for ':' Thread 7" [_thread_blocked, id=7808, stack(0x000000ac90f00000,0x000000ac91000000)]
  0x0000028860b31000 JavaThread "Cache worker for execution history cache (C:\Users\jjs815\flurtter_project\chang_2nd_main_project\android\.gradle\7.4\executionHistory)" [_thread_blocked, id=17028, stack(0x000000ac91000000,0x000000ac91100000)]
  0x0000028860b32800 JavaThread "Exec process" [_thread_in_native, id=19624, stack(0x000000ac91100000,0x000000ac91200000)]
  0x0000028860b33800 JavaThread "Exec process Thread 2" [_thread_in_native, id=33408, stack(0x000000ac91200000,0x000000ac91300000)]
  0x0000028860b2f800 JavaThread "Exec process Thread 3" [_thread_in_native, id=19768, stack(0x000000ac91300000,0x000000ac91400000)]

Other Threads:
  0x000002885c8bc800 VMThread "VM Thread" [stack: 0x000000ac88000000,0x000000ac88100000] [id=30120]
  0x000002885d30e800 WatcherThread [stack: 0x000000ac88a00000,0x000000ac88b00000] [id=22316]
  0x000002884175c800 GCTaskThread "GC Thread#0" [stack: 0x000000ac87b00000,0x000000ac87c00000] [id=22460]
  0x000002885df3c000 GCTaskThread "GC Thread#1" [stack: 0x000000ac88d00000,0x000000ac88e00000] [id=25948]
  0x000002885df3d000 GCTaskThread "GC Thread#2" [stack: 0x000000ac88e00000,0x000000ac88f00000] [id=22680]
  0x000002885df3d800 GCTaskThread "GC Thread#3" [stack: 0x000000ac88f00000,0x000000ac89000000] [id=8244]
  0x000002885df3e800 GCTaskThread "GC Thread#4" [stack: 0x000000ac89000000,0x000000ac89100000] [id=24704]
  0x000002885df3a000 GCTaskThread "GC Thread#5" [stack: 0x000000ac89100000,0x000000ac89200000] [id=18112]
  0x000002885df3b000 GCTaskThread "GC Thread#6" [stack: 0x000000ac89e00000,0x000000ac89f00000] [id=11512]
  0x000002885df3f000 GCTaskThread "GC Thread#7" [stack: 0x000000ac89f00000,0x000000ac8a000000] [id=19860]
  0x0000028841781800 ConcurrentGCThread "G1 Main Marker" [stack: 0x000000ac87c00000,0x000000ac87d00000] [id=1520]
  0x0000028841787000 ConcurrentGCThread "G1 Conc#0" [stack: 0x000000ac87d00000,0x000000ac87e00000] [id=15896]
  0x000002885df40000 ConcurrentGCThread "G1 Conc#1" [stack: 0x000000ac8a000000,0x000000ac8a100000] [id=15648]
  0x000002884181e000 ConcurrentGCThread "G1 Refine#0" [stack: 0x000000ac87e00000,0x000000ac87f00000] [id=26912]
  0x000002885c730800 ConcurrentGCThread "G1 Young RemSet Sampling" [stack: 0x000000ac87f00000,0x000000ac88000000] [id=2100]

Threads with active compile tasks:
C2 CompilerThread0  21780 11243       4       org.gradle.internal.logging.text.AbstractLineChoppingStyledTextOutput::doAppend (43 bytes)

VM state:not at safepoint (normal execution)

VM Mutex/Monitor currently owned by a thread: None

Heap address: 0x00000000a0000000, size: 1536 MB, Compressed Oops mode: 32-bit
Narrow klass base: 0x0000000000000000, Narrow klass shift: 3
Compressed class space size: 1073741824 Address: 0x0000000100000000

Heap:
 garbage-first heap   total 262144K, used 193502K [0x00000000a0000000, 0x0000000100000000)
  region size 1024K, 90 young (92160K), 9 survivors (9216K)
 Metaspace       used 93694K, capacity 97146K, committed 97432K, reserved 1132544K
  class space    used 12243K, capacity 13335K, committed 13464K, reserved 1048576K
Heap Regions: E=young(eden), S=young(survivor), O=old, HS=humongous(starts), HC=humongous(continues), CS=collection set, F=free, A=archive, TAMS=top-at-mark-start (previous, next)
|   0|0x00000000a0000000, 0x00000000a0100000, 0x00000000a0100000|100%| O|  |TAMS 0x00000000a0100000, 0x00000000a0000000| Untracked 
|   1|0x00000000a0100000, 0x00000000a0200000, 0x00000000a0200000|100%| O|  |TAMS 0x00000000a0200000, 0x00000000a0100000| Untracked 
|   2|0x00000000a0200000, 0x00000000a0300000, 0x00000000a0300000|100%| O|  |TAMS 0x00000000a0300000, 0x00000000a0200000| Untracked 
|   3|0x00000000a0300000, 0x00000000a0400000, 0x00000000a0400000|100%|HS|  |TAMS 0x00000000a0400000, 0x00000000a0300000| Complete 
|   4|0x00000000a0400000, 0x00000000a0500000, 0x00000000a0500000|100%|HC|  |TAMS 0x00000000a0500000, 0x00000000a0400000| Complete 
|   5|0x00000000a0500000, 0x00000000a0600000, 0x00000000a0600000|100%|HC|  |TAMS 0x00000000a0600000, 0x00000000a0500000| Complete 
|   6|0x00000000a0600000, 0x00000000a0700000, 0x00000000a0700000|100%| O|  |TAMS 0x00000000a0700000, 0x00000000a0600000| Untracked 
|   7|0x00000000a0700000, 0x00000000a0800000, 0x00000000a0800000|100%| O|  |TAMS 0x00000000a0800000, 0x00000000a0700000| Untracked 
|   8|0x00000000a0800000, 0x00000000a0900000, 0x00000000a0900000|100%| O|  |TAMS 0x00000000a0900000, 0x00000000a0800000| Untracked 
|   9|0x00000000a0900000, 0x00000000a0a00000, 0x00000000a0a00000|100%| O|  |TAMS 0x00000000a0a00000, 0x00000000a0900000| Untracked 
|  10|0x00000000a0a00000, 0x00000000a0b00000, 0x00000000a0b00000|100%| O|  |TAMS 0x00000000a0b00000, 0x00000000a0a00000| Untracked 
|  11|0x00000000a0b00000, 0x00000000a0c00000, 0x00000000a0c00000|100%| O|  |TAMS 0x00000000a0c00000, 0x00000000a0b00000| Untracked 
|  12|0x00000000a0c00000, 0x00000000a0d00000, 0x00000000a0d00000|100%| O|  |TAMS 0x00000000a0d00000, 0x00000000a0c00000| Untracked 
|  13|0x00000000a0d00000, 0x00000000a0e00000, 0x00000000a0e00000|100%| O|  |TAMS 0x00000000a0e00000, 0x00000000a0d00000| Untracked 
|  14|0x00000000a0e00000, 0x00000000a0f00000, 0x00000000a0f00000|100%| O|  |TAMS 0x00000000a0f00000, 0x00000000a0e00000| Untracked 
|  15|0x00000000a0f00000, 0x00000000a1000000, 0x00000000a1000000|100%| O|  |TAMS 0x00000000a1000000, 0x00000000a0f00000| Untracked 
|  16|0x00000000a1000000, 0x00000000a1100000, 0x00000000a1100000|100%| O|  |TAMS 0x00000000a1100000, 0x00000000a1000000| Untracked 
|  17|0x00000000a1100000, 0x00000000a1200000, 0x00000000a1200000|100%|HS|  |TAMS 0x00000000a1200000, 0x00000000a1100000| Complete 
|  18|0x00000000a1200000, 0x00000000a1300000, 0x00000000a1300000|100%|HS|  |TAMS 0x00000000a1300000, 0x00000000a1200000| Complete 
|  19|0x00000000a1300000, 0x00000000a1400000, 0x00000000a1400000|100%|HS|  |TAMS 0x00000000a1400000, 0x00000000a1300000| Complete 
|  20|0x00000000a1400000, 0x00000000a1500000, 0x00000000a1500000|100%|HS|  |TAMS 0x00000000a1500000, 0x00000000a1400000| Complete 
|  21|0x00000000a1500000, 0x00000000a1600000, 0x00000000a1600000|100%|HS|  |TAMS 0x00000000a1600000, 0x00000000a1500000| Complete 
|  22|0x00000000a1600000, 0x00000000a1700000, 0x00000000a1700000|100%|HC|  |TAMS 0x00000000a1700000, 0x00000000a1600000| Complete 
|  23|0x00000000a1700000, 0x00000000a1800000, 0x00000000a1800000|100%|HC|  |TAMS 0x00000000a1800000, 0x00000000a1700000| Complete 
|  24|0x00000000a1800000, 0x00000000a1900000, 0x00000000a1900000|100%|HS|  |TAMS 0x00000000a1900000, 0x00000000a1800000| Complete 
|  25|0x00000000a1900000, 0x00000000a1a00000, 0x00000000a1a00000|100%|HC|  |TAMS 0x00000000a1a00000, 0x00000000a1900000| Complete 
|  26|0x00000000a1a00000, 0x00000000a1b00000, 0x00000000a1b00000|100%| O|  |TAMS 0x00000000a1b00000, 0x00000000a1a00000| Untracked 
|  27|0x00000000a1b00000, 0x00000000a1c00000, 0x00000000a1c00000|100%| O|  |TAMS 0x00000000a1c00000, 0x00000000a1b00000| Untracked 
|  28|0x00000000a1c00000, 0x00000000a1d00000, 0x00000000a1d00000|100%| O|  |TAMS 0x00000000a1d00000, 0x00000000a1c00000| Untracked 
|  29|0x00000000a1d00000, 0x00000000a1e00000, 0x00000000a1e00000|100%| O|  |TAMS 0x00000000a1e00000, 0x00000000a1d00000| Untracked 
|  30|0x00000000a1e00000, 0x00000000a1f00000, 0x00000000a1f00000|100%| O|  |TAMS 0x00000000a1f00000, 0x00000000a1e00000| Untracked 
|  31|0x00000000a1f00000, 0x00000000a2000000, 0x00000000a2000000|100%| O|  |TAMS 0x00000000a2000000, 0x00000000a1f00000| Untracked 
|  32|0x00000000a2000000, 0x00000000a2100000, 0x00000000a2100000|100%| O|  |TAMS 0x00000000a2100000, 0x00000000a2000000| Untracked 
|  33|0x00000000a2100000, 0x00000000a2200000, 0x00000000a2200000|100%| O|  |TAMS 0x00000000a2200000, 0x00000000a2100000| Untracked 
|  34|0x00000000a2200000, 0x00000000a2300000, 0x00000000a2300000|100%| O|  |TAMS 0x00000000a2300000, 0x00000000a2200000| Untracked 
|  35|0x00000000a2300000, 0x00000000a2400000, 0x00000000a2400000|100%| O|  |TAMS 0x00000000a2400000, 0x00000000a2300000| Untracked 
|  36|0x00000000a2400000, 0x00000000a2500000, 0x00000000a2500000|100%| O|  |TAMS 0x00000000a2500000, 0x00000000a2400000| Untracked 
|  37|0x00000000a2500000, 0x00000000a2600000, 0x00000000a2600000|100%| O|  |TAMS 0x00000000a2600000, 0x00000000a2500000| Untracked 
|  38|0x00000000a2600000, 0x00000000a2700000, 0x00000000a2700000|100%| O|  |TAMS 0x00000000a2700000, 0x00000000a2600000| Untracked 
|  39|0x00000000a2700000, 0x00000000a2800000, 0x00000000a2800000|100%| O|  |TAMS 0x00000000a2800000, 0x00000000a2700000| Untracked 
|  40|0x00000000a2800000, 0x00000000a2900000, 0x00000000a2900000|100%| O|  |TAMS 0x00000000a2900000, 0x00000000a2800000| Untracked 
|  41|0x00000000a2900000, 0x00000000a2a00000, 0x00000000a2a00000|100%| O|  |TAMS 0x00000000a2a00000, 0x00000000a2900000| Untracked 
|  42|0x00000000a2a00000, 0x00000000a2b00000, 0x00000000a2b00000|100%| O|  |TAMS 0x00000000a2b00000, 0x00000000a2a00000| Untracked 
|  43|0x00000000a2b00000, 0x00000000a2c00000, 0x00000000a2c00000|100%| O|  |TAMS 0x00000000a2c00000, 0x00000000a2b00000| Untracked 
|  44|0x00000000a2c00000, 0x00000000a2d00000, 0x00000000a2d00000|100%| O|  |TAMS 0x00000000a2d00000, 0x00000000a2c00000| Untracked 
|  45|0x00000000a2d00000, 0x00000000a2e00000, 0x00000000a2e00000|100%| O|  |TAMS 0x00000000a2e00000, 0x00000000a2d00000| Untracked 
|  46|0x00000000a2e00000, 0x00000000a2f00000, 0x00000000a2f00000|100%| O|  |TAMS 0x00000000a2f00000, 0x00000000a2e00000| Untracked 
|  47|0x00000000a2f00000, 0x00000000a3000000, 0x00000000a3000000|100%| O|  |TAMS 0x00000000a3000000, 0x00000000a2f00000| Untracked 
|  48|0x00000000a3000000, 0x00000000a3100000, 0x00000000a3100000|100%| O|  |TAMS 0x00000000a3100000, 0x00000000a3000000| Untracked 
|  49|0x00000000a3100000, 0x00000000a3200000, 0x00000000a3200000|100%|HS|  |TAMS 0x00000000a3100000, 0x00000000a3100000| Complete 
|  50|0x00000000a3200000, 0x00000000a3300000, 0x00000000a3300000|100%|HS|  |TAMS 0x00000000a3200000, 0x00000000a3200000| Complete 
|  51|0x00000000a3300000, 0x00000000a3400000, 0x00000000a3400000|100%|HC|  |TAMS 0x00000000a3300000, 0x00000000a3300000| Complete 
|  52|0x00000000a3400000, 0x00000000a3500000, 0x00000000a3500000|100%| O|  |TAMS 0x00000000a3400000, 0x00000000a3400000| Untracked 
|  53|0x00000000a3500000, 0x00000000a3600000, 0x00000000a3600000|100%| O|  |TAMS 0x00000000a3500000, 0x00000000a3500000| Untracked 
|  54|0x00000000a3600000, 0x00000000a3700000, 0x00000000a3700000|100%| O|  |TAMS 0x00000000a3600000, 0x00000000a3600000| Untracked 
|  55|0x00000000a3700000, 0x00000000a3800000, 0x00000000a3800000|100%| O|  |TAMS 0x00000000a3700000, 0x00000000a3700000| Untracked 
|  56|0x00000000a3800000, 0x00000000a3900000, 0x00000000a3900000|100%| O|  |TAMS 0x00000000a3800000, 0x00000000a3800000| Untracked 
|  57|0x00000000a3900000, 0x00000000a3a00000, 0x00000000a3a00000|100%| O|  |TAMS 0x00000000a3900000, 0x00000000a3900000| Untracked 
|  58|0x00000000a3a00000, 0x00000000a3b00000, 0x00000000a3b00000|100%| O|  |TAMS 0x00000000a3a00000, 0x00000000a3a00000| Untracked 
|  59|0x00000000a3b00000, 0x00000000a3c00000, 0x00000000a3c00000|100%| O|  |TAMS 0x00000000a3b00000, 0x00000000a3b00000| Untracked 
|  60|0x00000000a3c00000, 0x00000000a3d00000, 0x00000000a3d00000|100%| O|  |TAMS 0x00000000a3c00000, 0x00000000a3c00000| Untracked 
|  61|0x00000000a3d00000, 0x00000000a3e00000, 0x00000000a3e00000|100%| O|  |TAMS 0x00000000a3d00000, 0x00000000a3d00000| Untracked 
|  62|0x00000000a3e00000, 0x00000000a3f00000, 0x00000000a3f00000|100%| O|  |TAMS 0x00000000a3e00000, 0x00000000a3e00000| Untracked 
|  63|0x00000000a3f00000, 0x00000000a4000000, 0x00000000a4000000|100%| O|  |TAMS 0x00000000a3f00000, 0x00000000a3f00000| Untracked 
|  64|0x00000000a4000000, 0x00000000a4100000, 0x00000000a4100000|100%| O|  |TAMS 0x00000000a4000000, 0x00000000a4000000| Untracked 
|  65|0x00000000a4100000, 0x00000000a4200000, 0x00000000a4200000|100%| O|  |TAMS 0x00000000a4100000, 0x00000000a4100000| Untracked 
|  66|0x00000000a4200000, 0x00000000a4300000, 0x00000000a4300000|100%| O|  |TAMS 0x00000000a4200000, 0x00000000a4200000| Untracked 
|  67|0x00000000a4300000, 0x00000000a4400000, 0x00000000a4400000|100%| O|  |TAMS 0x00000000a4300000, 0x00000000a4300000| Untracked 
|  68|0x00000000a4400000, 0x00000000a4500000, 0x00000000a4500000|100%| O|  |TAMS 0x00000000a4400000, 0x00000000a4400000| Untracked 
|  69|0x00000000a4500000, 0x00000000a4600000, 0x00000000a4600000|100%| O|  |TAMS 0x00000000a4500000, 0x00000000a4500000| Untracked 
|  70|0x00000000a4600000, 0x00000000a4700000, 0x00000000a4700000|100%|HS|  |TAMS 0x00000000a4600000, 0x00000000a4600000| Complete 
|  71|0x00000000a4700000, 0x00000000a4800000, 0x00000000a4800000|100%|HS|  |TAMS 0x00000000a4700000, 0x00000000a4700000| Complete 
|  72|0x00000000a4800000, 0x00000000a4900000, 0x00000000a4900000|100%|HS|  |TAMS 0x00000000a4800000, 0x00000000a4800000| Complete 
|  73|0x00000000a4900000, 0x00000000a4a00000, 0x00000000a4a00000|100%|HC|  |TAMS 0x00000000a4900000, 0x00000000a4900000| Complete 
|  74|0x00000000a4a00000, 0x00000000a4b00000, 0x00000000a4b00000|100%|HC|  |TAMS 0x00000000a4a00000, 0x00000000a4a00000| Complete 
|  75|0x00000000a4b00000, 0x00000000a4c00000, 0x00000000a4c00000|100%| O|  |TAMS 0x00000000a4b00000, 0x00000000a4b00000| Untracked 
|  76|0x00000000a4c00000, 0x00000000a4d00000, 0x00000000a4d00000|100%| O|  |TAMS 0x00000000a4c00000, 0x00000000a4c00000| Untracked 
|  77|0x00000000a4d00000, 0x00000000a4e00000, 0x00000000a4e00000|100%| O|  |TAMS 0x00000000a4d00000, 0x00000000a4d00000| Untracked 
|  78|0x00000000a4e00000, 0x00000000a4f00000, 0x00000000a4f00000|100%| O|  |TAMS 0x00000000a4e00000, 0x00000000a4e00000| Untracked 
|  79|0x00000000a4f00000, 0x00000000a5000000, 0x00000000a5000000|100%| O|  |TAMS 0x00000000a4f00000, 0x00000000a4f00000| Untracked 
|  80|0x00000000a5000000, 0x00000000a5100000, 0x00000000a5100000|100%| O|  |TAMS 0x00000000a5000000, 0x00000000a5000000| Untracked 
|  81|0x00000000a5100000, 0x00000000a5200000, 0x00000000a5200000|100%| O|  |TAMS 0x00000000a5100000, 0x00000000a5100000| Untracked 
|  82|0x00000000a5200000, 0x00000000a5300000, 0x00000000a5300000|100%| O|  |TAMS 0x00000000a5200000, 0x00000000a5200000| Untracked 
|  83|0x00000000a5300000, 0x00000000a5400000, 0x00000000a5400000|100%| O|  |TAMS 0x00000000a5300000, 0x00000000a5300000| Untracked 
|  84|0x00000000a5400000, 0x00000000a5500000, 0x00000000a5500000|100%| O|  |TAMS 0x00000000a5400000, 0x00000000a5400000| Untracked 
|  85|0x00000000a5500000, 0x00000000a5600000, 0x00000000a5600000|100%| O|  |TAMS 0x00000000a5500000, 0x00000000a5500000| Untracked 
|  86|0x00000000a5600000, 0x00000000a5700000, 0x00000000a5700000|100%| O|  |TAMS 0x00000000a5600000, 0x00000000a5600000| Untracked 
|  87|0x00000000a5700000, 0x00000000a5800000, 0x00000000a5800000|100%| O|  |TAMS 0x00000000a5700000, 0x00000000a5700000| Untracked 
|  88|0x00000000a5800000, 0x00000000a5900000, 0x00000000a5900000|100%| O|  |TAMS 0x00000000a5800000, 0x00000000a5800000| Untracked 
|  89|0x00000000a5900000, 0x00000000a5a00000, 0x00000000a5a00000|100%| O|  |TAMS 0x00000000a5900000, 0x00000000a5900000| Untracked 
|  90|0x00000000a5a00000, 0x00000000a5b00000, 0x00000000a5b00000|100%| O|  |TAMS 0x00000000a5a00000, 0x00000000a5a00000| Untracked 
|  91|0x00000000a5b00000, 0x00000000a5c00000, 0x00000000a5c00000|100%| O|  |TAMS 0x00000000a5b00000, 0x00000000a5b00000| Untracked 
|  92|0x00000000a5c00000, 0x00000000a5d00000, 0x00000000a5d00000|100%| O|  |TAMS 0x00000000a5c00000, 0x00000000a5c00000| Untracked 
|  93|0x00000000a5d00000, 0x00000000a5e00000, 0x00000000a5e00000|100%| O|  |TAMS 0x00000000a5d00000, 0x00000000a5d00000| Untracked 
|  94|0x00000000a5e00000, 0x00000000a5f00000, 0x00000000a5f00000|100%| O|  |TAMS 0x00000000a5e00000, 0x00000000a5e00000| Untracked 
|  95|0x00000000a5f00000, 0x00000000a6000000, 0x00000000a6000000|100%| O|  |TAMS 0x00000000a5f00000, 0x00000000a5f00000| Untracked 
|  96|0x00000000a6000000, 0x00000000a6100000, 0x00000000a6100000|100%| O|  |TAMS 0x00000000a6000000, 0x00000000a6000000| Untracked 
|  97|0x00000000a6100000, 0x00000000a6200000, 0x00000000a6200000|100%| O|  |TAMS 0x00000000a6100000, 0x00000000a6100000| Untracked 
|  98|0x00000000a6200000, 0x00000000a6300000, 0x00000000a6300000|100%| O|  |TAMS 0x00000000a6200000, 0x00000000a6200000| Untracked 
|  99|0x00000000a6300000, 0x00000000a6400000, 0x00000000a6400000|100%| O|  |TAMS 0x00000000a6300000, 0x00000000a6300000| Untracked 
| 100|0x00000000a6400000, 0x00000000a64f7800, 0x00000000a6500000| 96%| O|  |TAMS 0x00000000a6400000, 0x00000000a6400000| Untracked 
| 101|0x00000000a6500000, 0x00000000a6500000, 0x00000000a6600000|  0%| F|  |TAMS 0x00000000a6500000, 0x00000000a6500000| Untracked 
| 102|0x00000000a6600000, 0x00000000a6600000, 0x00000000a6700000|  0%| F|  |TAMS 0x00000000a6600000, 0x00000000a6600000| Untracked 
| 103|0x00000000a6700000, 0x00000000a6700000, 0x00000000a6800000|  0%| F|  |TAMS 0x00000000a6700000, 0x00000000a6700000| Untracked 
| 104|0x00000000a6800000, 0x00000000a6800000, 0x00000000a6900000|  0%| F|  |TAMS 0x00000000a6800000, 0x00000000a6800000| Untracked 
| 105|0x00000000a6900000, 0x00000000a6900000, 0x00000000a6a00000|  0%| F|  |TAMS 0x00000000a6900000, 0x00000000a6900000| Untracked 
| 106|0x00000000a6a00000, 0x00000000a6a00000, 0x00000000a6b00000|  0%| F|  |TAMS 0x00000000a6a00000, 0x00000000a6a00000| Untracked 
| 107|0x00000000a6b00000, 0x00000000a6b00000, 0x00000000a6c00000|  0%| F|  |TAMS 0x00000000a6b00000, 0x00000000a6b00000| Untracked 
| 108|0x00000000a6c00000, 0x00000000a6c00000, 0x00000000a6d00000|  0%| F|  |TAMS 0x00000000a6c00000, 0x00000000a6c00000| Untracked 
| 109|0x00000000a6d00000, 0x00000000a6d00000, 0x00000000a6e00000|  0%| F|  |TAMS 0x00000000a6d00000, 0x00000000a6d00000| Untracked 
| 110|0x00000000a6e00000, 0x00000000a6e00000, 0x00000000a6f00000|  0%| F|  |TAMS 0x00000000a6e00000, 0x00000000a6e00000| Untracked 
| 111|0x00000000a6f00000, 0x00000000a6f00000, 0x00000000a7000000|  0%| F|  |TAMS 0x00000000a6f00000, 0x00000000a6f00000| Untracked 
| 112|0x00000000a7000000, 0x00000000a7000000, 0x00000000a7100000|  0%| F|  |TAMS 0x00000000a7000000, 0x00000000a7000000| Untracked 
| 113|0x00000000a7100000, 0x00000000a7100000, 0x00000000a7200000|  0%| F|  |TAMS 0x00000000a7100000, 0x00000000a7100000| Untracked 
| 114|0x00000000a7200000, 0x00000000a7200000, 0x00000000a7300000|  0%| F|  |TAMS 0x00000000a7200000, 0x00000000a7200000| Untracked 
| 115|0x00000000a7300000, 0x00000000a7300000, 0x00000000a7400000|  0%| F|  |TAMS 0x00000000a7300000, 0x00000000a7300000| Untracked 
| 116|0x00000000a7400000, 0x00000000a7400000, 0x00000000a7500000|  0%| F|  |TAMS 0x00000000a7400000, 0x00000000a7400000| Untracked 
| 117|0x00000000a7500000, 0x00000000a7500000, 0x00000000a7600000|  0%| F|  |TAMS 0x00000000a7500000, 0x00000000a7500000| Untracked 
| 118|0x00000000a7600000, 0x00000000a7600000, 0x00000000a7700000|  0%| F|  |TAMS 0x00000000a7600000, 0x00000000a7600000| Untracked 
| 119|0x00000000a7700000, 0x00000000a7700000, 0x00000000a7800000|  0%| F|  |TAMS 0x00000000a7700000, 0x00000000a7700000| Untracked 
| 120|0x00000000a7800000, 0x00000000a7800000, 0x00000000a7900000|  0%| F|  |TAMS 0x00000000a7800000, 0x00000000a7800000| Untracked 
| 121|0x00000000a7900000, 0x00000000a7900000, 0x00000000a7a00000|  0%| F|  |TAMS 0x00000000a7900000, 0x00000000a7900000| Untracked 
| 122|0x00000000a7a00000, 0x00000000a7a00000, 0x00000000a7b00000|  0%| F|  |TAMS 0x00000000a7a00000, 0x00000000a7a00000| Untracked 
| 123|0x00000000a7b00000, 0x00000000a7b00000, 0x00000000a7c00000|  0%| F|  |TAMS 0x00000000a7b00000, 0x00000000a7b00000| Untracked 
| 124|0x00000000a7c00000, 0x00000000a7c00000, 0x00000000a7d00000|  0%| F|  |TAMS 0x00000000a7c00000, 0x00000000a7c00000| Untracked 
| 125|0x00000000a7d00000, 0x00000000a7d00000, 0x00000000a7e00000|  0%| F|  |TAMS 0x00000000a7d00000, 0x00000000a7d00000| Untracked 
| 126|0x00000000a7e00000, 0x00000000a7e00000, 0x00000000a7f00000|  0%| F|  |TAMS 0x00000000a7e00000, 0x00000000a7e00000| Untracked 
| 127|0x00000000a7f00000, 0x00000000a7f00000, 0x00000000a8000000|  0%| F|  |TAMS 0x00000000a7f00000, 0x00000000a7f00000| Untracked 
| 128|0x00000000a8000000, 0x00000000a8000000, 0x00000000a8100000|  0%| F|  |TAMS 0x00000000a8000000, 0x00000000a8000000| Untracked 
| 129|0x00000000a8100000, 0x00000000a8100000, 0x00000000a8200000|  0%| F|  |TAMS 0x00000000a8100000, 0x00000000a8100000| Untracked 
| 130|0x00000000a8200000, 0x00000000a8200000, 0x00000000a8300000|  0%| F|  |TAMS 0x00000000a8200000, 0x00000000a8200000| Untracked 
| 131|0x00000000a8300000, 0x00000000a8300000, 0x00000000a8400000|  0%| F|  |TAMS 0x00000000a8300000, 0x00000000a8300000| Untracked 
| 132|0x00000000a8400000, 0x00000000a8400000, 0x00000000a8500000|  0%| F|  |TAMS 0x00000000a8400000, 0x00000000a8400000| Untracked 
| 133|0x00000000a8500000, 0x00000000a8500000, 0x00000000a8600000|  0%| F|  |TAMS 0x00000000a8500000, 0x00000000a8500000| Untracked 
| 134|0x00000000a8600000, 0x00000000a8600000, 0x00000000a8700000|  0%| F|  |TAMS 0x00000000a8600000, 0x00000000a8600000| Untracked 
| 135|0x00000000a8700000, 0x00000000a8700000, 0x00000000a8800000|  0%| F|  |TAMS 0x00000000a8700000, 0x00000000a8700000| Untracked 
| 136|0x00000000a8800000, 0x00000000a8800000, 0x00000000a8900000|  0%| F|  |TAMS 0x00000000a8800000, 0x00000000a8800000| Untracked 
| 137|0x00000000a8900000, 0x00000000a8900000, 0x00000000a8a00000|  0%| F|  |TAMS 0x00000000a8900000, 0x00000000a8900000| Untracked 
| 138|0x00000000a8a00000, 0x00000000a8a00000, 0x00000000a8b00000|  0%| F|  |TAMS 0x00000000a8a00000, 0x00000000a8a00000| Untracked 
| 139|0x00000000a8b00000, 0x00000000a8b00000, 0x00000000a8c00000|  0%| F|  |TAMS 0x00000000a8b00000, 0x00000000a8b00000| Untracked 
| 140|0x00000000a8c00000, 0x00000000a8c00000, 0x00000000a8d00000|  0%| F|  |TAMS 0x00000000a8c00000, 0x00000000a8c00000| Untracked 
| 141|0x00000000a8d00000, 0x00000000a8d00000, 0x00000000a8e00000|  0%| F|  |TAMS 0x00000000a8d00000, 0x00000000a8d00000| Untracked 
| 142|0x00000000a8e00000, 0x00000000a8e00000, 0x00000000a8f00000|  0%| F|  |TAMS 0x00000000a8e00000, 0x00000000a8e00000| Untracked 
| 143|0x00000000a8f00000, 0x00000000a8f00000, 0x00000000a9000000|  0%| F|  |TAMS 0x00000000a8f00000, 0x00000000a8f00000| Untracked 
| 144|0x00000000a9000000, 0x00000000a9000000, 0x00000000a9100000|  0%| F|  |TAMS 0x00000000a9000000, 0x00000000a9000000| Untracked 
| 145|0x00000000a9100000, 0x00000000a9100000, 0x00000000a9200000|  0%| F|  |TAMS 0x00000000a9100000, 0x00000000a9100000| Untracked 
| 146|0x00000000a9200000, 0x00000000a9200000, 0x00000000a9300000|  0%| F|  |TAMS 0x00000000a9200000, 0x00000000a9200000| Untracked 
| 147|0x00000000a9300000, 0x00000000a9300000, 0x00000000a9400000|  0%| F|  |TAMS 0x00000000a9300000, 0x00000000a9300000| Untracked 
| 148|0x00000000a9400000, 0x00000000a9400000, 0x00000000a9500000|  0%| F|  |TAMS 0x00000000a9400000, 0x00000000a9400000| Untracked 
| 149|0x00000000a9500000, 0x00000000a9500000, 0x00000000a9600000|  0%| F|  |TAMS 0x00000000a9500000, 0x00000000a9500000| Untracked 
| 150|0x00000000a9600000, 0x00000000a9600000, 0x00000000a9700000|  0%| F|  |TAMS 0x00000000a9600000, 0x00000000a9600000| Untracked 
| 151|0x00000000a9700000, 0x00000000a9700000, 0x00000000a9800000|  0%| F|  |TAMS 0x00000000a9700000, 0x00000000a9700000| Untracked 
| 152|0x00000000a9800000, 0x00000000a9800000, 0x00000000a9900000|  0%| F|  |TAMS 0x00000000a9800000, 0x00000000a9800000| Untracked 
| 153|0x00000000a9900000, 0x00000000a9900000, 0x00000000a9a00000|  0%| F|  |TAMS 0x00000000a9900000, 0x00000000a9900000| Untracked 
| 154|0x00000000a9a00000, 0x00000000a9a00000, 0x00000000a9b00000|  0%| F|  |TAMS 0x00000000a9a00000, 0x00000000a9a00000| Untracked 
| 155|0x00000000a9b00000, 0x00000000a9b00000, 0x00000000a9c00000|  0%| F|  |TAMS 0x00000000a9b00000, 0x00000000a9b00000| Untracked 
| 156|0x00000000a9c00000, 0x00000000a9d00000, 0x00000000a9d00000|100%| S|CS|TAMS 0x00000000a9c00000, 0x00000000a9c00000| Complete 
| 157|0x00000000a9d00000, 0x00000000a9e00000, 0x00000000a9e00000|100%| S|CS|TAMS 0x00000000a9d00000, 0x00000000a9d00000| Complete 
| 158|0x00000000a9e00000, 0x00000000a9f00000, 0x00000000a9f00000|100%| S|CS|TAMS 0x00000000a9e00000, 0x00000000a9e00000| Complete 
| 159|0x00000000a9f00000, 0x00000000aa000000, 0x00000000aa000000|100%| S|CS|TAMS 0x00000000a9f00000, 0x00000000a9f00000| Complete 
| 160|0x00000000aa000000, 0x00000000aa100000, 0x00000000aa100000|100%| S|CS|TAMS 0x00000000aa000000, 0x00000000aa000000| Complete 
| 161|0x00000000aa100000, 0x00000000aa200000, 0x00000000aa200000|100%| S|CS|TAMS 0x00000000aa100000, 0x00000000aa100000| Complete 
| 162|0x00000000aa200000, 0x00000000aa300000, 0x00000000aa300000|100%| S|CS|TAMS 0x00000000aa200000, 0x00000000aa200000| Complete 
| 163|0x00000000aa300000, 0x00000000aa400000, 0x00000000aa400000|100%| S|CS|TAMS 0x00000000aa300000, 0x00000000aa300000| Complete 
| 164|0x00000000aa400000, 0x00000000aa500000, 0x00000000aa500000|100%| S|CS|TAMS 0x00000000aa400000, 0x00000000aa400000| Complete 
| 165|0x00000000aa500000, 0x00000000aa500000, 0x00000000aa600000|  0%| F|  |TAMS 0x00000000aa500000, 0x00000000aa500000| Untracked 
| 166|0x00000000aa600000, 0x00000000aa600000, 0x00000000aa700000|  0%| F|  |TAMS 0x00000000aa600000, 0x00000000aa600000| Untracked 
| 167|0x00000000aa700000, 0x00000000aa700000, 0x00000000aa800000|  0%| F|  |TAMS 0x00000000aa700000, 0x00000000aa700000| Untracked 
| 168|0x00000000aa800000, 0x00000000aa800000, 0x00000000aa900000|  0%| F|  |TAMS 0x00000000aa800000, 0x00000000aa800000| Untracked 
| 169|0x00000000aa900000, 0x00000000aa900000, 0x00000000aaa00000|  0%| F|  |TAMS 0x00000000aa900000, 0x00000000aa900000| Untracked 
| 170|0x00000000aaa00000, 0x00000000aaa00000, 0x00000000aab00000|  0%| F|  |TAMS 0x00000000aaa00000, 0x00000000aaa00000| Untracked 
| 171|0x00000000aab00000, 0x00000000aab00000, 0x00000000aac00000|  0%| F|  |TAMS 0x00000000aab00000, 0x00000000aab00000| Untracked 
| 172|0x00000000aac00000, 0x00000000aac00000, 0x00000000aad00000|  0%| F|  |TAMS 0x00000000aac00000, 0x00000000aac00000| Untracked 
| 173|0x00000000aad00000, 0x00000000aad00000, 0x00000000aae00000|  0%| F|  |TAMS 0x00000000aad00000, 0x00000000aad00000| Untracked 
| 174|0x00000000aae00000, 0x00000000aae00000, 0x00000000aaf00000|  0%| F|  |TAMS 0x00000000aae00000, 0x00000000aae00000| Untracked 
| 175|0x00000000aaf00000, 0x00000000ab000000, 0x00000000ab000000|100%| E|  |TAMS 0x00000000aaf00000, 0x00000000aaf00000| Complete 
| 176|0x00000000ab000000, 0x00000000ab100000, 0x00000000ab100000|100%| E|CS|TAMS 0x00000000ab000000, 0x00000000ab000000| Complete 
| 177|0x00000000ab100000, 0x00000000ab200000, 0x00000000ab200000|100%| E|CS|TAMS 0x00000000ab100000, 0x00000000ab100000| Complete 
| 178|0x00000000ab200000, 0x00000000ab300000, 0x00000000ab300000|100%| E|CS|TAMS 0x00000000ab200000, 0x00000000ab200000| Complete 
| 179|0x00000000ab300000, 0x00000000ab400000, 0x00000000ab400000|100%| E|CS|TAMS 0x00000000ab300000, 0x00000000ab300000| Complete 
| 180|0x00000000ab400000, 0x00000000ab500000, 0x00000000ab500000|100%| E|CS|TAMS 0x00000000ab400000, 0x00000000ab400000| Complete 
| 181|0x00000000ab500000, 0x00000000ab600000, 0x00000000ab600000|100%| E|CS|TAMS 0x00000000ab500000, 0x00000000ab500000| Complete 
| 182|0x00000000ab600000, 0x00000000ab700000, 0x00000000ab700000|100%| E|CS|TAMS 0x00000000ab600000, 0x00000000ab600000| Complete 
| 183|0x00000000ab700000, 0x00000000ab800000, 0x00000000ab800000|100%| E|CS|TAMS 0x00000000ab700000, 0x00000000ab700000| Complete 
| 184|0x00000000ab800000, 0x00000000ab900000, 0x00000000ab900000|100%| E|CS|TAMS 0x00000000ab800000, 0x00000000ab800000| Complete 
| 185|0x00000000ab900000, 0x00000000aba00000, 0x00000000aba00000|100%| E|CS|TAMS 0x00000000ab900000, 0x00000000ab900000| Complete 
| 186|0x00000000aba00000, 0x00000000abb00000, 0x00000000abb00000|100%| E|CS|TAMS 0x00000000aba00000, 0x00000000aba00000| Complete 
| 187|0x00000000abb00000, 0x00000000abc00000, 0x00000000abc00000|100%| E|CS|TAMS 0x00000000abb00000, 0x00000000abb00000| Complete 
| 188|0x00000000abc00000, 0x00000000abd00000, 0x00000000abd00000|100%| E|CS|TAMS 0x00000000abc00000, 0x00000000abc00000| Complete 
| 189|0x00000000abd00000, 0x00000000abe00000, 0x00000000abe00000|100%| E|CS|TAMS 0x00000000abd00000, 0x00000000abd00000| Complete 
| 190|0x00000000abe00000, 0x00000000abf00000, 0x00000000abf00000|100%| E|CS|TAMS 0x00000000abe00000, 0x00000000abe00000| Complete 
| 191|0x00000000abf00000, 0x00000000ac000000, 0x00000000ac000000|100%| E|CS|TAMS 0x00000000abf00000, 0x00000000abf00000| Complete 
| 192|0x00000000ac000000, 0x00000000ac100000, 0x00000000ac100000|100%| E|CS|TAMS 0x00000000ac000000, 0x00000000ac000000| Complete 
| 193|0x00000000ac100000, 0x00000000ac200000, 0x00000000ac200000|100%| E|CS|TAMS 0x00000000ac100000, 0x00000000ac100000| Complete 
| 194|0x00000000ac200000, 0x00000000ac300000, 0x00000000ac300000|100%| E|CS|TAMS 0x00000000ac200000, 0x00000000ac200000| Complete 
| 195|0x00000000ac300000, 0x00000000ac400000, 0x00000000ac400000|100%| E|CS|TAMS 0x00000000ac300000, 0x00000000ac300000| Complete 
| 196|0x00000000ac400000, 0x00000000ac500000, 0x00000000ac500000|100%| E|  |TAMS 0x00000000ac400000, 0x00000000ac400000| Complete 
| 197|0x00000000ac500000, 0x00000000ac600000, 0x00000000ac600000|100%| E|CS|TAMS 0x00000000ac500000, 0x00000000ac500000| Complete 
| 198|0x00000000ac600000, 0x00000000ac700000, 0x00000000ac700000|100%| E|CS|TAMS 0x00000000ac600000, 0x00000000ac600000| Complete 
| 199|0x00000000ac700000, 0x00000000ac800000, 0x00000000ac800000|100%| E|CS|TAMS 0x00000000ac700000, 0x00000000ac700000| Complete 
| 200|0x00000000ac800000, 0x00000000ac900000, 0x00000000ac900000|100%| E|CS|TAMS 0x00000000ac800000, 0x00000000ac800000| Complete 
| 201|0x00000000ac900000, 0x00000000aca00000, 0x00000000aca00000|100%| E|CS|TAMS 0x00000000ac900000, 0x00000000ac900000| Complete 
| 202|0x00000000aca00000, 0x00000000acb00000, 0x00000000acb00000|100%| E|CS|TAMS 0x00000000aca00000, 0x00000000aca00000| Complete 
| 203|0x00000000acb00000, 0x00000000acc00000, 0x00000000acc00000|100%| E|CS|TAMS 0x00000000acb00000, 0x00000000acb00000| Complete 
| 204|0x00000000acc00000, 0x00000000acd00000, 0x00000000acd00000|100%| E|CS|TAMS 0x00000000acc00000, 0x00000000acc00000| Complete 
| 205|0x00000000acd00000, 0x00000000ace00000, 0x00000000ace00000|100%| E|CS|TAMS 0x00000000acd00000, 0x00000000acd00000| Complete 
| 206|0x00000000ace00000, 0x00000000acf00000, 0x00000000acf00000|100%| E|CS|TAMS 0x00000000ace00000, 0x00000000ace00000| Complete 
| 207|0x00000000acf00000, 0x00000000ad000000, 0x00000000ad000000|100%| E|CS|TAMS 0x00000000acf00000, 0x00000000acf00000| Complete 
| 208|0x00000000ad000000, 0x00000000ad100000, 0x00000000ad100000|100%| E|CS|TAMS 0x00000000ad000000, 0x00000000ad000000| Complete 
| 209|0x00000000ad100000, 0x00000000ad200000, 0x00000000ad200000|100%| E|CS|TAMS 0x00000000ad100000, 0x00000000ad100000| Complete 
| 210|0x00000000ad200000, 0x00000000ad300000, 0x00000000ad300000|100%| E|CS|TAMS 0x00000000ad200000, 0x00000000ad200000| Complete 
| 211|0x00000000ad300000, 0x00000000ad400000, 0x00000000ad400000|100%| E|CS|TAMS 0x00000000ad300000, 0x00000000ad300000| Complete 
| 212|0x00000000ad400000, 0x00000000ad500000, 0x00000000ad500000|100%| E|CS|TAMS 0x00000000ad400000, 0x00000000ad400000| Complete 
| 213|0x00000000ad500000, 0x00000000ad600000, 0x00000000ad600000|100%| E|CS|TAMS 0x00000000ad500000, 0x00000000ad500000| Complete 
| 214|0x00000000ad600000, 0x00000000ad700000, 0x00000000ad700000|100%| E|CS|TAMS 0x00000000ad600000, 0x00000000ad600000| Complete 
| 215|0x00000000ad700000, 0x00000000ad800000, 0x00000000ad800000|100%| E|CS|TAMS 0x00000000ad700000, 0x00000000ad700000| Complete 
| 216|0x00000000ad800000, 0x00000000ad900000, 0x00000000ad900000|100%| E|CS|TAMS 0x00000000ad800000, 0x00000000ad800000| Complete 
| 217|0x00000000ad900000, 0x00000000ada00000, 0x00000000ada00000|100%| E|CS|TAMS 0x00000000ad900000, 0x00000000ad900000| Complete 
| 218|0x00000000ada00000, 0x00000000adb00000, 0x00000000adb00000|100%| E|CS|TAMS 0x00000000ada00000, 0x00000000ada00000| Complete 
| 219|0x00000000adb00000, 0x00000000adc00000, 0x00000000adc00000|100%| E|CS|TAMS 0x00000000adb00000, 0x00000000adb00000| Complete 
| 220|0x00000000adc00000, 0x00000000add00000, 0x00000000add00000|100%| E|CS|TAMS 0x00000000adc00000, 0x00000000adc00000| Complete 
| 221|0x00000000add00000, 0x00000000ade00000, 0x00000000ade00000|100%| E|CS|TAMS 0x00000000add00000, 0x00000000add00000| Complete 
| 222|0x00000000ade00000, 0x00000000adf00000, 0x00000000adf00000|100%| E|CS|TAMS 0x00000000ade00000, 0x00000000ade00000| Complete 
| 223|0x00000000adf00000, 0x00000000ae000000, 0x00000000ae000000|100%| E|CS|TAMS 0x00000000adf00000, 0x00000000adf00000| Complete 
| 224|0x00000000ae000000, 0x00000000ae100000, 0x00000000ae100000|100%| E|CS|TAMS 0x00000000ae000000, 0x00000000ae000000| Complete 
| 225|0x00000000ae100000, 0x00000000ae200000, 0x00000000ae200000|100%| E|CS|TAMS 0x00000000ae100000, 0x00000000ae100000| Complete 
| 226|0x00000000ae200000, 0x00000000ae300000, 0x00000000ae300000|100%| E|CS|TAMS 0x00000000ae200000, 0x00000000ae200000| Complete 
| 227|0x00000000ae300000, 0x00000000ae400000, 0x00000000ae400000|100%| E|CS|TAMS 0x00000000ae300000, 0x00000000ae300000| Complete 
| 228|0x00000000ae400000, 0x00000000ae500000, 0x00000000ae500000|100%| E|CS|TAMS 0x00000000ae400000, 0x00000000ae400000| Complete 
| 229|0x00000000ae500000, 0x00000000ae600000, 0x00000000ae600000|100%| E|CS|TAMS 0x00000000ae500000, 0x00000000ae500000| Complete 
| 230|0x00000000ae600000, 0x00000000ae700000, 0x00000000ae700000|100%| E|CS|TAMS 0x00000000ae600000, 0x00000000ae600000| Complete 
| 231|0x00000000ae700000, 0x00000000ae800000, 0x00000000ae800000|100%| E|CS|TAMS 0x00000000ae700000, 0x00000000ae700000| Complete 
| 232|0x00000000ae800000, 0x00000000ae900000, 0x00000000ae900000|100%| E|CS|TAMS 0x00000000ae800000, 0x00000000ae800000| Complete 
| 233|0x00000000ae900000, 0x00000000aea00000, 0x00000000aea00000|100%| E|CS|TAMS 0x00000000ae900000, 0x00000000ae900000| Complete 
| 234|0x00000000aea00000, 0x00000000aeb00000, 0x00000000aeb00000|100%| E|CS|TAMS 0x00000000aea00000, 0x00000000aea00000| Complete 
| 235|0x00000000aeb00000, 0x00000000aec00000, 0x00000000aec00000|100%| E|CS|TAMS 0x00000000aeb00000, 0x00000000aeb00000| Complete 
| 236|0x00000000aec00000, 0x00000000aed00000, 0x00000000aed00000|100%| E|CS|TAMS 0x00000000aec00000, 0x00000000aec00000| Complete 
| 237|0x00000000aed00000, 0x00000000aee00000, 0x00000000aee00000|100%| E|CS|TAMS 0x00000000aed00000, 0x00000000aed00000| Complete 
| 238|0x00000000aee00000, 0x00000000aef00000, 0x00000000aef00000|100%| E|CS|TAMS 0x00000000aee00000, 0x00000000aee00000| Complete 
| 239|0x00000000aef00000, 0x00000000af000000, 0x00000000af000000|100%| E|CS|TAMS 0x00000000aef00000, 0x00000000aef00000| Complete 
| 240|0x00000000af000000, 0x00000000af100000, 0x00000000af100000|100%| E|CS|TAMS 0x00000000af000000, 0x00000000af000000| Complete 
| 241|0x00000000af100000, 0x00000000af200000, 0x00000000af200000|100%| E|CS|TAMS 0x00000000af100000, 0x00000000af100000| Complete 
| 242|0x00000000af200000, 0x00000000af300000, 0x00000000af300000|100%| E|CS|TAMS 0x00000000af200000, 0x00000000af200000| Complete 
| 243|0x00000000af300000, 0x00000000af400000, 0x00000000af400000|100%| E|CS|TAMS 0x00000000af300000, 0x00000000af300000| Complete 
| 244|0x00000000af400000, 0x00000000af500000, 0x00000000af500000|100%| E|CS|TAMS 0x00000000af400000, 0x00000000af400000| Complete 
| 245|0x00000000af500000, 0x00000000af600000, 0x00000000af600000|100%| E|CS|TAMS 0x00000000af500000, 0x00000000af500000| Complete 
| 246|0x00000000af600000, 0x00000000af700000, 0x00000000af700000|100%| E|CS|TAMS 0x00000000af600000, 0x00000000af600000| Complete 
| 247|0x00000000af700000, 0x00000000af800000, 0x00000000af800000|100%| E|CS|TAMS 0x00000000af700000, 0x00000000af700000| Complete 
| 248|0x00000000af800000, 0x00000000af900000, 0x00000000af900000|100%| E|CS|TAMS 0x00000000af800000, 0x00000000af800000| Complete 
| 249|0x00000000af900000, 0x00000000afa00000, 0x00000000afa00000|100%| E|CS|TAMS 0x00000000af900000, 0x00000000af900000| Complete 
| 250|0x00000000afa00000, 0x00000000afb00000, 0x00000000afb00000|100%| E|CS|TAMS 0x00000000afa00000, 0x00000000afa00000| Complete 
| 251|0x00000000afb00000, 0x00000000afc00000, 0x00000000afc00000|100%| E|CS|TAMS 0x00000000afb00000, 0x00000000afb00000| Complete 
| 252|0x00000000afc00000, 0x00000000afd00000, 0x00000000afd00000|100%| E|CS|TAMS 0x00000000afc00000, 0x00000000afc00000| Complete 
| 253|0x00000000afd00000, 0x00000000afe00000, 0x00000000afe00000|100%| E|CS|TAMS 0x00000000afd00000, 0x00000000afd00000| Complete 
| 254|0x00000000afe00000, 0x00000000aff00000, 0x00000000aff00000|100%| E|CS|TAMS 0x00000000afe00000, 0x00000000afe00000| Complete 
| 255|0x00000000aff00000, 0x00000000b0000000, 0x00000000b0000000|100%| E|CS|TAMS 0x00000000aff00000, 0x00000000aff00000| Complete 

Card table byte_map: [0x00000288567d0000,0x0000028856ad0000] _byte_map_base: 0x00000288562d0000

Marking Bits (Prev, Next): (CMBitMap*) 0x000002884177ab28, (CMBitMap*) 0x000002884177ab60
 Prev Bits: [0x0000028856dd0000, 0x00000288585d0000)
 Next Bits: [0x00000288585d0000, 0x0000028859dd0000)

Polling page: 0x0000028841820000

Metaspace:

Usage:
  Non-class:     81.85 MB capacity,    79.56 MB ( 97%) used,     2.02 MB (  2%) free+waste,   276.19 KB ( <1%) overhead. 
      Class:     13.02 MB capacity,    11.96 MB ( 92%) used,   962.03 KB (  7%) free+waste,   129.06 KB ( <1%) overhead. 
       Both:     94.87 MB capacity,    91.51 MB ( 96%) used,     2.96 MB (  3%) free+waste,   405.25 KB ( <1%) overhead. 

Virtual space:
  Non-class space:       82.00 MB reserved,      82.00 MB (100%) committed 
      Class space:        1.00 GB reserved,      13.15 MB (  1%) committed 
             Both:        1.08 GB reserved,      95.15 MB (  9%) committed 

Chunk freelists:
   Non-Class:  29.00 KB
       Class:  9.00 KB
        Both:  38.00 KB

MaxMetaspaceSize: 17179869184.00 GB
CompressedClassSpaceSize: 1.00 GB
Initial GC threshold: 20.80 MB
Current GC threshold: 113.38 MB
CDS: off

CodeHeap 'non-profiled nmethods': size=120000Kb used=7294Kb max_used=7294Kb free=112705Kb
 bounds [0x000002884e530000, 0x000002884ec50000, 0x0000028855a60000]
CodeHeap 'profiled nmethods': size=120000Kb used=24985Kb max_used=24985Kb free=95014Kb
 bounds [0x0000028847000000, 0x0000028848870000, 0x000002884e530000]
CodeHeap 'non-nmethods': size=5760Kb used=2379Kb max_used=2452Kb free=3381Kb
 bounds [0x0000028846a60000, 0x0000028846ce0000, 0x0000028847000000]
 total_blobs=12091 nmethods=11199 adapters=804
 compilation: enabled
              stopped_count=0, restarted_count=0
 full_count=0

Compilation events (20 events):
Event: 17.129 Thread 0x000002885d179800 nmethod 11237 0x0000028848862510 code [0x00000288488626e0, 0x0000028848862988]
Event: 17.129 Thread 0x000002885d179800 11238       3       sun.management.MemoryPoolImpl::getType (15 bytes)
Event: 17.129 Thread 0x000002885d179800 nmethod 11238 0x0000028848862a90 code [0x0000028848862c40, 0x0000028848862d98]
Event: 20.692 Thread 0x000002885d170800 11239       4       java.util.concurrent.TimeUnit::toNanos (45 bytes)
Event: 20.693 Thread 0x000002885d170800 nmethod 11239 0x000002884ec4e290 code [0x000002884ec4e420, 0x000002884ec4e4f8]
Event: 21.735 Thread 0x000002885d170800 11240       4       org.gradle.internal.logging.text.AbstractLineChoppingStyledTextOutput$1::execute (9 bytes)
Event: 21.736 Thread 0x000002885d179800 11241       3       org.gradle.internal.io.LineBufferingOutputStream::write (59 bytes)
Event: 21.737 Thread 0x000002885d179800 nmethod 11241 0x0000028848862e10 code [0x00000288488630e0, 0x0000028848863eb8]
Event: 21.737 Thread 0x000002885d179800 11242       3       org.gradle.internal.io.StreamByteBuffer$StreamByteBufferOutputStream::write (22 bytes)
Event: 21.737 Thread 0x000002885d179800 nmethod 11242 0x0000028848864410 code [0x00000288488645e0, 0x0000028848864868]
Event: 21.737 Thread 0x000002885d179800 11244       3       org.gradle.internal.io.StreamByteBuffer$StreamByteBufferChunk::write (32 bytes)
Event: 21.737 Thread 0x000002885d179800 nmethod 11244 0x0000028848864a10 code [0x0000028848864bc0, 0x0000028848864d58]
Event: 21.737 Thread 0x000002885d179800 11245       3       org.gradle.internal.io.LineBufferingOutputStream::endsWithLineSeparator (27 bytes)
Event: 21.737 Thread 0x000002885d179800 nmethod 11245 0x0000028848864e10 code [0x0000028848864fc0, 0x0000028848865158]
Event: 21.737 Thread 0x000002885d179800 11247       1       org.gradle.launcher.daemon.server.exec.LogToClient::access$100 (5 bytes)
Event: 21.737 Thread 0x000002885d179800 nmethod 11247 0x000002884ec4e590 code [0x000002884ec4e740, 0x000002884ec4e7d8]
Event: 21.741 Thread 0x000002885d170800 nmethod 11240 0x000002884ec4e890 code [0x000002884ec4ea80, 0x000002884ec4f0e8]
Event: 21.741 Thread 0x000002885d170800 11243       4       org.gradle.internal.logging.text.AbstractLineChoppingStyledTextOutput::doAppend (43 bytes)
Event: 21.744 Thread 0x000002885d179800 11248       1       org.gradle.internal.logging.events.RenderableOutputEvent::getBuildOperationId (5 bytes)
Event: 21.744 Thread 0x000002885d179800 nmethod 11248 0x000002884ec4f690 code [0x000002884ec4f840, 0x000002884ec4f8f8]

GC Heap History (20 events):
Event: 3.194 GC heap before
{Heap before GC invocations=4 (full 0):
 garbage-first heap   total 262144K, used 123644K [0x00000000a0000000, 0x0000000100000000)
  region size 1024K, 104 young (106496K), 1 survivors (1024K)
 Metaspace       used 35006K, capacity 35769K, committed 35840K, reserved 1081344K
  class space    used 4536K, capacity 4838K, committed 4864K, reserved 1048576K
}
Event: 3.198 GC heap after
{Heap after GC invocations=5 (full 0):
 garbage-first heap   total 262144K, used 22721K [0x00000000a0000000, 0x0000000100000000)
  region size 1024K, 6 young (6144K), 6 survivors (6144K)
 Metaspace       used 35006K, capacity 35769K, committed 35840K, reserved 1081344K
  class space    used 4536K, capacity 4838K, committed 4864K, reserved 1048576K
}
Event: 3.199 GC heap before
{Heap before GC invocations=5 (full 0):
 garbage-first heap   total 262144K, used 22721K [0x00000000a0000000, 0x0000000100000000)
  region size 1024K, 7 young (7168K), 6 survivors (6144K)
 Metaspace       used 35014K, capacity 35769K, committed 35840K, reserved 1081344K
  class space    used 4537K, capacity 4838K, committed 4864K, reserved 1048576K
}
Event: 3.204 GC heap after
{Heap after GC invocations=6 (full 0):
 garbage-first heap   total 262144K, used 22969K [0x00000000a0000000, 0x0000000100000000)
  region size 1024K, 6 young (6144K), 6 survivors (6144K)
 Metaspace       used 35014K, capacity 35769K, committed 35840K, reserved 1081344K
  class space    used 4537K, capacity 4838K, committed 4864K, reserved 1048576K
}
Event: 4.234 GC heap before
{Heap before GC invocations=7 (full 0):
 garbage-first heap   total 262144K, used 148921K [0x00000000a0000000, 0x0000000100000000)
  region size 1024K, 126 young (129024K), 6 survivors (6144K)
 Metaspace       used 44703K, capacity 45664K, committed 45772K, reserved 1089536K
  class space    used 5708K, capacity 6077K, committed 6092K, reserved 1048576K
}
Event: 4.242 GC heap after
{Heap after GC invocations=8 (full 0):
 garbage-first heap   total 262144K, used 30931K [0x00000000a0000000, 0x0000000100000000)
  region size 1024K, 14 young (14336K), 14 survivors (14336K)
 Metaspace       used 44703K, capacity 45664K, committed 45772K, reserved 1089536K
  class space    used 5708K, capacity 6077K, committed 6092K, reserved 1048576K
}
Event: 5.564 GC heap before
{Heap before GC invocations=8 (full 0):
 garbage-first heap   total 262144K, used 169171K [0x00000000a0000000, 0x0000000100000000)
  region size 1024K, 141 young (144384K), 14 survivors (14336K)
 Metaspace       used 52239K, capacity 53682K, committed 53836K, reserved 1095680K
  class space    used 6638K, capacity 7149K, committed 7244K, reserved 1048576K
}
Event: 5.575 GC heap after
{Heap after GC invocations=9 (full 0):
 garbage-first heap   total 262144K, used 50253K [0x00000000a0000000, 0x0000000100000000)
  region size 1024K, 18 young (18432K), 18 survivors (18432K)
 Metaspace       used 52239K, capacity 53682K, committed 53836K, reserved 1095680K
  class space    used 6638K, capacity 7149K, committed 7244K, reserved 1048576K
}
Event: 6.061 GC heap before
{Heap before GC invocations=9 (full 0):
 garbage-first heap   total 262144K, used 98381K [0x00000000a0000000, 0x0000000100000000)
  region size 1024K, 66 young (67584K), 18 survivors (18432K)
 Metaspace       used 58656K, capacity 60151K, committed 60236K, reserved 1101824K
  class space    used 7410K, capacity 7957K, committed 8012K, reserved 1048576K
}
Event: 6.081 GC heap after
{Heap after GC invocations=10 (full 0):
 garbage-first heap   total 262144K, used 53597K [0x00000000a0000000, 0x0000000100000000)
  region size 1024K, 4 young (4096K), 4 survivors (4096K)
 Metaspace       used 58656K, capacity 60151K, committed 60236K, reserved 1101824K
  class space    used 7410K, capacity 7957K, committed 8012K, reserved 1048576K
}
Event: 7.012 GC heap before
{Heap before GC invocations=11 (full 0):
 garbage-first heap   total 262144K, used 163165K [0x00000000a0000000, 0x0000000100000000)
  region size 1024K, 111 young (113664K), 4 survivors (4096K)
 Metaspace       used 67875K, capacity 69504K, committed 69656K, reserved 1110016K
  class space    used 8587K, capacity 9208K, committed 9240K, reserved 1048576K
}
Event: 7.018 GC heap after
{Heap after GC invocations=12 (full 0):
 garbage-first heap   total 262144K, used 58598K [0x00000000a0000000, 0x0000000100000000)
  region size 1024K, 9 young (9216K), 9 survivors (9216K)
 Metaspace       used 67875K, capacity 69504K, committed 69656K, reserved 1110016K
  class space    used 8587K, capacity 9208K, committed 9240K, reserved 1048576K
}
Event: 7.646 GC heap before
{Heap before GC invocations=13 (full 0):
 garbage-first heap   total 262144K, used 174310K [0x00000000a0000000, 0x0000000100000000)
  region size 1024K, 120 young (122880K), 9 survivors (9216K)
 Metaspace       used 69442K, capacity 71430K, committed 71576K, reserved 1112064K
  class space    used 8796K, capacity 9500K, committed 9624K, reserved 1048576K
}
Event: 7.654 GC heap after
{Heap after GC invocations=14 (full 0):
 garbage-first heap   total 262144K, used 71429K [0x00000000a0000000, 0x0000000100000000)
  region size 1024K, 15 young (15360K), 15 survivors (15360K)
 Metaspace       used 69442K, capacity 71430K, committed 71576K, reserved 1112064K
  class space    used 8796K, capacity 9500K, committed 9624K, reserved 1048576K
}
Event: 8.520 GC heap before
{Heap before GC invocations=14 (full 0):
 garbage-first heap   total 262144K, used 183045K [0x00000000a0000000, 0x0000000100000000)
  region size 1024K, 124 young (126976K), 15 survivors (15360K)
 Metaspace       used 77021K, capacity 79080K, committed 79128K, reserved 1118208K
  class space    used 10005K, capacity 10740K, committed 10776K, reserved 1048576K
}
Event: 8.532 GC heap after
{Heap after GC invocations=15 (full 0):
 garbage-first heap   total 262144K, used 80342K [0x00000000a0000000, 0x0000000100000000)
  region size 1024K, 9 young (9216K), 9 survivors (9216K)
 Metaspace       used 77021K, capacity 79080K, committed 79128K, reserved 1118208K
  class space    used 10005K, capacity 10740K, committed 10776K, reserved 1048576K
}
Event: 9.512 GC heap before
{Heap before GC invocations=15 (full 0):
 garbage-first heap   total 262144K, used 194006K [0x00000000a0000000, 0x0000000100000000)
  region size 1024K, 116 young (118784K), 9 survivors (9216K)
 Metaspace       used 80783K, capacity 83769K, committed 84120K, reserved 1122304K
  class space    used 10526K, capacity 11523K, committed 11672K, reserved 1048576K
}
Event: 9.525 GC heap after
{Heap after GC invocations=16 (full 0):
 garbage-first heap   total 262144K, used 102400K [0x00000000a0000000, 0x0000000100000000)
  region size 1024K, 15 young (15360K), 15 survivors (15360K)
 Metaspace       used 80783K, capacity 83769K, committed 84120K, reserved 1122304K
  class space    used 10526K, capacity 11523K, committed 11672K, reserved 1048576K
}
Event: 10.668 GC heap before
{Heap before GC invocations=16 (full 0):
 garbage-first heap   total 262144K, used 194560K [0x00000000a0000000, 0x0000000100000000)
  region size 1024K, 106 young (108544K), 15 survivors (15360K)
 Metaspace       used 88698K, capacity 91845K, committed 92056K, reserved 1128448K
  class space    used 11605K, capacity 12646K, committed 12696K, reserved 1048576K
}
Event: 10.681 GC heap after
{Heap after GC invocations=17 (full 0):
 garbage-first heap   total 262144K, used 112606K [0x00000000a0000000, 0x0000000100000000)
  region size 1024K, 9 young (9216K), 9 survivors (9216K)
 Metaspace       used 88698K, capacity 91845K, committed 92056K, reserved 1128448K
  class space    used 11605K, capacity 12646K, committed 12696K, reserved 1048576K
}

Deoptimization events (20 events):
Event: 11.801 Thread 0x0000028860177800 Uncommon trap: trap_request=0xffffff4d fr.pc=0x000002884e9482a8 relative=0x0000000000000668
Event: 11.801 Thread 0x0000028860177800 Uncommon trap: reason=unstable_if action=reinterpret pc=0x000002884e9482a8 method=java.lang.AbstractStringBuilder.append(Ljava/lang/String;)Ljava/lang/AbstractStringBuilder; @ 1 c2
Event: 11.801 Thread 0x0000028860177800 DEOPT PACKING pc=0x000002884e9482a8 sp=0x000000ac88cfe710
Event: 11.801 Thread 0x0000028860177800 DEOPT UNPACKING pc=0x0000028846aaa1af sp=0x000000ac88cfe6f8 mode 2
Event: 21.735 Thread 0x0000028860b33800 Uncommon trap: trap_request=0xffffffc6 fr.pc=0x000002884eaefda4 relative=0x0000000000000324
Event: 21.735 Thread 0x0000028860b33800 Uncommon trap: reason=bimorphic_or_optimized_type_check action=maybe_recompile pc=0x000002884eaefda4 method=org.gradle.internal.logging.sink.OutputEventRenderer.onOutput(Lorg/gradle/internal/logging/events/OutputEvent;)V @ 1 c2
Event: 21.735 Thread 0x0000028860b33800 DEOPT PACKING pc=0x000002884eaefda4 sp=0x000000ac912fec70
Event: 21.735 Thread 0x0000028860b33800 DEOPT UNPACKING pc=0x0000028846aaa1af sp=0x000000ac912fec28 mode 2
Event: 21.735 Thread 0x0000028860b33800 Uncommon trap: trap_request=0xffffffc6 fr.pc=0x000002884eaefda4 relative=0x0000000000000324
Event: 21.735 Thread 0x0000028860b33800 Uncommon trap: reason=bimorphic_or_optimized_type_check action=maybe_recompile pc=0x000002884eaefda4 method=org.gradle.internal.logging.sink.OutputEventRenderer.onOutput(Lorg/gradle/internal/logging/events/OutputEvent;)V @ 1 c2
Event: 21.735 Thread 0x0000028860b33800 DEOPT PACKING pc=0x000002884eaefda4 sp=0x000000ac912feb20
Event: 21.735 Thread 0x0000028860b33800 DEOPT UNPACKING pc=0x0000028846aaa1af sp=0x000000ac912fead8 mode 2
Event: 21.736 Thread 0x0000028860b33800 Uncommon trap: trap_request=0xffffffc6 fr.pc=0x000002884eaefda4 relative=0x0000000000000324
Event: 21.736 Thread 0x0000028860b33800 Uncommon trap: reason=bimorphic_or_optimized_type_check action=maybe_recompile pc=0x000002884eaefda4 method=org.gradle.internal.logging.sink.OutputEventRenderer.onOutput(Lorg/gradle/internal/logging/events/OutputEvent;)V @ 1 c2
Event: 21.736 Thread 0x0000028860b33800 DEOPT PACKING pc=0x000002884eaefda4 sp=0x000000ac912feb20
Event: 21.736 Thread 0x0000028860b33800 DEOPT UNPACKING pc=0x0000028846aaa1af sp=0x000000ac912fead8 mode 2
Event: 21.736 Thread 0x0000028860b33800 Uncommon trap: trap_request=0xffffffc6 fr.pc=0x000002884eaefda4 relative=0x0000000000000324
Event: 21.736 Thread 0x0000028860b33800 Uncommon trap: reason=bimorphic_or_optimized_type_check action=maybe_recompile pc=0x000002884eaefda4 method=org.gradle.internal.logging.sink.OutputEventRenderer.onOutput(Lorg/gradle/internal/logging/events/OutputEvent;)V @ 1 c2
Event: 21.736 Thread 0x0000028860b33800 DEOPT PACKING pc=0x000002884eaefda4 sp=0x000000ac912feb20
Event: 21.736 Thread 0x0000028860b33800 DEOPT UNPACKING pc=0x0000028846aaa1af sp=0x000000ac912fead8 mode 2

Classes redefined (0 events):
No events

Internal exceptions (20 events):
Event: 11.731 Thread 0x0000028862d31000 Exception <a 'java/lang/ClassNotFoundException'{0x00000000ab39d010}: org/gradle/process/internal/AbstractExecHandleBuilderBeanInfo> (0x00000000ab39d010) thrown at [./src/hotspot/share/classfile/systemDictionary.cpp, line 231]
Event: 11.732 Thread 0x0000028862d31000 Exception <a 'java/lang/ClassNotFoundException'{0x00000000ab3d2160}: org/gradle/process/internal/DefaultProcessForkOptionsBeanInfo> (0x00000000ab3d2160) thrown at [./src/hotspot/share/classfile/systemDictionary.cpp, line 231]
Event: 11.732 Thread 0x0000028862d31000 Exception <a 'java/lang/ClassNotFoundException'{0x00000000ab208450}: org/gradle/process/internal/DefaultProcessForkOptionsCustomizer> (0x00000000ab208450) thrown at [./src/hotspot/share/classfile/systemDictionary.cpp, line 231]
Event: 11.734 Thread 0x0000028862d31000 Exception <a 'java/lang/ClassNotFoundException'{0x00000000ab24a6f0}: org/gradle/process/internal/AbstractExecHandleBuilderCustomizer> (0x00000000ab24a6f0) thrown at [./src/hotspot/share/classfile/systemDictionary.cpp, line 231]
Event: 11.734 Thread 0x0000028862d31000 Exception <a 'java/lang/ClassNotFoundException'{0x00000000ab290e20}: org/gradle/process/internal/DefaultExecHandleBuilderCustomizer> (0x00000000ab290e20) thrown at [./src/hotspot/share/classfile/systemDictionary.cpp, line 231]
Event: 11.735 Thread 0x0000028862d31000 Exception <a 'java/lang/ClassNotFoundException'{0x00000000ab2ef3c0}: org/gradle/process/internal/DefaultExecActionCustomizer> (0x00000000ab2ef3c0) thrown at [./src/hotspot/share/classfile/systemDictionary.cpp, line 231]
Event: 11.736 Thread 0x0000028862d31000 Exception <a 'java/lang/ClassNotFoundException'{0x00000000ab12d188}: org/gradle/process/internal/DefaultExecAction_DecoratedCustomizer> (0x00000000ab12d188) thrown at [./src/hotspot/share/classfile/systemDictionary.cpp, line 231]
Event: 11.738 Thread 0x0000028862d31000 Exception <a 'java/lang/ClassNotFoundException'{0x00000000ab188958}: org/gradle/api/logging/LogLevelBeanInfo> (0x00000000ab188958) thrown at [./src/hotspot/share/classfile/systemDictionary.cpp, line 231]
Event: 11.739 Thread 0x0000028862d31000 Exception <a 'java/lang/ClassNotFoundException'{0x00000000ab1b4628}: org/gradle/api/logging/LogLevelCustomizer> (0x00000000ab1b4628) thrown at [./src/hotspot/share/classfile/systemDictionary.cpp, line 231]
Event: 11.741 Thread 0x0000028862d31000 Exception <a 'java/lang/ClassNotFoundException'{0x00000000ab02a7d0}: org/gradle/internal/logging/services/DefaultLoggingManagerBeanInfo> (0x00000000ab02a7d0) thrown at [./src/hotspot/share/classfile/systemDictionary.cpp, line 231]
Event: 11.742 Thread 0x0000028862d31000 Exception <a 'java/lang/ClassNotFoundException'{0x00000000ab060128}: org/gradle/internal/logging/services/DefaultLoggingManagerCustomizer> (0x00000000ab060128) thrown at [./src/hotspot/share/classfile/systemDictionary.cpp, line 231]
Event: 11.744 Thread 0x0000028862d31000 Exception <a 'java/lang/ClassNotFoundException'{0x00000000ab09be38}: java/lang/BooleanBeanInfo> (0x00000000ab09be38) thrown at [./src/hotspot/share/classfile/systemDictionary.cpp, line 231]
Event: 11.744 Thread 0x0000028862d31000 Exception <a 'java/lang/ClassNotFoundException'{0x00000000ab0a6b88}: java/lang/BooleanCustomizer> (0x00000000ab0a6b88) thrown at [./src/hotspot/share/classfile/systemDictionary.cpp, line 231]
Event: 11.761 Thread 0x0000028860b32800 Exception <a 'java/lang/NoSuchMethodError'{0x00000000aaf1ca80}: 'void java.lang.invoke.DirectMethodHandle$Holder.invokeStatic(java.lang.Object, long)'> (0x00000000aaf1ca80) thrown at [./src/hotspot/share/interpreter/linkResolver.cpp, line 773]
Event: 11.762 Thread 0x0000028860b32800 Exception <a 'java/lang/NoSuchMethodError'{0x00000000aaf219f0}: 'java.lang.Object java.lang.invoke.DirectMethodHandle$Holder.invokeStatic(java.lang.Object, long)'> (0x00000000aaf219f0) thrown at [./src/hotspot/share/interpreter/linkResolver.cpp, line 773]
Event: 11.763 Thread 0x0000028860b32800 Exception <a 'java/lang/NoSuchMethodError'{0x00000000aaf2fc28}: 'java.lang.Object java.lang.invoke.DirectMethodHandle$Holder.invokeStaticInit(java.lang.Object, java.lang.Object, long, java.lang.Object)'> (0x00000000aaf2fc28) thrown at [./src/hotspot/share/interpreter/linkResolver.cpp, line 773]
Event: 11.763 Thread 0x0000028860b32800 Exception <a 'java/lang/NoSuchMethodError'{0x00000000aaf36020}: 'java.lang.Object java.lang.invoke.DirectMethodHandle$Holder.invokeStatic(java.lang.Object, java.lang.Object, long)'> (0x00000000aaf36020) thrown at [./src/hotspot/share/interpreter/linkResolver.cpp, line 773]
Event: 11.764 Thread 0x0000028860b32800 Exception <a 'java/lang/NoSuchMethodError'{0x00000000aaf3c2f0}: 'java.lang.Object java.lang.invoke.Invokers$Holder.linkToTargetMethod(java.lang.Object, long, java.lang.Object)'> (0x00000000aaf3c2f0) thrown at [./src/hotspot/share/interpreter/linkResolver.cpp, line 773]
Event: 11.801 Thread 0x0000028860177800 Implicit null exception at 0x000002884e960b77 to 0x000002884e961164
Event: 11.801 Thread 0x0000028860177800 Implicit null exception at 0x000002884e947c74 to 0x000002884e948290

Events (20 events):
Event: 11.803 loading class com/google/common/collect/Lists$TransformingSequentialList
Event: 11.803 loading class com/google/common/collect/Lists$TransformingSequentialList done
Event: 11.803 Executing VM operation: Deoptimize
Event: 11.804 Executing VM operation: Deoptimize done
Event: 11.804 loading class com/google/common/collect/Lists$TransformingSequentialList$1
Event: 11.804 loading class com/google/common/collect/Lists$TransformingSequentialList$1 done
Event: 11.805 loading class com/google/common/collect/TransformedListIterator
Event: 11.805 loading class com/google/common/collect/TransformedListIterator done
Event: 12.129 Thread 0x0000028862d29000 Thread exited: 0x0000028862d29000
Event: 14.137 Thread 0x000002885d17c800 Thread exited: 0x000002885d17c800
Event: 21.734 loading class org/gradle/internal/logging/events/StyledTextOutputEvent$Span
Event: 21.734 loading class org/gradle/internal/logging/events/StyledTextOutputEvent$Span done
Event: 21.734 loading class org/gradle/internal/logging/events/operations/StyledTextBuildOperationProgressDetails$Span
Event: 21.734 loading class org/gradle/internal/logging/events/operations/StyledTextBuildOperationProgressDetails$Span done
Event: 21.734 loading class org/gradle/internal/operations/logging/StyledTextBuildOperationProgressDetails$Span
Event: 21.734 loading class org/gradle/internal/operations/logging/StyledTextBuildOperationProgressDetails$Span done
Event: 21.734 Executing VM operation: RevokeBias
Event: 21.735 Executing VM operation: RevokeBias done
Event: 21.735 Executing VM operation: RevokeBias
Event: 21.735 Executing VM operation: RevokeBias done


Dynamic libraries:
0x00007ff717380000 - 0x00007ff71738a000 	C:\Program Files\Android\Android Studio\jre\bin\java.exe
0x00007ffa55410000 - 0x00007ffa55608000 	C:\WINDOWS\SYSTEM32\ntdll.dll
0x00007ffa53ec0000 - 0x00007ffa53f7d000 	C:\WINDOWS\System32\KERNEL32.DLL
0x00007ffa52e20000 - 0x00007ffa530ee000 	C:\WINDOWS\System32\KERNELBASE.dll
0x00007ffa53160000 - 0x00007ffa53260000 	C:\WINDOWS\System32\ucrtbase.dll
0x00007ffa4a4f0000 - 0x00007ffa4a509000 	C:\Program Files\Android\Android Studio\jre\bin\jli.dll
0x00007ffa4a640000 - 0x00007ffa4a657000 	C:\Program Files\Android\Android Studio\jre\bin\VCRUNTIME140.dll
0x00007ffa54b80000 - 0x00007ffa54d20000 	C:\WINDOWS\System32\USER32.dll
0x00007ffa52bd0000 - 0x00007ffa52bf2000 	C:\WINDOWS\System32\win32u.dll
0x00007ffa46f40000 - 0x00007ffa471da000 	C:\WINDOWS\WinSxS\amd64_microsoft.windows.common-controls_6595b64144ccf1df_6.0.19041.1110_none_60b5254171f9507e\COMCTL32.dll
0x00007ffa55240000 - 0x00007ffa5526a000 	C:\WINDOWS\System32\GDI32.dll
0x00007ffa549a0000 - 0x00007ffa54a3e000 	C:\WINDOWS\System32\msvcrt.dll
0x00007ffa52c30000 - 0x00007ffa52d3b000 	C:\WINDOWS\System32\gdi32full.dll
0x00007ffa52b30000 - 0x00007ffa52bcd000 	C:\WINDOWS\System32\msvcp_win.dll
0x00007ffa53470000 - 0x00007ffa534a0000 	C:\WINDOWS\System32\IMM32.DLL
0x00007ffa21f00000 - 0x00007ffa21f9d000 	C:\Program Files\Android\Android Studio\jre\bin\msvcp140.dll
0x00007ff9fb050000 - 0x00007ff9fbb35000 	C:\Program Files\Android\Android Studio\jre\bin\server\jvm.dll
0x00007ffa545a0000 - 0x00007ffa5464e000 	C:\WINDOWS\System32\ADVAPI32.dll
0x00007ffa552d0000 - 0x00007ffa5536c000 	C:\WINDOWS\System32\sechost.dll
0x00007ffa53c70000 - 0x00007ffa53d95000 	C:\WINDOWS\System32\RPCRT4.dll
0x00007ffa54a40000 - 0x00007ffa54a48000 	C:\WINDOWS\System32\PSAPI.DLL
0x00007ffa512e0000 - 0x00007ffa512ea000 	C:\WINDOWS\SYSTEM32\VERSION.dll
0x00007ffa48710000 - 0x00007ffa48737000 	C:\WINDOWS\SYSTEM32\WINMM.dll
0x00007ffa50210000 - 0x00007ffa50219000 	C:\WINDOWS\SYSTEM32\WSOCK32.dll
0x00007ffa54050000 - 0x00007ffa540bb000 	C:\WINDOWS\System32\WS2_32.dll
0x00007ffa51410000 - 0x00007ffa51422000 	C:\WINDOWS\SYSTEM32\kernel.appcore.dll
0x00007ffa48a90000 - 0x00007ffa48aa1000 	C:\Program Files\Android\Android Studio\jre\bin\verify.dll
0x00007ffa3c080000 - 0x00007ffa3c264000 	C:\WINDOWS\SYSTEM32\DBGHELP.DLL
0x00007ffa3bc40000 - 0x00007ffa3bc6c000 	C:\WINDOWS\SYSTEM32\dbgcore.DLL
0x00007ffa52d90000 - 0x00007ffa52e12000 	C:\WINDOWS\System32\bcryptPrimitives.dll
0x00007ffa449f0000 - 0x00007ffa44a19000 	C:\Program Files\Android\Android Studio\jre\bin\java.dll
0x00007ffa4e5f0000 - 0x00007ffa4e5fb000 	C:\Program Files\Android\Android Studio\jre\bin\jimage.dll
0x00007ffa45090000 - 0x00007ffa450a8000 	C:\Program Files\Android\Android Studio\jre\bin\zip.dll
0x00007ffa53520000 - 0x00007ffa53c64000 	C:\WINDOWS\System32\SHELL32.dll
0x00007ffa50b30000 - 0x00007ffa512c4000 	C:\WINDOWS\SYSTEM32\windows.storage.dll
0x00007ffa54240000 - 0x00007ffa54594000 	C:\WINDOWS\System32\combase.dll
0x00007ffa52590000 - 0x00007ffa525c0000 	C:\WINDOWS\SYSTEM32\Wldp.dll
0x00007ffa54120000 - 0x00007ffa541cd000 	C:\WINDOWS\System32\SHCORE.dll
0x00007ffa55370000 - 0x00007ffa553c5000 	C:\WINDOWS\System32\shlwapi.dll
0x00007ffa52a70000 - 0x00007ffa52a8f000 	C:\WINDOWS\SYSTEM32\profapi.dll
0x00007ffa45410000 - 0x00007ffa4542a000 	C:\Program Files\Android\Android Studio\jre\bin\net.dll
0x00007ffa4c330000 - 0x00007ffa4c43a000 	C:\WINDOWS\SYSTEM32\WINHTTP.dll
0x00007ffa522f0000 - 0x00007ffa5235a000 	C:\WINDOWS\system32\mswsock.dll
0x00007ffa444e0000 - 0x00007ffa444f4000 	C:\Program Files\Android\Android Studio\jre\bin\nio.dll
0x00007ffa2c7b0000 - 0x00007ffa2c7d7000 	C:\Users\jjs815\.gradle\native\e1d6ef7f7dcc3fd88c89a11ec53ec762bb8ba0a96d01ffa2cd45eb1d1d8dd5c5\windows-amd64\native-platform.dll
0x00007ff9fff90000 - 0x00007ffa000d4000 	C:\Users\jjs815\.gradle\native\0d407fdbe67a94daf76414ababcb853783967236a71b16ec16e742cd7a986fd3\windows-amd64\native-platform-file-events.dll
0x00007ffa4b4d0000 - 0x00007ffa4b4da000 	C:\Program Files\Android\Android Studio\jre\bin\management.dll
0x00007ffa4a6e0000 - 0x00007ffa4a6ed000 	C:\Program Files\Android\Android Studio\jre\bin\management_ext.dll
0x00007ffa524e0000 - 0x00007ffa524f8000 	C:\WINDOWS\SYSTEM32\CRYPTSP.dll
0x00007ffa51c00000 - 0x00007ffa51c34000 	C:\WINDOWS\system32\rsaenh.dll
0x00007ffa52c00000 - 0x00007ffa52c27000 	C:\WINDOWS\System32\bcrypt.dll
0x00007ffa52a30000 - 0x00007ffa52a5e000 	C:\WINDOWS\SYSTEM32\USERENV.dll
0x00007ffa52500000 - 0x00007ffa5250c000 	C:\WINDOWS\SYSTEM32\CRYPTBASE.dll
0x00007ffa51f90000 - 0x00007ffa51fcb000 	C:\WINDOWS\SYSTEM32\IPHLPAPI.DLL
0x00007ffa541d0000 - 0x00007ffa541d8000 	C:\WINDOWS\System32\NSI.dll
0x00007ffa4d2f0000 - 0x00007ffa4d307000 	C:\WINDOWS\SYSTEM32\dhcpcsvc6.DLL
0x00007ffa4d0a0000 - 0x00007ffa4d0bd000 	C:\WINDOWS\SYSTEM32\dhcpcsvc.DLL
0x00007ffa51fd0000 - 0x00007ffa5209b000 	C:\WINDOWS\SYSTEM32\DNSAPI.dll

dbghelp: loaded successfully - version: 4.0.5 - missing functions: none
symbol engine: initialized successfully - sym options: 0x614 - pdb path: .;C:\Program Files\Android\Android Studio\jre\bin;C:\WINDOWS\SYSTEM32;C:\WINDOWS\WinSxS\amd64_microsoft.windows.common-controls_6595b64144ccf1df_6.0.19041.1110_none_60b5254171f9507e;C:\Program Files\Android\Android Studio\jre\bin\server;C:\Users\jjs815\.gradle\native\e1d6ef7f7dcc3fd88c89a11ec53ec762bb8ba0a96d01ffa2cd45eb1d1d8dd5c5\windows-amd64;C:\Users\jjs815\.gradle\native\0d407fdbe67a94daf76414ababcb853783967236a71b16ec16e742cd7a986fd3\windows-amd64

VM Arguments:
jvm_args: --add-opens=java.base/java.util=ALL-UNNAMED --add-opens=java.base/java.lang=ALL-UNNAMED --add-opens=java.base/java.lang.invoke=ALL-UNNAMED --add-opens=java.base/java.util=ALL-UNNAMED --add-opens=java.prefs/java.util.prefs=ALL-UNNAMED --add-opens=java.prefs/java.util.prefs=ALL-UNNAMED --add-opens=java.base/java.nio.charset=ALL-UNNAMED --add-opens=java.base/java.net=ALL-UNNAMED --add-opens=java.base/java.util.concurrent.atomic=ALL-UNNAMED -Xmx1536M -Dfile.encoding=x-windows-949 -Duser.country=KR -Duser.language=ko -Duser.variant 
java_command: org.gradle.launcher.daemon.bootstrap.GradleDaemon 7.4
java_class_path (initial): C:\Users\jjs815\.gradle\wrapper\dists\gradle-7.4-all\aadb4xli5jkdsnukm30eibyiu\gradle-7.4\lib\gradle-launcher-7.4.jar
Launcher Type: SUN_STANDARD

[Global flags]
     intx CICompilerCount                          = 4                                         {product} {ergonomic}
     uint ConcGCThreads                            = 2                                         {product} {ergonomic}
     uint G1ConcRefinementThreads                  = 8                                         {product} {ergonomic}
   size_t G1HeapRegionSize                         = 1048576                                   {product} {ergonomic}
    uintx GCDrainStackTargetSize                   = 64                                        {product} {ergonomic}
   size_t InitialHeapSize                          = 268435456                                 {product} {ergonomic}
   size_t MarkStackSize                            = 4194304                                   {product} {ergonomic}
   size_t MaxHeapSize                              = 1610612736                                {product} {command line}
   size_t MaxNewSize                               = 965738496                                 {product} {ergonomic}
   size_t MinHeapDeltaBytes                        = 1048576                                   {product} {ergonomic}
    uintx NonNMethodCodeHeapSize                   = 5836300                                {pd product} {ergonomic}
    uintx NonProfiledCodeHeapSize                  = 122910970                              {pd product} {ergonomic}
    uintx ProfiledCodeHeapSize                     = 122910970                              {pd product} {ergonomic}
    uintx ReservedCodeCacheSize                    = 251658240                              {pd product} {ergonomic}
     bool SegmentedCodeCache                       = true                                      {product} {ergonomic}
     bool UseCompressedClassPointers               = true                                 {lp64_product} {ergonomic}
     bool UseCompressedOops                        = true                                 {lp64_product} {ergonomic}
     bool UseG1GC                                  = true                                      {product} {ergonomic}
     bool UseLargePagesIndividualAllocation        = false                                  {pd product} {ergonomic}

Logging:
Log output configuration:
 #0: stdout all=warning uptime,level,tags
 #1: stderr all=off uptime,level,tags

Environment Variables:
JAVA_HOME=C:\Program Files\Android\Android Studio\jre
CLASSPATH=C:\Users\jjs815\flurtter_project\chang_2nd_main_project\android\\gradle\wrapper\gradle-wrapper.jar
PATH=C:\Program Files\Common Files\Oracle\Java\javapath;C:\Program Files\Zulu\zulu-11\bin\;C:\Program Files\NVIDIA GPU Computing Toolkit\CUDA\v11.3\bin;C:\Program Files\NVIDIA GPU Computing Toolkit\CUDA\v11.3\libnvvp;C:\Python39\Scripts\;C:\Python39\;C:\Program Files (x86)\Common Files\Oracle\Java\javapath;C:\Program Files (x86)\NAT Service;C:\ProgramData\Oracle\Java\javapath;C:\WINDOWS\system32;C:\WINDOWS;C:\WINDOWS\System32\Wbem;C:\WINDOWS\System32\WindowsPowerShell\v1.0\;C:\WINDOWS\System32\OpenSSH\;C:\Program Files (x86)\ePapyrus\Papyrus-PlugIn-xfa;C:\Program Files (x86)\ePapyrus\Papyrus-PlugIn-xfa\Addins;C:\Program Files\PuTTY\;C:\python;C:\ProgramData\chocolatey\bin;C:\Program Files (x86)\Yarn;C:\Users\jjs815\AppData\Local\Android\Sdk\platform-tools;C:\Program Files\OpenJDK\openjdk-8u282-b08\bin;C:\Program Files\Java\jdk1.8.0_211\bin;C:\Program Files\Git\cmd;C:\Program Files\nodejs\;C:\Program Files\NVIDIA Corporation\NVIDIA NvDLISR;C:\Program Files\NVIDIA Corporation\Nsight Compute 2021.1.1\;C:\Program Files (x86)\NVIDIA Corporation\PhysX\Common;C:\Program Files\OpenSSL-Win64\bin;C:\Program Files\Java\jdk-11.0.15;C:\Users\jjs815\AppData\Local\Programs\Python\Python38\Scripts\;C:\Users\jjs815\AppData\Local\Programs\Python\Python38\;C:\python\Scripts\;C:\python\;"C:\Users\jjs815\AppData\Local\Microsoft\WindowsApps;%C:\Python27";C:\Users\jjs815\AppData\Local\Microsoft\WindowsApps;C:\Users\jjs815\AppData\Local\Programs\Microsoft VS Code\bin;C:\Program Files (x86)\SoftForum\XecureHSM\;C:\Users\jjs815\AppData\Roaming\npm;C:\Program Files\JetBrains\IntelliJ IDEA Community Edition 2021.3.2\bin;;C:\Users\jjs815\flutter\bin;;C:\Users\jjs815\flutter\bin\mingit\cmd
USERNAME=jjs815
OS=Windows_NT
PROCESSOR_IDENTIFIER=Intel64 Family 6 Model 158 Stepping 9, GenuineIntel



---------------  S Y S T E M  ---------------

OS: Windows 10 , 64 bit Build 19041 (10.0.19041.1806)
OS uptime: 1 days 1:32 hours

CPU:total 8 (initial active 8) (4 cores per cpu, 2 threads per core) family 6 model 158 stepping 9 microcode 0xb4, cmov, cx8, fxsr, mmx, sse, sse2, sse3, ssse3, sse4.1, sse4.2, popcnt, avx, avx2, aes, clmul, erms, rtm, 3dnowpref, lzcnt, ht, tsc, tscinvbit, bmi1, bmi2, adx, fma

Memory: 4k page, system-wide physical 16296M (3749M free)
TotalPageFile size 16296M (AvailPageFile size 4M)
current process WorkingSet (physical memory assigned to process): 508M, peak: 554M
current process commit charge ("private bytes"): 568M, peak: 599M

vm_info: OpenJDK 64-Bit Server VM (11.0.12+7-b1504.28-7817840) for windows-amd64 JRE (11.0.12+7-b1504.28-7817840), built on Oct 13 2021 22:12:33 by "builder" with MS VC++ 14.0 (VS2015)

END.
