#
# There is insufficient memory for the Java Runtime Environment to continue.
# Native memory allocation (malloc) failed to allocate 1048576 bytes for AllocateHeap
# Possible reasons:
#   The system is out of physical RAM or swap space
#   The process is running with CompressedOops enabled, and the Java Heap may be blocking the growth of the native heap
# Possible solutions:
#   Reduce memory load on the system
#   Increase physical memory or swap space
#   Check if swap backing store is full
#   Decrease Java heap size (-Xmx/-Xms)
#   Decrease number of Java threads
#   Decrease Java thread stack sizes (-Xss)
#   Set larger code cache with -XX:ReservedCodeCacheSize=
#   JVM is running with Zero Based Compressed Oops mode in which the Java heap is
#     placed in the first 32GB address space. The Java Heap base address is the
#     maximum limit for the native heap growth. Please use -XX:HeapBaseMinAddress
#     to set the Java Heap base and to place the Java Heap above 32GB virtual address.
# This output file may be truncated or incomplete.
#
#  Out of Memory Error (./src/hotspot/share/memory/allocation.cpp:46), pid=29788, tid=31140
#
# JRE version: OpenJDK Runtime Environment (11.0.12+7) (build 11.0.12+7-b1504.28-7817840)
# Java VM: OpenJDK 64-Bit Server VM (11.0.12+7-b1504.28-7817840, mixed mode, tiered, compressed oops, g1 gc, windows-amd64)
# No core dump will be written. Minidumps are not enabled by default on client versions of Windows
#

---------------  S U M M A R Y ------------

Command Line: -Dorg.gradle.appname=gradlew org.gradle.wrapper.GradleWrapperMain -q -Ptarget-platform=android-arm64 -Ptarget=C:\Users\jjs815\flurtter_project\chang_2nd_main_project\lib\main.dart -Pbase-application-name=android.app.Application -Pdart-defines=RkxVVFRFUl9XRUJfQVVUT19ERVRFQ1Q9dHJ1ZQ== -Pdart-obfuscation=false -Ptrack-widget-creation=true -Ptree-shake-icons=false -Pfilesystem-scheme=org-dartlang-root assembleDebug

Host: Intel(R) Core(TM) i7-7700 CPU @ 3.60GHz, 8 cores, 15G,  Windows 10 , 64 bit Build 19041 (10.0.19041.1806)
Time: Sun Jul 24 13:40:02 2022 대한민국 표준시 elapsed time: 47.493028 seconds (0d 0h 0m 47s)

---------------  T H R E A D  ---------------

Current thread (0x000002cf4dfca800):  VMThread "VM Thread" [stack: 0x000000ddc7300000,0x000000ddc7400000] [id=31140]

Stack: [0x000000ddc7300000,0x000000ddc7400000]
[error occurred during error reporting (printing stack bounds), id 0xc0000005, EXCEPTION_ACCESS_VIOLATION (0xc0000005) at pc=0x000002cf329b112d]

Native frames: (J=compiled Java code, j=interpreted, Vv=VM code, C=native code)
V  [jvm.dll+0x5fbcea]
V  [jvm.dll+0x731905]
V  [jvm.dll+0x732f1d]
V  [jvm.dll+0x733535]
V  [jvm.dll+0x7334eb]
V  [jvm.dll+0x5fb080]
V  [jvm.dll+0x5fb818]
C  [ntdll.dll+0xa229f]
C  [ntdll.dll+0x51454]
C  [ntdll.dll+0xa0dce]
C  0x000002cf329b112d

VM_Operation (0x000000ddc6dfade0): CollectForMetadataAllocation, mode: safepoint, requested by thread 0x000002cf2eea2800


---------------  P R O C E S S  ---------------

Threads class SMR info:
_java_thread_list=0x000002cf4f599d30, length=11, elements={
0x000002cf2eea2800, 0x000002cf4dfdd000, 0x000002cf4dfde800, 0x000002cf4e8eb800,
0x000002cf4e8ed000, 0x000002cf4e8f0000, 0x000002cf4e8fe800, 0x000002cf4e8ff800,
0x000002cf4e913000, 0x000002cf4ea91800, 0x000002cf4fc59800
}

Java Threads: ( => current thread )
  0x000002cf2eea2800 JavaThread "main" [_thread_blocked, id=19832, stack(0x000000ddc6d00000,0x000000ddc6e00000)]
  0x000002cf4dfdd000 JavaThread "Reference Handler" daemon [_thread_blocked, id=18004, stack(0x000000ddc7400000,0x000000ddc7500000)]
  0x000002cf4dfde800 JavaThread "Finalizer" daemon [_thread_blocked, id=25868, stack(0x000000ddc7500000,0x000000ddc7600000)]
  0x000002cf4e8eb800 JavaThread "Signal Dispatcher" daemon [_thread_blocked, id=30420, stack(0x000000ddc7600000,0x000000ddc7700000)]
  0x000002cf4e8ed000 JavaThread "Attach Listener" daemon [_thread_blocked, id=24404, stack(0x000000ddc7700000,0x000000ddc7800000)]
  0x000002cf4e8f0000 JavaThread "Service Thread" daemon [_thread_blocked, id=25400, stack(0x000000ddc7800000,0x000000ddc7900000)]
  0x000002cf4e8fe800 JavaThread "C2 CompilerThread0" daemon [_thread_blocked, id=29692, stack(0x000000ddc7900000,0x000000ddc7a00000)]
  0x000002cf4e8ff800 JavaThread "C1 CompilerThread0" daemon [_thread_blocked, id=19528, stack(0x000000ddc7a00000,0x000000ddc7b00000)]
  0x000002cf4e913000 JavaThread "Sweeper thread" daemon [_thread_blocked, id=14392, stack(0x000000ddc7b00000,0x000000ddc7c00000)]
  0x000002cf4ea91800 JavaThread "Common-Cleaner" daemon [_thread_blocked, id=9272, stack(0x000000ddc7d00000,0x000000ddc7e00000)]
  0x000002cf4fc59800 JavaThread "DisconnectableInputStream source reader" daemon [_thread_in_native, id=8508, stack(0x000000ddc8500000,0x000000ddc8600000)]

Other Threads:
=>0x000002cf4dfca800 VMThread "VM Thread" [stack: 0x000000ddc7300000,0x000000ddc7400000] [id=31140]
  0x000002cf4ea83000 WatcherThread [stack: 0x000000ddc7c00000,0x000000ddc7d00000] [id=28552]
  0x000002cf2eeb9800 GCTaskThread "GC Thread#0" [stack: 0x000000ddc6e00000,0x000000ddc6f00000] [id=15208]
  0x000002cf4f432000 GCTaskThread "GC Thread#1" [stack: 0x000000ddc7f00000,0x000000ddc8000000] [id=27208]
  0x000002cf4f609000 GCTaskThread "GC Thread#2" [stack: 0x000000ddc8000000,0x000000ddc8100000] [id=31952]
  0x000002cf4ed82000 GCTaskThread "GC Thread#3" [stack: 0x000000ddc8100000,0x000000ddc8200000] [id=12992]
  0x000002cf4f598800 GCTaskThread "GC Thread#4" [stack: 0x000000ddc8200000,0x000000ddc8300000] [id=23272]
  0x000002cf4f599800 GCTaskThread "GC Thread#5" [stack: 0x000000ddc8300000,0x000000ddc8400000] [id=22916]
  0x000002cf2ef15000 ConcurrentGCThread "G1 Main Marker" [stack: 0x000000ddc6f00000,0x000000ddc7000000] [id=10152]
  0x000002cf2ef16800 ConcurrentGCThread "G1 Conc#0" [stack: 0x000000ddc7000000,0x000000ddc7100000] [id=22216]
  0x000002cf4f74e000 ConcurrentGCThread "G1 Conc#1" [stack: 0x000000ddc8400000,0x000000ddc8500000] [id=23032]
  0x000002cf4deaf800 ConcurrentGCThread "G1 Refine#0" [stack: 0x000000ddc7100000,0x000000ddc7200000] [id=23588]
  0x000002cf4deb0000 ConcurrentGCThread "G1 Young RemSet Sampling" [stack: 0x000000ddc7200000,0x000000ddc7300000] [id=28956]

Threads with active compile tasks:
C1 CompilerThread0  47503 1441       3       org.gradle.internal.logging.text.AbstractLineChoppingStyledTextOutput$StateContext::next (11 bytes)

VM state:at safepoint (normal execution)

VM Mutex/Monitor currently owned by a thread:  ([mutex/lock_event])
[0x000002cf2ee9f180] Threads_lock - owner thread: 0x000002cf4dfca800
[0x000002cf2eea05c0] Heap_lock - owner thread: 0x000002cf2eea2800

Heap address: 0x0000000701400000, size: 4076 MB, Compressed Oops mode: Zero based, Oop shift amount: 3
Narrow klass base: 0x0000000800000000, Narrow klass shift: 0
Compressed class space size: 1073741824 Address: 0x0000000800000000

Heap:
 garbage-first heap   total 262144K, used 11402K [0x0000000701400000, 0x0000000800000000)
  region size 1024K, 5 young (5120K), 5 survivors (5120K)
 Metaspace       used 16770K, capacity 17119K, committed 17152K, reserved 1073152K
  class space    used 1904K, capacity 2031K, committed 2048K, reserved 1048576K
Heap Regions: E=young(eden), S=young(survivor), O=old, HS=humongous(starts), HC=humongous(continues), CS=collection set, F=free, A=archive, TAMS=top-at-mark-start (previous, next)
|   0|0x0000000701400000, 0x0000000701400000, 0x0000000701500000|  0%| F|  |TAMS 0x0000000701400000, 0x0000000701400000| Untracked 
|   1|0x0000000701500000, 0x0000000701500000, 0x0000000701600000|  0%| F|  |TAMS 0x0000000701500000, 0x0000000701500000| Untracked 
|   2|0x0000000701600000, 0x0000000701600000, 0x0000000701700000|  0%| F|  |TAMS 0x0000000701600000, 0x0000000701600000| Untracked 
|   3|0x0000000701700000, 0x0000000701800000, 0x0000000701800000|100%|HS|  |TAMS 0x0000000701700000, 0x0000000701800000| Complete 
|   4|0x0000000701800000, 0x0000000701900000, 0x0000000701900000|100%|HC|  |TAMS 0x0000000701800000, 0x0000000701900000| Complete 
|   5|0x0000000701900000, 0x0000000701a00000, 0x0000000701a00000|100%|HC|  |TAMS 0x0000000701900000, 0x0000000701a00000| Complete 
|   6|0x0000000701a00000, 0x0000000701b00000, 0x0000000701b00000|100%| O|  |TAMS 0x0000000701a00000, 0x0000000701b00000| Untracked 
|   7|0x0000000701b00000, 0x0000000701c00000, 0x0000000701c00000|100%| O|  |TAMS 0x0000000701b00000, 0x0000000701c00000| Untracked 
|   8|0x0000000701c00000, 0x0000000701d00000, 0x0000000701d00000|100%| O|  |TAMS 0x0000000701c00000, 0x0000000701d00000| Untracked 
|   9|0x0000000701d00000, 0x0000000701d47600, 0x0000000701e00000| 27%| O|  |TAMS 0x0000000701d00000, 0x0000000701d47600| Untracked 
|  10|0x0000000701e00000, 0x0000000701e00000, 0x0000000701f00000|  0%| F|  |TAMS 0x0000000701e00000, 0x0000000701e00000| Untracked 
|  11|0x0000000701f00000, 0x0000000701f00000, 0x0000000702000000|  0%| F|  |TAMS 0x0000000701f00000, 0x0000000701f00000| Untracked 
|  12|0x0000000702000000, 0x0000000702000000, 0x0000000702100000|  0%| F|  |TAMS 0x0000000702000000, 0x0000000702000000| Untracked 
|  13|0x0000000702100000, 0x0000000702100000, 0x0000000702200000|  0%| F|  |TAMS 0x0000000702100000, 0x0000000702100000| Untracked 
|  14|0x0000000702200000, 0x0000000702200000, 0x0000000702300000|  0%| F|  |TAMS 0x0000000702200000, 0x0000000702200000| Untracked 
|  15|0x0000000702300000, 0x0000000702300000, 0x0000000702400000|  0%| F|  |TAMS 0x0000000702300000, 0x0000000702300000| Untracked 
|  16|0x0000000702400000, 0x0000000702400000, 0x0000000702500000|  0%| F|  |TAMS 0x0000000702400000, 0x0000000702400000| Untracked 
|  17|0x0000000702500000, 0x0000000702500000, 0x0000000702600000|  0%| F|  |TAMS 0x0000000702500000, 0x0000000702500000| Untracked 
|  18|0x0000000702600000, 0x0000000702600000, 0x0000000702700000|  0%| F|  |TAMS 0x0000000702600000, 0x0000000702600000| Untracked 
|  19|0x0000000702700000, 0x0000000702700000, 0x0000000702800000|  0%| F|  |TAMS 0x0000000702700000, 0x0000000702700000| Untracked 
|  20|0x0000000702800000, 0x0000000702800000, 0x0000000702900000|  0%| F|  |TAMS 0x0000000702800000, 0x0000000702800000| Untracked 
|  21|0x0000000702900000, 0x0000000702900000, 0x0000000702a00000|  0%| F|  |TAMS 0x0000000702900000, 0x0000000702900000| Untracked 
|  22|0x0000000702a00000, 0x0000000702a00000, 0x0000000702b00000|  0%| F|  |TAMS 0x0000000702a00000, 0x0000000702a00000| Untracked 
|  23|0x0000000702b00000, 0x0000000702b00000, 0x0000000702c00000|  0%| F|  |TAMS 0x0000000702b00000, 0x0000000702b00000| Untracked 
|  24|0x0000000702c00000, 0x0000000702c00000, 0x0000000702d00000|  0%| F|  |TAMS 0x0000000702c00000, 0x0000000702c00000| Untracked 
|  25|0x0000000702d00000, 0x0000000702d00000, 0x0000000702e00000|  0%| F|  |TAMS 0x0000000702d00000, 0x0000000702d00000| Untracked 
|  26|0x0000000702e00000, 0x0000000702e00000, 0x0000000702f00000|  0%| F|  |TAMS 0x0000000702e00000, 0x0000000702e00000| Untracked 
|  27|0x0000000702f00000, 0x0000000702f00000, 0x0000000703000000|  0%| F|  |TAMS 0x0000000702f00000, 0x0000000702f00000| Untracked 
|  28|0x0000000703000000, 0x0000000703000000, 0x0000000703100000|  0%| F|  |TAMS 0x0000000703000000, 0x0000000703000000| Untracked 
|  29|0x0000000703100000, 0x0000000703100000, 0x0000000703200000|  0%| F|  |TAMS 0x0000000703100000, 0x0000000703100000| Untracked 
|  30|0x0000000703200000, 0x0000000703200000, 0x0000000703300000|  0%| F|  |TAMS 0x0000000703200000, 0x0000000703200000| Untracked 
|  31|0x0000000703300000, 0x0000000703300000, 0x0000000703400000|  0%| F|  |TAMS 0x0000000703300000, 0x0000000703300000| Untracked 
|  32|0x0000000703400000, 0x0000000703400000, 0x0000000703500000|  0%| F|  |TAMS 0x0000000703400000, 0x0000000703400000| Untracked 
|  33|0x0000000703500000, 0x0000000703500000, 0x0000000703600000|  0%| F|  |TAMS 0x0000000703500000, 0x0000000703500000| Untracked 
|  34|0x0000000703600000, 0x0000000703600000, 0x0000000703700000|  0%| F|  |TAMS 0x0000000703600000, 0x0000000703600000| Untracked 
|  35|0x0000000703700000, 0x0000000703700000, 0x0000000703800000|  0%| F|  |TAMS 0x0000000703700000, 0x0000000703700000| Untracked 
|  36|0x0000000703800000, 0x0000000703800000, 0x0000000703900000|  0%| F|  |TAMS 0x0000000703800000, 0x0000000703800000| Untracked 
|  37|0x0000000703900000, 0x0000000703900000, 0x0000000703a00000|  0%| F|  |TAMS 0x0000000703900000, 0x0000000703900000| Untracked 
|  38|0x0000000703a00000, 0x0000000703a00000, 0x0000000703b00000|  0%| F|  |TAMS 0x0000000703a00000, 0x0000000703a00000| Untracked 
|  39|0x0000000703b00000, 0x0000000703b00000, 0x0000000703c00000|  0%| F|  |TAMS 0x0000000703b00000, 0x0000000703b00000| Untracked 
|  40|0x0000000703c00000, 0x0000000703c00000, 0x0000000703d00000|  0%| F|  |TAMS 0x0000000703c00000, 0x0000000703c00000| Untracked 
|  41|0x0000000703d00000, 0x0000000703d00000, 0x0000000703e00000|  0%| F|  |TAMS 0x0000000703d00000, 0x0000000703d00000| Untracked 
|  42|0x0000000703e00000, 0x0000000703e00000, 0x0000000703f00000|  0%| F|  |TAMS 0x0000000703e00000, 0x0000000703e00000| Untracked 
|  43|0x0000000703f00000, 0x0000000703f00000, 0x0000000704000000|  0%| F|  |TAMS 0x0000000703f00000, 0x0000000703f00000| Untracked 
|  44|0x0000000704000000, 0x0000000704000000, 0x0000000704100000|  0%| F|  |TAMS 0x0000000704000000, 0x0000000704000000| Untracked 
|  45|0x0000000704100000, 0x0000000704100000, 0x0000000704200000|  0%| F|  |TAMS 0x0000000704100000, 0x0000000704100000| Untracked 
|  46|0x0000000704200000, 0x0000000704200000, 0x0000000704300000|  0%| F|  |TAMS 0x0000000704200000, 0x0000000704200000| Untracked 
|  47|0x0000000704300000, 0x0000000704300000, 0x0000000704400000|  0%| F|  |TAMS 0x0000000704300000, 0x0000000704300000| Untracked 
|  48|0x0000000704400000, 0x0000000704400000, 0x0000000704500000|  0%| F|  |TAMS 0x0000000704400000, 0x0000000704400000| Untracked 
|  49|0x0000000704500000, 0x0000000704500000, 0x0000000704600000|  0%| F|  |TAMS 0x0000000704500000, 0x0000000704500000| Untracked 
|  50|0x0000000704600000, 0x0000000704600000, 0x0000000704700000|  0%| F|  |TAMS 0x0000000704600000, 0x0000000704600000| Untracked 
|  51|0x0000000704700000, 0x0000000704700000, 0x0000000704800000|  0%| F|  |TAMS 0x0000000704700000, 0x0000000704700000| Untracked 
|  52|0x0000000704800000, 0x0000000704800000, 0x0000000704900000|  0%| F|  |TAMS 0x0000000704800000, 0x0000000704800000| Untracked 
|  53|0x0000000704900000, 0x0000000704900000, 0x0000000704a00000|  0%| F|  |TAMS 0x0000000704900000, 0x0000000704900000| Untracked 
|  54|0x0000000704a00000, 0x0000000704a00000, 0x0000000704b00000|  0%| F|  |TAMS 0x0000000704a00000, 0x0000000704a00000| Untracked 
|  55|0x0000000704b00000, 0x0000000704b00000, 0x0000000704c00000|  0%| F|  |TAMS 0x0000000704b00000, 0x0000000704b00000| Untracked 
|  56|0x0000000704c00000, 0x0000000704c00000, 0x0000000704d00000|  0%| F|  |TAMS 0x0000000704c00000, 0x0000000704c00000| Untracked 
|  57|0x0000000704d00000, 0x0000000704d00000, 0x0000000704e00000|  0%| F|  |TAMS 0x0000000704d00000, 0x0000000704d00000| Untracked 
|  58|0x0000000704e00000, 0x0000000704e00000, 0x0000000704f00000|  0%| F|  |TAMS 0x0000000704e00000, 0x0000000704e00000| Untracked 
|  59|0x0000000704f00000, 0x0000000704f00000, 0x0000000705000000|  0%| F|  |TAMS 0x0000000704f00000, 0x0000000704f00000| Untracked 
|  60|0x0000000705000000, 0x0000000705000000, 0x0000000705100000|  0%| F|  |TAMS 0x0000000705000000, 0x0000000705000000| Untracked 
|  61|0x0000000705100000, 0x0000000705100000, 0x0000000705200000|  0%| F|  |TAMS 0x0000000705100000, 0x0000000705100000| Untracked 
|  62|0x0000000705200000, 0x0000000705200000, 0x0000000705300000|  0%| F|  |TAMS 0x0000000705200000, 0x0000000705200000| Untracked 
|  63|0x0000000705300000, 0x0000000705300000, 0x0000000705400000|  0%| F|  |TAMS 0x0000000705300000, 0x0000000705300000| Untracked 
|  64|0x0000000705400000, 0x0000000705400000, 0x0000000705500000|  0%| F|  |TAMS 0x0000000705400000, 0x0000000705400000| Untracked 
|  65|0x0000000705500000, 0x0000000705500000, 0x0000000705600000|  0%| F|  |TAMS 0x0000000705500000, 0x0000000705500000| Untracked 
|  66|0x0000000705600000, 0x0000000705600000, 0x0000000705700000|  0%| F|  |TAMS 0x0000000705600000, 0x0000000705600000| Untracked 
|  67|0x0000000705700000, 0x0000000705700000, 0x0000000705800000|  0%| F|  |TAMS 0x0000000705700000, 0x0000000705700000| Untracked 
|  68|0x0000000705800000, 0x0000000705800000, 0x0000000705900000|  0%| F|  |TAMS 0x0000000705800000, 0x0000000705800000| Untracked 
|  69|0x0000000705900000, 0x0000000705900000, 0x0000000705a00000|  0%| F|  |TAMS 0x0000000705900000, 0x0000000705900000| Untracked 
|  70|0x0000000705a00000, 0x0000000705a00000, 0x0000000705b00000|  0%| F|  |TAMS 0x0000000705a00000, 0x0000000705a00000| Untracked 
|  71|0x0000000705b00000, 0x0000000705b00000, 0x0000000705c00000|  0%| F|  |TAMS 0x0000000705b00000, 0x0000000705b00000| Untracked 
|  72|0x0000000705c00000, 0x0000000705c00000, 0x0000000705d00000|  0%| F|  |TAMS 0x0000000705c00000, 0x0000000705c00000| Untracked 
|  73|0x0000000705d00000, 0x0000000705d00000, 0x0000000705e00000|  0%| F|  |TAMS 0x0000000705d00000, 0x0000000705d00000| Untracked 
|  74|0x0000000705e00000, 0x0000000705e00000, 0x0000000705f00000|  0%| F|  |TAMS 0x0000000705e00000, 0x0000000705e00000| Untracked 
|  75|0x0000000705f00000, 0x0000000705f00000, 0x0000000706000000|  0%| F|  |TAMS 0x0000000705f00000, 0x0000000705f00000| Untracked 
|  76|0x0000000706000000, 0x0000000706000000, 0x0000000706100000|  0%| F|  |TAMS 0x0000000706000000, 0x0000000706000000| Untracked 
|  77|0x0000000706100000, 0x0000000706100000, 0x0000000706200000|  0%| F|  |TAMS 0x0000000706100000, 0x0000000706100000| Untracked 
|  78|0x0000000706200000, 0x0000000706200000, 0x0000000706300000|  0%| F|  |TAMS 0x0000000706200000, 0x0000000706200000| Untracked 
|  79|0x0000000706300000, 0x0000000706300000, 0x0000000706400000|  0%| F|  |TAMS 0x0000000706300000, 0x0000000706300000| Untracked 
|  80|0x0000000706400000, 0x0000000706400000, 0x0000000706500000|  0%| F|  |TAMS 0x0000000706400000, 0x0000000706400000| Untracked 
|  81|0x0000000706500000, 0x0000000706500000, 0x0000000706600000|  0%| F|  |TAMS 0x0000000706500000, 0x0000000706500000| Untracked 
|  82|0x0000000706600000, 0x0000000706600000, 0x0000000706700000|  0%| F|  |TAMS 0x0000000706600000, 0x0000000706600000| Untracked 
|  83|0x0000000706700000, 0x0000000706700000, 0x0000000706800000|  0%| F|  |TAMS 0x0000000706700000, 0x0000000706700000| Untracked 
|  84|0x0000000706800000, 0x0000000706800000, 0x0000000706900000|  0%| F|  |TAMS 0x0000000706800000, 0x0000000706800000| Untracked 
|  85|0x0000000706900000, 0x0000000706900000, 0x0000000706a00000|  0%| F|  |TAMS 0x0000000706900000, 0x0000000706900000| Untracked 
|  86|0x0000000706a00000, 0x0000000706a00000, 0x0000000706b00000|  0%| F|  |TAMS 0x0000000706a00000, 0x0000000706a00000| Untracked 
|  87|0x0000000706b00000, 0x0000000706b00000, 0x0000000706c00000|  0%| F|  |TAMS 0x0000000706b00000, 0x0000000706b00000| Untracked 
|  88|0x0000000706c00000, 0x0000000706c00000, 0x0000000706d00000|  0%| F|  |TAMS 0x0000000706c00000, 0x0000000706c00000| Untracked 
|  89|0x0000000706d00000, 0x0000000706d00000, 0x0000000706e00000|  0%| F|  |TAMS 0x0000000706d00000, 0x0000000706d00000| Untracked 
|  90|0x0000000706e00000, 0x0000000706e00000, 0x0000000706f00000|  0%| F|  |TAMS 0x0000000706e00000, 0x0000000706e00000| Untracked 
|  91|0x0000000706f00000, 0x0000000706f00000, 0x0000000707000000|  0%| F|  |TAMS 0x0000000706f00000, 0x0000000706f00000| Untracked 
|  92|0x0000000707000000, 0x0000000707000000, 0x0000000707100000|  0%| F|  |TAMS 0x0000000707000000, 0x0000000707000000| Untracked 
|  93|0x0000000707100000, 0x0000000707100000, 0x0000000707200000|  0%| F|  |TAMS 0x0000000707100000, 0x0000000707100000| Untracked 
|  94|0x0000000707200000, 0x0000000707200000, 0x0000000707300000|  0%| F|  |TAMS 0x0000000707200000, 0x0000000707200000| Untracked 
|  95|0x0000000707300000, 0x0000000707300000, 0x0000000707400000|  0%| F|  |TAMS 0x0000000707300000, 0x0000000707300000| Untracked 
|  96|0x0000000707400000, 0x0000000707400000, 0x0000000707500000|  0%| F|  |TAMS 0x0000000707400000, 0x0000000707400000| Untracked 
|  97|0x0000000707500000, 0x0000000707500000, 0x0000000707600000|  0%| F|  |TAMS 0x0000000707500000, 0x0000000707500000| Untracked 
|  98|0x0000000707600000, 0x0000000707600000, 0x0000000707700000|  0%| F|  |TAMS 0x0000000707600000, 0x0000000707600000| Untracked 
|  99|0x0000000707700000, 0x0000000707700000, 0x0000000707800000|  0%| F|  |TAMS 0x0000000707700000, 0x0000000707700000| Untracked 
| 100|0x0000000707800000, 0x0000000707800000, 0x0000000707900000|  0%| F|  |TAMS 0x0000000707800000, 0x0000000707800000| Untracked 
| 101|0x0000000707900000, 0x0000000707900000, 0x0000000707a00000|  0%| F|  |TAMS 0x0000000707900000, 0x0000000707900000| Untracked 
| 102|0x0000000707a00000, 0x0000000707a00000, 0x0000000707b00000|  0%| F|  |TAMS 0x0000000707a00000, 0x0000000707a00000| Untracked 
| 103|0x0000000707b00000, 0x0000000707b00000, 0x0000000707c00000|  0%| F|  |TAMS 0x0000000707b00000, 0x0000000707b00000| Untracked 
| 104|0x0000000707c00000, 0x0000000707c00000, 0x0000000707d00000|  0%| F|  |TAMS 0x0000000707c00000, 0x0000000707c00000| Untracked 
| 105|0x0000000707d00000, 0x0000000707d00000, 0x0000000707e00000|  0%| F|  |TAMS 0x0000000707d00000, 0x0000000707d00000| Untracked 
| 106|0x0000000707e00000, 0x0000000707e00000, 0x0000000707f00000|  0%| F|  |TAMS 0x0000000707e00000, 0x0000000707e00000| Untracked 
| 107|0x0000000707f00000, 0x0000000707f00000, 0x0000000708000000|  0%| F|  |TAMS 0x0000000707f00000, 0x0000000707f00000| Untracked 
| 108|0x0000000708000000, 0x0000000708000000, 0x0000000708100000|  0%| F|  |TAMS 0x0000000708000000, 0x0000000708000000| Untracked 
| 109|0x0000000708100000, 0x0000000708100000, 0x0000000708200000|  0%| F|  |TAMS 0x0000000708100000, 0x0000000708100000| Untracked 
| 110|0x0000000708200000, 0x0000000708200000, 0x0000000708300000|  0%| F|  |TAMS 0x0000000708200000, 0x0000000708200000| Untracked 
| 111|0x0000000708300000, 0x0000000708300000, 0x0000000708400000|  0%| F|  |TAMS 0x0000000708300000, 0x0000000708300000| Untracked 
| 112|0x0000000708400000, 0x0000000708400000, 0x0000000708500000|  0%| F|  |TAMS 0x0000000708400000, 0x0000000708400000| Untracked 
| 113|0x0000000708500000, 0x0000000708500000, 0x0000000708600000|  0%| F|  |TAMS 0x0000000708500000, 0x0000000708500000| Untracked 
| 114|0x0000000708600000, 0x0000000708600000, 0x0000000708700000|  0%| F|  |TAMS 0x0000000708600000, 0x0000000708600000| Untracked 
| 115|0x0000000708700000, 0x0000000708700000, 0x0000000708800000|  0%| F|  |TAMS 0x0000000708700000, 0x0000000708700000| Untracked 
| 116|0x0000000708800000, 0x0000000708800000, 0x0000000708900000|  0%| F|  |TAMS 0x0000000708800000, 0x0000000708800000| Untracked 
| 117|0x0000000708900000, 0x0000000708900000, 0x0000000708a00000|  0%| F|  |TAMS 0x0000000708900000, 0x0000000708900000| Untracked 
| 118|0x0000000708a00000, 0x0000000708a00000, 0x0000000708b00000|  0%| F|  |TAMS 0x0000000708a00000, 0x0000000708a00000| Untracked 
| 119|0x0000000708b00000, 0x0000000708b00000, 0x0000000708c00000|  0%| F|  |TAMS 0x0000000708b00000, 0x0000000708b00000| Untracked 
| 120|0x0000000708c00000, 0x0000000708c00000, 0x0000000708d00000|  0%| F|  |TAMS 0x0000000708c00000, 0x0000000708c00000| Untracked 
| 121|0x0000000708d00000, 0x0000000708d00000, 0x0000000708e00000|  0%| F|  |TAMS 0x0000000708d00000, 0x0000000708d00000| Untracked 
| 122|0x0000000708e00000, 0x0000000708e00000, 0x0000000708f00000|  0%| F|  |TAMS 0x0000000708e00000, 0x0000000708e00000| Untracked 
| 123|0x0000000708f00000, 0x0000000708f00000, 0x0000000709000000|  0%| F|  |TAMS 0x0000000708f00000, 0x0000000708f00000| Untracked 
| 124|0x0000000709000000, 0x0000000709000000, 0x0000000709100000|  0%| F|  |TAMS 0x0000000709000000, 0x0000000709000000| Untracked 
| 125|0x0000000709100000, 0x0000000709100000, 0x0000000709200000|  0%| F|  |TAMS 0x0000000709100000, 0x0000000709100000| Untracked 
| 126|0x0000000709200000, 0x0000000709200000, 0x0000000709300000|  0%| F|  |TAMS 0x0000000709200000, 0x0000000709200000| Untracked 
| 127|0x0000000709300000, 0x0000000709300000, 0x0000000709400000|  0%| F|  |TAMS 0x0000000709300000, 0x0000000709300000| Untracked 
| 128|0x0000000709400000, 0x0000000709400000, 0x0000000709500000|  0%| F|  |TAMS 0x0000000709400000, 0x0000000709400000| Untracked 
| 129|0x0000000709500000, 0x0000000709500000, 0x0000000709600000|  0%| F|  |TAMS 0x0000000709500000, 0x0000000709500000| Untracked 
| 130|0x0000000709600000, 0x0000000709600000, 0x0000000709700000|  0%| F|  |TAMS 0x0000000709600000, 0x0000000709600000| Untracked 
| 131|0x0000000709700000, 0x0000000709700000, 0x0000000709800000|  0%| F|  |TAMS 0x0000000709700000, 0x0000000709700000| Untracked 
| 132|0x0000000709800000, 0x0000000709800000, 0x0000000709900000|  0%| F|  |TAMS 0x0000000709800000, 0x0000000709800000| Untracked 
| 133|0x0000000709900000, 0x0000000709900000, 0x0000000709a00000|  0%| F|  |TAMS 0x0000000709900000, 0x0000000709900000| Untracked 
| 134|0x0000000709a00000, 0x0000000709a00000, 0x0000000709b00000|  0%| F|  |TAMS 0x0000000709a00000, 0x0000000709a00000| Untracked 
| 135|0x0000000709b00000, 0x0000000709b00000, 0x0000000709c00000|  0%| F|  |TAMS 0x0000000709b00000, 0x0000000709b00000| Untracked 
| 136|0x0000000709c00000, 0x0000000709c00000, 0x0000000709d00000|  0%| F|  |TAMS 0x0000000709c00000, 0x0000000709c00000| Untracked 
| 137|0x0000000709d00000, 0x0000000709d00000, 0x0000000709e00000|  0%| F|  |TAMS 0x0000000709d00000, 0x0000000709d00000| Untracked 
| 138|0x0000000709e00000, 0x0000000709e00000, 0x0000000709f00000|  0%| F|  |TAMS 0x0000000709e00000, 0x0000000709e00000| Untracked 
| 139|0x0000000709f00000, 0x0000000709f00000, 0x000000070a000000|  0%| F|  |TAMS 0x0000000709f00000, 0x0000000709f00000| Untracked 
| 140|0x000000070a000000, 0x000000070a000000, 0x000000070a100000|  0%| F|  |TAMS 0x000000070a000000, 0x000000070a000000| Untracked 
| 141|0x000000070a100000, 0x000000070a100000, 0x000000070a200000|  0%| F|  |TAMS 0x000000070a100000, 0x000000070a100000| Untracked 
| 142|0x000000070a200000, 0x000000070a200000, 0x000000070a300000|  0%| F|  |TAMS 0x000000070a200000, 0x000000070a200000| Untracked 
| 143|0x000000070a300000, 0x000000070a300000, 0x000000070a400000|  0%| F|  |TAMS 0x000000070a300000, 0x000000070a300000| Untracked 
| 144|0x000000070a400000, 0x000000070a400000, 0x000000070a500000|  0%| F|  |TAMS 0x000000070a400000, 0x000000070a400000| Untracked 
| 145|0x000000070a500000, 0x000000070a500000, 0x000000070a600000|  0%| F|  |TAMS 0x000000070a500000, 0x000000070a500000| Untracked 
| 146|0x000000070a600000, 0x000000070a600000, 0x000000070a700000|  0%| F|  |TAMS 0x000000070a600000, 0x000000070a600000| Untracked 
| 147|0x000000070a700000, 0x000000070a700000, 0x000000070a800000|  0%| F|  |TAMS 0x000000070a700000, 0x000000070a700000| Untracked 
| 148|0x000000070a800000, 0x000000070a800000, 0x000000070a900000|  0%| F|  |TAMS 0x000000070a800000, 0x000000070a800000| Untracked 
| 149|0x000000070a900000, 0x000000070a900000, 0x000000070aa00000|  0%| F|  |TAMS 0x000000070a900000, 0x000000070a900000| Untracked 
| 150|0x000000070aa00000, 0x000000070aa00000, 0x000000070ab00000|  0%| F|  |TAMS 0x000000070aa00000, 0x000000070aa00000| Untracked 
| 151|0x000000070ab00000, 0x000000070ab00000, 0x000000070ac00000|  0%| F|  |TAMS 0x000000070ab00000, 0x000000070ab00000| Untracked 
| 152|0x000000070ac00000, 0x000000070ac00000, 0x000000070ad00000|  0%| F|  |TAMS 0x000000070ac00000, 0x000000070ac00000| Untracked 
| 153|0x000000070ad00000, 0x000000070ad00000, 0x000000070ae00000|  0%| F|  |TAMS 0x000000070ad00000, 0x000000070ad00000| Untracked 
| 154|0x000000070ae00000, 0x000000070ae00000, 0x000000070af00000|  0%| F|  |TAMS 0x000000070ae00000, 0x000000070ae00000| Untracked 
| 155|0x000000070af00000, 0x000000070af00000, 0x000000070b000000|  0%| F|  |TAMS 0x000000070af00000, 0x000000070af00000| Untracked 
| 156|0x000000070b000000, 0x000000070b000000, 0x000000070b100000|  0%| F|  |TAMS 0x000000070b000000, 0x000000070b000000| Untracked 
| 157|0x000000070b100000, 0x000000070b100000, 0x000000070b200000|  0%| F|  |TAMS 0x000000070b100000, 0x000000070b100000| Untracked 
| 158|0x000000070b200000, 0x000000070b200000, 0x000000070b300000|  0%| F|  |TAMS 0x000000070b200000, 0x000000070b200000| Untracked 
| 159|0x000000070b300000, 0x000000070b300000, 0x000000070b400000|  0%| F|  |TAMS 0x000000070b300000, 0x000000070b300000| Untracked 
| 160|0x000000070b400000, 0x000000070b400000, 0x000000070b500000|  0%| F|  |TAMS 0x000000070b400000, 0x000000070b400000| Untracked 
| 161|0x000000070b500000, 0x000000070b500000, 0x000000070b600000|  0%| F|  |TAMS 0x000000070b500000, 0x000000070b500000| Untracked 
| 162|0x000000070b600000, 0x000000070b600000, 0x000000070b700000|  0%| F|  |TAMS 0x000000070b600000, 0x000000070b600000| Untracked 
| 163|0x000000070b700000, 0x000000070b700000, 0x000000070b800000|  0%| F|  |TAMS 0x000000070b700000, 0x000000070b700000| Untracked 
| 164|0x000000070b800000, 0x000000070b800000, 0x000000070b900000|  0%| F|  |TAMS 0x000000070b800000, 0x000000070b800000| Untracked 
| 165|0x000000070b900000, 0x000000070b900000, 0x000000070ba00000|  0%| F|  |TAMS 0x000000070b900000, 0x000000070b900000| Untracked 
| 166|0x000000070ba00000, 0x000000070ba00000, 0x000000070bb00000|  0%| F|  |TAMS 0x000000070ba00000, 0x000000070ba00000| Untracked 
| 167|0x000000070bb00000, 0x000000070bb00000, 0x000000070bc00000|  0%| F|  |TAMS 0x000000070bb00000, 0x000000070bb00000| Untracked 
| 168|0x000000070bc00000, 0x000000070bc00000, 0x000000070bd00000|  0%| F|  |TAMS 0x000000070bc00000, 0x000000070bc00000| Untracked 
| 169|0x000000070bd00000, 0x000000070bd00000, 0x000000070be00000|  0%| F|  |TAMS 0x000000070bd00000, 0x000000070bd00000| Untracked 
| 170|0x000000070be00000, 0x000000070be00000, 0x000000070bf00000|  0%| F|  |TAMS 0x000000070be00000, 0x000000070be00000| Untracked 
| 171|0x000000070bf00000, 0x000000070bf00000, 0x000000070c000000|  0%| F|  |TAMS 0x000000070bf00000, 0x000000070bf00000| Untracked 
| 172|0x000000070c000000, 0x000000070c000000, 0x000000070c100000|  0%| F|  |TAMS 0x000000070c000000, 0x000000070c000000| Untracked 
| 173|0x000000070c100000, 0x000000070c100000, 0x000000070c200000|  0%| F|  |TAMS 0x000000070c100000, 0x000000070c100000| Untracked 
| 174|0x000000070c200000, 0x000000070c200000, 0x000000070c300000|  0%| F|  |TAMS 0x000000070c200000, 0x000000070c200000| Untracked 
| 175|0x000000070c300000, 0x000000070c300000, 0x000000070c400000|  0%| F|  |TAMS 0x000000070c300000, 0x000000070c300000| Untracked 
| 176|0x000000070c400000, 0x000000070c400000, 0x000000070c500000|  0%| F|  |TAMS 0x000000070c400000, 0x000000070c400000| Untracked 
| 177|0x000000070c500000, 0x000000070c500000, 0x000000070c600000|  0%| F|  |TAMS 0x000000070c500000, 0x000000070c500000| Untracked 
| 178|0x000000070c600000, 0x000000070c600000, 0x000000070c700000|  0%| F|  |TAMS 0x000000070c600000, 0x000000070c600000| Untracked 
| 179|0x000000070c700000, 0x000000070c700000, 0x000000070c800000|  0%| F|  |TAMS 0x000000070c700000, 0x000000070c700000| Untracked 
| 180|0x000000070c800000, 0x000000070c800000, 0x000000070c900000|  0%| F|  |TAMS 0x000000070c800000, 0x000000070c800000| Untracked 
| 181|0x000000070c900000, 0x000000070c900000, 0x000000070ca00000|  0%| F|  |TAMS 0x000000070c900000, 0x000000070c900000| Untracked 
| 182|0x000000070ca00000, 0x000000070ca00000, 0x000000070cb00000|  0%| F|  |TAMS 0x000000070ca00000, 0x000000070ca00000| Untracked 
| 183|0x000000070cb00000, 0x000000070cb00000, 0x000000070cc00000|  0%| F|  |TAMS 0x000000070cb00000, 0x000000070cb00000| Untracked 
| 184|0x000000070cc00000, 0x000000070cc00000, 0x000000070cd00000|  0%| F|  |TAMS 0x000000070cc00000, 0x000000070cc00000| Untracked 
| 185|0x000000070cd00000, 0x000000070cd00000, 0x000000070ce00000|  0%| F|  |TAMS 0x000000070cd00000, 0x000000070cd00000| Untracked 
| 186|0x000000070ce00000, 0x000000070ce00000, 0x000000070cf00000|  0%| F|  |TAMS 0x000000070ce00000, 0x000000070ce00000| Untracked 
| 187|0x000000070cf00000, 0x000000070cf00000, 0x000000070d000000|  0%| F|  |TAMS 0x000000070cf00000, 0x000000070cf00000| Untracked 
| 188|0x000000070d000000, 0x000000070d000000, 0x000000070d100000|  0%| F|  |TAMS 0x000000070d000000, 0x000000070d000000| Untracked 
| 189|0x000000070d100000, 0x000000070d100000, 0x000000070d200000|  0%| F|  |TAMS 0x000000070d100000, 0x000000070d100000| Untracked 
| 190|0x000000070d200000, 0x000000070d200000, 0x000000070d300000|  0%| F|  |TAMS 0x000000070d200000, 0x000000070d200000| Untracked 
| 191|0x000000070d300000, 0x000000070d300000, 0x000000070d400000|  0%| F|  |TAMS 0x000000070d300000, 0x000000070d300000| Untracked 
| 192|0x000000070d400000, 0x000000070d400000, 0x000000070d500000|  0%| F|  |TAMS 0x000000070d400000, 0x000000070d400000| Untracked 
| 193|0x000000070d500000, 0x000000070d500000, 0x000000070d600000|  0%| F|  |TAMS 0x000000070d500000, 0x000000070d500000| Untracked 
| 194|0x000000070d600000, 0x000000070d600000, 0x000000070d700000|  0%| F|  |TAMS 0x000000070d600000, 0x000000070d600000| Untracked 
| 195|0x000000070d700000, 0x000000070d700000, 0x000000070d800000|  0%| F|  |TAMS 0x000000070d700000, 0x000000070d700000| Untracked 
| 196|0x000000070d800000, 0x000000070d800000, 0x000000070d900000|  0%| F|  |TAMS 0x000000070d800000, 0x000000070d800000| Untracked 
| 197|0x000000070d900000, 0x000000070d900000, 0x000000070da00000|  0%| F|  |TAMS 0x000000070d900000, 0x000000070d900000| Untracked 
| 198|0x000000070da00000, 0x000000070da00000, 0x000000070db00000|  0%| F|  |TAMS 0x000000070da00000, 0x000000070da00000| Untracked 
| 199|0x000000070db00000, 0x000000070db00000, 0x000000070dc00000|  0%| F|  |TAMS 0x000000070db00000, 0x000000070db00000| Untracked 
| 200|0x000000070dc00000, 0x000000070dc00000, 0x000000070dd00000|  0%| F|  |TAMS 0x000000070dc00000, 0x000000070dc00000| Untracked 
| 201|0x000000070dd00000, 0x000000070dd00000, 0x000000070de00000|  0%| F|  |TAMS 0x000000070dd00000, 0x000000070dd00000| Untracked 
| 202|0x000000070de00000, 0x000000070de00000, 0x000000070df00000|  0%| F|  |TAMS 0x000000070de00000, 0x000000070de00000| Untracked 
| 203|0x000000070df00000, 0x000000070df00000, 0x000000070e000000|  0%| F|  |TAMS 0x000000070df00000, 0x000000070df00000| Untracked 
| 204|0x000000070e000000, 0x000000070e000000, 0x000000070e100000|  0%| F|  |TAMS 0x000000070e000000, 0x000000070e000000| Untracked 
| 205|0x000000070e100000, 0x000000070e100000, 0x000000070e200000|  0%| F|  |TAMS 0x000000070e100000, 0x000000070e100000| Untracked 
| 206|0x000000070e200000, 0x000000070e200000, 0x000000070e300000|  0%| F|  |TAMS 0x000000070e200000, 0x000000070e200000| Untracked 
| 207|0x000000070e300000, 0x000000070e300000, 0x000000070e400000|  0%| F|  |TAMS 0x000000070e300000, 0x000000070e300000| Untracked 
| 208|0x000000070e400000, 0x000000070e400000, 0x000000070e500000|  0%| F|  |TAMS 0x000000070e400000, 0x000000070e400000| Untracked 
| 209|0x000000070e500000, 0x000000070e500000, 0x000000070e600000|  0%| F|  |TAMS 0x000000070e500000, 0x000000070e500000| Untracked 
| 210|0x000000070e600000, 0x000000070e600000, 0x000000070e700000|  0%| F|  |TAMS 0x000000070e600000, 0x000000070e600000| Untracked 
| 211|0x000000070e700000, 0x000000070e700000, 0x000000070e800000|  0%| F|  |TAMS 0x000000070e700000, 0x000000070e700000| Untracked 
| 212|0x000000070e800000, 0x000000070e800000, 0x000000070e900000|  0%| F|  |TAMS 0x000000070e800000, 0x000000070e800000| Untracked 
| 213|0x000000070e900000, 0x000000070e900000, 0x000000070ea00000|  0%| F|  |TAMS 0x000000070e900000, 0x000000070e900000| Untracked 
| 214|0x000000070ea00000, 0x000000070ea00000, 0x000000070eb00000|  0%| F|  |TAMS 0x000000070ea00000, 0x000000070ea00000| Untracked 
| 215|0x000000070eb00000, 0x000000070eb00000, 0x000000070ec00000|  0%| F|  |TAMS 0x000000070eb00000, 0x000000070eb00000| Untracked 
| 216|0x000000070ec00000, 0x000000070ec00000, 0x000000070ed00000|  0%| F|  |TAMS 0x000000070ec00000, 0x000000070ec00000| Untracked 
| 217|0x000000070ed00000, 0x000000070ed00000, 0x000000070ee00000|  0%| F|  |TAMS 0x000000070ed00000, 0x000000070ed00000| Untracked 
| 218|0x000000070ee00000, 0x000000070ee00000, 0x000000070ef00000|  0%| F|  |TAMS 0x000000070ee00000, 0x000000070ee00000| Untracked 
| 219|0x000000070ef00000, 0x000000070ef00000, 0x000000070f000000|  0%| F|  |TAMS 0x000000070ef00000, 0x000000070ef00000| Untracked 
| 220|0x000000070f000000, 0x000000070f000000, 0x000000070f100000|  0%| F|  |TAMS 0x000000070f000000, 0x000000070f000000| Untracked 
| 221|0x000000070f100000, 0x000000070f1db490, 0x000000070f200000| 85%| S|CS|TAMS 0x000000070f100000, 0x000000070f100000| Complete 
| 222|0x000000070f200000, 0x000000070f300000, 0x000000070f300000|100%| S|CS|TAMS 0x000000070f200000, 0x000000070f200000| Complete 
| 223|0x000000070f300000, 0x000000070f400000, 0x000000070f400000|100%| S|CS|TAMS 0x000000070f300000, 0x000000070f300000| Complete 
| 224|0x000000070f400000, 0x000000070f500000, 0x000000070f500000|100%| S|CS|TAMS 0x000000070f400000, 0x000000070f400000| Complete 
| 225|0x000000070f500000, 0x000000070f600000, 0x000000070f600000|100%| S|CS|TAMS 0x000000070f500000, 0x000000070f500000| Complete 
| 226|0x000000070f600000, 0x000000070f600000, 0x000000070f700000|  0%| F|  |TAMS 0x000000070f600000, 0x000000070f600000| Untracked 
| 227|0x000000070f700000, 0x000000070f700000, 0x000000070f800000|  0%| F|  |TAMS 0x000000070f700000, 0x000000070f700000| Untracked 
| 228|0x000000070f800000, 0x000000070f800000, 0x000000070f900000|  0%| F|  |TAMS 0x000000070f800000, 0x000000070f800000| Untracked 
| 229|0x000000070f900000, 0x000000070f900000, 0x000000070fa00000|  0%| F|  |TAMS 0x000000070f900000, 0x000000070f900000| Untracked 
| 230|0x000000070fa00000, 0x000000070fa00000, 0x000000070fb00000|  0%| F|  |TAMS 0x000000070fa00000, 0x000000070fa00000| Untracked 
| 231|0x000000070fb00000, 0x000000070fb00000, 0x000000070fc00000|  0%| F|  |TAMS 0x000000070fb00000, 0x000000070fb00000| Untracked 
| 232|0x000000070fc00000, 0x000000070fc00000, 0x000000070fd00000|  0%| F|  |TAMS 0x000000070fc00000, 0x000000070fc00000| Untracked 
| 233|0x000000070fd00000, 0x000000070fd00000, 0x000000070fe00000|  0%| F|  |TAMS 0x000000070fd00000, 0x000000070fd00000| Untracked 
| 234|0x000000070fe00000, 0x000000070fe00000, 0x000000070ff00000|  0%| F|  |TAMS 0x000000070fe00000, 0x000000070fe00000| Untracked 
| 235|0x000000070ff00000, 0x000000070ff00000, 0x0000000710000000|  0%| F|  |TAMS 0x000000070ff00000, 0x000000070ff00000| Untracked 
| 236|0x0000000710000000, 0x0000000710000000, 0x0000000710100000|  0%| F|  |TAMS 0x0000000710000000, 0x0000000710000000| Untracked 
| 237|0x0000000710100000, 0x0000000710100000, 0x0000000710200000|  0%| F|  |TAMS 0x0000000710100000, 0x0000000710100000| Untracked 
| 238|0x0000000710200000, 0x0000000710200000, 0x0000000710300000|  0%| F|  |TAMS 0x0000000710200000, 0x0000000710200000| Untracked 
| 239|0x0000000710300000, 0x0000000710300000, 0x0000000710400000|  0%| F|  |TAMS 0x0000000710300000, 0x0000000710300000| Untracked 
| 240|0x0000000710400000, 0x0000000710400000, 0x0000000710500000|  0%| F|  |TAMS 0x0000000710400000, 0x0000000710400000| Untracked 
| 241|0x0000000710500000, 0x0000000710500000, 0x0000000710600000|  0%| F|  |TAMS 0x0000000710500000, 0x0000000710500000| Untracked 
| 242|0x0000000710600000, 0x0000000710600000, 0x0000000710700000|  0%| F|  |TAMS 0x0000000710600000, 0x0000000710600000| Untracked 
| 243|0x0000000710700000, 0x0000000710700000, 0x0000000710800000|  0%| F|  |TAMS 0x0000000710700000, 0x0000000710700000| Untracked 
| 244|0x0000000710800000, 0x0000000710800000, 0x0000000710900000|  0%| F|  |TAMS 0x0000000710800000, 0x0000000710800000| Untracked 
| 245|0x0000000710900000, 0x0000000710900000, 0x0000000710a00000|  0%| F|  |TAMS 0x0000000710900000, 0x0000000710900000| Untracked 
| 246|0x0000000710a00000, 0x0000000710a00000, 0x0000000710b00000|  0%| F|  |TAMS 0x0000000710a00000, 0x0000000710a00000| Untracked 
| 247|0x0000000710b00000, 0x0000000710b00000, 0x0000000710c00000|  0%| F|  |TAMS 0x0000000710b00000, 0x0000000710b00000| Untracked 
| 248|0x0000000710c00000, 0x0000000710c00000, 0x0000000710d00000|  0%| F|  |TAMS 0x0000000710c00000, 0x0000000710c00000| Untracked 
| 249|0x0000000710d00000, 0x0000000710d00000, 0x0000000710e00000|  0%| F|  |TAMS 0x0000000710d00000, 0x0000000710d00000| Untracked 
| 250|0x0000000710e00000, 0x0000000710e00000, 0x0000000710f00000|  0%| F|  |TAMS 0x0000000710e00000, 0x0000000710e00000| Untracked 
| 251|0x0000000710f00000, 0x0000000710f00000, 0x0000000711000000|  0%| F|  |TAMS 0x0000000710f00000, 0x0000000710f00000| Untracked 
| 252|0x0000000711000000, 0x0000000711000000, 0x0000000711100000|  0%| F|  |TAMS 0x0000000711000000, 0x0000000711000000| Untracked 
| 253|0x0000000711100000, 0x0000000711100000, 0x0000000711200000|  0%| F|  |TAMS 0x0000000711100000, 0x0000000711100000| Untracked 
| 254|0x0000000711200000, 0x0000000711200000, 0x0000000711300000|  0%| F|  |TAMS 0x0000000711200000, 0x0000000711200000| Untracked 
| 255|0x0000000711300000, 0x0000000711300000, 0x0000000711400000|  0%| F|  |TAMS 0x0000000711300000, 0x0000000711300000| Untracked 

Card table byte_map: [0x000002cf424e0000,0x000002cf42ce0000] _byte_map_base: 0x000002cf3ecd6000

Marking Bits (Prev, Next): (CMBitMap*) 0x000002cf2ef044b8, (CMBitMap*) 0x000002cf2ef044f0
 Prev Bits: [0x000002cf434e0000, 0x000002cf47490000)
 Next Bits: [0x000002cf47490000, 0x000002cf4b440000)

Polling page: 0x000002cf2e680000

Metaspace:

Usage:
  Non-class:     14.73 MB capacity,    14.52 MB ( 99%) used,   196.02 KB (  1%) free+waste,    25.94 KB ( <1%) overhead. 
      Class:      1.98 MB capacity,     1.86 MB ( 94%) used,   113.98 KB (  6%) free+waste,    12.75 KB ( <1%) overhead. 
       Both:     16.72 MB capacity,    16.38 MB ( 98%) used,   309.99 KB (  2%) free+waste,    38.69 KB ( <1%) overhead. 

Virtual space:
  Non-class space:       24.00 MB reserved,      14.75 MB ( 61%) committed 
      Class space:        1.00 GB reserved,       2.00 MB ( <1%) committed 
             Both:        1.02 GB reserved,      16.75 MB (  2%) committed 

Chunk freelists:
   Non-Class:  16.00 KB
       Class:  17.00 KB
        Both:  33.00 KB

MaxMetaspaceSize: 17179869184.00 GB
CompressedClassSpaceSize: 1.00 GB
Initial GC threshold: 20.80 MB
Current GC threshold: 21.12 MB
CDS: off

CodeHeap 'non-profiled nmethods': size=120000Kb used=561Kb max_used=561Kb free=119439Kb
 bounds [0x000002cf3a480000, 0x000002cf3a6f0000, 0x000002cf419b0000]
CodeHeap 'profiled nmethods': size=120000Kb used=2799Kb max_used=2799Kb free=117200Kb
 bounds [0x000002cf32f50000, 0x000002cf33210000, 0x000002cf3a480000]
CodeHeap 'non-nmethods': size=5760Kb used=1178Kb max_used=1188Kb free=4581Kb
 bounds [0x000002cf329b0000, 0x000002cf32c20000, 0x000002cf32f50000]
 total_blobs=1879 nmethods=1442 adapters=350
 compilation: enabled
              stopped_count=0, restarted_count=0
 full_count=0

Compilation events (20 events):
Event: 47.482 Thread 0x000002cf4e8ff800 nmethod 1433 0x000002cf33206790 code [0x000002cf332069a0, 0x000002cf33207148]
Event: 47.483 Thread 0x000002cf4e8ff800 1434       3       org.gradle.internal.logging.text.AbstractLineChoppingStyledTextOutput$1::execute (9 bytes)
Event: 47.483 Thread 0x000002cf4e8ff800 nmethod 1434 0x000002cf33207410 code [0x000002cf332075e0, 0x000002cf33207828]
Event: 47.483 Thread 0x000002cf4e8ff800 1435       3       org.gradle.internal.logging.text.AbstractLineChoppingStyledTextOutput$1::execute (140 bytes)
Event: 47.484 Thread 0x000002cf4e8ff800 nmethod 1435 0x000002cf33207910 code [0x000002cf33207c40, 0x000002cf33208d18]
Event: 47.484 Thread 0x000002cf4e8ff800 1436       3       org.gradle.internal.logging.text.AbstractLineChoppingStyledTextOutput$SeenFromEol::all (18 bytes)
Event: 47.484 Thread 0x000002cf4e8ff800 nmethod 1436 0x000002cf33209410 code [0x000002cf332095c0, 0x000002cf33209738]
Event: 47.484 Thread 0x000002cf4e8ff800 1437       3       org.gradle.internal.logging.text.AbstractLineChoppingStyledTextOutput$SeenFromEol::none (13 bytes)
Event: 47.484 Thread 0x000002cf4e8ff800 nmethod 1437 0x000002cf33209810 code [0x000002cf332099c0, 0x000002cf33209b18]
Event: 47.484 Thread 0x000002cf4e8ff800 1438       3       org.gradle.internal.logging.text.AbstractLineChoppingStyledTextOutput::access$800 (4 bytes)
Event: 47.484 Thread 0x000002cf4e8ff800 nmethod 1438 0x000002cf33209b90 code [0x000002cf33209d40, 0x000002cf33209e38]
Event: 47.484 Thread 0x000002cf4e8ff800 1439       3       org.gradle.internal.logging.text.AbstractLineChoppingStyledTextOutput$2::execute (9 bytes)
Event: 47.484 Thread 0x000002cf4e8ff800 nmethod 1439 0x000002cf33209f10 code [0x000002cf3320a0e0, 0x000002cf3320a308]
Event: 47.484 Thread 0x000002cf4e8ff800 1440       3       org.gradle.internal.logging.text.AbstractLineChoppingStyledTextOutput$2::execute (77 bytes)
Event: 47.485 Thread 0x000002cf4e8ff800 nmethod 1440 0x000002cf3320a410 code [0x000002cf3320a6c0, 0x000002cf3320b1f8]
Event: 47.485 Thread 0x000002cf4e8ff800 1442       3       org.gradle.internal.logging.text.AbstractLineChoppingStyledTextOutput::access$900 (4 bytes)
Event: 47.485 Thread 0x000002cf4e8ff800 nmethod 1442 0x000002cf3320b710 code [0x000002cf3320b8c0, 0x000002cf3320b9b8]
Event: 47.485 Thread 0x000002cf4e8ff800 1443       3       sun.nio.cs.DoubleByte$Encoder::encodeChar (21 bytes)
Event: 47.485 Thread 0x000002cf4e8ff800 nmethod 1443 0x000002cf3320ba90 code [0x000002cf3320bc40, 0x000002cf3320bdb8]
Event: 47.485 Thread 0x000002cf4e8ff800 1441       3       org.gradle.internal.logging.text.AbstractLineChoppingStyledTextOutput$StateContext::next (11 bytes)

GC Heap History (4 events):
Event: 2.594 GC heap before
{Heap before GC invocations=0 (full 0):
 garbage-first heap   total 262144K, used 29696K [0x0000000701400000, 0x0000000800000000)
  region size 1024K, 24 young (24576K), 0 survivors (0K)
 Metaspace       used 10635K, capacity 10913K, committed 11264K, reserved 1058816K
  class space    used 1095K, capacity 1166K, committed 1280K, reserved 1048576K
}
Event: 2.597 GC heap after
{Heap after GC invocations=1 (full 0):
 garbage-first heap   total 262144K, used 9501K [0x0000000701400000, 0x0000000800000000)
  region size 1024K, 3 young (3072K), 3 survivors (3072K)
 Metaspace       used 10635K, capacity 10913K, committed 11264K, reserved 1058816K
  class space    used 1095K, capacity 1166K, committed 1280K, reserved 1048576K
}
Event: 47.485 GC heap before
{Heap before GC invocations=1 (full 0):
 garbage-first heap   total 262144K, used 36125K [0x0000000701400000, 0x0000000800000000)
  region size 1024K, 30 young (30720K), 3 survivors (3072K)
 Metaspace       used 16770K, capacity 17119K, committed 17152K, reserved 1071104K
  class space    used 1904K, capacity 2031K, committed 2048K, reserved 1048576K
}
Event: 47.490 GC heap after
{Heap after GC invocations=2 (full 0):
 garbage-first heap   total 262144K, used 11402K [0x0000000701400000, 0x0000000800000000)
  region size 1024K, 5 young (5120K), 5 survivors (5120K)
 Metaspace       used 16770K, capacity 17119K, committed 17152K, reserved 1071104K
  class space    used 1904K, capacity 2031K, committed 2048K, reserved 1048576K
}

Deoptimization events (20 events):
Event: 5.445 Thread 0x000002cf4f4e3800 Uncommon trap: trap_request=0xffffff4d fr.pc=0x000002cf3a4b50c4 relative=0x0000000000000204
Event: 5.445 Thread 0x000002cf4f4e3800 Uncommon trap: reason=unstable_if action=reinterpret pc=0x000002cf3a4b50c4 method=java.util.HashMap.getNode(ILjava/lang/Object;)Ljava/util/HashMap$Node; @ 129 c2
Event: 5.445 Thread 0x000002cf4f4e3800 DEOPT PACKING pc=0x000002cf3a4b50c4 sp=0x000000ddc86fe190
Event: 5.445 Thread 0x000002cf4f4e3800 DEOPT UNPACKING pc=0x000002cf329fa1af sp=0x000000ddc86fe100 mode 2
Event: 5.452 Thread 0x000002cf4f4e3800 Uncommon trap: trap_request=0xffffff4d fr.pc=0x000002cf3a4b1e70 relative=0x00000000000000d0
Event: 5.452 Thread 0x000002cf4f4e3800 Uncommon trap: reason=unstable_if action=reinterpret pc=0x000002cf3a4b1e70 method=java.lang.String.getBytes([BIB)V @ 5 c2
Event: 5.452 Thread 0x000002cf4f4e3800 DEOPT PACKING pc=0x000002cf3a4b1e70 sp=0x000000ddc86fe7b0
Event: 5.452 Thread 0x000002cf4f4e3800 DEOPT UNPACKING pc=0x000002cf329fa1af sp=0x000000ddc86fe758 mode 2
Event: 5.452 Thread 0x000002cf4f4e3800 Uncommon trap: trap_request=0xffffff4d fr.pc=0x000002cf3a4ec6dc relative=0x000000000000039c
Event: 5.452 Thread 0x000002cf4f4e3800 Uncommon trap: reason=unstable_if action=reinterpret pc=0x000002cf3a4ec6dc method=java.lang.AbstractStringBuilder.isLatin1()Z @ 10 c2
Event: 5.452 Thread 0x000002cf4f4e3800 DEOPT PACKING pc=0x000002cf3a4ec6dc sp=0x000000ddc86fe870
Event: 5.452 Thread 0x000002cf4f4e3800 DEOPT UNPACKING pc=0x000002cf329fa1af sp=0x000000ddc86fe7f0 mode 2
Event: 47.476 Thread 0x000002cf2eea2800 Uncommon trap: trap_request=0xffffff4d fr.pc=0x000002cf3a499e7c relative=0x00000000000002dc
Event: 47.476 Thread 0x000002cf2eea2800 Uncommon trap: reason=unstable_if action=reinterpret pc=0x000002cf3a499e7c method=java.lang.StringUTF16.compress([CI[BII)I @ 20 c2
Event: 47.476 Thread 0x000002cf2eea2800 DEOPT PACKING pc=0x000002cf3a499e7c sp=0x000000ddc6dfb540
Event: 47.476 Thread 0x000002cf2eea2800 DEOPT UNPACKING pc=0x000002cf329fa1af sp=0x000000ddc6dfb4c0 mode 2
Event: 47.477 Thread 0x000002cf2eea2800 Uncommon trap: trap_request=0xffffff4d fr.pc=0x000002cf3a4a8d2c relative=0x000000000000018c
Event: 47.477 Thread 0x000002cf2eea2800 Uncommon trap: reason=unstable_if action=reinterpret pc=0x000002cf3a4a8d2c method=java.lang.String.equals(Ljava/lang/Object;)Z @ 27 c2
Event: 47.477 Thread 0x000002cf2eea2800 DEOPT PACKING pc=0x000002cf3a4a8d2c sp=0x000000ddc6dfc310
Event: 47.477 Thread 0x000002cf2eea2800 DEOPT UNPACKING pc=0x000002cf329fa1af sp=0x000000ddc6dfc2b0 mode 2

Classes redefined (0 events):
No events

Internal exceptions (20 events):
Event: 0.444 Thread 0x000002cf2eea2800 Exception <a 'java/lang/NoSuchMethodError'{0x0000000710fea8c8}: 'int java.lang.invoke.DirectMethodHandle$Holder.invokeSpecial(java.lang.Object, java.lang.Object, java.lang.Object, java.lang.Object)'> (0x0000000710fea8c8) thrown at [./src/hotspot/share/interpreter/linkResolver.cpp, line 773]
Event: 2.568 Thread 0x000002cf2eea2800 Implicit null exception at 0x000002cf3a4be275 to 0x000002cf3a4be460
Event: 2.587 Thread 0x000002cf2eea2800 Exception <a 'java/lang/NoClassDefFoundError'{0x000000070fc5c430}: org/slf4j/impl/StaticMarkerBinder> (0x000000070fc5c430) thrown at [./src/hotspot/share/classfile/systemDictionary.cpp, line 220]
Event: 2.603 Thread 0x000002cf2eea2800 Exception <a 'java/lang/NoSuchMethodError'{0x0000000711351ab8}: 'java.lang.Object java.lang.invoke.DirectMethodHandle$Holder.invokeVirtual(java.lang.Object, java.lang.Object, java.lang.Object, java.lang.Object, java.lang.Object, java.lang.Object, java.lang.Object)'> (0x0000000711351ab8) thrown at [./src/hotspot/share/interpreter/linkResolver.cpp, line 773]
Event: 2.606 Thread 0x000002cf2eea2800 Exception <a 'java/lang/NoSuchMethodError'{0x0000000711365cb0}: 'java.lang.Object java.lang.invoke.Invokers$Holder.invoker(java.lang.Object, java.lang.Object, java.lang.Object)'> (0x0000000711365cb0) thrown at [./src/hotspot/share/interpreter/linkResolver.cpp, line 773]
Event: 2.608 Thread 0x000002cf2eea2800 Exception <a 'java/lang/NoSuchMethodError'{0x00000007113769f0}: 'void java.lang.invoke.DelegatingMethodHandle$Holder.delegate(java.lang.Object, java.lang.Object, int, java.lang.Object)'> (0x00000007113769f0) thrown at [./src/hotspot/share/interpreter/linkResolver.cpp, line 773]
Event: 2.692 Thread 0x000002cf2eea2800 Exception <a 'java/lang/NoSuchMethodError'{0x0000000710c298d0}: 'java.lang.Object java.lang.invoke.DirectMethodHandle$Holder.invokeInterface(java.lang.Object, java.lang.Object, java.lang.Object)'> (0x0000000710c298d0) thrown at [./src/hotspot/share/interpreter/linkResolver.cpp, line 773]
Event: 2.735 Thread 0x000002cf2eea2800 Exception <a 'java/lang/NoSuchMethodError'{0x0000000710ab66d0}: 'java.lang.Object java.lang.invoke.DirectMethodHandle$Holder.invokeStaticInit(java.lang.Object, java.lang.Object, java.lang.Object)'> (0x0000000710ab66d0) thrown at [./src/hotspot/share/interpreter/linkResolver.cpp, line 773]
Event: 2.795 Thread 0x000002cf2eea2800 Exception <a 'java/lang/NoSuchMethodError'{0x000000071057a8c8}: 'java.lang.Object java.lang.invoke.DirectMethodHandle$Holder.invokeStaticInit(java.lang.Object, int, int, int, int)'> (0x000000071057a8c8) thrown at [./src/hotspot/share/interpreter/linkResolver.cpp, line 773]
Event: 3.018 Thread 0x000002cf2eea2800 Exception <a 'java/lang/NoSuchMethodError'{0x00000007105e7378}: 'java.lang.Object java.lang.invoke.DirectMethodHandle$Holder.invokeStaticInit(java.lang.Object, java.lang.Object, int, int, int, int)'> (0x00000007105e7378) thrown at [./src/hotspot/share/interpreter/linkResolver.cpp, line 773]
Event: 3.288 Thread 0x000002cf2eea2800 Implicit null exception at 0x000002cf3a4b12f4 to 0x000002cf3a4b1808
Event: 3.288 Thread 0x000002cf2eea2800 Implicit null exception at 0x000002cf3a4c0374 to 0x000002cf3a4c085c
Event: 5.330 Thread 0x000002cf2eea2800 Exception <a 'java/net/ConnectException'{0x00000007103233a8}: Connection refused: no further information> (0x00000007103233a8) thrown at [./src/hotspot/share/prims/jni.cpp, line 636]
Event: 5.438 Thread 0x000002cf4f4e3800 Exception <a 'java/lang/NoSuchMethodError'{0x000000070f890368}: 'void java.lang.invoke.DirectMethodHandle$Holder.invokeStatic(java.lang.Object, long)'> (0x000000070f890368) thrown at [./src/hotspot/share/interpreter/linkResolver.cpp, line 773]
Event: 5.439 Thread 0x000002cf4f4e3800 Exception <a 'java/lang/NoSuchMethodError'{0x000000070f8952d0}: 'java.lang.Object java.lang.invoke.DirectMethodHandle$Holder.invokeStatic(java.lang.Object, long)'> (0x000000070f8952d0) thrown at [./src/hotspot/share/interpreter/linkResolver.cpp, line 773]
Event: 5.441 Thread 0x000002cf4f4e3800 Exception <a 'java/lang/NoSuchMethodError'{0x000000070f8a3370}: 'java.lang.Object java.lang.invoke.DirectMethodHandle$Holder.invokeStaticInit(java.lang.Object, java.lang.Object, long, java.lang.Object)'> (0x000000070f8a3370) thrown at [./src/hotspot/share/interpreter/linkResolver.cpp, line 773]
Event: 5.441 Thread 0x000002cf4f4e3800 Exception <a 'java/lang/NoSuchMethodError'{0x000000070f8a9298}: 'java.lang.Object java.lang.invoke.DirectMethodHandle$Holder.invokeStatic(java.lang.Object, java.lang.Object, long)'> (0x000000070f8a9298) thrown at [./src/hotspot/share/interpreter/linkResolver.cpp, line 773]
Event: 5.441 Thread 0x000002cf4f4e3800 Exception <a 'java/lang/NoSuchMethodError'{0x000000070f8af838}: 'java.lang.Object java.lang.invoke.Invokers$Holder.linkToTargetMethod(java.lang.Object, long, java.lang.Object)'> (0x000000070f8af838) thrown at [./src/hotspot/share/interpreter/linkResolver.cpp, line 773]
Event: 47.476 Thread 0x000002cf2eea2800 Exception <a 'java/io/IOException'{0x000000070f7f7bf0}> (0x000000070f7f7bf0) thrown at [./src/hotspot/share/prims/jni.cpp, line 615]
Event: 47.477 Thread 0x000002cf50267800 Exception <a 'java/io/IOException'{0x000000070f602a90}> (0x000000070f602a90) thrown at [./src/hotspot/share/prims/jni.cpp, line 615]

Events (20 events):
Event: 47.482 loading class org/gradle/internal/logging/text/BufferingStyledTextOutput
Event: 47.482 loading class org/gradle/internal/logging/text/BufferingStyledTextOutput done
Event: 47.482 loading class org/gradle/internal/buildevents/BuildExceptionReporter
Event: 47.482 loading class org/gradle/internal/buildevents/BuildExceptionReporter done
Event: 47.482 loading class org/gradle/internal/logging/text/StyledTextOutput
Event: 47.482 loading class org/gradle/internal/logging/text/StyledTextOutput done
Event: 47.483 loading class org/gradle/internal/exceptions/ContextAwareException
Event: 47.483 loading class org/gradle/internal/exceptions/ContextAwareException done
Event: 47.483 loading class org/gradle/internal/exceptions/StyledException
Event: 47.483 loading class org/gradle/internal/exceptions/StyledException done
Event: 47.484 Executing VM operation: RevokeBias
Event: 47.484 Executing VM operation: RevokeBias done
Event: 47.484 loading class org/gradle/launcher/bootstrap/ProcessCompleter
Event: 47.484 loading class org/gradle/launcher/bootstrap/ProcessCompleter done
Event: 47.484 Executing VM operation: RevokeBias
Event: 47.484 Executing VM operation: RevokeBias done
Event: 47.484 Thread 0x000002cf4fbf7000 Thread exited: 0x000002cf4fbf7000
Event: 47.485 loading class java/util/IdentityHashMap$KeyIterator
Event: 47.485 loading class java/util/IdentityHashMap$IdentityHashMapIterator
Event: 47.485 Executing VM operation: CollectForMetadataAllocation


Dynamic libraries:
0x00007ff7ea900000 - 0x00007ff7ea90a000 	C:\Program Files\Android\Android Studio\jre\bin\java.exe
0x00007ffa5f5d0000 - 0x00007ffa5f7c8000 	C:\WINDOWS\SYSTEM32\ntdll.dll
0x00007ffa5e2a0000 - 0x00007ffa5e35d000 	C:\WINDOWS\System32\KERNEL32.DLL
0x00007ffa5d200000 - 0x00007ffa5d4ce000 	C:\WINDOWS\System32\KERNELBASE.dll
0x00007ffa5d0d0000 - 0x00007ffa5d1d0000 	C:\WINDOWS\System32\ucrtbase.dll
0x00007ffa59a30000 - 0x00007ffa59a47000 	C:\Program Files\Android\Android Studio\jre\bin\VCRUNTIME140.dll
0x00007ffa54470000 - 0x00007ffa54489000 	C:\Program Files\Android\Android Studio\jre\bin\jli.dll
0x00007ffa5ed40000 - 0x00007ffa5eee0000 	C:\WINDOWS\System32\USER32.dll
0x00007ffa5cdf0000 - 0x00007ffa5ce12000 	C:\WINDOWS\System32\win32u.dll
0x00007ffa5e840000 - 0x00007ffa5e86a000 	C:\WINDOWS\System32\GDI32.dll
0x00007ffa4bd70000 - 0x00007ffa4c00a000 	C:\WINDOWS\WinSxS\amd64_microsoft.windows.common-controls_6595b64144ccf1df_6.0.19041.1110_none_60b5254171f9507e\COMCTL32.dll
0x00007ffa5cf20000 - 0x00007ffa5d02b000 	C:\WINDOWS\System32\gdi32full.dll
0x00007ffa5d030000 - 0x00007ffa5d0cd000 	C:\WINDOWS\System32\msvcp_win.dll
0x00007ffa5e610000 - 0x00007ffa5e6ae000 	C:\WINDOWS\System32\msvcrt.dll
0x00007ffa5e6b0000 - 0x00007ffa5e6e0000 	C:\WINDOWS\System32\IMM32.DLL
0x00007ffa1a440000 - 0x00007ffa1a4dd000 	C:\Program Files\Android\Android Studio\jre\bin\msvcp140.dll
0x00007ff9f61f0000 - 0x00007ff9f6cd5000 	C:\Program Files\Android\Android Studio\jre\bin\server\jvm.dll
0x00007ffa5ef50000 - 0x00007ffa5effe000 	C:\WINDOWS\System32\ADVAPI32.dll
0x00007ffa5e7a0000 - 0x00007ffa5e83c000 	C:\WINDOWS\System32\sechost.dll
0x00007ffa5e160000 - 0x00007ffa5e285000 	C:\WINDOWS\System32\RPCRT4.dll
0x00007ffa5e290000 - 0x00007ffa5e298000 	C:\WINDOWS\System32\PSAPI.DLL
0x00007ffa587b0000 - 0x00007ffa587b9000 	C:\WINDOWS\SYSTEM32\WSOCK32.dll
0x00007ffa4ded0000 - 0x00007ffa4def7000 	C:\WINDOWS\SYSTEM32\WINMM.dll
0x00007ffa5b4a0000 - 0x00007ffa5b4aa000 	C:\WINDOWS\SYSTEM32\VERSION.dll
0x00007ffa5e3e0000 - 0x00007ffa5e44b000 	C:\WINDOWS\System32\WS2_32.dll
0x00007ffa5b5d0000 - 0x00007ffa5b5e2000 	C:\WINDOWS\SYSTEM32\kernel.appcore.dll
0x00007ffa4d390000 - 0x00007ffa4d3a1000 	C:\Program Files\Android\Android Studio\jre\bin\verify.dll
0x00007ffa44730000 - 0x00007ffa44914000 	C:\WINDOWS\SYSTEM32\DBGHELP.DLL
0x00007ffa426f0000 - 0x00007ffa4271c000 	C:\WINDOWS\SYSTEM32\dbgcore.DLL
0x00007ffa5ce90000 - 0x00007ffa5cf12000 	C:\WINDOWS\System32\bcryptPrimitives.dll
0x00007ffa4cdb0000 - 0x00007ffa4cdd9000 	C:\Program Files\Android\Android Studio\jre\bin\java.dll
0x00007ffa54460000 - 0x00007ffa5446b000 	C:\Program Files\Android\Android Studio\jre\bin\jimage.dll
0x00007ffa3aa50000 - 0x00007ffa3aa68000 	C:\Program Files\Android\Android Studio\jre\bin\zip.dll
0x00007ffa5d630000 - 0x00007ffa5dd74000 	C:\WINDOWS\System32\SHELL32.dll
0x00007ffa5acf0000 - 0x00007ffa5b484000 	C:\WINDOWS\SYSTEM32\windows.storage.dll
0x00007ffa5de00000 - 0x00007ffa5e154000 	C:\WINDOWS\System32\combase.dll
0x00007ffa5c750000 - 0x00007ffa5c780000 	C:\WINDOWS\SYSTEM32\Wldp.dll
0x00007ffa5ec90000 - 0x00007ffa5ed3d000 	C:\WINDOWS\System32\SHCORE.dll
0x00007ffa5eee0000 - 0x00007ffa5ef35000 	C:\WINDOWS\System32\shlwapi.dll
0x00007ffa5cc30000 - 0x00007ffa5cc4f000 	C:\WINDOWS\SYSTEM32\profapi.dll
0x00007ffa2f7f0000 - 0x00007ffa2f80a000 	C:\Program Files\Android\Android Studio\jre\bin\net.dll
0x00007ffa56450000 - 0x00007ffa5655a000 	C:\WINDOWS\SYSTEM32\WINHTTP.dll
0x00007ffa5c4b0000 - 0x00007ffa5c51a000 	C:\WINDOWS\system32\mswsock.dll
0x00007ffa2f7d0000 - 0x00007ffa2f7e4000 	C:\Program Files\Android\Android Studio\jre\bin\nio.dll
0x00007ffa483c0000 - 0x00007ffa483e7000 	C:\Users\jjs815\.gradle\native\e1d6ef7f7dcc3fd88c89a11ec53ec762bb8ba0a96d01ffa2cd45eb1d1d8dd5c5\windows-amd64\native-platform.dll
0x00007ffa59a90000 - 0x00007ffa59a9a000 	C:\Program Files\Android\Android Studio\jre\bin\management.dll
0x00007ffa59a00000 - 0x00007ffa59a0d000 	C:\Program Files\Android\Android Studio\jre\bin\management_ext.dll
0x00007ffa5c6a0000 - 0x00007ffa5c6b8000 	C:\WINDOWS\SYSTEM32\CRYPTSP.dll
0x00007ffa5bdc0000 - 0x00007ffa5bdf4000 	C:\WINDOWS\system32\rsaenh.dll
0x00007ffa5d1d0000 - 0x00007ffa5d1f7000 	C:\WINDOWS\System32\bcrypt.dll
0x00007ffa5cbf0000 - 0x00007ffa5cc1e000 	C:\WINDOWS\SYSTEM32\USERENV.dll
0x00007ffa5c6c0000 - 0x00007ffa5c6cc000 	C:\WINDOWS\SYSTEM32\CRYPTBASE.dll
0x00007ffa5c150000 - 0x00007ffa5c18b000 	C:\WINDOWS\SYSTEM32\IPHLPAPI.DLL
0x00007ffa5ef40000 - 0x00007ffa5ef48000 	C:\WINDOWS\System32\NSI.dll
0x00007ffa575a0000 - 0x00007ffa575b7000 	C:\WINDOWS\SYSTEM32\dhcpcsvc6.DLL
0x00007ffa57550000 - 0x00007ffa5756d000 	C:\WINDOWS\SYSTEM32\dhcpcsvc.DLL
0x00007ffa5c1a0000 - 0x00007ffa5c26b000 	C:\WINDOWS\SYSTEM32\DNSAPI.dll

dbghelp: loaded successfully - version: 4.0.5 - missing functions: none
symbol engine: initialized successfully - sym options: 0x614 - pdb path: .;C:\Program Files\Android\Android Studio\jre\bin;C:\WINDOWS\SYSTEM32;C:\WINDOWS\WinSxS\amd64_microsoft.windows.common-controls_6595b64144ccf1df_6.0.19041.1110_none_60b5254171f9507e;C:\Program Files\Android\Android Studio\jre\bin\server;C:\Users\jjs815\.gradle\native\e1d6ef7f7dcc3fd88c89a11ec53ec762bb8ba0a96d01ffa2cd45eb1d1d8dd5c5\windows-amd64

VM Arguments:
jvm_args: -Dorg.gradle.appname=gradlew 
java_command: org.gradle.wrapper.GradleWrapperMain -q -Ptarget-platform=android-arm64 -Ptarget=C:\Users\jjs815\flurtter_project\chang_2nd_main_project\lib\main.dart -Pbase-application-name=android.app.Application -Pdart-defines=RkxVVFRFUl9XRUJfQVVUT19ERVRFQ1Q9dHJ1ZQ== -Pdart-obfuscation=false -Ptrack-widget-creation=true -Ptree-shake-icons=false -Pfilesystem-scheme=org-dartlang-root assembleDebug
java_class_path (initial): C:\Users\jjs815\flurtter_project\chang_2nd_main_project\android\\gradle\wrapper\gradle-wrapper.jar
Launcher Type: SUN_STANDARD

[Global flags]
     intx CICompilerCount                          = 4                                         {product} {ergonomic}
     uint ConcGCThreads                            = 2                                         {product} {ergonomic}
     uint G1ConcRefinementThreads                  = 8                                         {product} {ergonomic}
   size_t G1HeapRegionSize                         = 1048576                                   {product} {ergonomic}
    uintx GCDrainStackTargetSize                   = 64                                        {product} {ergonomic}
   size_t InitialHeapSize                          = 268435456                                 {product} {ergonomic}
   size_t MarkStackSize                            = 4194304                                   {product} {ergonomic}
   size_t MaxHeapSize                              = 4273995776                                {product} {ergonomic}
   size_t MaxNewSize                               = 2563768320                                {product} {ergonomic}
   size_t MinHeapDeltaBytes                        = 1048576                                   {product} {ergonomic}
    uintx NonNMethodCodeHeapSize                   = 5836300                                {pd product} {ergonomic}
    uintx NonProfiledCodeHeapSize                  = 122910970                              {pd product} {ergonomic}
    uintx ProfiledCodeHeapSize                     = 122910970                              {pd product} {ergonomic}
    uintx ReservedCodeCacheSize                    = 251658240                              {pd product} {ergonomic}
     bool SegmentedCodeCache                       = true                                      {product} {ergonomic}
     bool UseCompressedClassPointers               = true                                 {lp64_product} {ergonomic}
     bool UseCompressedOops                        = true                                 {lp64_product} {ergonomic}
     bool UseG1GC                                  = true                                      {product} {ergonomic}
     bool UseLargePagesIndividualAllocation        = false                                  {pd product} {ergonomic}

Logging:
Log output configuration:
 #0: stdout all=warning uptime,level,tags
 #1: stderr all=off uptime,level,tags

Environment Variables:
JAVA_HOME=C:\Program Files\Android\Android Studio\jre
CLASSPATH=C:\Users\jjs815\flurtter_project\chang_2nd_main_project\android\\gradle\wrapper\gradle-wrapper.jar
PATH=C:\Program Files\Common Files\Oracle\Java\javapath;C:\Program Files\Zulu\zulu-11\bin\;C:\Program Files\NVIDIA GPU Computing Toolkit\CUDA\v11.3\bin;C:\Program Files\NVIDIA GPU Computing Toolkit\CUDA\v11.3\libnvvp;C:\Python39\Scripts\;C:\Python39\;C:\Program Files (x86)\Common Files\Oracle\Java\javapath;C:\Program Files (x86)\NAT Service;C:\ProgramData\Oracle\Java\javapath;C:\WINDOWS\system32;C:\WINDOWS;C:\WINDOWS\System32\Wbem;C:\WINDOWS\System32\WindowsPowerShell\v1.0\;C:\WINDOWS\System32\OpenSSH\;C:\Program Files (x86)\ePapyrus\Papyrus-PlugIn-xfa;C:\Program Files (x86)\ePapyrus\Papyrus-PlugIn-xfa\Addins;C:\Program Files\PuTTY\;C:\python;C:\ProgramData\chocolatey\bin;C:\Program Files (x86)\Yarn;C:\Users\jjs815\AppData\Local\Android\Sdk\platform-tools;C:\Program Files\OpenJDK\openjdk-8u282-b08\bin;C:\Program Files\Java\jdk1.8.0_211\bin;C:\Program Files\Git\cmd;C:\Program Files\nodejs\;C:\Program Files\NVIDIA Corporation\NVIDIA NvDLISR;C:\Program Files\NVIDIA Corporation\Nsight Compute 2021.1.1\;C:\Program Files (x86)\NVIDIA Corporation\PhysX\Common;C:\Program Files\OpenSSL-Win64\bin;C:\Program Files\Java\jdk-11.0.15;C:\Users\jjs815\AppData\Local\Programs\Python\Python38\Scripts\;C:\Users\jjs815\AppData\Local\Programs\Python\Python38\;C:\python\Scripts\;C:\python\;"C:\Users\jjs815\AppData\Local\Microsoft\WindowsApps;%C:\Python27";C:\Users\jjs815\AppData\Local\Microsoft\WindowsApps;C:\Users\jjs815\AppData\Local\Programs\Microsoft VS Code\bin;C:\Program Files (x86)\SoftForum\XecureHSM\;C:\Users\jjs815\AppData\Roaming\npm;C:\Program Files\JetBrains\IntelliJ IDEA Community Edition 2021.3.2\bin;;C:\Users\jjs815\flutter\bin;;C:\Users\jjs815\flutter\bin\mingit\cmd
USERNAME=jjs815
OS=Windows_NT
PROCESSOR_IDENTIFIER=Intel64 Family 6 Model 158 Stepping 9, GenuineIntel



---------------  S Y S T E M  ---------------

OS: Windows 10 , 64 bit Build 19041 (10.0.19041.1806)
OS uptime: 0 days 22:08 hours

CPU:total 8 (initial active 8) (4 cores per cpu, 2 threads per core) family 6 model 158 stepping 9 microcode 0xb4, cmov, cx8, fxsr, mmx, sse, sse2, sse3, ssse3, sse4.1, sse4.2, popcnt, avx, avx2, aes, clmul, erms, rtm, 3dnowpref, lzcnt, ht, tsc, tscinvbit, bmi1, bmi2, adx, fma

Memory: 4k page, system-wide physical 16296M (4304M free)
TotalPageFile size 16296M (AvailPageFile size 0M)
current process WorkingSet (physical memory assigned to process): 110M, peak: 111M
current process commit charge ("private bytes"): 362M, peak: 371M

vm_info: OpenJDK 64-Bit Server VM (11.0.12+7-b1504.28-7817840) for windows-amd64 JRE (11.0.12+7-b1504.28-7817840), built on Oct 13 2021 22:12:33 by "builder" with MS VC++ 14.0 (VS2015)

END.
